<?xml version="1.0" encoding="utf-8" standalone="no"?>
<test-results xmlns:xsi="http://www.w3.org/2001/XMLSchema-instance" xsi:noNamespaceSchemaLocation="nunit_schema_2.5.xsd" name="Pester" total="27" errors="0" failures="0" not-run="0" inconclusive="0" ignored="0" skipped="0" invalid="0" date="2025-04-08" time="23:29:53">
  <environment clr-version="4.0.30319.42000" user-domain="DESKTOP-ORG3GN0" cwd="D:\DO\WEB\N8N_tests\scripts_ json_a_ tester\EMAIL_SENDER_1\tools\path-utils\tests" platform="Microsoft Windows 10 Famille|C:\Windows|\Device\Harddisk0\Partition2" machine-name="DESKTOP-ORG3GN0" nunit-version="2.5.8.0" os-version="10.0.19045" user="user" />
  <culture-info current-culture="fr-FR" current-uiculture="fr-FR" />
  <test-suite type="TestFixture" name="Pester" executed="True" result="Success" success="True" time="10.0462" asserts="0" description="Pester">
    <results>
      <test-suite type="TestFixture" name="D:\DO\WEB\N8N_tests\scripts_ json_a_ tester\EMAIL_SENDER_1\tools\path-utils\tests\Path-Manager.Tests.ps1" executed="True" result="Success" success="True" time="10.0462" asserts="0" description="D:\DO\WEB\N8N_tests\scripts_ json_a_ tester\EMAIL_SENDER_1\tools\path-utils\tests\Path-Manager.Tests.ps1">
        <results>
          <test-suite type="TestFixture" name="Path-Manager Module Tests" executed="True" result="Success" success="True" time="9.5259" asserts="0" description="Path-Manager Module Tests">
            <results>
              <test-suite type="TestFixture" name="Path-Manager Module Tests.Initialisation et configuration" executed="True" result="Success" success="True" time="0.9474" asserts="0" description="Path-Manager Module Tests.Initialisation et configuration">
                <results>
                  <test-case description="Initialise correctement le module avec le chemin racine" name="Path-Manager Module Tests.Initialisation et configuration.Initialise correctement le module avec le chemin racine" time="0.3506" asserts="0" success="True" result="Success" executed="True" />
                  <test-case description="DÃ©couvre correctement les rÃ©pertoires de premier niveau" name="Path-Manager Module Tests.Initialisation et configuration.DÃ©couvre correctement les rÃ©pertoires de premier niveau" time="0.3938" asserts="0" success="True" result="Success" executed="True" />
                  <test-case description="Active et dÃ©sactive correctement la journalisation" name="Path-Manager Module Tests.Initialisation et configuration.Active et dÃ©sactive correctement la journalisation" time="0.1583" asserts="0" success="True" result="Success" executed="True" />
                </results>
              </test-suite>
              <test-suite type="TestFixture" name="Path-Manager Module Tests.RÃ©solution de chemins" executed="True" result="Success" success="True" time="2.6388" asserts="0" description="Path-Manager Module Tests.RÃ©solution de chemins">
                <results>
                  <test-case description="RÃ©sout correctement un chemin relatif Ã  la racine" name="Path-Manager Module Tests.RÃ©solution de chemins.RÃ©sout correctement un chemin relatif Ã  la racine" time="0.4098" asserts="0" success="True" result="Success" executed="True" />
                  <test-case description="RÃ©sout correctement un chemin relatif Ã  un mapping" name="Path-Manager Module Tests.RÃ©solution de chemins.RÃ©sout correctement un chemin relatif Ã  un mapping" time="0.3434" asserts="0" success="True" result="Success" executed="True" />
                  <test-case description="RÃ©sout correctement un nom de mapping" name="Path-Manager Module Tests.RÃ©solution de chemins.RÃ©sout correctement un nom de mapping" time="0.2851" asserts="0" success="True" result="Success" executed="True" />
                  <test-case description="VÃ©rifie correctement l'existence d'un chemin" name="Path-Manager Module Tests.RÃ©solution de chemins.VÃ©rifie correctement l'existence d'un chemin" time="0.6023" asserts="0" success="True" result="Success" executed="True" />
                </results>
              </test-suite>
              <test-suite type="TestFixture" name="Path-Manager Module Tests.Chemins relatifs" executed="True" result="Success" success="True" time="3.5287" asserts="0" description="Path-Manager Module Tests.Chemins relatifs">
                <results>
                  <test-case description="Calcule correctement un chemin relatif par rapport Ã  la racine" name="Path-Manager Module Tests.Chemins relatifs.Calcule correctement un chemin relatif par rapport Ã  la racine" time="0.4275" asserts="0" success="True" result="Success" executed="True" />
                  <test-case description="Calcule correctement un chemin relatif par rapport Ã  un mapping" name="Path-Manager Module Tests.Chemins relatifs.Calcule correctement un chemin relatif par rapport Ã  un mapping" time="0.4148" asserts="0" success="True" result="Success" executed="True" />
                </results>
              </test-suite>
              <test-suite type="TestFixture" name="Path-Manager Module Tests.Gestion des mappings" executed="True" result="Success" success="True" time="5.6083" asserts="0" description="Path-Manager Module Tests.Gestion des mappings">
                <results>
                  <test-case description="Ajoute correctement un nouveau mapping" name="Path-Manager Module Tests.Gestion des mappings.Ajoute correctement un nouveau mapping" time="0.5821" asserts="0" success="True" result="Success" executed="True" />
                  <test-case description="Ne remplace pas un mapping existant sans -Force" name="Path-Manager Module Tests.Gestion des mappings.Ne remplace pas un mapping existant sans -Force" time="0.8759" asserts="0" success="True" result="Success" executed="True" />
                  <test-case description="Remplace un mapping existant avec -Force" name="Path-Manager Module Tests.Gestion des mappings.Remplace un mapping existant avec -Force" time="0.5656" asserts="0" success="True" result="Success" executed="True" />
                </results>
              </test-suite>
              <test-suite type="TestFixture" name="Path-Manager Module Tests.Utilitaires de chemins" executed="True" result="Success" success="True" time="8.5724" asserts="0" description="Path-Manager Module Tests.Utilitaires de chemins">
                <results>
                  <test-case description="GÃ¨re correctement le cache des chemins" name="Path-Manager Module Tests.Utilitaires de chemins.GÃ¨re correctement le cache des chemins" time="0.5167" asserts="0" success="True" result="Success" executed="True" />
                  <test-case description="Valide correctement les caractÃ¨res interdits dans les chemins" name="Path-Manager Module Tests.Utilitaires de chemins.Valide correctement les caractÃ¨res interdits dans les chemins" time="0.2895" asserts="0" success="True" result="Success" executed="True" />
                  <test-case description="DÃ©tecte correctement les tentatives de traversÃ©e de rÃ©pertoire" name="Path-Manager Module Tests.Utilitaires de chemins.DÃ©tecte correctement les tentatives de traversÃ©e de rÃ©pertoire" time="0.2371" asserts="0" success="True" result="Success" executed="True" />
                  <test-case description="Sanitise correctement les chemins" name="Path-Manager Module Tests.Utilitaires de chemins.Sanitise correctement les chemins" time="0.2729" asserts="0" success="True" result="Success" executed="True" />
                  <test-case description="CrÃ©e correctement des chemins relatifs entre deux chemins" name="Path-Manager Module Tests.Utilitaires de chemins.CrÃ©e correctement des chemins relatifs entre deux chemins" time="0.2591" asserts="0" success="True" result="Success" executed="True" />
                  <test-case description="VÃ©rifie correctement les permissions d'accÃ¨s Ã  un chemin" name="Path-Manager Module Tests.Utilitaires de chemins.VÃ©rifie correctement les permissions d'accÃ¨s Ã  un chemin" time="0.369" asserts="0" success="True" result="Success" executed="True" />
                  <test-case description="GÃ©nÃ¨re correctement des chemins temporaires dans le projet" name="Path-Manager Module Tests.Utilitaires de chemins.GÃ©nÃ¨re correctement des chemins temporaires dans le projet" time="0.21" asserts="0" success="True" result="Success" executed="True" />
                  <test-case description="DÃ©tecte correctement si un chemin est dans le projet" name="Path-Manager Module Tests.Utilitaires de chemins.DÃ©tecte correctement si un chemin est dans le projet" time="0.1249" asserts="0" success="True" result="Success" executed="True" />
                  <test-case description="Normalise correctement les chemins avec diffÃ©rents sÃ©parateurs" name="Path-Manager Module Tests.Utilitaires de chemins.Normalise correctement les chemins avec diffÃ©rents sÃ©parateurs" time="0.3045" asserts="0" success="True" result="Success" executed="True" />
                  <test-case description="GÃ¨re correctement les slashes de fin" name="Path-Manager Module Tests.Utilitaires de chemins.GÃ¨re correctement les slashes de fin" time="0.1969" asserts="0" success="True" result="Success" executed="True" />
                  <test-case description="GÃ¨re correctement les chemins UNC" name="Path-Manager Module Tests.Utilitaires de chemins.GÃ¨re correctement les chemins UNC" time="0.1328" asserts="0" success="True" result="Success" executed="True" />
                </results>
              </test-suite>
              <test-suite type="TestFixture" name="Path-Manager Module Tests.Gestion des erreurs" executed="True" result="Success" success="True" time="8.8916" asserts="0" description="Path-Manager Module Tests.Gestion des erreurs">
                <results>
                  <test-case description="LÃ¨ve une exception pour un mapping inexistant" name="Path-Manager Module Tests.Gestion des erreurs.LÃ¨ve une exception pour un mapping inexistant" time="0.1212" asserts="0" success="True" result="Success" executed="True" />
                  <test-case description="LÃ¨ve une exception pour un chemin invalide" name="Path-Manager Module Tests.Gestion des erreurs.LÃ¨ve une exception pour un chemin invalide" time="0.1686" asserts="0" success="True" result="Success" executed="True" />
                </results>
              </test-suite>
              <test-suite type="TestFixture" name="Path-Manager Module Tests.FonctionnalitÃ©s avancÃ©es" executed="True" result="Success" success="True" time="9.4793" asserts="0" description="Path-Manager Module Tests.FonctionnalitÃ©s avancÃ©es">
                <results>
                  <test-case description="Retourne les mappings avec dÃ©tails" name="Path-Manager Module Tests.FonctionnalitÃ©s avancÃ©es.Retourne les mappings avec dÃ©tails" time="0.3203" asserts="0" success="True" result="Success" executed="True" />
                  <test-case description="Retourne les mappings sous forme d'objet" name="Path-Manager Module Tests.FonctionnalitÃ©s avancÃ©es.Retourne les mappings sous forme d'objet" time="0.2377" asserts="0" success="True" result="Success" executed="True" />
                </results>
              </test-suite>
            </results>
          </test-suite>
        </results>
      </test-suite>
    </results>
  </test-suite>
</test-results>