<?xml version="1.0" encoding="utf-8" standalone="no"?>
<test-results xmlns:xsi="http://www.w3.org/2001/XMLSchema-instance" xsi:noNamespaceSchemaLocation="nunit_schema_2.5.xsd" name="Pester" total="51" errors="0" failures="51" not-run="0" inconclusive="0" ignored="0" skipped="0" invalid="0" date="2025-04-13" time="15:23:51">
  <environment clr-version="4.0.30319.42000" user-domain="DESKTOP-ORG3GN0" cwd="D:\DO\WEB\N8N_tests\PROJETS\EMAIL_SENDER_1\scripts\utils\PSCacheManager\PredictiveCache\Tests" platform="Microsoft Windows 10 Famille|C:\Windows|\Device\Harddisk0\Partition2" machine-name="DESKTOP-ORG3GN0" nunit-version="2.5.8.0" os-version="10.0.19045" user="user" />
  <culture-info current-culture="fr-FR" current-uiculture="fr-FR" />
  <test-suite type="TestFixture" name="Pester" executed="True" result="Failure" success="False" time="10.2048" asserts="0" description="Pester">
    <results>
      <test-suite type="TestFixture" name="D:\DO\WEB\N8N_tests\PROJETS\EMAIL_SENDER_1\scripts\utils\PSCacheManager\PredictiveCache\Tests\DependencyManager.Tests.ps1" executed="True" result="Failure" success="False" time="1.6142" asserts="0" description="D:\DO\WEB\N8N_tests\PROJETS\EMAIL_SENDER_1\scripts\utils\PSCacheManager\PredictiveCache\Tests\DependencyManager.Tests.ps1">
        <results>
          <test-suite type="TestFixture" name="DependencyManager Module Tests" executed="True" result="Failure" success="False" time="1.1516" asserts="0" description="DependencyManager Module Tests">
            <results>
              <test-suite type="TestFixture" name="DependencyManager Module Tests.New-DependencyManager Function" executed="True" result="Failure" success="False" time="0.1719" asserts="0" description="DependencyManager Module Tests.New-DependencyManager Function">
                <results>
                  <test-case description="Should create a new DependencyManager object" name="DependencyManager Module Tests.New-DependencyManager Function.Should create a new DependencyManager object" time="0.1262" asserts="0" success="False" result="Failure" executed="True">
                    <failure>
                      <message>PSInvalidCastException: Impossible de convertir la valeur « @{Remove= param($key) ; Contains= param($key) return $false } » du type « System.Management.Automation.PSCustomObject » en type « CacheManager ».
ArgumentTransformationMetadataException: Impossible de convertir la valeur « @{Remove= param($key) ; Contains= param($key) return $false } » du type « System.Management.Automation.PSCustomObject » en type « CacheManager ».
ParameterBindingArgumentTransformationException: Impossible de traiter la transformation d'argument sur le paramètre « BaseCache ». Impossible de convertir la valeur « @{Remove= param($key) ; Contains= param($key) return $false } » du type « System.Management.Automation.PSCustomObject » en type « CacheManager ».</message>
                      <stack-trace>à &lt;ScriptBlock&gt;, D:\DO\WEB\N8N_tests\PROJETS\EMAIL_SENDER_1\scripts\utils\PSCacheManager\PredictiveCache\Tests\DependencyManager.Tests.ps1 : ligne 75
à &lt;ScriptBlock&gt;, C:\Users\user\Documents\WindowsPowerShell\Modules\Pester\5.7.1\Pester.psm1 : ligne 2024
à &lt;ScriptBlock&gt;, C:\Users\user\Documents\WindowsPowerShell\Modules\Pester\5.7.1\Pester.psm1 : ligne 1985
à Invoke-ScriptBlock, C:\Users\user\Documents\WindowsPowerShell\Modules\Pester\5.7.1\Pester.psm1 : ligne 2157
à Invoke-TestItem, C:\Users\user\Documents\WindowsPowerShell\Modules\Pester\5.7.1\Pester.psm1 : ligne 1199
à Invoke-Block, C:\Users\user\Documents\WindowsPowerShell\Modules\Pester\5.7.1\Pester.psm1 : ligne 835
à &lt;ScriptBlock&gt;, C:\Users\user\Documents\WindowsPowerShell\Modules\Pester\5.7.1\Pester.psm1 : ligne 893
à &lt;ScriptBlock&gt;, C:\Users\user\Documents\WindowsPowerShell\Modules\Pester\5.7.1\Pester.psm1 : ligne 2024
à &lt;ScriptBlock&gt;, C:\Users\user\Documents\WindowsPowerShell\Modules\Pester\5.7.1\Pester.psm1 : ligne 1985
à Invoke-ScriptBlock, C:\Users\user\Documents\WindowsPowerShell\Modules\Pester\5.7.1\Pester.psm1 : ligne 2160
à Invoke-Block, C:\Users\user\Documents\WindowsPowerShell\Modules\Pester\5.7.1\Pester.psm1 : ligne 940
à &lt;ScriptBlock&gt;, C:\Users\user\Documents\WindowsPowerShell\Modules\Pester\5.7.1\Pester.psm1 : ligne 893
à &lt;ScriptBlock&gt;, C:\Users\user\Documents\WindowsPowerShell\Modules\Pester\5.7.1\Pester.psm1 : ligne 2024
à &lt;ScriptBlock&gt;, C:\Users\user\Documents\WindowsPowerShell\Modules\Pester\5.7.1\Pester.psm1 : ligne 1985
à Invoke-ScriptBlock, C:\Users\user\Documents\WindowsPowerShell\Modules\Pester\5.7.1\Pester.psm1 : ligne 2160
à Invoke-Block, C:\Users\user\Documents\WindowsPowerShell\Modules\Pester\5.7.1\Pester.psm1 : ligne 940
à &lt;ScriptBlock&gt;, C:\Users\user\Documents\WindowsPowerShell\Modules\Pester\5.7.1\Pester.psm1 : ligne 893
à &lt;ScriptBlock&gt;, C:\Users\user\Documents\WindowsPowerShell\Modules\Pester\5.7.1\Pester.psm1 : ligne 2024
à &lt;ScriptBlock&gt;, C:\Users\user\Documents\WindowsPowerShell\Modules\Pester\5.7.1\Pester.psm1 : ligne 1985
à Invoke-ScriptBlock, C:\Users\user\Documents\WindowsPowerShell\Modules\Pester\5.7.1\Pester.psm1 : ligne 2160
à Invoke-Block, C:\Users\user\Documents\WindowsPowerShell\Modules\Pester\5.7.1\Pester.psm1 : ligne 940
à &lt;ScriptBlock&gt;, C:\Users\user\Documents\WindowsPowerShell\Modules\Pester\5.7.1\Pester.psm1 : ligne 1688
à &lt;ScriptBlock&gt;, C:\Users\user\Documents\WindowsPowerShell\Modules\Pester\5.7.1\Pester.ps1 : ligne 3
à &lt;ScriptBlock&gt;, C:\Users\user\Documents\WindowsPowerShell\Modules\Pester\5.7.1\Pester.psm1 : ligne 3260
à Invoke-InNewScriptScope, C:\Users\user\Documents\WindowsPowerShell\Modules\Pester\5.7.1\Pester.psm1 : ligne 3267
à Run-Test, C:\Users\user\Documents\WindowsPowerShell\Modules\Pester\5.7.1\Pester.psm1 : ligne 1691
à Invoke-Test, C:\Users\user\Documents\WindowsPowerShell\Modules\Pester\5.7.1\Pester.psm1 : ligne 2512
à Invoke-Pester&lt;End&gt;, C:\Users\user\Documents\WindowsPowerShell\Modules\Pester\5.7.1\Pester.psm1 : ligne 4960
à &lt;ScriptBlock&gt;, D:\DO\WEB\N8N_tests\PROJETS\EMAIL_SENDER_1\scripts\utils\PSCacheManager\PredictiveCache\Tests\Run-AllTests.ps1 : ligne 44
à &lt;ScriptBlock&gt;, &lt;Aucun fichier&gt; : ligne 1</stack-trace>
                    </failure>
                  </test-case>
                </results>
              </test-suite>
              <test-suite type="TestFixture" name="DependencyManager Module Tests.Add-CacheDependency Function" executed="True" result="Failure" success="False" time="0.3004" asserts="0" description="DependencyManager Module Tests.Add-CacheDependency Function">
                <results>
                  <test-case description="Should add a dependency between keys" name="DependencyManager Module Tests.Add-CacheDependency Function.Should add a dependency between keys" time="0.0881" asserts="0" success="False" result="Failure" executed="True">
                    <failure>
                      <message>PSInvalidCastException: Impossible de convertir la valeur « @{Remove= param($key) ; Contains= param($key) return $false } » du type « System.Management.Automation.PSCustomObject » en type « CacheManager ».
ArgumentTransformationMetadataException: Impossible de convertir la valeur « @{Remove= param($key) ; Contains= param($key) return $false } » du type « System.Management.Automation.PSCustomObject » en type « CacheManager ».
ParameterBindingArgumentTransformationException: Impossible de traiter la transformation d'argument sur le paramètre « BaseCache ». Impossible de convertir la valeur « @{Remove= param($key) ; Contains= param($key) return $false } » du type « System.Management.Automation.PSCustomObject » en type « CacheManager ».</message>
                      <stack-trace>à &lt;ScriptBlock&gt;, D:\DO\WEB\N8N_tests\PROJETS\EMAIL_SENDER_1\scripts\utils\PSCacheManager\PredictiveCache\Tests\DependencyManager.Tests.ps1 : ligne 84
à &lt;ScriptBlock&gt;, C:\Users\user\Documents\WindowsPowerShell\Modules\Pester\5.7.1\Pester.psm1 : ligne 2024
à &lt;ScriptBlock&gt;, C:\Users\user\Documents\WindowsPowerShell\Modules\Pester\5.7.1\Pester.psm1 : ligne 1985
à Invoke-ScriptBlock, C:\Users\user\Documents\WindowsPowerShell\Modules\Pester\5.7.1\Pester.psm1 : ligne 2157
à Invoke-TestItem, C:\Users\user\Documents\WindowsPowerShell\Modules\Pester\5.7.1\Pester.psm1 : ligne 1199
à Invoke-Block, C:\Users\user\Documents\WindowsPowerShell\Modules\Pester\5.7.1\Pester.psm1 : ligne 835
à &lt;ScriptBlock&gt;, C:\Users\user\Documents\WindowsPowerShell\Modules\Pester\5.7.1\Pester.psm1 : ligne 893
à &lt;ScriptBlock&gt;, C:\Users\user\Documents\WindowsPowerShell\Modules\Pester\5.7.1\Pester.psm1 : ligne 2024
à &lt;ScriptBlock&gt;, C:\Users\user\Documents\WindowsPowerShell\Modules\Pester\5.7.1\Pester.psm1 : ligne 1985
à Invoke-ScriptBlock, C:\Users\user\Documents\WindowsPowerShell\Modules\Pester\5.7.1\Pester.psm1 : ligne 2160
à Invoke-Block, C:\Users\user\Documents\WindowsPowerShell\Modules\Pester\5.7.1\Pester.psm1 : ligne 940
à &lt;ScriptBlock&gt;, C:\Users\user\Documents\WindowsPowerShell\Modules\Pester\5.7.1\Pester.psm1 : ligne 893
à &lt;ScriptBlock&gt;, C:\Users\user\Documents\WindowsPowerShell\Modules\Pester\5.7.1\Pester.psm1 : ligne 2024
à &lt;ScriptBlock&gt;, C:\Users\user\Documents\WindowsPowerShell\Modules\Pester\5.7.1\Pester.psm1 : ligne 1985
à Invoke-ScriptBlock, C:\Users\user\Documents\WindowsPowerShell\Modules\Pester\5.7.1\Pester.psm1 : ligne 2160
à Invoke-Block, C:\Users\user\Documents\WindowsPowerShell\Modules\Pester\5.7.1\Pester.psm1 : ligne 940
à &lt;ScriptBlock&gt;, C:\Users\user\Documents\WindowsPowerShell\Modules\Pester\5.7.1\Pester.psm1 : ligne 893
à &lt;ScriptBlock&gt;, C:\Users\user\Documents\WindowsPowerShell\Modules\Pester\5.7.1\Pester.psm1 : ligne 2024
à &lt;ScriptBlock&gt;, C:\Users\user\Documents\WindowsPowerShell\Modules\Pester\5.7.1\Pester.psm1 : ligne 1985
à Invoke-ScriptBlock, C:\Users\user\Documents\WindowsPowerShell\Modules\Pester\5.7.1\Pester.psm1 : ligne 2160
à Invoke-Block, C:\Users\user\Documents\WindowsPowerShell\Modules\Pester\5.7.1\Pester.psm1 : ligne 940
à &lt;ScriptBlock&gt;, C:\Users\user\Documents\WindowsPowerShell\Modules\Pester\5.7.1\Pester.psm1 : ligne 1688
à &lt;ScriptBlock&gt;, C:\Users\user\Documents\WindowsPowerShell\Modules\Pester\5.7.1\Pester.ps1 : ligne 3
à &lt;ScriptBlock&gt;, C:\Users\user\Documents\WindowsPowerShell\Modules\Pester\5.7.1\Pester.psm1 : ligne 3260
à Invoke-InNewScriptScope, C:\Users\user\Documents\WindowsPowerShell\Modules\Pester\5.7.1\Pester.psm1 : ligne 3267
à Run-Test, C:\Users\user\Documents\WindowsPowerShell\Modules\Pester\5.7.1\Pester.psm1 : ligne 1691
à Invoke-Test, C:\Users\user\Documents\WindowsPowerShell\Modules\Pester\5.7.1\Pester.psm1 : ligne 2512
à Invoke-Pester&lt;End&gt;, C:\Users\user\Documents\WindowsPowerShell\Modules\Pester\5.7.1\Pester.psm1 : ligne 4960
à &lt;ScriptBlock&gt;, D:\DO\WEB\N8N_tests\PROJETS\EMAIL_SENDER_1\scripts\utils\PSCacheManager\PredictiveCache\Tests\Run-AllTests.ps1 : ligne 44
à &lt;ScriptBlock&gt;, &lt;Aucun fichier&gt; : ligne 1</stack-trace>
                    </failure>
                  </test-case>
                </results>
              </test-suite>
              <test-suite type="TestFixture" name="DependencyManager Module Tests.Remove-CacheDependency Function" executed="True" result="Failure" success="False" time="0.4232" asserts="0" description="DependencyManager Module Tests.Remove-CacheDependency Function">
                <results>
                  <test-case description="Should remove a dependency between keys" name="DependencyManager Module Tests.Remove-CacheDependency Function.Should remove a dependency between keys" time="0.0799" asserts="0" success="False" result="Failure" executed="True">
                    <failure>
                      <message>PSInvalidCastException: Impossible de convertir la valeur « @{Remove= param($key) ; Contains= param($key) return $false } » du type « System.Management.Automation.PSCustomObject » en type « CacheManager ».
ArgumentTransformationMetadataException: Impossible de convertir la valeur « @{Remove= param($key) ; Contains= param($key) return $false } » du type « System.Management.Automation.PSCustomObject » en type « CacheManager ».
ParameterBindingArgumentTransformationException: Impossible de traiter la transformation d'argument sur le paramètre « BaseCache ». Impossible de convertir la valeur « @{Remove= param($key) ; Contains= param($key) return $false } » du type « System.Management.Automation.PSCustomObject » en type « CacheManager ».</message>
                      <stack-trace>à &lt;ScriptBlock&gt;, D:\DO\WEB\N8N_tests\PROJETS\EMAIL_SENDER_1\scripts\utils\PSCacheManager\PredictiveCache\Tests\DependencyManager.Tests.ps1 : ligne 102
à &lt;ScriptBlock&gt;, C:\Users\user\Documents\WindowsPowerShell\Modules\Pester\5.7.1\Pester.psm1 : ligne 2024
à &lt;ScriptBlock&gt;, C:\Users\user\Documents\WindowsPowerShell\Modules\Pester\5.7.1\Pester.psm1 : ligne 1985
à Invoke-ScriptBlock, C:\Users\user\Documents\WindowsPowerShell\Modules\Pester\5.7.1\Pester.psm1 : ligne 2157
à Invoke-TestItem, C:\Users\user\Documents\WindowsPowerShell\Modules\Pester\5.7.1\Pester.psm1 : ligne 1199
à Invoke-Block, C:\Users\user\Documents\WindowsPowerShell\Modules\Pester\5.7.1\Pester.psm1 : ligne 835
à &lt;ScriptBlock&gt;, C:\Users\user\Documents\WindowsPowerShell\Modules\Pester\5.7.1\Pester.psm1 : ligne 893
à &lt;ScriptBlock&gt;, C:\Users\user\Documents\WindowsPowerShell\Modules\Pester\5.7.1\Pester.psm1 : ligne 2024
à &lt;ScriptBlock&gt;, C:\Users\user\Documents\WindowsPowerShell\Modules\Pester\5.7.1\Pester.psm1 : ligne 1985
à Invoke-ScriptBlock, C:\Users\user\Documents\WindowsPowerShell\Modules\Pester\5.7.1\Pester.psm1 : ligne 2160
à Invoke-Block, C:\Users\user\Documents\WindowsPowerShell\Modules\Pester\5.7.1\Pester.psm1 : ligne 940
à &lt;ScriptBlock&gt;, C:\Users\user\Documents\WindowsPowerShell\Modules\Pester\5.7.1\Pester.psm1 : ligne 893
à &lt;ScriptBlock&gt;, C:\Users\user\Documents\WindowsPowerShell\Modules\Pester\5.7.1\Pester.psm1 : ligne 2024
à &lt;ScriptBlock&gt;, C:\Users\user\Documents\WindowsPowerShell\Modules\Pester\5.7.1\Pester.psm1 : ligne 1985
à Invoke-ScriptBlock, C:\Users\user\Documents\WindowsPowerShell\Modules\Pester\5.7.1\Pester.psm1 : ligne 2160
à Invoke-Block, C:\Users\user\Documents\WindowsPowerShell\Modules\Pester\5.7.1\Pester.psm1 : ligne 940
à &lt;ScriptBlock&gt;, C:\Users\user\Documents\WindowsPowerShell\Modules\Pester\5.7.1\Pester.psm1 : ligne 893
à &lt;ScriptBlock&gt;, C:\Users\user\Documents\WindowsPowerShell\Modules\Pester\5.7.1\Pester.psm1 : ligne 2024
à &lt;ScriptBlock&gt;, C:\Users\user\Documents\WindowsPowerShell\Modules\Pester\5.7.1\Pester.psm1 : ligne 1985
à Invoke-ScriptBlock, C:\Users\user\Documents\WindowsPowerShell\Modules\Pester\5.7.1\Pester.psm1 : ligne 2160
à Invoke-Block, C:\Users\user\Documents\WindowsPowerShell\Modules\Pester\5.7.1\Pester.psm1 : ligne 940
à &lt;ScriptBlock&gt;, C:\Users\user\Documents\WindowsPowerShell\Modules\Pester\5.7.1\Pester.psm1 : ligne 1688
à &lt;ScriptBlock&gt;, C:\Users\user\Documents\WindowsPowerShell\Modules\Pester\5.7.1\Pester.ps1 : ligne 3
à &lt;ScriptBlock&gt;, C:\Users\user\Documents\WindowsPowerShell\Modules\Pester\5.7.1\Pester.psm1 : ligne 3260
à Invoke-InNewScriptScope, C:\Users\user\Documents\WindowsPowerShell\Modules\Pester\5.7.1\Pester.psm1 : ligne 3267
à Run-Test, C:\Users\user\Documents\WindowsPowerShell\Modules\Pester\5.7.1\Pester.psm1 : ligne 1691
à Invoke-Test, C:\Users\user\Documents\WindowsPowerShell\Modules\Pester\5.7.1\Pester.psm1 : ligne 2512
à Invoke-Pester&lt;End&gt;, C:\Users\user\Documents\WindowsPowerShell\Modules\Pester\5.7.1\Pester.psm1 : ligne 4960
à &lt;ScriptBlock&gt;, D:\DO\WEB\N8N_tests\PROJETS\EMAIL_SENDER_1\scripts\utils\PSCacheManager\PredictiveCache\Tests\Run-AllTests.ps1 : ligne 44
à &lt;ScriptBlock&gt;, &lt;Aucun fichier&gt; : ligne 1</stack-trace>
                    </failure>
                  </test-case>
                </results>
              </test-suite>
              <test-suite type="TestFixture" name="DependencyManager Module Tests.Set-DependencyManagerOptions Function" executed="True" result="Failure" success="False" time="0.5442" asserts="0" description="DependencyManager Module Tests.Set-DependencyManagerOptions Function">
                <results>
                  <test-case description="Should update dependency manager options" name="DependencyManager Module Tests.Set-DependencyManagerOptions Function.Should update dependency manager options" time="0.0822" asserts="0" success="False" result="Failure" executed="True">
                    <failure>
                      <message>PSInvalidCastException: Impossible de convertir la valeur « @{Remove= param($key) ; Contains= param($key) return $false } » du type « System.Management.Automation.PSCustomObject » en type « CacheManager ».
ArgumentTransformationMetadataException: Impossible de convertir la valeur « @{Remove= param($key) ; Contains= param($key) return $false } » du type « System.Management.Automation.PSCustomObject » en type « CacheManager ».
ParameterBindingArgumentTransformationException: Impossible de traiter la transformation d'argument sur le paramètre « BaseCache ». Impossible de convertir la valeur « @{Remove= param($key) ; Contains= param($key) return $false } » du type « System.Management.Automation.PSCustomObject » en type « CacheManager ».</message>
                      <stack-trace>à &lt;ScriptBlock&gt;, D:\DO\WEB\N8N_tests\PROJETS\EMAIL_SENDER_1\scripts\utils\PSCacheManager\PredictiveCache\Tests\DependencyManager.Tests.ps1 : ligne 120
à &lt;ScriptBlock&gt;, C:\Users\user\Documents\WindowsPowerShell\Modules\Pester\5.7.1\Pester.psm1 : ligne 2024
à &lt;ScriptBlock&gt;, C:\Users\user\Documents\WindowsPowerShell\Modules\Pester\5.7.1\Pester.psm1 : ligne 1985
à Invoke-ScriptBlock, C:\Users\user\Documents\WindowsPowerShell\Modules\Pester\5.7.1\Pester.psm1 : ligne 2157
à Invoke-TestItem, C:\Users\user\Documents\WindowsPowerShell\Modules\Pester\5.7.1\Pester.psm1 : ligne 1199
à Invoke-Block, C:\Users\user\Documents\WindowsPowerShell\Modules\Pester\5.7.1\Pester.psm1 : ligne 835
à &lt;ScriptBlock&gt;, C:\Users\user\Documents\WindowsPowerShell\Modules\Pester\5.7.1\Pester.psm1 : ligne 893
à &lt;ScriptBlock&gt;, C:\Users\user\Documents\WindowsPowerShell\Modules\Pester\5.7.1\Pester.psm1 : ligne 2024
à &lt;ScriptBlock&gt;, C:\Users\user\Documents\WindowsPowerShell\Modules\Pester\5.7.1\Pester.psm1 : ligne 1985
à Invoke-ScriptBlock, C:\Users\user\Documents\WindowsPowerShell\Modules\Pester\5.7.1\Pester.psm1 : ligne 2160
à Invoke-Block, C:\Users\user\Documents\WindowsPowerShell\Modules\Pester\5.7.1\Pester.psm1 : ligne 940
à &lt;ScriptBlock&gt;, C:\Users\user\Documents\WindowsPowerShell\Modules\Pester\5.7.1\Pester.psm1 : ligne 893
à &lt;ScriptBlock&gt;, C:\Users\user\Documents\WindowsPowerShell\Modules\Pester\5.7.1\Pester.psm1 : ligne 2024
à &lt;ScriptBlock&gt;, C:\Users\user\Documents\WindowsPowerShell\Modules\Pester\5.7.1\Pester.psm1 : ligne 1985
à Invoke-ScriptBlock, C:\Users\user\Documents\WindowsPowerShell\Modules\Pester\5.7.1\Pester.psm1 : ligne 2160
à Invoke-Block, C:\Users\user\Documents\WindowsPowerShell\Modules\Pester\5.7.1\Pester.psm1 : ligne 940
à &lt;ScriptBlock&gt;, C:\Users\user\Documents\WindowsPowerShell\Modules\Pester\5.7.1\Pester.psm1 : ligne 893
à &lt;ScriptBlock&gt;, C:\Users\user\Documents\WindowsPowerShell\Modules\Pester\5.7.1\Pester.psm1 : ligne 2024
à &lt;ScriptBlock&gt;, C:\Users\user\Documents\WindowsPowerShell\Modules\Pester\5.7.1\Pester.psm1 : ligne 1985
à Invoke-ScriptBlock, C:\Users\user\Documents\WindowsPowerShell\Modules\Pester\5.7.1\Pester.psm1 : ligne 2160
à Invoke-Block, C:\Users\user\Documents\WindowsPowerShell\Modules\Pester\5.7.1\Pester.psm1 : ligne 940
à &lt;ScriptBlock&gt;, C:\Users\user\Documents\WindowsPowerShell\Modules\Pester\5.7.1\Pester.psm1 : ligne 1688
à &lt;ScriptBlock&gt;, C:\Users\user\Documents\WindowsPowerShell\Modules\Pester\5.7.1\Pester.ps1 : ligne 3
à &lt;ScriptBlock&gt;, C:\Users\user\Documents\WindowsPowerShell\Modules\Pester\5.7.1\Pester.psm1 : ligne 3260
à Invoke-InNewScriptScope, C:\Users\user\Documents\WindowsPowerShell\Modules\Pester\5.7.1\Pester.psm1 : ligne 3267
à Run-Test, C:\Users\user\Documents\WindowsPowerShell\Modules\Pester\5.7.1\Pester.psm1 : ligne 1691
à Invoke-Test, C:\Users\user\Documents\WindowsPowerShell\Modules\Pester\5.7.1\Pester.psm1 : ligne 2512
à Invoke-Pester&lt;End&gt;, C:\Users\user\Documents\WindowsPowerShell\Modules\Pester\5.7.1\Pester.psm1 : ligne 4960
à &lt;ScriptBlock&gt;, D:\DO\WEB\N8N_tests\PROJETS\EMAIL_SENDER_1\scripts\utils\PSCacheManager\PredictiveCache\Tests\Run-AllTests.ps1 : ligne 44
à &lt;ScriptBlock&gt;, &lt;Aucun fichier&gt; : ligne 1</stack-trace>
                    </failure>
                  </test-case>
                </results>
              </test-suite>
              <test-suite type="TestFixture" name="DependencyManager Module Tests.DependencyManager Methods" executed="True" result="Failure" success="False" time="0.9735" asserts="0" description="DependencyManager Module Tests.DependencyManager Methods">
                <results>
                  <test-case description="Should add and retrieve dependencies" name="DependencyManager Module Tests.DependencyManager Methods.Should add and retrieve dependencies" time="0.0829" asserts="0" success="False" result="Failure" executed="True">
                    <failure>
                      <message>PSInvalidCastException: Impossible de convertir la valeur « @{Remove= param($key) ; Contains= param($key) return $false } » du type « System.Management.Automation.PSCustomObject » en type « CacheManager ».
ArgumentTransformationMetadataException: Impossible de convertir la valeur « @{Remove= param($key) ; Contains= param($key) return $false } » du type « System.Management.Automation.PSCustomObject » en type « CacheManager ».
ParameterBindingArgumentTransformationException: Impossible de traiter la transformation d'argument sur le paramètre « BaseCache ». Impossible de convertir la valeur « @{Remove= param($key) ; Contains= param($key) return $false } » du type « System.Management.Automation.PSCustomObject » en type « CacheManager ».</message>
                      <stack-trace>à &lt;ScriptBlock&gt;, D:\DO\WEB\N8N_tests\PROJETS\EMAIL_SENDER_1\scripts\utils\PSCacheManager\PredictiveCache\Tests\DependencyManager.Tests.ps1 : ligne 137
à &lt;ScriptBlock&gt;, C:\Users\user\Documents\WindowsPowerShell\Modules\Pester\5.7.1\Pester.psm1 : ligne 2011
à &lt;ScriptBlock&gt;, C:\Users\user\Documents\WindowsPowerShell\Modules\Pester\5.7.1\Pester.psm1 : ligne 1985
à Invoke-ScriptBlock, C:\Users\user\Documents\WindowsPowerShell\Modules\Pester\5.7.1\Pester.psm1 : ligne 2157
à Invoke-TestItem, C:\Users\user\Documents\WindowsPowerShell\Modules\Pester\5.7.1\Pester.psm1 : ligne 1199
à Invoke-Block, C:\Users\user\Documents\WindowsPowerShell\Modules\Pester\5.7.1\Pester.psm1 : ligne 835
à &lt;ScriptBlock&gt;, C:\Users\user\Documents\WindowsPowerShell\Modules\Pester\5.7.1\Pester.psm1 : ligne 893
à &lt;ScriptBlock&gt;, C:\Users\user\Documents\WindowsPowerShell\Modules\Pester\5.7.1\Pester.psm1 : ligne 2024
à &lt;ScriptBlock&gt;, C:\Users\user\Documents\WindowsPowerShell\Modules\Pester\5.7.1\Pester.psm1 : ligne 1985
à Invoke-ScriptBlock, C:\Users\user\Documents\WindowsPowerShell\Modules\Pester\5.7.1\Pester.psm1 : ligne 2160
à Invoke-Block, C:\Users\user\Documents\WindowsPowerShell\Modules\Pester\5.7.1\Pester.psm1 : ligne 940
à &lt;ScriptBlock&gt;, C:\Users\user\Documents\WindowsPowerShell\Modules\Pester\5.7.1\Pester.psm1 : ligne 893
à &lt;ScriptBlock&gt;, C:\Users\user\Documents\WindowsPowerShell\Modules\Pester\5.7.1\Pester.psm1 : ligne 2024
à &lt;ScriptBlock&gt;, C:\Users\user\Documents\WindowsPowerShell\Modules\Pester\5.7.1\Pester.psm1 : ligne 1985
à Invoke-ScriptBlock, C:\Users\user\Documents\WindowsPowerShell\Modules\Pester\5.7.1\Pester.psm1 : ligne 2160
à Invoke-Block, C:\Users\user\Documents\WindowsPowerShell\Modules\Pester\5.7.1\Pester.psm1 : ligne 940
à &lt;ScriptBlock&gt;, C:\Users\user\Documents\WindowsPowerShell\Modules\Pester\5.7.1\Pester.psm1 : ligne 893
à &lt;ScriptBlock&gt;, C:\Users\user\Documents\WindowsPowerShell\Modules\Pester\5.7.1\Pester.psm1 : ligne 2024
à &lt;ScriptBlock&gt;, C:\Users\user\Documents\WindowsPowerShell\Modules\Pester\5.7.1\Pester.psm1 : ligne 1985
à Invoke-ScriptBlock, C:\Users\user\Documents\WindowsPowerShell\Modules\Pester\5.7.1\Pester.psm1 : ligne 2160
à Invoke-Block, C:\Users\user\Documents\WindowsPowerShell\Modules\Pester\5.7.1\Pester.psm1 : ligne 940
à &lt;ScriptBlock&gt;, C:\Users\user\Documents\WindowsPowerShell\Modules\Pester\5.7.1\Pester.psm1 : ligne 1688
à &lt;ScriptBlock&gt;, C:\Users\user\Documents\WindowsPowerShell\Modules\Pester\5.7.1\Pester.ps1 : ligne 3
à &lt;ScriptBlock&gt;, C:\Users\user\Documents\WindowsPowerShell\Modules\Pester\5.7.1\Pester.psm1 : ligne 3260
à Invoke-InNewScriptScope, C:\Users\user\Documents\WindowsPowerShell\Modules\Pester\5.7.1\Pester.psm1 : ligne 3267
à Run-Test, C:\Users\user\Documents\WindowsPowerShell\Modules\Pester\5.7.1\Pester.psm1 : ligne 1691
à Invoke-Test, C:\Users\user\Documents\WindowsPowerShell\Modules\Pester\5.7.1\Pester.psm1 : ligne 2512
à Invoke-Pester&lt;End&gt;, C:\Users\user\Documents\WindowsPowerShell\Modules\Pester\5.7.1\Pester.psm1 : ligne 4960
à &lt;ScriptBlock&gt;, D:\DO\WEB\N8N_tests\PROJETS\EMAIL_SENDER_1\scripts\utils\PSCacheManager\PredictiveCache\Tests\Run-AllTests.ps1 : ligne 44
à &lt;ScriptBlock&gt;, &lt;Aucun fichier&gt; : ligne 1</stack-trace>
                    </failure>
                  </test-case>
                  <test-case description="Should add and retrieve dependents" name="DependencyManager Module Tests.DependencyManager Methods.Should add and retrieve dependents" time="0.077" asserts="0" success="False" result="Failure" executed="True">
                    <failure>
                      <message>PSInvalidCastException: Impossible de convertir la valeur « @{Remove= param($key) ; Contains= param($key) return $false } » du type « System.Management.Automation.PSCustomObject » en type « CacheManager ».
ArgumentTransformationMetadataException: Impossible de convertir la valeur « @{Remove= param($key) ; Contains= param($key) return $false } » du type « System.Management.Automation.PSCustomObject » en type « CacheManager ».
ParameterBindingArgumentTransformationException: Impossible de traiter la transformation d'argument sur le paramètre « BaseCache ». Impossible de convertir la valeur « @{Remove= param($key) ; Contains= param($key) return $false } » du type « System.Management.Automation.PSCustomObject » en type « CacheManager ».</message>
                      <stack-trace>à &lt;ScriptBlock&gt;, D:\DO\WEB\N8N_tests\PROJETS\EMAIL_SENDER_1\scripts\utils\PSCacheManager\PredictiveCache\Tests\DependencyManager.Tests.ps1 : ligne 137
à &lt;ScriptBlock&gt;, C:\Users\user\Documents\WindowsPowerShell\Modules\Pester\5.7.1\Pester.psm1 : ligne 2011
à &lt;ScriptBlock&gt;, C:\Users\user\Documents\WindowsPowerShell\Modules\Pester\5.7.1\Pester.psm1 : ligne 1985
à Invoke-ScriptBlock, C:\Users\user\Documents\WindowsPowerShell\Modules\Pester\5.7.1\Pester.psm1 : ligne 2157
à Invoke-TestItem, C:\Users\user\Documents\WindowsPowerShell\Modules\Pester\5.7.1\Pester.psm1 : ligne 1199
à Invoke-Block, C:\Users\user\Documents\WindowsPowerShell\Modules\Pester\5.7.1\Pester.psm1 : ligne 835
à &lt;ScriptBlock&gt;, C:\Users\user\Documents\WindowsPowerShell\Modules\Pester\5.7.1\Pester.psm1 : ligne 893
à &lt;ScriptBlock&gt;, C:\Users\user\Documents\WindowsPowerShell\Modules\Pester\5.7.1\Pester.psm1 : ligne 2024
à &lt;ScriptBlock&gt;, C:\Users\user\Documents\WindowsPowerShell\Modules\Pester\5.7.1\Pester.psm1 : ligne 1985
à Invoke-ScriptBlock, C:\Users\user\Documents\WindowsPowerShell\Modules\Pester\5.7.1\Pester.psm1 : ligne 2160
à Invoke-Block, C:\Users\user\Documents\WindowsPowerShell\Modules\Pester\5.7.1\Pester.psm1 : ligne 940
à &lt;ScriptBlock&gt;, C:\Users\user\Documents\WindowsPowerShell\Modules\Pester\5.7.1\Pester.psm1 : ligne 893
à &lt;ScriptBlock&gt;, C:\Users\user\Documents\WindowsPowerShell\Modules\Pester\5.7.1\Pester.psm1 : ligne 2024
à &lt;ScriptBlock&gt;, C:\Users\user\Documents\WindowsPowerShell\Modules\Pester\5.7.1\Pester.psm1 : ligne 1985
à Invoke-ScriptBlock, C:\Users\user\Documents\WindowsPowerShell\Modules\Pester\5.7.1\Pester.psm1 : ligne 2160
à Invoke-Block, C:\Users\user\Documents\WindowsPowerShell\Modules\Pester\5.7.1\Pester.psm1 : ligne 940
à &lt;ScriptBlock&gt;, C:\Users\user\Documents\WindowsPowerShell\Modules\Pester\5.7.1\Pester.psm1 : ligne 893
à &lt;ScriptBlock&gt;, C:\Users\user\Documents\WindowsPowerShell\Modules\Pester\5.7.1\Pester.psm1 : ligne 2024
à &lt;ScriptBlock&gt;, C:\Users\user\Documents\WindowsPowerShell\Modules\Pester\5.7.1\Pester.psm1 : ligne 1985
à Invoke-ScriptBlock, C:\Users\user\Documents\WindowsPowerShell\Modules\Pester\5.7.1\Pester.psm1 : ligne 2160
à Invoke-Block, C:\Users\user\Documents\WindowsPowerShell\Modules\Pester\5.7.1\Pester.psm1 : ligne 940
à &lt;ScriptBlock&gt;, C:\Users\user\Documents\WindowsPowerShell\Modules\Pester\5.7.1\Pester.psm1 : ligne 1688
à &lt;ScriptBlock&gt;, C:\Users\user\Documents\WindowsPowerShell\Modules\Pester\5.7.1\Pester.ps1 : ligne 3
à &lt;ScriptBlock&gt;, C:\Users\user\Documents\WindowsPowerShell\Modules\Pester\5.7.1\Pester.psm1 : ligne 3260
à Invoke-InNewScriptScope, C:\Users\user\Documents\WindowsPowerShell\Modules\Pester\5.7.1\Pester.psm1 : ligne 3267
à Run-Test, C:\Users\user\Documents\WindowsPowerShell\Modules\Pester\5.7.1\Pester.psm1 : ligne 1691
à Invoke-Test, C:\Users\user\Documents\WindowsPowerShell\Modules\Pester\5.7.1\Pester.psm1 : ligne 2512
à Invoke-Pester&lt;End&gt;, C:\Users\user\Documents\WindowsPowerShell\Modules\Pester\5.7.1\Pester.psm1 : ligne 4960
à &lt;ScriptBlock&gt;, D:\DO\WEB\N8N_tests\PROJETS\EMAIL_SENDER_1\scripts\utils\PSCacheManager\PredictiveCache\Tests\Run-AllTests.ps1 : ligne 44
à &lt;ScriptBlock&gt;, &lt;Aucun fichier&gt; : ligne 1</stack-trace>
                    </failure>
                  </test-case>
                  <test-case description="Should detect dependencies automatically" name="DependencyManager Module Tests.DependencyManager Methods.Should detect dependencies automatically" time="0.0819" asserts="0" success="False" result="Failure" executed="True">
                    <failure>
                      <message>PSInvalidCastException: Impossible de convertir la valeur « @{Remove= param($key) ; Contains= param($key) return $false } » du type « System.Management.Automation.PSCustomObject » en type « CacheManager ».
ArgumentTransformationMetadataException: Impossible de convertir la valeur « @{Remove= param($key) ; Contains= param($key) return $false } » du type « System.Management.Automation.PSCustomObject » en type « CacheManager ».
ParameterBindingArgumentTransformationException: Impossible de traiter la transformation d'argument sur le paramètre « BaseCache ». Impossible de convertir la valeur « @{Remove= param($key) ; Contains= param($key) return $false } » du type « System.Management.Automation.PSCustomObject » en type « CacheManager ».</message>
                      <stack-trace>à &lt;ScriptBlock&gt;, D:\DO\WEB\N8N_tests\PROJETS\EMAIL_SENDER_1\scripts\utils\PSCacheManager\PredictiveCache\Tests\DependencyManager.Tests.ps1 : ligne 137
à &lt;ScriptBlock&gt;, C:\Users\user\Documents\WindowsPowerShell\Modules\Pester\5.7.1\Pester.psm1 : ligne 2011
à &lt;ScriptBlock&gt;, C:\Users\user\Documents\WindowsPowerShell\Modules\Pester\5.7.1\Pester.psm1 : ligne 1985
à Invoke-ScriptBlock, C:\Users\user\Documents\WindowsPowerShell\Modules\Pester\5.7.1\Pester.psm1 : ligne 2157
à Invoke-TestItem, C:\Users\user\Documents\WindowsPowerShell\Modules\Pester\5.7.1\Pester.psm1 : ligne 1199
à Invoke-Block, C:\Users\user\Documents\WindowsPowerShell\Modules\Pester\5.7.1\Pester.psm1 : ligne 835
à &lt;ScriptBlock&gt;, C:\Users\user\Documents\WindowsPowerShell\Modules\Pester\5.7.1\Pester.psm1 : ligne 893
à &lt;ScriptBlock&gt;, C:\Users\user\Documents\WindowsPowerShell\Modules\Pester\5.7.1\Pester.psm1 : ligne 2024
à &lt;ScriptBlock&gt;, C:\Users\user\Documents\WindowsPowerShell\Modules\Pester\5.7.1\Pester.psm1 : ligne 1985
à Invoke-ScriptBlock, C:\Users\user\Documents\WindowsPowerShell\Modules\Pester\5.7.1\Pester.psm1 : ligne 2160
à Invoke-Block, C:\Users\user\Documents\WindowsPowerShell\Modules\Pester\5.7.1\Pester.psm1 : ligne 940
à &lt;ScriptBlock&gt;, C:\Users\user\Documents\WindowsPowerShell\Modules\Pester\5.7.1\Pester.psm1 : ligne 893
à &lt;ScriptBlock&gt;, C:\Users\user\Documents\WindowsPowerShell\Modules\Pester\5.7.1\Pester.psm1 : ligne 2024
à &lt;ScriptBlock&gt;, C:\Users\user\Documents\WindowsPowerShell\Modules\Pester\5.7.1\Pester.psm1 : ligne 1985
à Invoke-ScriptBlock, C:\Users\user\Documents\WindowsPowerShell\Modules\Pester\5.7.1\Pester.psm1 : ligne 2160
à Invoke-Block, C:\Users\user\Documents\WindowsPowerShell\Modules\Pester\5.7.1\Pester.psm1 : ligne 940
à &lt;ScriptBlock&gt;, C:\Users\user\Documents\WindowsPowerShell\Modules\Pester\5.7.1\Pester.psm1 : ligne 893
à &lt;ScriptBlock&gt;, C:\Users\user\Documents\WindowsPowerShell\Modules\Pester\5.7.1\Pester.psm1 : ligne 2024
à &lt;ScriptBlock&gt;, C:\Users\user\Documents\WindowsPowerShell\Modules\Pester\5.7.1\Pester.psm1 : ligne 1985
à Invoke-ScriptBlock, C:\Users\user\Documents\WindowsPowerShell\Modules\Pester\5.7.1\Pester.psm1 : ligne 2160
à Invoke-Block, C:\Users\user\Documents\WindowsPowerShell\Modules\Pester\5.7.1\Pester.psm1 : ligne 940
à &lt;ScriptBlock&gt;, C:\Users\user\Documents\WindowsPowerShell\Modules\Pester\5.7.1\Pester.psm1 : ligne 1688
à &lt;ScriptBlock&gt;, C:\Users\user\Documents\WindowsPowerShell\Modules\Pester\5.7.1\Pester.ps1 : ligne 3
à &lt;ScriptBlock&gt;, C:\Users\user\Documents\WindowsPowerShell\Modules\Pester\5.7.1\Pester.psm1 : ligne 3260
à Invoke-InNewScriptScope, C:\Users\user\Documents\WindowsPowerShell\Modules\Pester\5.7.1\Pester.psm1 : ligne 3267
à Run-Test, C:\Users\user\Documents\WindowsPowerShell\Modules\Pester\5.7.1\Pester.psm1 : ligne 1691
à Invoke-Test, C:\Users\user\Documents\WindowsPowerShell\Modules\Pester\5.7.1\Pester.psm1 : ligne 2512
à Invoke-Pester&lt;End&gt;, C:\Users\user\Documents\WindowsPowerShell\Modules\Pester\5.7.1\Pester.psm1 : ligne 4960
à &lt;ScriptBlock&gt;, D:\DO\WEB\N8N_tests\PROJETS\EMAIL_SENDER_1\scripts\utils\PSCacheManager\PredictiveCache\Tests\Run-AllTests.ps1 : ligne 44
à &lt;ScriptBlock&gt;, &lt;Aucun fichier&gt; : ligne 1</stack-trace>
                    </failure>
                  </test-case>
                  <test-case description="Should calculate dependency strength" name="DependencyManager Module Tests.DependencyManager Methods.Should calculate dependency strength" time="0.069" asserts="0" success="False" result="Failure" executed="True">
                    <failure>
                      <message>PSInvalidCastException: Impossible de convertir la valeur « @{Remove= param($key) ; Contains= param($key) return $false } » du type « System.Management.Automation.PSCustomObject » en type « CacheManager ».
ArgumentTransformationMetadataException: Impossible de convertir la valeur « @{Remove= param($key) ; Contains= param($key) return $false } » du type « System.Management.Automation.PSCustomObject » en type « CacheManager ».
ParameterBindingArgumentTransformationException: Impossible de traiter la transformation d'argument sur le paramètre « BaseCache ». Impossible de convertir la valeur « @{Remove= param($key) ; Contains= param($key) return $false } » du type « System.Management.Automation.PSCustomObject » en type « CacheManager ».</message>
                      <stack-trace>à &lt;ScriptBlock&gt;, D:\DO\WEB\N8N_tests\PROJETS\EMAIL_SENDER_1\scripts\utils\PSCacheManager\PredictiveCache\Tests\DependencyManager.Tests.ps1 : ligne 137
à &lt;ScriptBlock&gt;, C:\Users\user\Documents\WindowsPowerShell\Modules\Pester\5.7.1\Pester.psm1 : ligne 2011
à &lt;ScriptBlock&gt;, C:\Users\user\Documents\WindowsPowerShell\Modules\Pester\5.7.1\Pester.psm1 : ligne 1985
à Invoke-ScriptBlock, C:\Users\user\Documents\WindowsPowerShell\Modules\Pester\5.7.1\Pester.psm1 : ligne 2157
à Invoke-TestItem, C:\Users\user\Documents\WindowsPowerShell\Modules\Pester\5.7.1\Pester.psm1 : ligne 1199
à Invoke-Block, C:\Users\user\Documents\WindowsPowerShell\Modules\Pester\5.7.1\Pester.psm1 : ligne 835
à &lt;ScriptBlock&gt;, C:\Users\user\Documents\WindowsPowerShell\Modules\Pester\5.7.1\Pester.psm1 : ligne 893
à &lt;ScriptBlock&gt;, C:\Users\user\Documents\WindowsPowerShell\Modules\Pester\5.7.1\Pester.psm1 : ligne 2024
à &lt;ScriptBlock&gt;, C:\Users\user\Documents\WindowsPowerShell\Modules\Pester\5.7.1\Pester.psm1 : ligne 1985
à Invoke-ScriptBlock, C:\Users\user\Documents\WindowsPowerShell\Modules\Pester\5.7.1\Pester.psm1 : ligne 2160
à Invoke-Block, C:\Users\user\Documents\WindowsPowerShell\Modules\Pester\5.7.1\Pester.psm1 : ligne 940
à &lt;ScriptBlock&gt;, C:\Users\user\Documents\WindowsPowerShell\Modules\Pester\5.7.1\Pester.psm1 : ligne 893
à &lt;ScriptBlock&gt;, C:\Users\user\Documents\WindowsPowerShell\Modules\Pester\5.7.1\Pester.psm1 : ligne 2024
à &lt;ScriptBlock&gt;, C:\Users\user\Documents\WindowsPowerShell\Modules\Pester\5.7.1\Pester.psm1 : ligne 1985
à Invoke-ScriptBlock, C:\Users\user\Documents\WindowsPowerShell\Modules\Pester\5.7.1\Pester.psm1 : ligne 2160
à Invoke-Block, C:\Users\user\Documents\WindowsPowerShell\Modules\Pester\5.7.1\Pester.psm1 : ligne 940
à &lt;ScriptBlock&gt;, C:\Users\user\Documents\WindowsPowerShell\Modules\Pester\5.7.1\Pester.psm1 : ligne 893
à &lt;ScriptBlock&gt;, C:\Users\user\Documents\WindowsPowerShell\Modules\Pester\5.7.1\Pester.psm1 : ligne 2024
à &lt;ScriptBlock&gt;, C:\Users\user\Documents\WindowsPowerShell\Modules\Pester\5.7.1\Pester.psm1 : ligne 1985
à Invoke-ScriptBlock, C:\Users\user\Documents\WindowsPowerShell\Modules\Pester\5.7.1\Pester.psm1 : ligne 2160
à Invoke-Block, C:\Users\user\Documents\WindowsPowerShell\Modules\Pester\5.7.1\Pester.psm1 : ligne 940
à &lt;ScriptBlock&gt;, C:\Users\user\Documents\WindowsPowerShell\Modules\Pester\5.7.1\Pester.psm1 : ligne 1688
à &lt;ScriptBlock&gt;, C:\Users\user\Documents\WindowsPowerShell\Modules\Pester\5.7.1\Pester.ps1 : ligne 3
à &lt;ScriptBlock&gt;, C:\Users\user\Documents\WindowsPowerShell\Modules\Pester\5.7.1\Pester.psm1 : ligne 3260
à Invoke-InNewScriptScope, C:\Users\user\Documents\WindowsPowerShell\Modules\Pester\5.7.1\Pester.psm1 : ligne 3267
à Run-Test, C:\Users\user\Documents\WindowsPowerShell\Modules\Pester\5.7.1\Pester.psm1 : ligne 1691
à Invoke-Test, C:\Users\user\Documents\WindowsPowerShell\Modules\Pester\5.7.1\Pester.psm1 : ligne 2512
à Invoke-Pester&lt;End&gt;, C:\Users\user\Documents\WindowsPowerShell\Modules\Pester\5.7.1\Pester.psm1 : ligne 4960
à &lt;ScriptBlock&gt;, D:\DO\WEB\N8N_tests\PROJETS\EMAIL_SENDER_1\scripts\utils\PSCacheManager\PredictiveCache\Tests\Run-AllTests.ps1 : ligne 44
à &lt;ScriptBlock&gt;, &lt;Aucun fichier&gt; : ligne 1</stack-trace>
                    </failure>
                  </test-case>
                  <test-case description="Should get dependency statistics" name="DependencyManager Module Tests.DependencyManager Methods.Should get dependency statistics" time="0.0666" asserts="0" success="False" result="Failure" executed="True">
                    <failure>
                      <message>PSInvalidCastException: Impossible de convertir la valeur « @{Remove= param($key) ; Contains= param($key) return $false } » du type « System.Management.Automation.PSCustomObject » en type « CacheManager ».
ArgumentTransformationMetadataException: Impossible de convertir la valeur « @{Remove= param($key) ; Contains= param($key) return $false } » du type « System.Management.Automation.PSCustomObject » en type « CacheManager ».
ParameterBindingArgumentTransformationException: Impossible de traiter la transformation d'argument sur le paramètre « BaseCache ». Impossible de convertir la valeur « @{Remove= param($key) ; Contains= param($key) return $false } » du type « System.Management.Automation.PSCustomObject » en type « CacheManager ».</message>
                      <stack-trace>à &lt;ScriptBlock&gt;, D:\DO\WEB\N8N_tests\PROJETS\EMAIL_SENDER_1\scripts\utils\PSCacheManager\PredictiveCache\Tests\DependencyManager.Tests.ps1 : ligne 137
à &lt;ScriptBlock&gt;, C:\Users\user\Documents\WindowsPowerShell\Modules\Pester\5.7.1\Pester.psm1 : ligne 2011
à &lt;ScriptBlock&gt;, C:\Users\user\Documents\WindowsPowerShell\Modules\Pester\5.7.1\Pester.psm1 : ligne 1985
à Invoke-ScriptBlock, C:\Users\user\Documents\WindowsPowerShell\Modules\Pester\5.7.1\Pester.psm1 : ligne 2157
à Invoke-TestItem, C:\Users\user\Documents\WindowsPowerShell\Modules\Pester\5.7.1\Pester.psm1 : ligne 1199
à Invoke-Block, C:\Users\user\Documents\WindowsPowerShell\Modules\Pester\5.7.1\Pester.psm1 : ligne 835
à &lt;ScriptBlock&gt;, C:\Users\user\Documents\WindowsPowerShell\Modules\Pester\5.7.1\Pester.psm1 : ligne 893
à &lt;ScriptBlock&gt;, C:\Users\user\Documents\WindowsPowerShell\Modules\Pester\5.7.1\Pester.psm1 : ligne 2024
à &lt;ScriptBlock&gt;, C:\Users\user\Documents\WindowsPowerShell\Modules\Pester\5.7.1\Pester.psm1 : ligne 1985
à Invoke-ScriptBlock, C:\Users\user\Documents\WindowsPowerShell\Modules\Pester\5.7.1\Pester.psm1 : ligne 2160
à Invoke-Block, C:\Users\user\Documents\WindowsPowerShell\Modules\Pester\5.7.1\Pester.psm1 : ligne 940
à &lt;ScriptBlock&gt;, C:\Users\user\Documents\WindowsPowerShell\Modules\Pester\5.7.1\Pester.psm1 : ligne 893
à &lt;ScriptBlock&gt;, C:\Users\user\Documents\WindowsPowerShell\Modules\Pester\5.7.1\Pester.psm1 : ligne 2024
à &lt;ScriptBlock&gt;, C:\Users\user\Documents\WindowsPowerShell\Modules\Pester\5.7.1\Pester.psm1 : ligne 1985
à Invoke-ScriptBlock, C:\Users\user\Documents\WindowsPowerShell\Modules\Pester\5.7.1\Pester.psm1 : ligne 2160
à Invoke-Block, C:\Users\user\Documents\WindowsPowerShell\Modules\Pester\5.7.1\Pester.psm1 : ligne 940
à &lt;ScriptBlock&gt;, C:\Users\user\Documents\WindowsPowerShell\Modules\Pester\5.7.1\Pester.psm1 : ligne 893
à &lt;ScriptBlock&gt;, C:\Users\user\Documents\WindowsPowerShell\Modules\Pester\5.7.1\Pester.psm1 : ligne 2024
à &lt;ScriptBlock&gt;, C:\Users\user\Documents\WindowsPowerShell\Modules\Pester\5.7.1\Pester.psm1 : ligne 1985
à Invoke-ScriptBlock, C:\Users\user\Documents\WindowsPowerShell\Modules\Pester\5.7.1\Pester.psm1 : ligne 2160
à Invoke-Block, C:\Users\user\Documents\WindowsPowerShell\Modules\Pester\5.7.1\Pester.psm1 : ligne 940
à &lt;ScriptBlock&gt;, C:\Users\user\Documents\WindowsPowerShell\Modules\Pester\5.7.1\Pester.psm1 : ligne 1688
à &lt;ScriptBlock&gt;, C:\Users\user\Documents\WindowsPowerShell\Modules\Pester\5.7.1\Pester.ps1 : ligne 3
à &lt;ScriptBlock&gt;, C:\Users\user\Documents\WindowsPowerShell\Modules\Pester\5.7.1\Pester.psm1 : ligne 3260
à Invoke-InNewScriptScope, C:\Users\user\Documents\WindowsPowerShell\Modules\Pester\5.7.1\Pester.psm1 : ligne 3267
à Run-Test, C:\Users\user\Documents\WindowsPowerShell\Modules\Pester\5.7.1\Pester.psm1 : ligne 1691
à Invoke-Test, C:\Users\user\Documents\WindowsPowerShell\Modules\Pester\5.7.1\Pester.psm1 : ligne 2512
à Invoke-Pester&lt;End&gt;, C:\Users\user\Documents\WindowsPowerShell\Modules\Pester\5.7.1\Pester.psm1 : ligne 4960
à &lt;ScriptBlock&gt;, D:\DO\WEB\N8N_tests\PROJETS\EMAIL_SENDER_1\scripts\utils\PSCacheManager\PredictiveCache\Tests\Run-AllTests.ps1 : ligne 44
à &lt;ScriptBlock&gt;, &lt;Aucun fichier&gt; : ligne 1</stack-trace>
                    </failure>
                  </test-case>
                </results>
              </test-suite>
            </results>
          </test-suite>
        </results>
      </test-suite>
      <test-suite type="TestFixture" name="D:\DO\WEB\N8N_tests\PROJETS\EMAIL_SENDER_1\scripts\utils\PSCacheManager\PredictiveCache\Tests\PredictionEngine.Tests.ps1" executed="True" result="Failure" success="False" time="1.443" asserts="0" description="D:\DO\WEB\N8N_tests\PROJETS\EMAIL_SENDER_1\scripts\utils\PSCacheManager\PredictiveCache\Tests\PredictionEngine.Tests.ps1">
        <results>
          <test-suite type="TestFixture" name="PredictionEngine Module Tests" executed="True" result="Failure" success="False" time="1.057" asserts="0" description="PredictionEngine Module Tests">
            <results>
              <test-suite type="TestFixture" name="PredictionEngine Module Tests.New-PredictionEngine Function" executed="True" result="Failure" success="False" time="0.253" asserts="0" description="PredictionEngine Module Tests.New-PredictionEngine Function">
                <results>
                  <test-case description="Should create a new PredictionEngine object" name="PredictionEngine Module Tests.New-PredictionEngine Function.Should create a new PredictionEngine object" time="0.0993" asserts="0" success="False" result="Failure" executed="True">
                    <failure>
                      <message>ParameterBindingValidationException: Impossible de lier l'argument au paramètre « DatabasePath », car il s'agit d'une chaîne vide.</message>
                      <stack-trace>à &lt;ScriptBlock&gt;, D:\DO\WEB\N8N_tests\PROJETS\EMAIL_SENDER_1\scripts\utils\PSCacheManager\PredictiveCache\Tests\PredictionEngine.Tests.ps1 : ligne 102
à &lt;ScriptBlock&gt;, C:\Users\user\Documents\WindowsPowerShell\Modules\Pester\5.7.1\Pester.psm1 : ligne 2024
à &lt;ScriptBlock&gt;, C:\Users\user\Documents\WindowsPowerShell\Modules\Pester\5.7.1\Pester.psm1 : ligne 1985
à Invoke-ScriptBlock, C:\Users\user\Documents\WindowsPowerShell\Modules\Pester\5.7.1\Pester.psm1 : ligne 2157
à Invoke-TestItem, C:\Users\user\Documents\WindowsPowerShell\Modules\Pester\5.7.1\Pester.psm1 : ligne 1199
à Invoke-Block, C:\Users\user\Documents\WindowsPowerShell\Modules\Pester\5.7.1\Pester.psm1 : ligne 835
à &lt;ScriptBlock&gt;, C:\Users\user\Documents\WindowsPowerShell\Modules\Pester\5.7.1\Pester.psm1 : ligne 893
à &lt;ScriptBlock&gt;, C:\Users\user\Documents\WindowsPowerShell\Modules\Pester\5.7.1\Pester.psm1 : ligne 2024
à &lt;ScriptBlock&gt;, C:\Users\user\Documents\WindowsPowerShell\Modules\Pester\5.7.1\Pester.psm1 : ligne 1985
à Invoke-ScriptBlock, C:\Users\user\Documents\WindowsPowerShell\Modules\Pester\5.7.1\Pester.psm1 : ligne 2160
à Invoke-Block, C:\Users\user\Documents\WindowsPowerShell\Modules\Pester\5.7.1\Pester.psm1 : ligne 940
à &lt;ScriptBlock&gt;, C:\Users\user\Documents\WindowsPowerShell\Modules\Pester\5.7.1\Pester.psm1 : ligne 893
à &lt;ScriptBlock&gt;, C:\Users\user\Documents\WindowsPowerShell\Modules\Pester\5.7.1\Pester.psm1 : ligne 2024
à &lt;ScriptBlock&gt;, C:\Users\user\Documents\WindowsPowerShell\Modules\Pester\5.7.1\Pester.psm1 : ligne 1985
à Invoke-ScriptBlock, C:\Users\user\Documents\WindowsPowerShell\Modules\Pester\5.7.1\Pester.psm1 : ligne 2160
à Invoke-Block, C:\Users\user\Documents\WindowsPowerShell\Modules\Pester\5.7.1\Pester.psm1 : ligne 940
à &lt;ScriptBlock&gt;, C:\Users\user\Documents\WindowsPowerShell\Modules\Pester\5.7.1\Pester.psm1 : ligne 893
à &lt;ScriptBlock&gt;, C:\Users\user\Documents\WindowsPowerShell\Modules\Pester\5.7.1\Pester.psm1 : ligne 2024
à &lt;ScriptBlock&gt;, C:\Users\user\Documents\WindowsPowerShell\Modules\Pester\5.7.1\Pester.psm1 : ligne 1985
à Invoke-ScriptBlock, C:\Users\user\Documents\WindowsPowerShell\Modules\Pester\5.7.1\Pester.psm1 : ligne 2160
à Invoke-Block, C:\Users\user\Documents\WindowsPowerShell\Modules\Pester\5.7.1\Pester.psm1 : ligne 940
à &lt;ScriptBlock&gt;, C:\Users\user\Documents\WindowsPowerShell\Modules\Pester\5.7.1\Pester.psm1 : ligne 1688
à &lt;ScriptBlock&gt;, C:\Users\user\Documents\WindowsPowerShell\Modules\Pester\5.7.1\Pester.ps1 : ligne 3
à &lt;ScriptBlock&gt;, C:\Users\user\Documents\WindowsPowerShell\Modules\Pester\5.7.1\Pester.psm1 : ligne 3260
à Invoke-InNewScriptScope, C:\Users\user\Documents\WindowsPowerShell\Modules\Pester\5.7.1\Pester.psm1 : ligne 3267
à Run-Test, C:\Users\user\Documents\WindowsPowerShell\Modules\Pester\5.7.1\Pester.psm1 : ligne 1691
à Invoke-Test, C:\Users\user\Documents\WindowsPowerShell\Modules\Pester\5.7.1\Pester.psm1 : ligne 2512
à Invoke-Pester&lt;End&gt;, C:\Users\user\Documents\WindowsPowerShell\Modules\Pester\5.7.1\Pester.psm1 : ligne 4960
à &lt;ScriptBlock&gt;, D:\DO\WEB\N8N_tests\PROJETS\EMAIL_SENDER_1\scripts\utils\PSCacheManager\PredictiveCache\Tests\Run-AllTests.ps1 : ligne 44
à &lt;ScriptBlock&gt;, &lt;Aucun fichier&gt; : ligne 1</stack-trace>
                    </failure>
                  </test-case>
                  <test-case description="Should set the correct cache name" name="PredictionEngine Module Tests.New-PredictionEngine Function.Should set the correct cache name" time="0.0977" asserts="0" success="False" result="Failure" executed="True">
                    <failure>
                      <message>ParameterBindingValidationException: Impossible de lier l'argument au paramètre « DatabasePath », car il s'agit d'une chaîne vide.</message>
                      <stack-trace>à &lt;ScriptBlock&gt;, D:\DO\WEB\N8N_tests\PROJETS\EMAIL_SENDER_1\scripts\utils\PSCacheManager\PredictiveCache\Tests\PredictionEngine.Tests.ps1 : ligne 109
à &lt;ScriptBlock&gt;, C:\Users\user\Documents\WindowsPowerShell\Modules\Pester\5.7.1\Pester.psm1 : ligne 2024
à &lt;ScriptBlock&gt;, C:\Users\user\Documents\WindowsPowerShell\Modules\Pester\5.7.1\Pester.psm1 : ligne 1985
à Invoke-ScriptBlock, C:\Users\user\Documents\WindowsPowerShell\Modules\Pester\5.7.1\Pester.psm1 : ligne 2157
à Invoke-TestItem, C:\Users\user\Documents\WindowsPowerShell\Modules\Pester\5.7.1\Pester.psm1 : ligne 1199
à Invoke-Block, C:\Users\user\Documents\WindowsPowerShell\Modules\Pester\5.7.1\Pester.psm1 : ligne 835
à &lt;ScriptBlock&gt;, C:\Users\user\Documents\WindowsPowerShell\Modules\Pester\5.7.1\Pester.psm1 : ligne 893
à &lt;ScriptBlock&gt;, C:\Users\user\Documents\WindowsPowerShell\Modules\Pester\5.7.1\Pester.psm1 : ligne 2024
à &lt;ScriptBlock&gt;, C:\Users\user\Documents\WindowsPowerShell\Modules\Pester\5.7.1\Pester.psm1 : ligne 1985
à Invoke-ScriptBlock, C:\Users\user\Documents\WindowsPowerShell\Modules\Pester\5.7.1\Pester.psm1 : ligne 2160
à Invoke-Block, C:\Users\user\Documents\WindowsPowerShell\Modules\Pester\5.7.1\Pester.psm1 : ligne 940
à &lt;ScriptBlock&gt;, C:\Users\user\Documents\WindowsPowerShell\Modules\Pester\5.7.1\Pester.psm1 : ligne 893
à &lt;ScriptBlock&gt;, C:\Users\user\Documents\WindowsPowerShell\Modules\Pester\5.7.1\Pester.psm1 : ligne 2024
à &lt;ScriptBlock&gt;, C:\Users\user\Documents\WindowsPowerShell\Modules\Pester\5.7.1\Pester.psm1 : ligne 1985
à Invoke-ScriptBlock, C:\Users\user\Documents\WindowsPowerShell\Modules\Pester\5.7.1\Pester.psm1 : ligne 2160
à Invoke-Block, C:\Users\user\Documents\WindowsPowerShell\Modules\Pester\5.7.1\Pester.psm1 : ligne 940
à &lt;ScriptBlock&gt;, C:\Users\user\Documents\WindowsPowerShell\Modules\Pester\5.7.1\Pester.psm1 : ligne 893
à &lt;ScriptBlock&gt;, C:\Users\user\Documents\WindowsPowerShell\Modules\Pester\5.7.1\Pester.psm1 : ligne 2024
à &lt;ScriptBlock&gt;, C:\Users\user\Documents\WindowsPowerShell\Modules\Pester\5.7.1\Pester.psm1 : ligne 1985
à Invoke-ScriptBlock, C:\Users\user\Documents\WindowsPowerShell\Modules\Pester\5.7.1\Pester.psm1 : ligne 2160
à Invoke-Block, C:\Users\user\Documents\WindowsPowerShell\Modules\Pester\5.7.1\Pester.psm1 : ligne 940
à &lt;ScriptBlock&gt;, C:\Users\user\Documents\WindowsPowerShell\Modules\Pester\5.7.1\Pester.psm1 : ligne 1688
à &lt;ScriptBlock&gt;, C:\Users\user\Documents\WindowsPowerShell\Modules\Pester\5.7.1\Pester.ps1 : ligne 3
à &lt;ScriptBlock&gt;, C:\Users\user\Documents\WindowsPowerShell\Modules\Pester\5.7.1\Pester.psm1 : ligne 3260
à Invoke-InNewScriptScope, C:\Users\user\Documents\WindowsPowerShell\Modules\Pester\5.7.1\Pester.psm1 : ligne 3267
à Run-Test, C:\Users\user\Documents\WindowsPowerShell\Modules\Pester\5.7.1\Pester.psm1 : ligne 1691
à Invoke-Test, C:\Users\user\Documents\WindowsPowerShell\Modules\Pester\5.7.1\Pester.psm1 : ligne 2512
à Invoke-Pester&lt;End&gt;, C:\Users\user\Documents\WindowsPowerShell\Modules\Pester\5.7.1\Pester.psm1 : ligne 4960
à &lt;ScriptBlock&gt;, D:\DO\WEB\N8N_tests\PROJETS\EMAIL_SENDER_1\scripts\utils\PSCacheManager\PredictiveCache\Tests\Run-AllTests.ps1 : ligne 44
à &lt;ScriptBlock&gt;, &lt;Aucun fichier&gt; : ligne 1</stack-trace>
                    </failure>
                  </test-case>
                </results>
              </test-suite>
              <test-suite type="TestFixture" name="PredictionEngine Module Tests.PredictionEngine Methods" executed="True" result="Failure" success="False" time="0.6212" asserts="0" description="PredictionEngine Module Tests.PredictionEngine Methods">
                <results>
                  <test-case description="Should update the prediction model" name="PredictionEngine Module Tests.PredictionEngine Methods.Should update the prediction model" time="0.098" asserts="0" success="False" result="Failure" executed="True">
                    <failure>
                      <message>ParameterBindingValidationException: Impossible de lier l'argument au paramètre « DatabasePath », car il s'agit d'une chaîne vide.</message>
                      <stack-trace>à &lt;ScriptBlock&gt;, D:\DO\WEB\N8N_tests\PROJETS\EMAIL_SENDER_1\scripts\utils\PSCacheManager\PredictiveCache\Tests\PredictionEngine.Tests.ps1 : ligne 117
à &lt;ScriptBlock&gt;, C:\Users\user\Documents\WindowsPowerShell\Modules\Pester\5.7.1\Pester.psm1 : ligne 2011
à &lt;ScriptBlock&gt;, C:\Users\user\Documents\WindowsPowerShell\Modules\Pester\5.7.1\Pester.psm1 : ligne 1985
à Invoke-ScriptBlock, C:\Users\user\Documents\WindowsPowerShell\Modules\Pester\5.7.1\Pester.psm1 : ligne 2157
à Invoke-TestItem, C:\Users\user\Documents\WindowsPowerShell\Modules\Pester\5.7.1\Pester.psm1 : ligne 1199
à Invoke-Block, C:\Users\user\Documents\WindowsPowerShell\Modules\Pester\5.7.1\Pester.psm1 : ligne 835
à &lt;ScriptBlock&gt;, C:\Users\user\Documents\WindowsPowerShell\Modules\Pester\5.7.1\Pester.psm1 : ligne 893
à &lt;ScriptBlock&gt;, C:\Users\user\Documents\WindowsPowerShell\Modules\Pester\5.7.1\Pester.psm1 : ligne 2024
à &lt;ScriptBlock&gt;, C:\Users\user\Documents\WindowsPowerShell\Modules\Pester\5.7.1\Pester.psm1 : ligne 1985
à Invoke-ScriptBlock, C:\Users\user\Documents\WindowsPowerShell\Modules\Pester\5.7.1\Pester.psm1 : ligne 2160
à Invoke-Block, C:\Users\user\Documents\WindowsPowerShell\Modules\Pester\5.7.1\Pester.psm1 : ligne 940
à &lt;ScriptBlock&gt;, C:\Users\user\Documents\WindowsPowerShell\Modules\Pester\5.7.1\Pester.psm1 : ligne 893
à &lt;ScriptBlock&gt;, C:\Users\user\Documents\WindowsPowerShell\Modules\Pester\5.7.1\Pester.psm1 : ligne 2024
à &lt;ScriptBlock&gt;, C:\Users\user\Documents\WindowsPowerShell\Modules\Pester\5.7.1\Pester.psm1 : ligne 1985
à Invoke-ScriptBlock, C:\Users\user\Documents\WindowsPowerShell\Modules\Pester\5.7.1\Pester.psm1 : ligne 2160
à Invoke-Block, C:\Users\user\Documents\WindowsPowerShell\Modules\Pester\5.7.1\Pester.psm1 : ligne 940
à &lt;ScriptBlock&gt;, C:\Users\user\Documents\WindowsPowerShell\Modules\Pester\5.7.1\Pester.psm1 : ligne 893
à &lt;ScriptBlock&gt;, C:\Users\user\Documents\WindowsPowerShell\Modules\Pester\5.7.1\Pester.psm1 : ligne 2024
à &lt;ScriptBlock&gt;, C:\Users\user\Documents\WindowsPowerShell\Modules\Pester\5.7.1\Pester.psm1 : ligne 1985
à Invoke-ScriptBlock, C:\Users\user\Documents\WindowsPowerShell\Modules\Pester\5.7.1\Pester.psm1 : ligne 2160
à Invoke-Block, C:\Users\user\Documents\WindowsPowerShell\Modules\Pester\5.7.1\Pester.psm1 : ligne 940
à &lt;ScriptBlock&gt;, C:\Users\user\Documents\WindowsPowerShell\Modules\Pester\5.7.1\Pester.psm1 : ligne 1688
à &lt;ScriptBlock&gt;, C:\Users\user\Documents\WindowsPowerShell\Modules\Pester\5.7.1\Pester.ps1 : ligne 3
à &lt;ScriptBlock&gt;, C:\Users\user\Documents\WindowsPowerShell\Modules\Pester\5.7.1\Pester.psm1 : ligne 3260
à Invoke-InNewScriptScope, C:\Users\user\Documents\WindowsPowerShell\Modules\Pester\5.7.1\Pester.psm1 : ligne 3267
à Run-Test, C:\Users\user\Documents\WindowsPowerShell\Modules\Pester\5.7.1\Pester.psm1 : ligne 1691
à Invoke-Test, C:\Users\user\Documents\WindowsPowerShell\Modules\Pester\5.7.1\Pester.psm1 : ligne 2512
à Invoke-Pester&lt;End&gt;, C:\Users\user\Documents\WindowsPowerShell\Modules\Pester\5.7.1\Pester.psm1 : ligne 4960
à &lt;ScriptBlock&gt;, D:\DO\WEB\N8N_tests\PROJETS\EMAIL_SENDER_1\scripts\utils\PSCacheManager\PredictiveCache\Tests\Run-AllTests.ps1 : ligne 44
à &lt;ScriptBlock&gt;, &lt;Aucun fichier&gt; : ligne 1</stack-trace>
                    </failure>
                  </test-case>
                  <test-case description="Should predict next accesses" name="PredictionEngine Module Tests.PredictionEngine Methods.Should predict next accesses" time="0.0686" asserts="0" success="False" result="Failure" executed="True">
                    <failure>
                      <message>ParameterBindingValidationException: Impossible de lier l'argument au paramètre « DatabasePath », car il s'agit d'une chaîne vide.</message>
                      <stack-trace>à &lt;ScriptBlock&gt;, D:\DO\WEB\N8N_tests\PROJETS\EMAIL_SENDER_1\scripts\utils\PSCacheManager\PredictiveCache\Tests\PredictionEngine.Tests.ps1 : ligne 117
à &lt;ScriptBlock&gt;, C:\Users\user\Documents\WindowsPowerShell\Modules\Pester\5.7.1\Pester.psm1 : ligne 2011
à &lt;ScriptBlock&gt;, C:\Users\user\Documents\WindowsPowerShell\Modules\Pester\5.7.1\Pester.psm1 : ligne 1985
à Invoke-ScriptBlock, C:\Users\user\Documents\WindowsPowerShell\Modules\Pester\5.7.1\Pester.psm1 : ligne 2157
à Invoke-TestItem, C:\Users\user\Documents\WindowsPowerShell\Modules\Pester\5.7.1\Pester.psm1 : ligne 1199
à Invoke-Block, C:\Users\user\Documents\WindowsPowerShell\Modules\Pester\5.7.1\Pester.psm1 : ligne 835
à &lt;ScriptBlock&gt;, C:\Users\user\Documents\WindowsPowerShell\Modules\Pester\5.7.1\Pester.psm1 : ligne 893
à &lt;ScriptBlock&gt;, C:\Users\user\Documents\WindowsPowerShell\Modules\Pester\5.7.1\Pester.psm1 : ligne 2024
à &lt;ScriptBlock&gt;, C:\Users\user\Documents\WindowsPowerShell\Modules\Pester\5.7.1\Pester.psm1 : ligne 1985
à Invoke-ScriptBlock, C:\Users\user\Documents\WindowsPowerShell\Modules\Pester\5.7.1\Pester.psm1 : ligne 2160
à Invoke-Block, C:\Users\user\Documents\WindowsPowerShell\Modules\Pester\5.7.1\Pester.psm1 : ligne 940
à &lt;ScriptBlock&gt;, C:\Users\user\Documents\WindowsPowerShell\Modules\Pester\5.7.1\Pester.psm1 : ligne 893
à &lt;ScriptBlock&gt;, C:\Users\user\Documents\WindowsPowerShell\Modules\Pester\5.7.1\Pester.psm1 : ligne 2024
à &lt;ScriptBlock&gt;, C:\Users\user\Documents\WindowsPowerShell\Modules\Pester\5.7.1\Pester.psm1 : ligne 1985
à Invoke-ScriptBlock, C:\Users\user\Documents\WindowsPowerShell\Modules\Pester\5.7.1\Pester.psm1 : ligne 2160
à Invoke-Block, C:\Users\user\Documents\WindowsPowerShell\Modules\Pester\5.7.1\Pester.psm1 : ligne 940
à &lt;ScriptBlock&gt;, C:\Users\user\Documents\WindowsPowerShell\Modules\Pester\5.7.1\Pester.psm1 : ligne 893
à &lt;ScriptBlock&gt;, C:\Users\user\Documents\WindowsPowerShell\Modules\Pester\5.7.1\Pester.psm1 : ligne 2024
à &lt;ScriptBlock&gt;, C:\Users\user\Documents\WindowsPowerShell\Modules\Pester\5.7.1\Pester.psm1 : ligne 1985
à Invoke-ScriptBlock, C:\Users\user\Documents\WindowsPowerShell\Modules\Pester\5.7.1\Pester.psm1 : ligne 2160
à Invoke-Block, C:\Users\user\Documents\WindowsPowerShell\Modules\Pester\5.7.1\Pester.psm1 : ligne 940
à &lt;ScriptBlock&gt;, C:\Users\user\Documents\WindowsPowerShell\Modules\Pester\5.7.1\Pester.psm1 : ligne 1688
à &lt;ScriptBlock&gt;, C:\Users\user\Documents\WindowsPowerShell\Modules\Pester\5.7.1\Pester.ps1 : ligne 3
à &lt;ScriptBlock&gt;, C:\Users\user\Documents\WindowsPowerShell\Modules\Pester\5.7.1\Pester.psm1 : ligne 3260
à Invoke-InNewScriptScope, C:\Users\user\Documents\WindowsPowerShell\Modules\Pester\5.7.1\Pester.psm1 : ligne 3267
à Run-Test, C:\Users\user\Documents\WindowsPowerShell\Modules\Pester\5.7.1\Pester.psm1 : ligne 1691
à Invoke-Test, C:\Users\user\Documents\WindowsPowerShell\Modules\Pester\5.7.1\Pester.psm1 : ligne 2512
à Invoke-Pester&lt;End&gt;, C:\Users\user\Documents\WindowsPowerShell\Modules\Pester\5.7.1\Pester.psm1 : ligne 4960
à &lt;ScriptBlock&gt;, D:\DO\WEB\N8N_tests\PROJETS\EMAIL_SENDER_1\scripts\utils\PSCacheManager\PredictiveCache\Tests\Run-AllTests.ps1 : ligne 44
à &lt;ScriptBlock&gt;, &lt;Aucun fichier&gt; : ligne 1</stack-trace>
                    </failure>
                  </test-case>
                  <test-case description="Should calculate key probability" name="PredictionEngine Module Tests.PredictionEngine Methods.Should calculate key probability" time="0.0728" asserts="0" success="False" result="Failure" executed="True">
                    <failure>
                      <message>ParameterBindingValidationException: Impossible de lier l'argument au paramètre « DatabasePath », car il s'agit d'une chaîne vide.</message>
                      <stack-trace>à &lt;ScriptBlock&gt;, D:\DO\WEB\N8N_tests\PROJETS\EMAIL_SENDER_1\scripts\utils\PSCacheManager\PredictiveCache\Tests\PredictionEngine.Tests.ps1 : ligne 117
à &lt;ScriptBlock&gt;, C:\Users\user\Documents\WindowsPowerShell\Modules\Pester\5.7.1\Pester.psm1 : ligne 2011
à &lt;ScriptBlock&gt;, C:\Users\user\Documents\WindowsPowerShell\Modules\Pester\5.7.1\Pester.psm1 : ligne 1985
à Invoke-ScriptBlock, C:\Users\user\Documents\WindowsPowerShell\Modules\Pester\5.7.1\Pester.psm1 : ligne 2157
à Invoke-TestItem, C:\Users\user\Documents\WindowsPowerShell\Modules\Pester\5.7.1\Pester.psm1 : ligne 1199
à Invoke-Block, C:\Users\user\Documents\WindowsPowerShell\Modules\Pester\5.7.1\Pester.psm1 : ligne 835
à &lt;ScriptBlock&gt;, C:\Users\user\Documents\WindowsPowerShell\Modules\Pester\5.7.1\Pester.psm1 : ligne 893
à &lt;ScriptBlock&gt;, C:\Users\user\Documents\WindowsPowerShell\Modules\Pester\5.7.1\Pester.psm1 : ligne 2024
à &lt;ScriptBlock&gt;, C:\Users\user\Documents\WindowsPowerShell\Modules\Pester\5.7.1\Pester.psm1 : ligne 1985
à Invoke-ScriptBlock, C:\Users\user\Documents\WindowsPowerShell\Modules\Pester\5.7.1\Pester.psm1 : ligne 2160
à Invoke-Block, C:\Users\user\Documents\WindowsPowerShell\Modules\Pester\5.7.1\Pester.psm1 : ligne 940
à &lt;ScriptBlock&gt;, C:\Users\user\Documents\WindowsPowerShell\Modules\Pester\5.7.1\Pester.psm1 : ligne 893
à &lt;ScriptBlock&gt;, C:\Users\user\Documents\WindowsPowerShell\Modules\Pester\5.7.1\Pester.psm1 : ligne 2024
à &lt;ScriptBlock&gt;, C:\Users\user\Documents\WindowsPowerShell\Modules\Pester\5.7.1\Pester.psm1 : ligne 1985
à Invoke-ScriptBlock, C:\Users\user\Documents\WindowsPowerShell\Modules\Pester\5.7.1\Pester.psm1 : ligne 2160
à Invoke-Block, C:\Users\user\Documents\WindowsPowerShell\Modules\Pester\5.7.1\Pester.psm1 : ligne 940
à &lt;ScriptBlock&gt;, C:\Users\user\Documents\WindowsPowerShell\Modules\Pester\5.7.1\Pester.psm1 : ligne 893
à &lt;ScriptBlock&gt;, C:\Users\user\Documents\WindowsPowerShell\Modules\Pester\5.7.1\Pester.psm1 : ligne 2024
à &lt;ScriptBlock&gt;, C:\Users\user\Documents\WindowsPowerShell\Modules\Pester\5.7.1\Pester.psm1 : ligne 1985
à Invoke-ScriptBlock, C:\Users\user\Documents\WindowsPowerShell\Modules\Pester\5.7.1\Pester.psm1 : ligne 2160
à Invoke-Block, C:\Users\user\Documents\WindowsPowerShell\Modules\Pester\5.7.1\Pester.psm1 : ligne 940
à &lt;ScriptBlock&gt;, C:\Users\user\Documents\WindowsPowerShell\Modules\Pester\5.7.1\Pester.psm1 : ligne 1688
à &lt;ScriptBlock&gt;, C:\Users\user\Documents\WindowsPowerShell\Modules\Pester\5.7.1\Pester.ps1 : ligne 3
à &lt;ScriptBlock&gt;, C:\Users\user\Documents\WindowsPowerShell\Modules\Pester\5.7.1\Pester.psm1 : ligne 3260
à Invoke-InNewScriptScope, C:\Users\user\Documents\WindowsPowerShell\Modules\Pester\5.7.1\Pester.psm1 : ligne 3267
à Run-Test, C:\Users\user\Documents\WindowsPowerShell\Modules\Pester\5.7.1\Pester.psm1 : ligne 1691
à Invoke-Test, C:\Users\user\Documents\WindowsPowerShell\Modules\Pester\5.7.1\Pester.psm1 : ligne 2512
à Invoke-Pester&lt;End&gt;, C:\Users\user\Documents\WindowsPowerShell\Modules\Pester\5.7.1\Pester.psm1 : ligne 4960
à &lt;ScriptBlock&gt;, D:\DO\WEB\N8N_tests\PROJETS\EMAIL_SENDER_1\scripts\utils\PSCacheManager\PredictiveCache\Tests\Run-AllTests.ps1 : ligne 44
à &lt;ScriptBlock&gt;, &lt;Aucun fichier&gt; : ligne 1</stack-trace>
                    </failure>
                  </test-case>
                  <test-case description="Should get predictions for a specific key" name="PredictionEngine Module Tests.PredictionEngine Methods.Should get predictions for a specific key" time="0.0558" asserts="0" success="False" result="Failure" executed="True">
                    <failure>
                      <message>ParameterBindingValidationException: Impossible de lier l'argument au paramètre « DatabasePath », car il s'agit d'une chaîne vide.</message>
                      <stack-trace>à &lt;ScriptBlock&gt;, D:\DO\WEB\N8N_tests\PROJETS\EMAIL_SENDER_1\scripts\utils\PSCacheManager\PredictiveCache\Tests\PredictionEngine.Tests.ps1 : ligne 117
à &lt;ScriptBlock&gt;, C:\Users\user\Documents\WindowsPowerShell\Modules\Pester\5.7.1\Pester.psm1 : ligne 2011
à &lt;ScriptBlock&gt;, C:\Users\user\Documents\WindowsPowerShell\Modules\Pester\5.7.1\Pester.psm1 : ligne 1985
à Invoke-ScriptBlock, C:\Users\user\Documents\WindowsPowerShell\Modules\Pester\5.7.1\Pester.psm1 : ligne 2157
à Invoke-TestItem, C:\Users\user\Documents\WindowsPowerShell\Modules\Pester\5.7.1\Pester.psm1 : ligne 1199
à Invoke-Block, C:\Users\user\Documents\WindowsPowerShell\Modules\Pester\5.7.1\Pester.psm1 : ligne 835
à &lt;ScriptBlock&gt;, C:\Users\user\Documents\WindowsPowerShell\Modules\Pester\5.7.1\Pester.psm1 : ligne 893
à &lt;ScriptBlock&gt;, C:\Users\user\Documents\WindowsPowerShell\Modules\Pester\5.7.1\Pester.psm1 : ligne 2024
à &lt;ScriptBlock&gt;, C:\Users\user\Documents\WindowsPowerShell\Modules\Pester\5.7.1\Pester.psm1 : ligne 1985
à Invoke-ScriptBlock, C:\Users\user\Documents\WindowsPowerShell\Modules\Pester\5.7.1\Pester.psm1 : ligne 2160
à Invoke-Block, C:\Users\user\Documents\WindowsPowerShell\Modules\Pester\5.7.1\Pester.psm1 : ligne 940
à &lt;ScriptBlock&gt;, C:\Users\user\Documents\WindowsPowerShell\Modules\Pester\5.7.1\Pester.psm1 : ligne 893
à &lt;ScriptBlock&gt;, C:\Users\user\Documents\WindowsPowerShell\Modules\Pester\5.7.1\Pester.psm1 : ligne 2024
à &lt;ScriptBlock&gt;, C:\Users\user\Documents\WindowsPowerShell\Modules\Pester\5.7.1\Pester.psm1 : ligne 1985
à Invoke-ScriptBlock, C:\Users\user\Documents\WindowsPowerShell\Modules\Pester\5.7.1\Pester.psm1 : ligne 2160
à Invoke-Block, C:\Users\user\Documents\WindowsPowerShell\Modules\Pester\5.7.1\Pester.psm1 : ligne 940
à &lt;ScriptBlock&gt;, C:\Users\user\Documents\WindowsPowerShell\Modules\Pester\5.7.1\Pester.psm1 : ligne 893
à &lt;ScriptBlock&gt;, C:\Users\user\Documents\WindowsPowerShell\Modules\Pester\5.7.1\Pester.psm1 : ligne 2024
à &lt;ScriptBlock&gt;, C:\Users\user\Documents\WindowsPowerShell\Modules\Pester\5.7.1\Pester.psm1 : ligne 1985
à Invoke-ScriptBlock, C:\Users\user\Documents\WindowsPowerShell\Modules\Pester\5.7.1\Pester.psm1 : ligne 2160
à Invoke-Block, C:\Users\user\Documents\WindowsPowerShell\Modules\Pester\5.7.1\Pester.psm1 : ligne 940
à &lt;ScriptBlock&gt;, C:\Users\user\Documents\WindowsPowerShell\Modules\Pester\5.7.1\Pester.psm1 : ligne 1688
à &lt;ScriptBlock&gt;, C:\Users\user\Documents\WindowsPowerShell\Modules\Pester\5.7.1\Pester.ps1 : ligne 3
à &lt;ScriptBlock&gt;, C:\Users\user\Documents\WindowsPowerShell\Modules\Pester\5.7.1\Pester.psm1 : ligne 3260
à Invoke-InNewScriptScope, C:\Users\user\Documents\WindowsPowerShell\Modules\Pester\5.7.1\Pester.psm1 : ligne 3267
à Run-Test, C:\Users\user\Documents\WindowsPowerShell\Modules\Pester\5.7.1\Pester.psm1 : ligne 1691
à Invoke-Test, C:\Users\user\Documents\WindowsPowerShell\Modules\Pester\5.7.1\Pester.psm1 : ligne 2512
à Invoke-Pester&lt;End&gt;, C:\Users\user\Documents\WindowsPowerShell\Modules\Pester\5.7.1\Pester.psm1 : ligne 4960
à &lt;ScriptBlock&gt;, D:\DO\WEB\N8N_tests\PROJETS\EMAIL_SENDER_1\scripts\utils\PSCacheManager\PredictiveCache\Tests\Run-AllTests.ps1 : ligne 44
à &lt;ScriptBlock&gt;, &lt;Aucun fichier&gt; : ligne 1</stack-trace>
                    </failure>
                  </test-case>
                </results>
              </test-suite>
              <test-suite type="TestFixture" name="PredictionEngine Module Tests.Probability Calculation Methods" executed="True" result="Failure" success="False" time="0.8989" asserts="0" description="PredictionEngine Module Tests.Probability Calculation Methods">
                <results>
                  <test-case description="Should calculate recency factor" name="PredictionEngine Module Tests.Probability Calculation Methods.Should calculate recency factor" time="0.122" asserts="0" success="False" result="Failure" executed="True">
                    <failure>
                      <message>ParameterBindingValidationException: Impossible de lier l'argument au paramètre « DatabasePath », car il s'agit d'une chaîne vide.</message>
                      <stack-trace>à &lt;ScriptBlock&gt;, D:\DO\WEB\N8N_tests\PROJETS\EMAIL_SENDER_1\scripts\utils\PSCacheManager\PredictiveCache\Tests\PredictionEngine.Tests.ps1 : ligne 158
à &lt;ScriptBlock&gt;, C:\Users\user\Documents\WindowsPowerShell\Modules\Pester\5.7.1\Pester.psm1 : ligne 2011
à &lt;ScriptBlock&gt;, C:\Users\user\Documents\WindowsPowerShell\Modules\Pester\5.7.1\Pester.psm1 : ligne 1985
à Invoke-ScriptBlock, C:\Users\user\Documents\WindowsPowerShell\Modules\Pester\5.7.1\Pester.psm1 : ligne 2157
à Invoke-TestItem, C:\Users\user\Documents\WindowsPowerShell\Modules\Pester\5.7.1\Pester.psm1 : ligne 1199
à Invoke-Block, C:\Users\user\Documents\WindowsPowerShell\Modules\Pester\5.7.1\Pester.psm1 : ligne 835
à &lt;ScriptBlock&gt;, C:\Users\user\Documents\WindowsPowerShell\Modules\Pester\5.7.1\Pester.psm1 : ligne 893
à &lt;ScriptBlock&gt;, C:\Users\user\Documents\WindowsPowerShell\Modules\Pester\5.7.1\Pester.psm1 : ligne 2024
à &lt;ScriptBlock&gt;, C:\Users\user\Documents\WindowsPowerShell\Modules\Pester\5.7.1\Pester.psm1 : ligne 1985
à Invoke-ScriptBlock, C:\Users\user\Documents\WindowsPowerShell\Modules\Pester\5.7.1\Pester.psm1 : ligne 2160
à Invoke-Block, C:\Users\user\Documents\WindowsPowerShell\Modules\Pester\5.7.1\Pester.psm1 : ligne 940
à &lt;ScriptBlock&gt;, C:\Users\user\Documents\WindowsPowerShell\Modules\Pester\5.7.1\Pester.psm1 : ligne 893
à &lt;ScriptBlock&gt;, C:\Users\user\Documents\WindowsPowerShell\Modules\Pester\5.7.1\Pester.psm1 : ligne 2024
à &lt;ScriptBlock&gt;, C:\Users\user\Documents\WindowsPowerShell\Modules\Pester\5.7.1\Pester.psm1 : ligne 1985
à Invoke-ScriptBlock, C:\Users\user\Documents\WindowsPowerShell\Modules\Pester\5.7.1\Pester.psm1 : ligne 2160
à Invoke-Block, C:\Users\user\Documents\WindowsPowerShell\Modules\Pester\5.7.1\Pester.psm1 : ligne 940
à &lt;ScriptBlock&gt;, C:\Users\user\Documents\WindowsPowerShell\Modules\Pester\5.7.1\Pester.psm1 : ligne 893
à &lt;ScriptBlock&gt;, C:\Users\user\Documents\WindowsPowerShell\Modules\Pester\5.7.1\Pester.psm1 : ligne 2024
à &lt;ScriptBlock&gt;, C:\Users\user\Documents\WindowsPowerShell\Modules\Pester\5.7.1\Pester.psm1 : ligne 1985
à Invoke-ScriptBlock, C:\Users\user\Documents\WindowsPowerShell\Modules\Pester\5.7.1\Pester.psm1 : ligne 2160
à Invoke-Block, C:\Users\user\Documents\WindowsPowerShell\Modules\Pester\5.7.1\Pester.psm1 : ligne 940
à &lt;ScriptBlock&gt;, C:\Users\user\Documents\WindowsPowerShell\Modules\Pester\5.7.1\Pester.psm1 : ligne 1688
à &lt;ScriptBlock&gt;, C:\Users\user\Documents\WindowsPowerShell\Modules\Pester\5.7.1\Pester.ps1 : ligne 3
à &lt;ScriptBlock&gt;, C:\Users\user\Documents\WindowsPowerShell\Modules\Pester\5.7.1\Pester.psm1 : ligne 3260
à Invoke-InNewScriptScope, C:\Users\user\Documents\WindowsPowerShell\Modules\Pester\5.7.1\Pester.psm1 : ligne 3267
à Run-Test, C:\Users\user\Documents\WindowsPowerShell\Modules\Pester\5.7.1\Pester.psm1 : ligne 1691
à Invoke-Test, C:\Users\user\Documents\WindowsPowerShell\Modules\Pester\5.7.1\Pester.psm1 : ligne 2512
à Invoke-Pester&lt;End&gt;, C:\Users\user\Documents\WindowsPowerShell\Modules\Pester\5.7.1\Pester.psm1 : ligne 4960
à &lt;ScriptBlock&gt;, D:\DO\WEB\N8N_tests\PROJETS\EMAIL_SENDER_1\scripts\utils\PSCacheManager\PredictiveCache\Tests\Run-AllTests.ps1 : ligne 44
à &lt;ScriptBlock&gt;, &lt;Aucun fichier&gt; : ligne 1</stack-trace>
                    </failure>
                  </test-case>
                  <test-case description="Should calculate sequence confidence" name="PredictionEngine Module Tests.Probability Calculation Methods.Should calculate sequence confidence" time="0.0901" asserts="0" success="False" result="Failure" executed="True">
                    <failure>
                      <message>ParameterBindingValidationException: Impossible de lier l'argument au paramètre « DatabasePath », car il s'agit d'une chaîne vide.</message>
                      <stack-trace>à &lt;ScriptBlock&gt;, D:\DO\WEB\N8N_tests\PROJETS\EMAIL_SENDER_1\scripts\utils\PSCacheManager\PredictiveCache\Tests\PredictionEngine.Tests.ps1 : ligne 158
à &lt;ScriptBlock&gt;, C:\Users\user\Documents\WindowsPowerShell\Modules\Pester\5.7.1\Pester.psm1 : ligne 2011
à &lt;ScriptBlock&gt;, C:\Users\user\Documents\WindowsPowerShell\Modules\Pester\5.7.1\Pester.psm1 : ligne 1985
à Invoke-ScriptBlock, C:\Users\user\Documents\WindowsPowerShell\Modules\Pester\5.7.1\Pester.psm1 : ligne 2157
à Invoke-TestItem, C:\Users\user\Documents\WindowsPowerShell\Modules\Pester\5.7.1\Pester.psm1 : ligne 1199
à Invoke-Block, C:\Users\user\Documents\WindowsPowerShell\Modules\Pester\5.7.1\Pester.psm1 : ligne 835
à &lt;ScriptBlock&gt;, C:\Users\user\Documents\WindowsPowerShell\Modules\Pester\5.7.1\Pester.psm1 : ligne 893
à &lt;ScriptBlock&gt;, C:\Users\user\Documents\WindowsPowerShell\Modules\Pester\5.7.1\Pester.psm1 : ligne 2024
à &lt;ScriptBlock&gt;, C:\Users\user\Documents\WindowsPowerShell\Modules\Pester\5.7.1\Pester.psm1 : ligne 1985
à Invoke-ScriptBlock, C:\Users\user\Documents\WindowsPowerShell\Modules\Pester\5.7.1\Pester.psm1 : ligne 2160
à Invoke-Block, C:\Users\user\Documents\WindowsPowerShell\Modules\Pester\5.7.1\Pester.psm1 : ligne 940
à &lt;ScriptBlock&gt;, C:\Users\user\Documents\WindowsPowerShell\Modules\Pester\5.7.1\Pester.psm1 : ligne 893
à &lt;ScriptBlock&gt;, C:\Users\user\Documents\WindowsPowerShell\Modules\Pester\5.7.1\Pester.psm1 : ligne 2024
à &lt;ScriptBlock&gt;, C:\Users\user\Documents\WindowsPowerShell\Modules\Pester\5.7.1\Pester.psm1 : ligne 1985
à Invoke-ScriptBlock, C:\Users\user\Documents\WindowsPowerShell\Modules\Pester\5.7.1\Pester.psm1 : ligne 2160
à Invoke-Block, C:\Users\user\Documents\WindowsPowerShell\Modules\Pester\5.7.1\Pester.psm1 : ligne 940
à &lt;ScriptBlock&gt;, C:\Users\user\Documents\WindowsPowerShell\Modules\Pester\5.7.1\Pester.psm1 : ligne 893
à &lt;ScriptBlock&gt;, C:\Users\user\Documents\WindowsPowerShell\Modules\Pester\5.7.1\Pester.psm1 : ligne 2024
à &lt;ScriptBlock&gt;, C:\Users\user\Documents\WindowsPowerShell\Modules\Pester\5.7.1\Pester.psm1 : ligne 1985
à Invoke-ScriptBlock, C:\Users\user\Documents\WindowsPowerShell\Modules\Pester\5.7.1\Pester.psm1 : ligne 2160
à Invoke-Block, C:\Users\user\Documents\WindowsPowerShell\Modules\Pester\5.7.1\Pester.psm1 : ligne 940
à &lt;ScriptBlock&gt;, C:\Users\user\Documents\WindowsPowerShell\Modules\Pester\5.7.1\Pester.psm1 : ligne 1688
à &lt;ScriptBlock&gt;, C:\Users\user\Documents\WindowsPowerShell\Modules\Pester\5.7.1\Pester.ps1 : ligne 3
à &lt;ScriptBlock&gt;, C:\Users\user\Documents\WindowsPowerShell\Modules\Pester\5.7.1\Pester.psm1 : ligne 3260
à Invoke-InNewScriptScope, C:\Users\user\Documents\WindowsPowerShell\Modules\Pester\5.7.1\Pester.psm1 : ligne 3267
à Run-Test, C:\Users\user\Documents\WindowsPowerShell\Modules\Pester\5.7.1\Pester.psm1 : ligne 1691
à Invoke-Test, C:\Users\user\Documents\WindowsPowerShell\Modules\Pester\5.7.1\Pester.psm1 : ligne 2512
à Invoke-Pester&lt;End&gt;, C:\Users\user\Documents\WindowsPowerShell\Modules\Pester\5.7.1\Pester.psm1 : ligne 4960
à &lt;ScriptBlock&gt;, D:\DO\WEB\N8N_tests\PROJETS\EMAIL_SENDER_1\scripts\utils\PSCacheManager\PredictiveCache\Tests\Run-AllTests.ps1 : ligne 44
à &lt;ScriptBlock&gt;, &lt;Aucun fichier&gt; : ligne 1</stack-trace>
                    </failure>
                  </test-case>
                </results>
              </test-suite>
            </results>
          </test-suite>
        </results>
      </test-suite>
      <test-suite type="TestFixture" name="D:\DO\WEB\N8N_tests\PROJETS\EMAIL_SENDER_1\scripts\utils\PSCacheManager\PredictiveCache\Tests\PredictiveCache.Tests.ps1" executed="True" result="Failure" success="False" time="2.483" asserts="0" description="D:\DO\WEB\N8N_tests\PROJETS\EMAIL_SENDER_1\scripts\utils\PSCacheManager\PredictiveCache\Tests\PredictiveCache.Tests.ps1">
        <results>
          <test-suite type="TestFixture" name="PredictiveCache Module Tests" executed="True" result="Failure" success="False" time="2.0785" asserts="0" description="PredictiveCache Module Tests">
            <results>
              <test-suite type="TestFixture" name="PredictiveCache Module Tests.New-PredictiveCache Function" executed="True" result="Failure" success="False" time="0.8658" asserts="0" description="PredictiveCache Module Tests.New-PredictiveCache Function">
                <results>
                  <test-case description="Should create a new PredictiveCache object" name="PredictiveCache Module Tests.New-PredictiveCache Function.Should create a new PredictiveCache object" time="0.4872" asserts="0" success="False" result="Failure" executed="True">
                    <failure>
                      <message>ParameterBindingValidationException: Impossible de lier l'argument au paramètre « UsageDatabase », car il s'agit d'une chaîne vide.</message>
                      <stack-trace>à &lt;ScriptBlock&gt;, D:\DO\WEB\N8N_tests\PROJETS\EMAIL_SENDER_1\scripts\utils\PSCacheManager\PredictiveCache\Tests\PredictiveCache.Tests.ps1 : ligne 126
à &lt;ScriptBlock&gt;, C:\Users\user\Documents\WindowsPowerShell\Modules\Pester\5.7.1\Pester.psm1 : ligne 2024
à &lt;ScriptBlock&gt;, C:\Users\user\Documents\WindowsPowerShell\Modules\Pester\5.7.1\Pester.psm1 : ligne 1985
à Invoke-ScriptBlock, C:\Users\user\Documents\WindowsPowerShell\Modules\Pester\5.7.1\Pester.psm1 : ligne 2157
à Invoke-TestItem, C:\Users\user\Documents\WindowsPowerShell\Modules\Pester\5.7.1\Pester.psm1 : ligne 1199
à Invoke-Block, C:\Users\user\Documents\WindowsPowerShell\Modules\Pester\5.7.1\Pester.psm1 : ligne 835
à &lt;ScriptBlock&gt;, C:\Users\user\Documents\WindowsPowerShell\Modules\Pester\5.7.1\Pester.psm1 : ligne 893
à &lt;ScriptBlock&gt;, C:\Users\user\Documents\WindowsPowerShell\Modules\Pester\5.7.1\Pester.psm1 : ligne 2024
à &lt;ScriptBlock&gt;, C:\Users\user\Documents\WindowsPowerShell\Modules\Pester\5.7.1\Pester.psm1 : ligne 1985
à Invoke-ScriptBlock, C:\Users\user\Documents\WindowsPowerShell\Modules\Pester\5.7.1\Pester.psm1 : ligne 2160
à Invoke-Block, C:\Users\user\Documents\WindowsPowerShell\Modules\Pester\5.7.1\Pester.psm1 : ligne 940
à &lt;ScriptBlock&gt;, C:\Users\user\Documents\WindowsPowerShell\Modules\Pester\5.7.1\Pester.psm1 : ligne 893
à &lt;ScriptBlock&gt;, C:\Users\user\Documents\WindowsPowerShell\Modules\Pester\5.7.1\Pester.psm1 : ligne 2024
à &lt;ScriptBlock&gt;, C:\Users\user\Documents\WindowsPowerShell\Modules\Pester\5.7.1\Pester.psm1 : ligne 1985
à Invoke-ScriptBlock, C:\Users\user\Documents\WindowsPowerShell\Modules\Pester\5.7.1\Pester.psm1 : ligne 2160
à Invoke-Block, C:\Users\user\Documents\WindowsPowerShell\Modules\Pester\5.7.1\Pester.psm1 : ligne 940
à &lt;ScriptBlock&gt;, C:\Users\user\Documents\WindowsPowerShell\Modules\Pester\5.7.1\Pester.psm1 : ligne 893
à &lt;ScriptBlock&gt;, C:\Users\user\Documents\WindowsPowerShell\Modules\Pester\5.7.1\Pester.psm1 : ligne 2024
à &lt;ScriptBlock&gt;, C:\Users\user\Documents\WindowsPowerShell\Modules\Pester\5.7.1\Pester.psm1 : ligne 1985
à Invoke-ScriptBlock, C:\Users\user\Documents\WindowsPowerShell\Modules\Pester\5.7.1\Pester.psm1 : ligne 2160
à Invoke-Block, C:\Users\user\Documents\WindowsPowerShell\Modules\Pester\5.7.1\Pester.psm1 : ligne 940
à &lt;ScriptBlock&gt;, C:\Users\user\Documents\WindowsPowerShell\Modules\Pester\5.7.1\Pester.psm1 : ligne 1688
à &lt;ScriptBlock&gt;, C:\Users\user\Documents\WindowsPowerShell\Modules\Pester\5.7.1\Pester.ps1 : ligne 3
à &lt;ScriptBlock&gt;, C:\Users\user\Documents\WindowsPowerShell\Modules\Pester\5.7.1\Pester.psm1 : ligne 3260
à Invoke-InNewScriptScope, C:\Users\user\Documents\WindowsPowerShell\Modules\Pester\5.7.1\Pester.psm1 : ligne 3267
à Run-Test, C:\Users\user\Documents\WindowsPowerShell\Modules\Pester\5.7.1\Pester.psm1 : ligne 1691
à Invoke-Test, C:\Users\user\Documents\WindowsPowerShell\Modules\Pester\5.7.1\Pester.psm1 : ligne 2512
à Invoke-Pester&lt;End&gt;, C:\Users\user\Documents\WindowsPowerShell\Modules\Pester\5.7.1\Pester.psm1 : ligne 4960
à &lt;ScriptBlock&gt;, D:\DO\WEB\N8N_tests\PROJETS\EMAIL_SENDER_1\scripts\utils\PSCacheManager\PredictiveCache\Tests\Run-AllTests.ps1 : ligne 44
à &lt;ScriptBlock&gt;, &lt;Aucun fichier&gt; : ligne 1</stack-trace>
                    </failure>
                  </test-case>
                  <test-case description="Should set the correct database path" name="PredictiveCache Module Tests.New-PredictiveCache Function.Should set the correct database path" time="0.1554" asserts="0" success="False" result="Failure" executed="True">
                    <failure>
                      <message>ParameterBindingValidationException: Impossible de lier l'argument au paramètre « UsageDatabase », car il s'agit d'une chaîne vide.</message>
                      <stack-trace>à &lt;ScriptBlock&gt;, D:\DO\WEB\N8N_tests\PROJETS\EMAIL_SENDER_1\scripts\utils\PSCacheManager\PredictiveCache\Tests\PredictiveCache.Tests.ps1 : ligne 132
à &lt;ScriptBlock&gt;, C:\Users\user\Documents\WindowsPowerShell\Modules\Pester\5.7.1\Pester.psm1 : ligne 2024
à &lt;ScriptBlock&gt;, C:\Users\user\Documents\WindowsPowerShell\Modules\Pester\5.7.1\Pester.psm1 : ligne 1985
à Invoke-ScriptBlock, C:\Users\user\Documents\WindowsPowerShell\Modules\Pester\5.7.1\Pester.psm1 : ligne 2157
à Invoke-TestItem, C:\Users\user\Documents\WindowsPowerShell\Modules\Pester\5.7.1\Pester.psm1 : ligne 1199
à Invoke-Block, C:\Users\user\Documents\WindowsPowerShell\Modules\Pester\5.7.1\Pester.psm1 : ligne 835
à &lt;ScriptBlock&gt;, C:\Users\user\Documents\WindowsPowerShell\Modules\Pester\5.7.1\Pester.psm1 : ligne 893
à &lt;ScriptBlock&gt;, C:\Users\user\Documents\WindowsPowerShell\Modules\Pester\5.7.1\Pester.psm1 : ligne 2024
à &lt;ScriptBlock&gt;, C:\Users\user\Documents\WindowsPowerShell\Modules\Pester\5.7.1\Pester.psm1 : ligne 1985
à Invoke-ScriptBlock, C:\Users\user\Documents\WindowsPowerShell\Modules\Pester\5.7.1\Pester.psm1 : ligne 2160
à Invoke-Block, C:\Users\user\Documents\WindowsPowerShell\Modules\Pester\5.7.1\Pester.psm1 : ligne 940
à &lt;ScriptBlock&gt;, C:\Users\user\Documents\WindowsPowerShell\Modules\Pester\5.7.1\Pester.psm1 : ligne 893
à &lt;ScriptBlock&gt;, C:\Users\user\Documents\WindowsPowerShell\Modules\Pester\5.7.1\Pester.psm1 : ligne 2024
à &lt;ScriptBlock&gt;, C:\Users\user\Documents\WindowsPowerShell\Modules\Pester\5.7.1\Pester.psm1 : ligne 1985
à Invoke-ScriptBlock, C:\Users\user\Documents\WindowsPowerShell\Modules\Pester\5.7.1\Pester.psm1 : ligne 2160
à Invoke-Block, C:\Users\user\Documents\WindowsPowerShell\Modules\Pester\5.7.1\Pester.psm1 : ligne 940
à &lt;ScriptBlock&gt;, C:\Users\user\Documents\WindowsPowerShell\Modules\Pester\5.7.1\Pester.psm1 : ligne 893
à &lt;ScriptBlock&gt;, C:\Users\user\Documents\WindowsPowerShell\Modules\Pester\5.7.1\Pester.psm1 : ligne 2024
à &lt;ScriptBlock&gt;, C:\Users\user\Documents\WindowsPowerShell\Modules\Pester\5.7.1\Pester.psm1 : ligne 1985
à Invoke-ScriptBlock, C:\Users\user\Documents\WindowsPowerShell\Modules\Pester\5.7.1\Pester.psm1 : ligne 2160
à Invoke-Block, C:\Users\user\Documents\WindowsPowerShell\Modules\Pester\5.7.1\Pester.psm1 : ligne 940
à &lt;ScriptBlock&gt;, C:\Users\user\Documents\WindowsPowerShell\Modules\Pester\5.7.1\Pester.psm1 : ligne 1688
à &lt;ScriptBlock&gt;, C:\Users\user\Documents\WindowsPowerShell\Modules\Pester\5.7.1\Pester.ps1 : ligne 3
à &lt;ScriptBlock&gt;, C:\Users\user\Documents\WindowsPowerShell\Modules\Pester\5.7.1\Pester.psm1 : ligne 3260
à Invoke-InNewScriptScope, C:\Users\user\Documents\WindowsPowerShell\Modules\Pester\5.7.1\Pester.psm1 : ligne 3267
à Run-Test, C:\Users\user\Documents\WindowsPowerShell\Modules\Pester\5.7.1\Pester.psm1 : ligne 1691
à Invoke-Test, C:\Users\user\Documents\WindowsPowerShell\Modules\Pester\5.7.1\Pester.psm1 : ligne 2512
à Invoke-Pester&lt;End&gt;, C:\Users\user\Documents\WindowsPowerShell\Modules\Pester\5.7.1\Pester.psm1 : ligne 4960
à &lt;ScriptBlock&gt;, D:\DO\WEB\N8N_tests\PROJETS\EMAIL_SENDER_1\scripts\utils\PSCacheManager\PredictiveCache\Tests\Run-AllTests.ps1 : ligne 44
à &lt;ScriptBlock&gt;, &lt;Aucun fichier&gt; : ligne 1</stack-trace>
                    </failure>
                  </test-case>
                  <test-case description="Should set the correct cache path" name="PredictiveCache Module Tests.New-PredictiveCache Function.Should set the correct cache path" time="0.1146" asserts="0" success="False" result="Failure" executed="True">
                    <failure>
                      <message>ParameterBindingValidationException: Impossible de lier l'argument au paramètre « UsageDatabase », car il s'agit d'une chaîne vide.</message>
                      <stack-trace>à &lt;ScriptBlock&gt;, D:\DO\WEB\N8N_tests\PROJETS\EMAIL_SENDER_1\scripts\utils\PSCacheManager\PredictiveCache\Tests\PredictiveCache.Tests.ps1 : ligne 137
à &lt;ScriptBlock&gt;, C:\Users\user\Documents\WindowsPowerShell\Modules\Pester\5.7.1\Pester.psm1 : ligne 2024
à &lt;ScriptBlock&gt;, C:\Users\user\Documents\WindowsPowerShell\Modules\Pester\5.7.1\Pester.psm1 : ligne 1985
à Invoke-ScriptBlock, C:\Users\user\Documents\WindowsPowerShell\Modules\Pester\5.7.1\Pester.psm1 : ligne 2157
à Invoke-TestItem, C:\Users\user\Documents\WindowsPowerShell\Modules\Pester\5.7.1\Pester.psm1 : ligne 1199
à Invoke-Block, C:\Users\user\Documents\WindowsPowerShell\Modules\Pester\5.7.1\Pester.psm1 : ligne 835
à &lt;ScriptBlock&gt;, C:\Users\user\Documents\WindowsPowerShell\Modules\Pester\5.7.1\Pester.psm1 : ligne 893
à &lt;ScriptBlock&gt;, C:\Users\user\Documents\WindowsPowerShell\Modules\Pester\5.7.1\Pester.psm1 : ligne 2024
à &lt;ScriptBlock&gt;, C:\Users\user\Documents\WindowsPowerShell\Modules\Pester\5.7.1\Pester.psm1 : ligne 1985
à Invoke-ScriptBlock, C:\Users\user\Documents\WindowsPowerShell\Modules\Pester\5.7.1\Pester.psm1 : ligne 2160
à Invoke-Block, C:\Users\user\Documents\WindowsPowerShell\Modules\Pester\5.7.1\Pester.psm1 : ligne 940
à &lt;ScriptBlock&gt;, C:\Users\user\Documents\WindowsPowerShell\Modules\Pester\5.7.1\Pester.psm1 : ligne 893
à &lt;ScriptBlock&gt;, C:\Users\user\Documents\WindowsPowerShell\Modules\Pester\5.7.1\Pester.psm1 : ligne 2024
à &lt;ScriptBlock&gt;, C:\Users\user\Documents\WindowsPowerShell\Modules\Pester\5.7.1\Pester.psm1 : ligne 1985
à Invoke-ScriptBlock, C:\Users\user\Documents\WindowsPowerShell\Modules\Pester\5.7.1\Pester.psm1 : ligne 2160
à Invoke-Block, C:\Users\user\Documents\WindowsPowerShell\Modules\Pester\5.7.1\Pester.psm1 : ligne 940
à &lt;ScriptBlock&gt;, C:\Users\user\Documents\WindowsPowerShell\Modules\Pester\5.7.1\Pester.psm1 : ligne 893
à &lt;ScriptBlock&gt;, C:\Users\user\Documents\WindowsPowerShell\Modules\Pester\5.7.1\Pester.psm1 : ligne 2024
à &lt;ScriptBlock&gt;, C:\Users\user\Documents\WindowsPowerShell\Modules\Pester\5.7.1\Pester.psm1 : ligne 1985
à Invoke-ScriptBlock, C:\Users\user\Documents\WindowsPowerShell\Modules\Pester\5.7.1\Pester.psm1 : ligne 2160
à Invoke-Block, C:\Users\user\Documents\WindowsPowerShell\Modules\Pester\5.7.1\Pester.psm1 : ligne 940
à &lt;ScriptBlock&gt;, C:\Users\user\Documents\WindowsPowerShell\Modules\Pester\5.7.1\Pester.psm1 : ligne 1688
à &lt;ScriptBlock&gt;, C:\Users\user\Documents\WindowsPowerShell\Modules\Pester\5.7.1\Pester.ps1 : ligne 3
à &lt;ScriptBlock&gt;, C:\Users\user\Documents\WindowsPowerShell\Modules\Pester\5.7.1\Pester.psm1 : ligne 3260
à Invoke-InNewScriptScope, C:\Users\user\Documents\WindowsPowerShell\Modules\Pester\5.7.1\Pester.psm1 : ligne 3267
à Run-Test, C:\Users\user\Documents\WindowsPowerShell\Modules\Pester\5.7.1\Pester.psm1 : ligne 1691
à Invoke-Test, C:\Users\user\Documents\WindowsPowerShell\Modules\Pester\5.7.1\Pester.psm1 : ligne 2512
à Invoke-Pester&lt;End&gt;, C:\Users\user\Documents\WindowsPowerShell\Modules\Pester\5.7.1\Pester.psm1 : ligne 4960
à &lt;ScriptBlock&gt;, D:\DO\WEB\N8N_tests\PROJETS\EMAIL_SENDER_1\scripts\utils\PSCacheManager\PredictiveCache\Tests\Run-AllTests.ps1 : ligne 44
à &lt;ScriptBlock&gt;, &lt;Aucun fichier&gt; : ligne 1</stack-trace>
                    </failure>
                  </test-case>
                </results>
              </test-suite>
              <test-suite type="TestFixture" name="PredictiveCache Module Tests.Set-PredictiveCacheOptions Function" executed="True" result="Failure" success="False" time="1.0373" asserts="0" description="PredictiveCache Module Tests.Set-PredictiveCacheOptions Function">
                <results>
                  <test-case description="Should update cache options" name="PredictiveCache Module Tests.Set-PredictiveCacheOptions Function.Should update cache options" time="0.0968" asserts="0" success="False" result="Failure" executed="True">
                    <failure>
                      <message>ParameterBindingValidationException: Impossible de lier l'argument au paramètre « UsageDatabase », car il s'agit d'une chaîne vide.</message>
                      <stack-trace>à &lt;ScriptBlock&gt;, D:\DO\WEB\N8N_tests\PROJETS\EMAIL_SENDER_1\scripts\utils\PSCacheManager\PredictiveCache\Tests\PredictiveCache.Tests.ps1 : ligne 145
à &lt;ScriptBlock&gt;, C:\Users\user\Documents\WindowsPowerShell\Modules\Pester\5.7.1\Pester.psm1 : ligne 2024
à &lt;ScriptBlock&gt;, C:\Users\user\Documents\WindowsPowerShell\Modules\Pester\5.7.1\Pester.psm1 : ligne 1985
à Invoke-ScriptBlock, C:\Users\user\Documents\WindowsPowerShell\Modules\Pester\5.7.1\Pester.psm1 : ligne 2157
à Invoke-TestItem, C:\Users\user\Documents\WindowsPowerShell\Modules\Pester\5.7.1\Pester.psm1 : ligne 1199
à Invoke-Block, C:\Users\user\Documents\WindowsPowerShell\Modules\Pester\5.7.1\Pester.psm1 : ligne 835
à &lt;ScriptBlock&gt;, C:\Users\user\Documents\WindowsPowerShell\Modules\Pester\5.7.1\Pester.psm1 : ligne 893
à &lt;ScriptBlock&gt;, C:\Users\user\Documents\WindowsPowerShell\Modules\Pester\5.7.1\Pester.psm1 : ligne 2024
à &lt;ScriptBlock&gt;, C:\Users\user\Documents\WindowsPowerShell\Modules\Pester\5.7.1\Pester.psm1 : ligne 1985
à Invoke-ScriptBlock, C:\Users\user\Documents\WindowsPowerShell\Modules\Pester\5.7.1\Pester.psm1 : ligne 2160
à Invoke-Block, C:\Users\user\Documents\WindowsPowerShell\Modules\Pester\5.7.1\Pester.psm1 : ligne 940
à &lt;ScriptBlock&gt;, C:\Users\user\Documents\WindowsPowerShell\Modules\Pester\5.7.1\Pester.psm1 : ligne 893
à &lt;ScriptBlock&gt;, C:\Users\user\Documents\WindowsPowerShell\Modules\Pester\5.7.1\Pester.psm1 : ligne 2024
à &lt;ScriptBlock&gt;, C:\Users\user\Documents\WindowsPowerShell\Modules\Pester\5.7.1\Pester.psm1 : ligne 1985
à Invoke-ScriptBlock, C:\Users\user\Documents\WindowsPowerShell\Modules\Pester\5.7.1\Pester.psm1 : ligne 2160
à Invoke-Block, C:\Users\user\Documents\WindowsPowerShell\Modules\Pester\5.7.1\Pester.psm1 : ligne 940
à &lt;ScriptBlock&gt;, C:\Users\user\Documents\WindowsPowerShell\Modules\Pester\5.7.1\Pester.psm1 : ligne 893
à &lt;ScriptBlock&gt;, C:\Users\user\Documents\WindowsPowerShell\Modules\Pester\5.7.1\Pester.psm1 : ligne 2024
à &lt;ScriptBlock&gt;, C:\Users\user\Documents\WindowsPowerShell\Modules\Pester\5.7.1\Pester.psm1 : ligne 1985
à Invoke-ScriptBlock, C:\Users\user\Documents\WindowsPowerShell\Modules\Pester\5.7.1\Pester.psm1 : ligne 2160
à Invoke-Block, C:\Users\user\Documents\WindowsPowerShell\Modules\Pester\5.7.1\Pester.psm1 : ligne 940
à &lt;ScriptBlock&gt;, C:\Users\user\Documents\WindowsPowerShell\Modules\Pester\5.7.1\Pester.psm1 : ligne 1688
à &lt;ScriptBlock&gt;, C:\Users\user\Documents\WindowsPowerShell\Modules\Pester\5.7.1\Pester.ps1 : ligne 3
à &lt;ScriptBlock&gt;, C:\Users\user\Documents\WindowsPowerShell\Modules\Pester\5.7.1\Pester.psm1 : ligne 3260
à Invoke-InNewScriptScope, C:\Users\user\Documents\WindowsPowerShell\Modules\Pester\5.7.1\Pester.psm1 : ligne 3267
à Run-Test, C:\Users\user\Documents\WindowsPowerShell\Modules\Pester\5.7.1\Pester.psm1 : ligne 1691
à Invoke-Test, C:\Users\user\Documents\WindowsPowerShell\Modules\Pester\5.7.1\Pester.psm1 : ligne 2512
à Invoke-Pester&lt;End&gt;, C:\Users\user\Documents\WindowsPowerShell\Modules\Pester\5.7.1\Pester.psm1 : ligne 4960
à &lt;ScriptBlock&gt;, D:\DO\WEB\N8N_tests\PROJETS\EMAIL_SENDER_1\scripts\utils\PSCacheManager\PredictiveCache\Tests\Run-AllTests.ps1 : ligne 44
à &lt;ScriptBlock&gt;, &lt;Aucun fichier&gt; : ligne 1</stack-trace>
                    </failure>
                  </test-case>
                </results>
              </test-suite>
              <test-suite type="TestFixture" name="PredictiveCache Module Tests.Optimize-PredictiveCache Function" executed="True" result="Failure" success="False" time="1.1935" asserts="0" description="PredictiveCache Module Tests.Optimize-PredictiveCache Function">
                <results>
                  <test-case description="Should optimize the cache" name="PredictiveCache Module Tests.Optimize-PredictiveCache Function.Should optimize the cache" time="0.0933" asserts="0" success="False" result="Failure" executed="True">
                    <failure>
                      <message>ParameterBindingValidationException: Impossible de lier l'argument au paramètre « UsageDatabase », car il s'agit d'une chaîne vide.</message>
                      <stack-trace>à &lt;ScriptBlock&gt;, D:\DO\WEB\N8N_tests\PROJETS\EMAIL_SENDER_1\scripts\utils\PSCacheManager\PredictiveCache\Tests\PredictiveCache.Tests.ps1 : ligne 161
à &lt;ScriptBlock&gt;, C:\Users\user\Documents\WindowsPowerShell\Modules\Pester\5.7.1\Pester.psm1 : ligne 2024
à &lt;ScriptBlock&gt;, C:\Users\user\Documents\WindowsPowerShell\Modules\Pester\5.7.1\Pester.psm1 : ligne 1985
à Invoke-ScriptBlock, C:\Users\user\Documents\WindowsPowerShell\Modules\Pester\5.7.1\Pester.psm1 : ligne 2157
à Invoke-TestItem, C:\Users\user\Documents\WindowsPowerShell\Modules\Pester\5.7.1\Pester.psm1 : ligne 1199
à Invoke-Block, C:\Users\user\Documents\WindowsPowerShell\Modules\Pester\5.7.1\Pester.psm1 : ligne 835
à &lt;ScriptBlock&gt;, C:\Users\user\Documents\WindowsPowerShell\Modules\Pester\5.7.1\Pester.psm1 : ligne 893
à &lt;ScriptBlock&gt;, C:\Users\user\Documents\WindowsPowerShell\Modules\Pester\5.7.1\Pester.psm1 : ligne 2024
à &lt;ScriptBlock&gt;, C:\Users\user\Documents\WindowsPowerShell\Modules\Pester\5.7.1\Pester.psm1 : ligne 1985
à Invoke-ScriptBlock, C:\Users\user\Documents\WindowsPowerShell\Modules\Pester\5.7.1\Pester.psm1 : ligne 2160
à Invoke-Block, C:\Users\user\Documents\WindowsPowerShell\Modules\Pester\5.7.1\Pester.psm1 : ligne 940
à &lt;ScriptBlock&gt;, C:\Users\user\Documents\WindowsPowerShell\Modules\Pester\5.7.1\Pester.psm1 : ligne 893
à &lt;ScriptBlock&gt;, C:\Users\user\Documents\WindowsPowerShell\Modules\Pester\5.7.1\Pester.psm1 : ligne 2024
à &lt;ScriptBlock&gt;, C:\Users\user\Documents\WindowsPowerShell\Modules\Pester\5.7.1\Pester.psm1 : ligne 1985
à Invoke-ScriptBlock, C:\Users\user\Documents\WindowsPowerShell\Modules\Pester\5.7.1\Pester.psm1 : ligne 2160
à Invoke-Block, C:\Users\user\Documents\WindowsPowerShell\Modules\Pester\5.7.1\Pester.psm1 : ligne 940
à &lt;ScriptBlock&gt;, C:\Users\user\Documents\WindowsPowerShell\Modules\Pester\5.7.1\Pester.psm1 : ligne 893
à &lt;ScriptBlock&gt;, C:\Users\user\Documents\WindowsPowerShell\Modules\Pester\5.7.1\Pester.psm1 : ligne 2024
à &lt;ScriptBlock&gt;, C:\Users\user\Documents\WindowsPowerShell\Modules\Pester\5.7.1\Pester.psm1 : ligne 1985
à Invoke-ScriptBlock, C:\Users\user\Documents\WindowsPowerShell\Modules\Pester\5.7.1\Pester.psm1 : ligne 2160
à Invoke-Block, C:\Users\user\Documents\WindowsPowerShell\Modules\Pester\5.7.1\Pester.psm1 : ligne 940
à &lt;ScriptBlock&gt;, C:\Users\user\Documents\WindowsPowerShell\Modules\Pester\5.7.1\Pester.psm1 : ligne 1688
à &lt;ScriptBlock&gt;, C:\Users\user\Documents\WindowsPowerShell\Modules\Pester\5.7.1\Pester.ps1 : ligne 3
à &lt;ScriptBlock&gt;, C:\Users\user\Documents\WindowsPowerShell\Modules\Pester\5.7.1\Pester.psm1 : ligne 3260
à Invoke-InNewScriptScope, C:\Users\user\Documents\WindowsPowerShell\Modules\Pester\5.7.1\Pester.psm1 : ligne 3267
à Run-Test, C:\Users\user\Documents\WindowsPowerShell\Modules\Pester\5.7.1\Pester.psm1 : ligne 1691
à Invoke-Test, C:\Users\user\Documents\WindowsPowerShell\Modules\Pester\5.7.1\Pester.psm1 : ligne 2512
à Invoke-Pester&lt;End&gt;, C:\Users\user\Documents\WindowsPowerShell\Modules\Pester\5.7.1\Pester.psm1 : ligne 4960
à &lt;ScriptBlock&gt;, D:\DO\WEB\N8N_tests\PROJETS\EMAIL_SENDER_1\scripts\utils\PSCacheManager\PredictiveCache\Tests\Run-AllTests.ps1 : ligne 44
à &lt;ScriptBlock&gt;, &lt;Aucun fichier&gt; : ligne 1</stack-trace>
                    </failure>
                  </test-case>
                </results>
              </test-suite>
              <test-suite type="TestFixture" name="PredictiveCache Module Tests.Get-PredictiveCacheStatistics Function" executed="True" result="Failure" success="False" time="1.3431" asserts="0" description="PredictiveCache Module Tests.Get-PredictiveCacheStatistics Function">
                <results>
                  <test-case description="Should get cache statistics" name="PredictiveCache Module Tests.Get-PredictiveCacheStatistics Function.Should get cache statistics" time="0.0907" asserts="0" success="False" result="Failure" executed="True">
                    <failure>
                      <message>ParameterBindingValidationException: Impossible de lier l'argument au paramètre « UsageDatabase », car il s'agit d'une chaîne vide.</message>
                      <stack-trace>à &lt;ScriptBlock&gt;, D:\DO\WEB\N8N_tests\PROJETS\EMAIL_SENDER_1\scripts\utils\PSCacheManager\PredictiveCache\Tests\PredictiveCache.Tests.ps1 : ligne 174
à &lt;ScriptBlock&gt;, C:\Users\user\Documents\WindowsPowerShell\Modules\Pester\5.7.1\Pester.psm1 : ligne 2024
à &lt;ScriptBlock&gt;, C:\Users\user\Documents\WindowsPowerShell\Modules\Pester\5.7.1\Pester.psm1 : ligne 1985
à Invoke-ScriptBlock, C:\Users\user\Documents\WindowsPowerShell\Modules\Pester\5.7.1\Pester.psm1 : ligne 2157
à Invoke-TestItem, C:\Users\user\Documents\WindowsPowerShell\Modules\Pester\5.7.1\Pester.psm1 : ligne 1199
à Invoke-Block, C:\Users\user\Documents\WindowsPowerShell\Modules\Pester\5.7.1\Pester.psm1 : ligne 835
à &lt;ScriptBlock&gt;, C:\Users\user\Documents\WindowsPowerShell\Modules\Pester\5.7.1\Pester.psm1 : ligne 893
à &lt;ScriptBlock&gt;, C:\Users\user\Documents\WindowsPowerShell\Modules\Pester\5.7.1\Pester.psm1 : ligne 2024
à &lt;ScriptBlock&gt;, C:\Users\user\Documents\WindowsPowerShell\Modules\Pester\5.7.1\Pester.psm1 : ligne 1985
à Invoke-ScriptBlock, C:\Users\user\Documents\WindowsPowerShell\Modules\Pester\5.7.1\Pester.psm1 : ligne 2160
à Invoke-Block, C:\Users\user\Documents\WindowsPowerShell\Modules\Pester\5.7.1\Pester.psm1 : ligne 940
à &lt;ScriptBlock&gt;, C:\Users\user\Documents\WindowsPowerShell\Modules\Pester\5.7.1\Pester.psm1 : ligne 893
à &lt;ScriptBlock&gt;, C:\Users\user\Documents\WindowsPowerShell\Modules\Pester\5.7.1\Pester.psm1 : ligne 2024
à &lt;ScriptBlock&gt;, C:\Users\user\Documents\WindowsPowerShell\Modules\Pester\5.7.1\Pester.psm1 : ligne 1985
à Invoke-ScriptBlock, C:\Users\user\Documents\WindowsPowerShell\Modules\Pester\5.7.1\Pester.psm1 : ligne 2160
à Invoke-Block, C:\Users\user\Documents\WindowsPowerShell\Modules\Pester\5.7.1\Pester.psm1 : ligne 940
à &lt;ScriptBlock&gt;, C:\Users\user\Documents\WindowsPowerShell\Modules\Pester\5.7.1\Pester.psm1 : ligne 893
à &lt;ScriptBlock&gt;, C:\Users\user\Documents\WindowsPowerShell\Modules\Pester\5.7.1\Pester.psm1 : ligne 2024
à &lt;ScriptBlock&gt;, C:\Users\user\Documents\WindowsPowerShell\Modules\Pester\5.7.1\Pester.psm1 : ligne 1985
à Invoke-ScriptBlock, C:\Users\user\Documents\WindowsPowerShell\Modules\Pester\5.7.1\Pester.psm1 : ligne 2160
à Invoke-Block, C:\Users\user\Documents\WindowsPowerShell\Modules\Pester\5.7.1\Pester.psm1 : ligne 940
à &lt;ScriptBlock&gt;, C:\Users\user\Documents\WindowsPowerShell\Modules\Pester\5.7.1\Pester.psm1 : ligne 1688
à &lt;ScriptBlock&gt;, C:\Users\user\Documents\WindowsPowerShell\Modules\Pester\5.7.1\Pester.ps1 : ligne 3
à &lt;ScriptBlock&gt;, C:\Users\user\Documents\WindowsPowerShell\Modules\Pester\5.7.1\Pester.psm1 : ligne 3260
à Invoke-InNewScriptScope, C:\Users\user\Documents\WindowsPowerShell\Modules\Pester\5.7.1\Pester.psm1 : ligne 3267
à Run-Test, C:\Users\user\Documents\WindowsPowerShell\Modules\Pester\5.7.1\Pester.psm1 : ligne 1691
à Invoke-Test, C:\Users\user\Documents\WindowsPowerShell\Modules\Pester\5.7.1\Pester.psm1 : ligne 2512
à Invoke-Pester&lt;End&gt;, C:\Users\user\Documents\WindowsPowerShell\Modules\Pester\5.7.1\Pester.psm1 : ligne 4960
à &lt;ScriptBlock&gt;, D:\DO\WEB\N8N_tests\PROJETS\EMAIL_SENDER_1\scripts\utils\PSCacheManager\PredictiveCache\Tests\Run-AllTests.ps1 : ligne 44
à &lt;ScriptBlock&gt;, &lt;Aucun fichier&gt; : ligne 1</stack-trace>
                    </failure>
                  </test-case>
                </results>
              </test-suite>
              <test-suite type="TestFixture" name="PredictiveCache Module Tests.PredictiveCache Methods" executed="True" result="Failure" success="False" time="1.5415" asserts="0" description="PredictiveCache Module Tests.PredictiveCache Methods">
                <results>
                  <test-case description="Should trigger preload" name="PredictiveCache Module Tests.PredictiveCache Methods.Should trigger preload" time="0.0833" asserts="0" success="False" result="Failure" executed="True">
                    <failure>
                      <message>ParameterBindingValidationException: Impossible de lier l'argument au paramètre « UsageDatabase », car il s'agit d'une chaîne vide.</message>
                      <stack-trace>à &lt;ScriptBlock&gt;, D:\DO\WEB\N8N_tests\PROJETS\EMAIL_SENDER_1\scripts\utils\PSCacheManager\PredictiveCache\Tests\PredictiveCache.Tests.ps1 : ligne 190
à &lt;ScriptBlock&gt;, C:\Users\user\Documents\WindowsPowerShell\Modules\Pester\5.7.1\Pester.psm1 : ligne 2011
à &lt;ScriptBlock&gt;, C:\Users\user\Documents\WindowsPowerShell\Modules\Pester\5.7.1\Pester.psm1 : ligne 1985
à Invoke-ScriptBlock, C:\Users\user\Documents\WindowsPowerShell\Modules\Pester\5.7.1\Pester.psm1 : ligne 2157
à Invoke-TestItem, C:\Users\user\Documents\WindowsPowerShell\Modules\Pester\5.7.1\Pester.psm1 : ligne 1199
à Invoke-Block, C:\Users\user\Documents\WindowsPowerShell\Modules\Pester\5.7.1\Pester.psm1 : ligne 835
à &lt;ScriptBlock&gt;, C:\Users\user\Documents\WindowsPowerShell\Modules\Pester\5.7.1\Pester.psm1 : ligne 893
à &lt;ScriptBlock&gt;, C:\Users\user\Documents\WindowsPowerShell\Modules\Pester\5.7.1\Pester.psm1 : ligne 2024
à &lt;ScriptBlock&gt;, C:\Users\user\Documents\WindowsPowerShell\Modules\Pester\5.7.1\Pester.psm1 : ligne 1985
à Invoke-ScriptBlock, C:\Users\user\Documents\WindowsPowerShell\Modules\Pester\5.7.1\Pester.psm1 : ligne 2160
à Invoke-Block, C:\Users\user\Documents\WindowsPowerShell\Modules\Pester\5.7.1\Pester.psm1 : ligne 940
à &lt;ScriptBlock&gt;, C:\Users\user\Documents\WindowsPowerShell\Modules\Pester\5.7.1\Pester.psm1 : ligne 893
à &lt;ScriptBlock&gt;, C:\Users\user\Documents\WindowsPowerShell\Modules\Pester\5.7.1\Pester.psm1 : ligne 2024
à &lt;ScriptBlock&gt;, C:\Users\user\Documents\WindowsPowerShell\Modules\Pester\5.7.1\Pester.psm1 : ligne 1985
à Invoke-ScriptBlock, C:\Users\user\Documents\WindowsPowerShell\Modules\Pester\5.7.1\Pester.psm1 : ligne 2160
à Invoke-Block, C:\Users\user\Documents\WindowsPowerShell\Modules\Pester\5.7.1\Pester.psm1 : ligne 940
à &lt;ScriptBlock&gt;, C:\Users\user\Documents\WindowsPowerShell\Modules\Pester\5.7.1\Pester.psm1 : ligne 893
à &lt;ScriptBlock&gt;, C:\Users\user\Documents\WindowsPowerShell\Modules\Pester\5.7.1\Pester.psm1 : ligne 2024
à &lt;ScriptBlock&gt;, C:\Users\user\Documents\WindowsPowerShell\Modules\Pester\5.7.1\Pester.psm1 : ligne 1985
à Invoke-ScriptBlock, C:\Users\user\Documents\WindowsPowerShell\Modules\Pester\5.7.1\Pester.psm1 : ligne 2160
à Invoke-Block, C:\Users\user\Documents\WindowsPowerShell\Modules\Pester\5.7.1\Pester.psm1 : ligne 940
à &lt;ScriptBlock&gt;, C:\Users\user\Documents\WindowsPowerShell\Modules\Pester\5.7.1\Pester.psm1 : ligne 1688
à &lt;ScriptBlock&gt;, C:\Users\user\Documents\WindowsPowerShell\Modules\Pester\5.7.1\Pester.ps1 : ligne 3
à &lt;ScriptBlock&gt;, C:\Users\user\Documents\WindowsPowerShell\Modules\Pester\5.7.1\Pester.psm1 : ligne 3260
à Invoke-InNewScriptScope, C:\Users\user\Documents\WindowsPowerShell\Modules\Pester\5.7.1\Pester.psm1 : ligne 3267
à Run-Test, C:\Users\user\Documents\WindowsPowerShell\Modules\Pester\5.7.1\Pester.psm1 : ligne 1691
à Invoke-Test, C:\Users\user\Documents\WindowsPowerShell\Modules\Pester\5.7.1\Pester.psm1 : ligne 2512
à Invoke-Pester&lt;End&gt;, C:\Users\user\Documents\WindowsPowerShell\Modules\Pester\5.7.1\Pester.psm1 : ligne 4960
à &lt;ScriptBlock&gt;, D:\DO\WEB\N8N_tests\PROJETS\EMAIL_SENDER_1\scripts\utils\PSCacheManager\PredictiveCache\Tests\Run-AllTests.ps1 : ligne 44
à &lt;ScriptBlock&gt;, &lt;Aucun fichier&gt; : ligne 1</stack-trace>
                    </failure>
                  </test-case>
                  <test-case description="Should handle cache access" name="PredictiveCache Module Tests.PredictiveCache Methods.Should handle cache access" time="0.0541" asserts="0" success="False" result="Failure" executed="True">
                    <failure>
                      <message>ParameterBindingValidationException: Impossible de lier l'argument au paramètre « UsageDatabase », car il s'agit d'une chaîne vide.</message>
                      <stack-trace>à &lt;ScriptBlock&gt;, D:\DO\WEB\N8N_tests\PROJETS\EMAIL_SENDER_1\scripts\utils\PSCacheManager\PredictiveCache\Tests\PredictiveCache.Tests.ps1 : ligne 190
à &lt;ScriptBlock&gt;, C:\Users\user\Documents\WindowsPowerShell\Modules\Pester\5.7.1\Pester.psm1 : ligne 2011
à &lt;ScriptBlock&gt;, C:\Users\user\Documents\WindowsPowerShell\Modules\Pester\5.7.1\Pester.psm1 : ligne 1985
à Invoke-ScriptBlock, C:\Users\user\Documents\WindowsPowerShell\Modules\Pester\5.7.1\Pester.psm1 : ligne 2157
à Invoke-TestItem, C:\Users\user\Documents\WindowsPowerShell\Modules\Pester\5.7.1\Pester.psm1 : ligne 1199
à Invoke-Block, C:\Users\user\Documents\WindowsPowerShell\Modules\Pester\5.7.1\Pester.psm1 : ligne 835
à &lt;ScriptBlock&gt;, C:\Users\user\Documents\WindowsPowerShell\Modules\Pester\5.7.1\Pester.psm1 : ligne 893
à &lt;ScriptBlock&gt;, C:\Users\user\Documents\WindowsPowerShell\Modules\Pester\5.7.1\Pester.psm1 : ligne 2024
à &lt;ScriptBlock&gt;, C:\Users\user\Documents\WindowsPowerShell\Modules\Pester\5.7.1\Pester.psm1 : ligne 1985
à Invoke-ScriptBlock, C:\Users\user\Documents\WindowsPowerShell\Modules\Pester\5.7.1\Pester.psm1 : ligne 2160
à Invoke-Block, C:\Users\user\Documents\WindowsPowerShell\Modules\Pester\5.7.1\Pester.psm1 : ligne 940
à &lt;ScriptBlock&gt;, C:\Users\user\Documents\WindowsPowerShell\Modules\Pester\5.7.1\Pester.psm1 : ligne 893
à &lt;ScriptBlock&gt;, C:\Users\user\Documents\WindowsPowerShell\Modules\Pester\5.7.1\Pester.psm1 : ligne 2024
à &lt;ScriptBlock&gt;, C:\Users\user\Documents\WindowsPowerShell\Modules\Pester\5.7.1\Pester.psm1 : ligne 1985
à Invoke-ScriptBlock, C:\Users\user\Documents\WindowsPowerShell\Modules\Pester\5.7.1\Pester.psm1 : ligne 2160
à Invoke-Block, C:\Users\user\Documents\WindowsPowerShell\Modules\Pester\5.7.1\Pester.psm1 : ligne 940
à &lt;ScriptBlock&gt;, C:\Users\user\Documents\WindowsPowerShell\Modules\Pester\5.7.1\Pester.psm1 : ligne 893
à &lt;ScriptBlock&gt;, C:\Users\user\Documents\WindowsPowerShell\Modules\Pester\5.7.1\Pester.psm1 : ligne 2024
à &lt;ScriptBlock&gt;, C:\Users\user\Documents\WindowsPowerShell\Modules\Pester\5.7.1\Pester.psm1 : ligne 1985
à Invoke-ScriptBlock, C:\Users\user\Documents\WindowsPowerShell\Modules\Pester\5.7.1\Pester.psm1 : ligne 2160
à Invoke-Block, C:\Users\user\Documents\WindowsPowerShell\Modules\Pester\5.7.1\Pester.psm1 : ligne 940
à &lt;ScriptBlock&gt;, C:\Users\user\Documents\WindowsPowerShell\Modules\Pester\5.7.1\Pester.psm1 : ligne 1688
à &lt;ScriptBlock&gt;, C:\Users\user\Documents\WindowsPowerShell\Modules\Pester\5.7.1\Pester.ps1 : ligne 3
à &lt;ScriptBlock&gt;, C:\Users\user\Documents\WindowsPowerShell\Modules\Pester\5.7.1\Pester.psm1 : ligne 3260
à Invoke-InNewScriptScope, C:\Users\user\Documents\WindowsPowerShell\Modules\Pester\5.7.1\Pester.psm1 : ligne 3267
à Run-Test, C:\Users\user\Documents\WindowsPowerShell\Modules\Pester\5.7.1\Pester.psm1 : ligne 1691
à Invoke-Test, C:\Users\user\Documents\WindowsPowerShell\Modules\Pester\5.7.1\Pester.psm1 : ligne 2512
à Invoke-Pester&lt;End&gt;, C:\Users\user\Documents\WindowsPowerShell\Modules\Pester\5.7.1\Pester.psm1 : ligne 4960
à &lt;ScriptBlock&gt;, D:\DO\WEB\N8N_tests\PROJETS\EMAIL_SENDER_1\scripts\utils\PSCacheManager\PredictiveCache\Tests\Run-AllTests.ps1 : ligne 44
à &lt;ScriptBlock&gt;, &lt;Aucun fichier&gt; : ligne 1</stack-trace>
                    </failure>
                  </test-case>
                </results>
              </test-suite>
            </results>
          </test-suite>
        </results>
      </test-suite>
      <test-suite type="TestFixture" name="D:\DO\WEB\N8N_tests\PROJETS\EMAIL_SENDER_1\scripts\utils\PSCacheManager\PredictiveCache\Tests\PreloadManager.Tests.ps1" executed="True" result="Failure" success="False" time="1.1376" asserts="0" description="D:\DO\WEB\N8N_tests\PROJETS\EMAIL_SENDER_1\scripts\utils\PSCacheManager\PredictiveCache\Tests\PreloadManager.Tests.ps1">
        <results>
          <test-suite type="TestFixture" name="PreloadManager Module Tests" executed="True" result="Failure" success="False" time="0.7819" asserts="0" description="PreloadManager Module Tests">
            <results>
              <test-suite type="TestFixture" name="PreloadManager Module Tests.New-PreloadManager Function" executed="True" result="Failure" success="False" time="0.142" asserts="0" description="PreloadManager Module Tests.New-PreloadManager Function">
                <results>
                  <test-case description="Should create a new PreloadManager object" name="PreloadManager Module Tests.New-PreloadManager Function.Should create a new PreloadManager object" time="0.0863" asserts="0" success="False" result="Failure" executed="True">
                    <failure>
                      <message>PSInvalidCastException: Impossible de convertir la valeur « @{Set= param($key, $value) ; Contains= param($key) return $false ; DefaultTTLSeconds=3600} » du type « System.Management.Automation.PSCustomObject » en type « CacheManager ».
ArgumentTransformationMetadataException: Impossible de convertir la valeur « @{Set= param($key, $value) ; Contains= param($key) return $false ; DefaultTTLSeconds=3600} » du type « System.Management.Automation.PSCustomObject » en type « CacheManager ».
ParameterBindingArgumentTransformationException: Impossible de traiter la transformation d'argument sur le paramètre « BaseCache ». Impossible de convertir la valeur « @{Set= param($key, $value) ; Contains= param($key) return $false ; DefaultTTLSeconds=3600} » du type « System.Management.Automation.PSCustomObject » en type « CacheManager ».</message>
                      <stack-trace>à &lt;ScriptBlock&gt;, D:\DO\WEB\N8N_tests\PROJETS\EMAIL_SENDER_1\scripts\utils\PSCacheManager\PredictiveCache\Tests\PreloadManager.Tests.ps1 : ligne 54
à &lt;ScriptBlock&gt;, C:\Users\user\Documents\WindowsPowerShell\Modules\Pester\5.7.1\Pester.psm1 : ligne 2024
à &lt;ScriptBlock&gt;, C:\Users\user\Documents\WindowsPowerShell\Modules\Pester\5.7.1\Pester.psm1 : ligne 1985
à Invoke-ScriptBlock, C:\Users\user\Documents\WindowsPowerShell\Modules\Pester\5.7.1\Pester.psm1 : ligne 2157
à Invoke-TestItem, C:\Users\user\Documents\WindowsPowerShell\Modules\Pester\5.7.1\Pester.psm1 : ligne 1199
à Invoke-Block, C:\Users\user\Documents\WindowsPowerShell\Modules\Pester\5.7.1\Pester.psm1 : ligne 835
à &lt;ScriptBlock&gt;, C:\Users\user\Documents\WindowsPowerShell\Modules\Pester\5.7.1\Pester.psm1 : ligne 893
à &lt;ScriptBlock&gt;, C:\Users\user\Documents\WindowsPowerShell\Modules\Pester\5.7.1\Pester.psm1 : ligne 2024
à &lt;ScriptBlock&gt;, C:\Users\user\Documents\WindowsPowerShell\Modules\Pester\5.7.1\Pester.psm1 : ligne 1985
à Invoke-ScriptBlock, C:\Users\user\Documents\WindowsPowerShell\Modules\Pester\5.7.1\Pester.psm1 : ligne 2160
à Invoke-Block, C:\Users\user\Documents\WindowsPowerShell\Modules\Pester\5.7.1\Pester.psm1 : ligne 940
à &lt;ScriptBlock&gt;, C:\Users\user\Documents\WindowsPowerShell\Modules\Pester\5.7.1\Pester.psm1 : ligne 893
à &lt;ScriptBlock&gt;, C:\Users\user\Documents\WindowsPowerShell\Modules\Pester\5.7.1\Pester.psm1 : ligne 2024
à &lt;ScriptBlock&gt;, C:\Users\user\Documents\WindowsPowerShell\Modules\Pester\5.7.1\Pester.psm1 : ligne 1985
à Invoke-ScriptBlock, C:\Users\user\Documents\WindowsPowerShell\Modules\Pester\5.7.1\Pester.psm1 : ligne 2160
à Invoke-Block, C:\Users\user\Documents\WindowsPowerShell\Modules\Pester\5.7.1\Pester.psm1 : ligne 940
à &lt;ScriptBlock&gt;, C:\Users\user\Documents\WindowsPowerShell\Modules\Pester\5.7.1\Pester.psm1 : ligne 893
à &lt;ScriptBlock&gt;, C:\Users\user\Documents\WindowsPowerShell\Modules\Pester\5.7.1\Pester.psm1 : ligne 2024
à &lt;ScriptBlock&gt;, C:\Users\user\Documents\WindowsPowerShell\Modules\Pester\5.7.1\Pester.psm1 : ligne 1985
à Invoke-ScriptBlock, C:\Users\user\Documents\WindowsPowerShell\Modules\Pester\5.7.1\Pester.psm1 : ligne 2160
à Invoke-Block, C:\Users\user\Documents\WindowsPowerShell\Modules\Pester\5.7.1\Pester.psm1 : ligne 940
à &lt;ScriptBlock&gt;, C:\Users\user\Documents\WindowsPowerShell\Modules\Pester\5.7.1\Pester.psm1 : ligne 1688
à &lt;ScriptBlock&gt;, C:\Users\user\Documents\WindowsPowerShell\Modules\Pester\5.7.1\Pester.ps1 : ligne 3
à &lt;ScriptBlock&gt;, C:\Users\user\Documents\WindowsPowerShell\Modules\Pester\5.7.1\Pester.psm1 : ligne 3260
à Invoke-InNewScriptScope, C:\Users\user\Documents\WindowsPowerShell\Modules\Pester\5.7.1\Pester.psm1 : ligne 3267
à Run-Test, C:\Users\user\Documents\WindowsPowerShell\Modules\Pester\5.7.1\Pester.psm1 : ligne 1691
à Invoke-Test, C:\Users\user\Documents\WindowsPowerShell\Modules\Pester\5.7.1\Pester.psm1 : ligne 2512
à Invoke-Pester&lt;End&gt;, C:\Users\user\Documents\WindowsPowerShell\Modules\Pester\5.7.1\Pester.psm1 : ligne 4960
à &lt;ScriptBlock&gt;, D:\DO\WEB\N8N_tests\PROJETS\EMAIL_SENDER_1\scripts\utils\PSCacheManager\PredictiveCache\Tests\Run-AllTests.ps1 : ligne 44
à &lt;ScriptBlock&gt;, &lt;Aucun fichier&gt; : ligne 1</stack-trace>
                    </failure>
                  </test-case>
                </results>
              </test-suite>
              <test-suite type="TestFixture" name="PreloadManager Module Tests.Register-PreloadGenerator Function" executed="True" result="Failure" success="False" time="0.3092" asserts="0" description="PreloadManager Module Tests.Register-PreloadGenerator Function">
                <results>
                  <test-case description="Should register a generator for a key pattern" name="PreloadManager Module Tests.Register-PreloadGenerator Function.Should register a generator for a key pattern" time="0.1149" asserts="0" success="False" result="Failure" executed="True">
                    <failure>
                      <message>PSInvalidCastException: Impossible de convertir la valeur « @{Set= param($key, $value) ; Contains= param($key) return $false ; DefaultTTLSeconds=3600} » du type « System.Management.Automation.PSCustomObject » en type « CacheManager ».
ArgumentTransformationMetadataException: Impossible de convertir la valeur « @{Set= param($key, $value) ; Contains= param($key) return $false ; DefaultTTLSeconds=3600} » du type « System.Management.Automation.PSCustomObject » en type « CacheManager ».
ParameterBindingArgumentTransformationException: Impossible de traiter la transformation d'argument sur le paramètre « BaseCache ». Impossible de convertir la valeur « @{Set= param($key, $value) ; Contains= param($key) return $false ; DefaultTTLSeconds=3600} » du type « System.Management.Automation.PSCustomObject » en type « CacheManager ».</message>
                      <stack-trace>à &lt;ScriptBlock&gt;, D:\DO\WEB\N8N_tests\PROJETS\EMAIL_SENDER_1\scripts\utils\PSCacheManager\PredictiveCache\Tests\PreloadManager.Tests.ps1 : ligne 63
à &lt;ScriptBlock&gt;, C:\Users\user\Documents\WindowsPowerShell\Modules\Pester\5.7.1\Pester.psm1 : ligne 2024
à &lt;ScriptBlock&gt;, C:\Users\user\Documents\WindowsPowerShell\Modules\Pester\5.7.1\Pester.psm1 : ligne 1985
à Invoke-ScriptBlock, C:\Users\user\Documents\WindowsPowerShell\Modules\Pester\5.7.1\Pester.psm1 : ligne 2157
à Invoke-TestItem, C:\Users\user\Documents\WindowsPowerShell\Modules\Pester\5.7.1\Pester.psm1 : ligne 1199
à Invoke-Block, C:\Users\user\Documents\WindowsPowerShell\Modules\Pester\5.7.1\Pester.psm1 : ligne 835
à &lt;ScriptBlock&gt;, C:\Users\user\Documents\WindowsPowerShell\Modules\Pester\5.7.1\Pester.psm1 : ligne 893
à &lt;ScriptBlock&gt;, C:\Users\user\Documents\WindowsPowerShell\Modules\Pester\5.7.1\Pester.psm1 : ligne 2024
à &lt;ScriptBlock&gt;, C:\Users\user\Documents\WindowsPowerShell\Modules\Pester\5.7.1\Pester.psm1 : ligne 1985
à Invoke-ScriptBlock, C:\Users\user\Documents\WindowsPowerShell\Modules\Pester\5.7.1\Pester.psm1 : ligne 2160
à Invoke-Block, C:\Users\user\Documents\WindowsPowerShell\Modules\Pester\5.7.1\Pester.psm1 : ligne 940
à &lt;ScriptBlock&gt;, C:\Users\user\Documents\WindowsPowerShell\Modules\Pester\5.7.1\Pester.psm1 : ligne 893
à &lt;ScriptBlock&gt;, C:\Users\user\Documents\WindowsPowerShell\Modules\Pester\5.7.1\Pester.psm1 : ligne 2024
à &lt;ScriptBlock&gt;, C:\Users\user\Documents\WindowsPowerShell\Modules\Pester\5.7.1\Pester.psm1 : ligne 1985
à Invoke-ScriptBlock, C:\Users\user\Documents\WindowsPowerShell\Modules\Pester\5.7.1\Pester.psm1 : ligne 2160
à Invoke-Block, C:\Users\user\Documents\WindowsPowerShell\Modules\Pester\5.7.1\Pester.psm1 : ligne 940
à &lt;ScriptBlock&gt;, C:\Users\user\Documents\WindowsPowerShell\Modules\Pester\5.7.1\Pester.psm1 : ligne 893
à &lt;ScriptBlock&gt;, C:\Users\user\Documents\WindowsPowerShell\Modules\Pester\5.7.1\Pester.psm1 : ligne 2024
à &lt;ScriptBlock&gt;, C:\Users\user\Documents\WindowsPowerShell\Modules\Pester\5.7.1\Pester.psm1 : ligne 1985
à Invoke-ScriptBlock, C:\Users\user\Documents\WindowsPowerShell\Modules\Pester\5.7.1\Pester.psm1 : ligne 2160
à Invoke-Block, C:\Users\user\Documents\WindowsPowerShell\Modules\Pester\5.7.1\Pester.psm1 : ligne 940
à &lt;ScriptBlock&gt;, C:\Users\user\Documents\WindowsPowerShell\Modules\Pester\5.7.1\Pester.psm1 : ligne 1688
à &lt;ScriptBlock&gt;, C:\Users\user\Documents\WindowsPowerShell\Modules\Pester\5.7.1\Pester.ps1 : ligne 3
à &lt;ScriptBlock&gt;, C:\Users\user\Documents\WindowsPowerShell\Modules\Pester\5.7.1\Pester.psm1 : ligne 3260
à Invoke-InNewScriptScope, C:\Users\user\Documents\WindowsPowerShell\Modules\Pester\5.7.1\Pester.psm1 : ligne 3267
à Run-Test, C:\Users\user\Documents\WindowsPowerShell\Modules\Pester\5.7.1\Pester.psm1 : ligne 1691
à Invoke-Test, C:\Users\user\Documents\WindowsPowerShell\Modules\Pester\5.7.1\Pester.psm1 : ligne 2512
à Invoke-Pester&lt;End&gt;, C:\Users\user\Documents\WindowsPowerShell\Modules\Pester\5.7.1\Pester.psm1 : ligne 4960
à &lt;ScriptBlock&gt;, D:\DO\WEB\N8N_tests\PROJETS\EMAIL_SENDER_1\scripts\utils\PSCacheManager\PredictiveCache\Tests\Run-AllTests.ps1 : ligne 44
à &lt;ScriptBlock&gt;, &lt;Aucun fichier&gt; : ligne 1</stack-trace>
                    </failure>
                  </test-case>
                </results>
              </test-suite>
              <test-suite type="TestFixture" name="PreloadManager Module Tests.PreloadManager Methods" executed="True" result="Failure" success="False" time="0.7282" asserts="0" description="PreloadManager Module Tests.PreloadManager Methods">
                <results>
                  <test-case description="Should find a generator for a key" name="PreloadManager Module Tests.PreloadManager Methods.Should find a generator for a key" time="0.0667" asserts="0" success="False" result="Failure" executed="True">
                    <failure>
                      <message>PSInvalidCastException: Impossible de convertir la valeur « @{Set= param($key, $value) ; Contains= param($key) return $false ; DefaultTTLSeconds=3600} » du type « System.Management.Automation.PSCustomObject » en type « CacheManager ».
ArgumentTransformationMetadataException: Impossible de convertir la valeur « @{Set= param($key, $value) ; Contains= param($key) return $false ; DefaultTTLSeconds=3600} » du type « System.Management.Automation.PSCustomObject » en type « CacheManager ».
ParameterBindingArgumentTransformationException: Impossible de traiter la transformation d'argument sur le paramètre « BaseCache ». Impossible de convertir la valeur « @{Set= param($key, $value) ; Contains= param($key) return $false ; DefaultTTLSeconds=3600} » du type « System.Management.Automation.PSCustomObject » en type « CacheManager ».</message>
                      <stack-trace>à &lt;ScriptBlock&gt;, D:\DO\WEB\N8N_tests\PROJETS\EMAIL_SENDER_1\scripts\utils\PSCacheManager\PredictiveCache\Tests\PreloadManager.Tests.ps1 : ligne 78
à &lt;ScriptBlock&gt;, C:\Users\user\Documents\WindowsPowerShell\Modules\Pester\5.7.1\Pester.psm1 : ligne 2011
à &lt;ScriptBlock&gt;, C:\Users\user\Documents\WindowsPowerShell\Modules\Pester\5.7.1\Pester.psm1 : ligne 1985
à Invoke-ScriptBlock, C:\Users\user\Documents\WindowsPowerShell\Modules\Pester\5.7.1\Pester.psm1 : ligne 2157
à Invoke-TestItem, C:\Users\user\Documents\WindowsPowerShell\Modules\Pester\5.7.1\Pester.psm1 : ligne 1199
à Invoke-Block, C:\Users\user\Documents\WindowsPowerShell\Modules\Pester\5.7.1\Pester.psm1 : ligne 835
à &lt;ScriptBlock&gt;, C:\Users\user\Documents\WindowsPowerShell\Modules\Pester\5.7.1\Pester.psm1 : ligne 893
à &lt;ScriptBlock&gt;, C:\Users\user\Documents\WindowsPowerShell\Modules\Pester\5.7.1\Pester.psm1 : ligne 2024
à &lt;ScriptBlock&gt;, C:\Users\user\Documents\WindowsPowerShell\Modules\Pester\5.7.1\Pester.psm1 : ligne 1985
à Invoke-ScriptBlock, C:\Users\user\Documents\WindowsPowerShell\Modules\Pester\5.7.1\Pester.psm1 : ligne 2160
à Invoke-Block, C:\Users\user\Documents\WindowsPowerShell\Modules\Pester\5.7.1\Pester.psm1 : ligne 940
à &lt;ScriptBlock&gt;, C:\Users\user\Documents\WindowsPowerShell\Modules\Pester\5.7.1\Pester.psm1 : ligne 893
à &lt;ScriptBlock&gt;, C:\Users\user\Documents\WindowsPowerShell\Modules\Pester\5.7.1\Pester.psm1 : ligne 2024
à &lt;ScriptBlock&gt;, C:\Users\user\Documents\WindowsPowerShell\Modules\Pester\5.7.1\Pester.psm1 : ligne 1985
à Invoke-ScriptBlock, C:\Users\user\Documents\WindowsPowerShell\Modules\Pester\5.7.1\Pester.psm1 : ligne 2160
à Invoke-Block, C:\Users\user\Documents\WindowsPowerShell\Modules\Pester\5.7.1\Pester.psm1 : ligne 940
à &lt;ScriptBlock&gt;, C:\Users\user\Documents\WindowsPowerShell\Modules\Pester\5.7.1\Pester.psm1 : ligne 893
à &lt;ScriptBlock&gt;, C:\Users\user\Documents\WindowsPowerShell\Modules\Pester\5.7.1\Pester.psm1 : ligne 2024
à &lt;ScriptBlock&gt;, C:\Users\user\Documents\WindowsPowerShell\Modules\Pester\5.7.1\Pester.psm1 : ligne 1985
à Invoke-ScriptBlock, C:\Users\user\Documents\WindowsPowerShell\Modules\Pester\5.7.1\Pester.psm1 : ligne 2160
à Invoke-Block, C:\Users\user\Documents\WindowsPowerShell\Modules\Pester\5.7.1\Pester.psm1 : ligne 940
à &lt;ScriptBlock&gt;, C:\Users\user\Documents\WindowsPowerShell\Modules\Pester\5.7.1\Pester.psm1 : ligne 1688
à &lt;ScriptBlock&gt;, C:\Users\user\Documents\WindowsPowerShell\Modules\Pester\5.7.1\Pester.ps1 : ligne 3
à &lt;ScriptBlock&gt;, C:\Users\user\Documents\WindowsPowerShell\Modules\Pester\5.7.1\Pester.psm1 : ligne 3260
à Invoke-InNewScriptScope, C:\Users\user\Documents\WindowsPowerShell\Modules\Pester\5.7.1\Pester.psm1 : ligne 3267
à Run-Test, C:\Users\user\Documents\WindowsPowerShell\Modules\Pester\5.7.1\Pester.psm1 : ligne 1691
à Invoke-Test, C:\Users\user\Documents\WindowsPowerShell\Modules\Pester\5.7.1\Pester.psm1 : ligne 2512
à Invoke-Pester&lt;End&gt;, C:\Users\user\Documents\WindowsPowerShell\Modules\Pester\5.7.1\Pester.psm1 : ligne 4960
à &lt;ScriptBlock&gt;, D:\DO\WEB\N8N_tests\PROJETS\EMAIL_SENDER_1\scripts\utils\PSCacheManager\PredictiveCache\Tests\Run-AllTests.ps1 : ligne 44
à &lt;ScriptBlock&gt;, &lt;Aucun fichier&gt; : ligne 1</stack-trace>
                    </failure>
                  </test-case>
                  <test-case description="Should check if a key is a preload candidate" name="PreloadManager Module Tests.PreloadManager Methods.Should check if a key is a preload candidate" time="0.0682" asserts="0" success="False" result="Failure" executed="True">
                    <failure>
                      <message>PSInvalidCastException: Impossible de convertir la valeur « @{Set= param($key, $value) ; Contains= param($key) return $false ; DefaultTTLSeconds=3600} » du type « System.Management.Automation.PSCustomObject » en type « CacheManager ».
ArgumentTransformationMetadataException: Impossible de convertir la valeur « @{Set= param($key, $value) ; Contains= param($key) return $false ; DefaultTTLSeconds=3600} » du type « System.Management.Automation.PSCustomObject » en type « CacheManager ».
ParameterBindingArgumentTransformationException: Impossible de traiter la transformation d'argument sur le paramètre « BaseCache ». Impossible de convertir la valeur « @{Set= param($key, $value) ; Contains= param($key) return $false ; DefaultTTLSeconds=3600} » du type « System.Management.Automation.PSCustomObject » en type « CacheManager ».</message>
                      <stack-trace>à &lt;ScriptBlock&gt;, D:\DO\WEB\N8N_tests\PROJETS\EMAIL_SENDER_1\scripts\utils\PSCacheManager\PredictiveCache\Tests\PreloadManager.Tests.ps1 : ligne 78
à &lt;ScriptBlock&gt;, C:\Users\user\Documents\WindowsPowerShell\Modules\Pester\5.7.1\Pester.psm1 : ligne 2011
à &lt;ScriptBlock&gt;, C:\Users\user\Documents\WindowsPowerShell\Modules\Pester\5.7.1\Pester.psm1 : ligne 1985
à Invoke-ScriptBlock, C:\Users\user\Documents\WindowsPowerShell\Modules\Pester\5.7.1\Pester.psm1 : ligne 2157
à Invoke-TestItem, C:\Users\user\Documents\WindowsPowerShell\Modules\Pester\5.7.1\Pester.psm1 : ligne 1199
à Invoke-Block, C:\Users\user\Documents\WindowsPowerShell\Modules\Pester\5.7.1\Pester.psm1 : ligne 835
à &lt;ScriptBlock&gt;, C:\Users\user\Documents\WindowsPowerShell\Modules\Pester\5.7.1\Pester.psm1 : ligne 893
à &lt;ScriptBlock&gt;, C:\Users\user\Documents\WindowsPowerShell\Modules\Pester\5.7.1\Pester.psm1 : ligne 2024
à &lt;ScriptBlock&gt;, C:\Users\user\Documents\WindowsPowerShell\Modules\Pester\5.7.1\Pester.psm1 : ligne 1985
à Invoke-ScriptBlock, C:\Users\user\Documents\WindowsPowerShell\Modules\Pester\5.7.1\Pester.psm1 : ligne 2160
à Invoke-Block, C:\Users\user\Documents\WindowsPowerShell\Modules\Pester\5.7.1\Pester.psm1 : ligne 940
à &lt;ScriptBlock&gt;, C:\Users\user\Documents\WindowsPowerShell\Modules\Pester\5.7.1\Pester.psm1 : ligne 893
à &lt;ScriptBlock&gt;, C:\Users\user\Documents\WindowsPowerShell\Modules\Pester\5.7.1\Pester.psm1 : ligne 2024
à &lt;ScriptBlock&gt;, C:\Users\user\Documents\WindowsPowerShell\Modules\Pester\5.7.1\Pester.psm1 : ligne 1985
à Invoke-ScriptBlock, C:\Users\user\Documents\WindowsPowerShell\Modules\Pester\5.7.1\Pester.psm1 : ligne 2160
à Invoke-Block, C:\Users\user\Documents\WindowsPowerShell\Modules\Pester\5.7.1\Pester.psm1 : ligne 940
à &lt;ScriptBlock&gt;, C:\Users\user\Documents\WindowsPowerShell\Modules\Pester\5.7.1\Pester.psm1 : ligne 893
à &lt;ScriptBlock&gt;, C:\Users\user\Documents\WindowsPowerShell\Modules\Pester\5.7.1\Pester.psm1 : ligne 2024
à &lt;ScriptBlock&gt;, C:\Users\user\Documents\WindowsPowerShell\Modules\Pester\5.7.1\Pester.psm1 : ligne 1985
à Invoke-ScriptBlock, C:\Users\user\Documents\WindowsPowerShell\Modules\Pester\5.7.1\Pester.psm1 : ligne 2160
à Invoke-Block, C:\Users\user\Documents\WindowsPowerShell\Modules\Pester\5.7.1\Pester.psm1 : ligne 940
à &lt;ScriptBlock&gt;, C:\Users\user\Documents\WindowsPowerShell\Modules\Pester\5.7.1\Pester.psm1 : ligne 1688
à &lt;ScriptBlock&gt;, C:\Users\user\Documents\WindowsPowerShell\Modules\Pester\5.7.1\Pester.ps1 : ligne 3
à &lt;ScriptBlock&gt;, C:\Users\user\Documents\WindowsPowerShell\Modules\Pester\5.7.1\Pester.psm1 : ligne 3260
à Invoke-InNewScriptScope, C:\Users\user\Documents\WindowsPowerShell\Modules\Pester\5.7.1\Pester.psm1 : ligne 3267
à Run-Test, C:\Users\user\Documents\WindowsPowerShell\Modules\Pester\5.7.1\Pester.psm1 : ligne 1691
à Invoke-Test, C:\Users\user\Documents\WindowsPowerShell\Modules\Pester\5.7.1\Pester.psm1 : ligne 2512
à Invoke-Pester&lt;End&gt;, C:\Users\user\Documents\WindowsPowerShell\Modules\Pester\5.7.1\Pester.psm1 : ligne 4960
à &lt;ScriptBlock&gt;, D:\DO\WEB\N8N_tests\PROJETS\EMAIL_SENDER_1\scripts\utils\PSCacheManager\PredictiveCache\Tests\Run-AllTests.ps1 : ligne 44
à &lt;ScriptBlock&gt;, &lt;Aucun fichier&gt; : ligne 1</stack-trace>
                    </failure>
                  </test-case>
                  <test-case description="Should preload keys" name="PreloadManager Module Tests.PreloadManager Methods.Should preload keys" time="0.0556" asserts="0" success="False" result="Failure" executed="True">
                    <failure>
                      <message>PSInvalidCastException: Impossible de convertir la valeur « @{Set= param($key, $value) ; Contains= param($key) return $false ; DefaultTTLSeconds=3600} » du type « System.Management.Automation.PSCustomObject » en type « CacheManager ».
ArgumentTransformationMetadataException: Impossible de convertir la valeur « @{Set= param($key, $value) ; Contains= param($key) return $false ; DefaultTTLSeconds=3600} » du type « System.Management.Automation.PSCustomObject » en type « CacheManager ».
ParameterBindingArgumentTransformationException: Impossible de traiter la transformation d'argument sur le paramètre « BaseCache ». Impossible de convertir la valeur « @{Set= param($key, $value) ; Contains= param($key) return $false ; DefaultTTLSeconds=3600} » du type « System.Management.Automation.PSCustomObject » en type « CacheManager ».</message>
                      <stack-trace>à &lt;ScriptBlock&gt;, D:\DO\WEB\N8N_tests\PROJETS\EMAIL_SENDER_1\scripts\utils\PSCacheManager\PredictiveCache\Tests\PreloadManager.Tests.ps1 : ligne 78
à &lt;ScriptBlock&gt;, C:\Users\user\Documents\WindowsPowerShell\Modules\Pester\5.7.1\Pester.psm1 : ligne 2011
à &lt;ScriptBlock&gt;, C:\Users\user\Documents\WindowsPowerShell\Modules\Pester\5.7.1\Pester.psm1 : ligne 1985
à Invoke-ScriptBlock, C:\Users\user\Documents\WindowsPowerShell\Modules\Pester\5.7.1\Pester.psm1 : ligne 2157
à Invoke-TestItem, C:\Users\user\Documents\WindowsPowerShell\Modules\Pester\5.7.1\Pester.psm1 : ligne 1199
à Invoke-Block, C:\Users\user\Documents\WindowsPowerShell\Modules\Pester\5.7.1\Pester.psm1 : ligne 835
à &lt;ScriptBlock&gt;, C:\Users\user\Documents\WindowsPowerShell\Modules\Pester\5.7.1\Pester.psm1 : ligne 893
à &lt;ScriptBlock&gt;, C:\Users\user\Documents\WindowsPowerShell\Modules\Pester\5.7.1\Pester.psm1 : ligne 2024
à &lt;ScriptBlock&gt;, C:\Users\user\Documents\WindowsPowerShell\Modules\Pester\5.7.1\Pester.psm1 : ligne 1985
à Invoke-ScriptBlock, C:\Users\user\Documents\WindowsPowerShell\Modules\Pester\5.7.1\Pester.psm1 : ligne 2160
à Invoke-Block, C:\Users\user\Documents\WindowsPowerShell\Modules\Pester\5.7.1\Pester.psm1 : ligne 940
à &lt;ScriptBlock&gt;, C:\Users\user\Documents\WindowsPowerShell\Modules\Pester\5.7.1\Pester.psm1 : ligne 893
à &lt;ScriptBlock&gt;, C:\Users\user\Documents\WindowsPowerShell\Modules\Pester\5.7.1\Pester.psm1 : ligne 2024
à &lt;ScriptBlock&gt;, C:\Users\user\Documents\WindowsPowerShell\Modules\Pester\5.7.1\Pester.psm1 : ligne 1985
à Invoke-ScriptBlock, C:\Users\user\Documents\WindowsPowerShell\Modules\Pester\5.7.1\Pester.psm1 : ligne 2160
à Invoke-Block, C:\Users\user\Documents\WindowsPowerShell\Modules\Pester\5.7.1\Pester.psm1 : ligne 940
à &lt;ScriptBlock&gt;, C:\Users\user\Documents\WindowsPowerShell\Modules\Pester\5.7.1\Pester.psm1 : ligne 893
à &lt;ScriptBlock&gt;, C:\Users\user\Documents\WindowsPowerShell\Modules\Pester\5.7.1\Pester.psm1 : ligne 2024
à &lt;ScriptBlock&gt;, C:\Users\user\Documents\WindowsPowerShell\Modules\Pester\5.7.1\Pester.psm1 : ligne 1985
à Invoke-ScriptBlock, C:\Users\user\Documents\WindowsPowerShell\Modules\Pester\5.7.1\Pester.psm1 : ligne 2160
à Invoke-Block, C:\Users\user\Documents\WindowsPowerShell\Modules\Pester\5.7.1\Pester.psm1 : ligne 940
à &lt;ScriptBlock&gt;, C:\Users\user\Documents\WindowsPowerShell\Modules\Pester\5.7.1\Pester.psm1 : ligne 1688
à &lt;ScriptBlock&gt;, C:\Users\user\Documents\WindowsPowerShell\Modules\Pester\5.7.1\Pester.ps1 : ligne 3
à &lt;ScriptBlock&gt;, C:\Users\user\Documents\WindowsPowerShell\Modules\Pester\5.7.1\Pester.psm1 : ligne 3260
à Invoke-InNewScriptScope, C:\Users\user\Documents\WindowsPowerShell\Modules\Pester\5.7.1\Pester.psm1 : ligne 3267
à Run-Test, C:\Users\user\Documents\WindowsPowerShell\Modules\Pester\5.7.1\Pester.psm1 : ligne 1691
à Invoke-Test, C:\Users\user\Documents\WindowsPowerShell\Modules\Pester\5.7.1\Pester.psm1 : ligne 2512
à Invoke-Pester&lt;End&gt;, C:\Users\user\Documents\WindowsPowerShell\Modules\Pester\5.7.1\Pester.psm1 : ligne 4960
à &lt;ScriptBlock&gt;, D:\DO\WEB\N8N_tests\PROJETS\EMAIL_SENDER_1\scripts\utils\PSCacheManager\PredictiveCache\Tests\Run-AllTests.ps1 : ligne 44
à &lt;ScriptBlock&gt;, &lt;Aucun fichier&gt; : ligne 1</stack-trace>
                    </failure>
                  </test-case>
                  <test-case description="Should check system load" name="PreloadManager Module Tests.PreloadManager Methods.Should check system load" time="0.056" asserts="0" success="False" result="Failure" executed="True">
                    <failure>
                      <message>PSInvalidCastException: Impossible de convertir la valeur « @{Set= param($key, $value) ; Contains= param($key) return $false ; DefaultTTLSeconds=3600} » du type « System.Management.Automation.PSCustomObject » en type « CacheManager ».
ArgumentTransformationMetadataException: Impossible de convertir la valeur « @{Set= param($key, $value) ; Contains= param($key) return $false ; DefaultTTLSeconds=3600} » du type « System.Management.Automation.PSCustomObject » en type « CacheManager ».
ParameterBindingArgumentTransformationException: Impossible de traiter la transformation d'argument sur le paramètre « BaseCache ». Impossible de convertir la valeur « @{Set= param($key, $value) ; Contains= param($key) return $false ; DefaultTTLSeconds=3600} » du type « System.Management.Automation.PSCustomObject » en type « CacheManager ».</message>
                      <stack-trace>à &lt;ScriptBlock&gt;, D:\DO\WEB\N8N_tests\PROJETS\EMAIL_SENDER_1\scripts\utils\PSCacheManager\PredictiveCache\Tests\PreloadManager.Tests.ps1 : ligne 78
à &lt;ScriptBlock&gt;, C:\Users\user\Documents\WindowsPowerShell\Modules\Pester\5.7.1\Pester.psm1 : ligne 2011
à &lt;ScriptBlock&gt;, C:\Users\user\Documents\WindowsPowerShell\Modules\Pester\5.7.1\Pester.psm1 : ligne 1985
à Invoke-ScriptBlock, C:\Users\user\Documents\WindowsPowerShell\Modules\Pester\5.7.1\Pester.psm1 : ligne 2157
à Invoke-TestItem, C:\Users\user\Documents\WindowsPowerShell\Modules\Pester\5.7.1\Pester.psm1 : ligne 1199
à Invoke-Block, C:\Users\user\Documents\WindowsPowerShell\Modules\Pester\5.7.1\Pester.psm1 : ligne 835
à &lt;ScriptBlock&gt;, C:\Users\user\Documents\WindowsPowerShell\Modules\Pester\5.7.1\Pester.psm1 : ligne 893
à &lt;ScriptBlock&gt;, C:\Users\user\Documents\WindowsPowerShell\Modules\Pester\5.7.1\Pester.psm1 : ligne 2024
à &lt;ScriptBlock&gt;, C:\Users\user\Documents\WindowsPowerShell\Modules\Pester\5.7.1\Pester.psm1 : ligne 1985
à Invoke-ScriptBlock, C:\Users\user\Documents\WindowsPowerShell\Modules\Pester\5.7.1\Pester.psm1 : ligne 2160
à Invoke-Block, C:\Users\user\Documents\WindowsPowerShell\Modules\Pester\5.7.1\Pester.psm1 : ligne 940
à &lt;ScriptBlock&gt;, C:\Users\user\Documents\WindowsPowerShell\Modules\Pester\5.7.1\Pester.psm1 : ligne 893
à &lt;ScriptBlock&gt;, C:\Users\user\Documents\WindowsPowerShell\Modules\Pester\5.7.1\Pester.psm1 : ligne 2024
à &lt;ScriptBlock&gt;, C:\Users\user\Documents\WindowsPowerShell\Modules\Pester\5.7.1\Pester.psm1 : ligne 1985
à Invoke-ScriptBlock, C:\Users\user\Documents\WindowsPowerShell\Modules\Pester\5.7.1\Pester.psm1 : ligne 2160
à Invoke-Block, C:\Users\user\Documents\WindowsPowerShell\Modules\Pester\5.7.1\Pester.psm1 : ligne 940
à &lt;ScriptBlock&gt;, C:\Users\user\Documents\WindowsPowerShell\Modules\Pester\5.7.1\Pester.psm1 : ligne 893
à &lt;ScriptBlock&gt;, C:\Users\user\Documents\WindowsPowerShell\Modules\Pester\5.7.1\Pester.psm1 : ligne 2024
à &lt;ScriptBlock&gt;, C:\Users\user\Documents\WindowsPowerShell\Modules\Pester\5.7.1\Pester.psm1 : ligne 1985
à Invoke-ScriptBlock, C:\Users\user\Documents\WindowsPowerShell\Modules\Pester\5.7.1\Pester.psm1 : ligne 2160
à Invoke-Block, C:\Users\user\Documents\WindowsPowerShell\Modules\Pester\5.7.1\Pester.psm1 : ligne 940
à &lt;ScriptBlock&gt;, C:\Users\user\Documents\WindowsPowerShell\Modules\Pester\5.7.1\Pester.psm1 : ligne 1688
à &lt;ScriptBlock&gt;, C:\Users\user\Documents\WindowsPowerShell\Modules\Pester\5.7.1\Pester.ps1 : ligne 3
à &lt;ScriptBlock&gt;, C:\Users\user\Documents\WindowsPowerShell\Modules\Pester\5.7.1\Pester.psm1 : ligne 3260
à Invoke-InNewScriptScope, C:\Users\user\Documents\WindowsPowerShell\Modules\Pester\5.7.1\Pester.psm1 : ligne 3267
à Run-Test, C:\Users\user\Documents\WindowsPowerShell\Modules\Pester\5.7.1\Pester.psm1 : ligne 1691
à Invoke-Test, C:\Users\user\Documents\WindowsPowerShell\Modules\Pester\5.7.1\Pester.psm1 : ligne 2512
à Invoke-Pester&lt;End&gt;, C:\Users\user\Documents\WindowsPowerShell\Modules\Pester\5.7.1\Pester.psm1 : ligne 4960
à &lt;ScriptBlock&gt;, D:\DO\WEB\N8N_tests\PROJETS\EMAIL_SENDER_1\scripts\utils\PSCacheManager\PredictiveCache\Tests\Run-AllTests.ps1 : ligne 44
à &lt;ScriptBlock&gt;, &lt;Aucun fichier&gt; : ligne 1</stack-trace>
                    </failure>
                  </test-case>
                  <test-case description="Should optimize preload strategy" name="PreloadManager Module Tests.PreloadManager Methods.Should optimize preload strategy" time="0.0635" asserts="0" success="False" result="Failure" executed="True">
                    <failure>
                      <message>PSInvalidCastException: Impossible de convertir la valeur « @{Set= param($key, $value) ; Contains= param($key) return $false ; DefaultTTLSeconds=3600} » du type « System.Management.Automation.PSCustomObject » en type « CacheManager ».
ArgumentTransformationMetadataException: Impossible de convertir la valeur « @{Set= param($key, $value) ; Contains= param($key) return $false ; DefaultTTLSeconds=3600} » du type « System.Management.Automation.PSCustomObject » en type « CacheManager ».
ParameterBindingArgumentTransformationException: Impossible de traiter la transformation d'argument sur le paramètre « BaseCache ». Impossible de convertir la valeur « @{Set= param($key, $value) ; Contains= param($key) return $false ; DefaultTTLSeconds=3600} » du type « System.Management.Automation.PSCustomObject » en type « CacheManager ».</message>
                      <stack-trace>à &lt;ScriptBlock&gt;, D:\DO\WEB\N8N_tests\PROJETS\EMAIL_SENDER_1\scripts\utils\PSCacheManager\PredictiveCache\Tests\PreloadManager.Tests.ps1 : ligne 78
à &lt;ScriptBlock&gt;, C:\Users\user\Documents\WindowsPowerShell\Modules\Pester\5.7.1\Pester.psm1 : ligne 2011
à &lt;ScriptBlock&gt;, C:\Users\user\Documents\WindowsPowerShell\Modules\Pester\5.7.1\Pester.psm1 : ligne 1985
à Invoke-ScriptBlock, C:\Users\user\Documents\WindowsPowerShell\Modules\Pester\5.7.1\Pester.psm1 : ligne 2157
à Invoke-TestItem, C:\Users\user\Documents\WindowsPowerShell\Modules\Pester\5.7.1\Pester.psm1 : ligne 1199
à Invoke-Block, C:\Users\user\Documents\WindowsPowerShell\Modules\Pester\5.7.1\Pester.psm1 : ligne 835
à &lt;ScriptBlock&gt;, C:\Users\user\Documents\WindowsPowerShell\Modules\Pester\5.7.1\Pester.psm1 : ligne 893
à &lt;ScriptBlock&gt;, C:\Users\user\Documents\WindowsPowerShell\Modules\Pester\5.7.1\Pester.psm1 : ligne 2024
à &lt;ScriptBlock&gt;, C:\Users\user\Documents\WindowsPowerShell\Modules\Pester\5.7.1\Pester.psm1 : ligne 1985
à Invoke-ScriptBlock, C:\Users\user\Documents\WindowsPowerShell\Modules\Pester\5.7.1\Pester.psm1 : ligne 2160
à Invoke-Block, C:\Users\user\Documents\WindowsPowerShell\Modules\Pester\5.7.1\Pester.psm1 : ligne 940
à &lt;ScriptBlock&gt;, C:\Users\user\Documents\WindowsPowerShell\Modules\Pester\5.7.1\Pester.psm1 : ligne 893
à &lt;ScriptBlock&gt;, C:\Users\user\Documents\WindowsPowerShell\Modules\Pester\5.7.1\Pester.psm1 : ligne 2024
à &lt;ScriptBlock&gt;, C:\Users\user\Documents\WindowsPowerShell\Modules\Pester\5.7.1\Pester.psm1 : ligne 1985
à Invoke-ScriptBlock, C:\Users\user\Documents\WindowsPowerShell\Modules\Pester\5.7.1\Pester.psm1 : ligne 2160
à Invoke-Block, C:\Users\user\Documents\WindowsPowerShell\Modules\Pester\5.7.1\Pester.psm1 : ligne 940
à &lt;ScriptBlock&gt;, C:\Users\user\Documents\WindowsPowerShell\Modules\Pester\5.7.1\Pester.psm1 : ligne 893
à &lt;ScriptBlock&gt;, C:\Users\user\Documents\WindowsPowerShell\Modules\Pester\5.7.1\Pester.psm1 : ligne 2024
à &lt;ScriptBlock&gt;, C:\Users\user\Documents\WindowsPowerShell\Modules\Pester\5.7.1\Pester.psm1 : ligne 1985
à Invoke-ScriptBlock, C:\Users\user\Documents\WindowsPowerShell\Modules\Pester\5.7.1\Pester.psm1 : ligne 2160
à Invoke-Block, C:\Users\user\Documents\WindowsPowerShell\Modules\Pester\5.7.1\Pester.psm1 : ligne 940
à &lt;ScriptBlock&gt;, C:\Users\user\Documents\WindowsPowerShell\Modules\Pester\5.7.1\Pester.psm1 : ligne 1688
à &lt;ScriptBlock&gt;, C:\Users\user\Documents\WindowsPowerShell\Modules\Pester\5.7.1\Pester.ps1 : ligne 3
à &lt;ScriptBlock&gt;, C:\Users\user\Documents\WindowsPowerShell\Modules\Pester\5.7.1\Pester.psm1 : ligne 3260
à Invoke-InNewScriptScope, C:\Users\user\Documents\WindowsPowerShell\Modules\Pester\5.7.1\Pester.psm1 : ligne 3267
à Run-Test, C:\Users\user\Documents\WindowsPowerShell\Modules\Pester\5.7.1\Pester.psm1 : ligne 1691
à Invoke-Test, C:\Users\user\Documents\WindowsPowerShell\Modules\Pester\5.7.1\Pester.psm1 : ligne 2512
à Invoke-Pester&lt;End&gt;, C:\Users\user\Documents\WindowsPowerShell\Modules\Pester\5.7.1\Pester.psm1 : ligne 4960
à &lt;ScriptBlock&gt;, D:\DO\WEB\N8N_tests\PROJETS\EMAIL_SENDER_1\scripts\utils\PSCacheManager\PredictiveCache\Tests\Run-AllTests.ps1 : ligne 44
à &lt;ScriptBlock&gt;, &lt;Aucun fichier&gt; : ligne 1</stack-trace>
                    </failure>
                  </test-case>
                  <test-case description="Should get preload statistics" name="PreloadManager Module Tests.PreloadManager Methods.Should get preload statistics" time="0.0599" asserts="0" success="False" result="Failure" executed="True">
                    <failure>
                      <message>PSInvalidCastException: Impossible de convertir la valeur « @{Set= param($key, $value) ; Contains= param($key) return $false ; DefaultTTLSeconds=3600} » du type « System.Management.Automation.PSCustomObject » en type « CacheManager ».
ArgumentTransformationMetadataException: Impossible de convertir la valeur « @{Set= param($key, $value) ; Contains= param($key) return $false ; DefaultTTLSeconds=3600} » du type « System.Management.Automation.PSCustomObject » en type « CacheManager ».
ParameterBindingArgumentTransformationException: Impossible de traiter la transformation d'argument sur le paramètre « BaseCache ». Impossible de convertir la valeur « @{Set= param($key, $value) ; Contains= param($key) return $false ; DefaultTTLSeconds=3600} » du type « System.Management.Automation.PSCustomObject » en type « CacheManager ».</message>
                      <stack-trace>à &lt;ScriptBlock&gt;, D:\DO\WEB\N8N_tests\PROJETS\EMAIL_SENDER_1\scripts\utils\PSCacheManager\PredictiveCache\Tests\PreloadManager.Tests.ps1 : ligne 78
à &lt;ScriptBlock&gt;, C:\Users\user\Documents\WindowsPowerShell\Modules\Pester\5.7.1\Pester.psm1 : ligne 2011
à &lt;ScriptBlock&gt;, C:\Users\user\Documents\WindowsPowerShell\Modules\Pester\5.7.1\Pester.psm1 : ligne 1985
à Invoke-ScriptBlock, C:\Users\user\Documents\WindowsPowerShell\Modules\Pester\5.7.1\Pester.psm1 : ligne 2157
à Invoke-TestItem, C:\Users\user\Documents\WindowsPowerShell\Modules\Pester\5.7.1\Pester.psm1 : ligne 1199
à Invoke-Block, C:\Users\user\Documents\WindowsPowerShell\Modules\Pester\5.7.1\Pester.psm1 : ligne 835
à &lt;ScriptBlock&gt;, C:\Users\user\Documents\WindowsPowerShell\Modules\Pester\5.7.1\Pester.psm1 : ligne 893
à &lt;ScriptBlock&gt;, C:\Users\user\Documents\WindowsPowerShell\Modules\Pester\5.7.1\Pester.psm1 : ligne 2024
à &lt;ScriptBlock&gt;, C:\Users\user\Documents\WindowsPowerShell\Modules\Pester\5.7.1\Pester.psm1 : ligne 1985
à Invoke-ScriptBlock, C:\Users\user\Documents\WindowsPowerShell\Modules\Pester\5.7.1\Pester.psm1 : ligne 2160
à Invoke-Block, C:\Users\user\Documents\WindowsPowerShell\Modules\Pester\5.7.1\Pester.psm1 : ligne 940
à &lt;ScriptBlock&gt;, C:\Users\user\Documents\WindowsPowerShell\Modules\Pester\5.7.1\Pester.psm1 : ligne 893
à &lt;ScriptBlock&gt;, C:\Users\user\Documents\WindowsPowerShell\Modules\Pester\5.7.1\Pester.psm1 : ligne 2024
à &lt;ScriptBlock&gt;, C:\Users\user\Documents\WindowsPowerShell\Modules\Pester\5.7.1\Pester.psm1 : ligne 1985
à Invoke-ScriptBlock, C:\Users\user\Documents\WindowsPowerShell\Modules\Pester\5.7.1\Pester.psm1 : ligne 2160
à Invoke-Block, C:\Users\user\Documents\WindowsPowerShell\Modules\Pester\5.7.1\Pester.psm1 : ligne 940
à &lt;ScriptBlock&gt;, C:\Users\user\Documents\WindowsPowerShell\Modules\Pester\5.7.1\Pester.psm1 : ligne 893
à &lt;ScriptBlock&gt;, C:\Users\user\Documents\WindowsPowerShell\Modules\Pester\5.7.1\Pester.psm1 : ligne 2024
à &lt;ScriptBlock&gt;, C:\Users\user\Documents\WindowsPowerShell\Modules\Pester\5.7.1\Pester.psm1 : ligne 1985
à Invoke-ScriptBlock, C:\Users\user\Documents\WindowsPowerShell\Modules\Pester\5.7.1\Pester.psm1 : ligne 2160
à Invoke-Block, C:\Users\user\Documents\WindowsPowerShell\Modules\Pester\5.7.1\Pester.psm1 : ligne 940
à &lt;ScriptBlock&gt;, C:\Users\user\Documents\WindowsPowerShell\Modules\Pester\5.7.1\Pester.psm1 : ligne 1688
à &lt;ScriptBlock&gt;, C:\Users\user\Documents\WindowsPowerShell\Modules\Pester\5.7.1\Pester.ps1 : ligne 3
à &lt;ScriptBlock&gt;, C:\Users\user\Documents\WindowsPowerShell\Modules\Pester\5.7.1\Pester.psm1 : ligne 3260
à Invoke-InNewScriptScope, C:\Users\user\Documents\WindowsPowerShell\Modules\Pester\5.7.1\Pester.psm1 : ligne 3267
à Run-Test, C:\Users\user\Documents\WindowsPowerShell\Modules\Pester\5.7.1\Pester.psm1 : ligne 1691
à Invoke-Test, C:\Users\user\Documents\WindowsPowerShell\Modules\Pester\5.7.1\Pester.psm1 : ligne 2512
à Invoke-Pester&lt;End&gt;, C:\Users\user\Documents\WindowsPowerShell\Modules\Pester\5.7.1\Pester.psm1 : ligne 4960
à &lt;ScriptBlock&gt;, D:\DO\WEB\N8N_tests\PROJETS\EMAIL_SENDER_1\scripts\utils\PSCacheManager\PredictiveCache\Tests\Run-AllTests.ps1 : ligne 44
à &lt;ScriptBlock&gt;, &lt;Aucun fichier&gt; : ligne 1</stack-trace>
                    </failure>
                  </test-case>
                </results>
              </test-suite>
            </results>
          </test-suite>
        </results>
      </test-suite>
      <test-suite type="TestFixture" name="D:\DO\WEB\N8N_tests\PROJETS\EMAIL_SENDER_1\scripts\utils\PSCacheManager\PredictiveCache\Tests\TTLOptimizer.Tests.ps1" executed="True" result="Failure" success="False" time="1.32" asserts="0" description="D:\DO\WEB\N8N_tests\PROJETS\EMAIL_SENDER_1\scripts\utils\PSCacheManager\PredictiveCache\Tests\TTLOptimizer.Tests.ps1">
        <results>
          <test-suite type="TestFixture" name="TTLOptimizer Module Tests" executed="True" result="Failure" success="False" time="0.8852" asserts="0" description="TTLOptimizer Module Tests">
            <results>
              <test-suite type="TestFixture" name="TTLOptimizer Module Tests.New-TTLOptimizer Function" executed="True" result="Failure" success="False" time="0.1882" asserts="0" description="TTLOptimizer Module Tests.New-TTLOptimizer Function">
                <results>
                  <test-case description="Should create a new TTLOptimizer object" name="TTLOptimizer Module Tests.New-TTLOptimizer Function.Should create a new TTLOptimizer object" time="0.0851" asserts="0" success="False" result="Failure" executed="True">
                    <failure>
                      <message>PSInvalidCastException: Impossible de convertir la valeur « @{DefaultTTLSeconds=3600; Contains= param($key) return $false } » du type « System.Management.Automation.PSCustomObject » en type « CacheManager ».
ArgumentTransformationMetadataException: Impossible de convertir la valeur « @{DefaultTTLSeconds=3600; Contains= param($key) return $false } » du type « System.Management.Automation.PSCustomObject » en type « CacheManager ».
ParameterBindingArgumentTransformationException: Impossible de traiter la transformation d'argument sur le paramètre « BaseCache ». Impossible de convertir la valeur « @{DefaultTTLSeconds=3600; Contains= param($key) return $false } » du type « System.Management.Automation.PSCustomObject » en type « CacheManager ».</message>
                      <stack-trace>à &lt;ScriptBlock&gt;, D:\DO\WEB\N8N_tests\PROJETS\EMAIL_SENDER_1\scripts\utils\PSCacheManager\PredictiveCache\Tests\TTLOptimizer.Tests.ps1 : ligne 89
à &lt;ScriptBlock&gt;, C:\Users\user\Documents\WindowsPowerShell\Modules\Pester\5.7.1\Pester.psm1 : ligne 2024
à &lt;ScriptBlock&gt;, C:\Users\user\Documents\WindowsPowerShell\Modules\Pester\5.7.1\Pester.psm1 : ligne 1985
à Invoke-ScriptBlock, C:\Users\user\Documents\WindowsPowerShell\Modules\Pester\5.7.1\Pester.psm1 : ligne 2157
à Invoke-TestItem, C:\Users\user\Documents\WindowsPowerShell\Modules\Pester\5.7.1\Pester.psm1 : ligne 1199
à Invoke-Block, C:\Users\user\Documents\WindowsPowerShell\Modules\Pester\5.7.1\Pester.psm1 : ligne 835
à &lt;ScriptBlock&gt;, C:\Users\user\Documents\WindowsPowerShell\Modules\Pester\5.7.1\Pester.psm1 : ligne 893
à &lt;ScriptBlock&gt;, C:\Users\user\Documents\WindowsPowerShell\Modules\Pester\5.7.1\Pester.psm1 : ligne 2024
à &lt;ScriptBlock&gt;, C:\Users\user\Documents\WindowsPowerShell\Modules\Pester\5.7.1\Pester.psm1 : ligne 1985
à Invoke-ScriptBlock, C:\Users\user\Documents\WindowsPowerShell\Modules\Pester\5.7.1\Pester.psm1 : ligne 2160
à Invoke-Block, C:\Users\user\Documents\WindowsPowerShell\Modules\Pester\5.7.1\Pester.psm1 : ligne 940
à &lt;ScriptBlock&gt;, C:\Users\user\Documents\WindowsPowerShell\Modules\Pester\5.7.1\Pester.psm1 : ligne 893
à &lt;ScriptBlock&gt;, C:\Users\user\Documents\WindowsPowerShell\Modules\Pester\5.7.1\Pester.psm1 : ligne 2024
à &lt;ScriptBlock&gt;, C:\Users\user\Documents\WindowsPowerShell\Modules\Pester\5.7.1\Pester.psm1 : ligne 1985
à Invoke-ScriptBlock, C:\Users\user\Documents\WindowsPowerShell\Modules\Pester\5.7.1\Pester.psm1 : ligne 2160
à Invoke-Block, C:\Users\user\Documents\WindowsPowerShell\Modules\Pester\5.7.1\Pester.psm1 : ligne 940
à &lt;ScriptBlock&gt;, C:\Users\user\Documents\WindowsPowerShell\Modules\Pester\5.7.1\Pester.psm1 : ligne 893
à &lt;ScriptBlock&gt;, C:\Users\user\Documents\WindowsPowerShell\Modules\Pester\5.7.1\Pester.psm1 : ligne 2024
à &lt;ScriptBlock&gt;, C:\Users\user\Documents\WindowsPowerShell\Modules\Pester\5.7.1\Pester.psm1 : ligne 1985
à Invoke-ScriptBlock, C:\Users\user\Documents\WindowsPowerShell\Modules\Pester\5.7.1\Pester.psm1 : ligne 2160
à Invoke-Block, C:\Users\user\Documents\WindowsPowerShell\Modules\Pester\5.7.1\Pester.psm1 : ligne 940
à &lt;ScriptBlock&gt;, C:\Users\user\Documents\WindowsPowerShell\Modules\Pester\5.7.1\Pester.psm1 : ligne 1688
à &lt;ScriptBlock&gt;, C:\Users\user\Documents\WindowsPowerShell\Modules\Pester\5.7.1\Pester.ps1 : ligne 3
à &lt;ScriptBlock&gt;, C:\Users\user\Documents\WindowsPowerShell\Modules\Pester\5.7.1\Pester.psm1 : ligne 3260
à Invoke-InNewScriptScope, C:\Users\user\Documents\WindowsPowerShell\Modules\Pester\5.7.1\Pester.psm1 : ligne 3267
à Run-Test, C:\Users\user\Documents\WindowsPowerShell\Modules\Pester\5.7.1\Pester.psm1 : ligne 1691
à Invoke-Test, C:\Users\user\Documents\WindowsPowerShell\Modules\Pester\5.7.1\Pester.psm1 : ligne 2512
à Invoke-Pester&lt;End&gt;, C:\Users\user\Documents\WindowsPowerShell\Modules\Pester\5.7.1\Pester.psm1 : ligne 4960
à &lt;ScriptBlock&gt;, D:\DO\WEB\N8N_tests\PROJETS\EMAIL_SENDER_1\scripts\utils\PSCacheManager\PredictiveCache\Tests\Run-AllTests.ps1 : ligne 44
à &lt;ScriptBlock&gt;, &lt;Aucun fichier&gt; : ligne 1</stack-trace>
                    </failure>
                  </test-case>
                  <test-case description="Should set the correct default TTL range" name="TTLOptimizer Module Tests.New-TTLOptimizer Function.Should set the correct default TTL range" time="0.0613" asserts="0" success="False" result="Failure" executed="True">
                    <failure>
                      <message>PSInvalidCastException: Impossible de convertir la valeur « @{DefaultTTLSeconds=3600; Contains= param($key) return $false } » du type « System.Management.Automation.PSCustomObject » en type « CacheManager ».
ArgumentTransformationMetadataException: Impossible de convertir la valeur « @{DefaultTTLSeconds=3600; Contains= param($key) return $false } » du type « System.Management.Automation.PSCustomObject » en type « CacheManager ».
ParameterBindingArgumentTransformationException: Impossible de traiter la transformation d'argument sur le paramètre « BaseCache ». Impossible de convertir la valeur « @{DefaultTTLSeconds=3600; Contains= param($key) return $false } » du type « System.Management.Automation.PSCustomObject » en type « CacheManager ».</message>
                      <stack-trace>à &lt;ScriptBlock&gt;, D:\DO\WEB\N8N_tests\PROJETS\EMAIL_SENDER_1\scripts\utils\PSCacheManager\PredictiveCache\Tests\TTLOptimizer.Tests.ps1 : ligne 95
à &lt;ScriptBlock&gt;, C:\Users\user\Documents\WindowsPowerShell\Modules\Pester\5.7.1\Pester.psm1 : ligne 2024
à &lt;ScriptBlock&gt;, C:\Users\user\Documents\WindowsPowerShell\Modules\Pester\5.7.1\Pester.psm1 : ligne 1985
à Invoke-ScriptBlock, C:\Users\user\Documents\WindowsPowerShell\Modules\Pester\5.7.1\Pester.psm1 : ligne 2157
à Invoke-TestItem, C:\Users\user\Documents\WindowsPowerShell\Modules\Pester\5.7.1\Pester.psm1 : ligne 1199
à Invoke-Block, C:\Users\user\Documents\WindowsPowerShell\Modules\Pester\5.7.1\Pester.psm1 : ligne 835
à &lt;ScriptBlock&gt;, C:\Users\user\Documents\WindowsPowerShell\Modules\Pester\5.7.1\Pester.psm1 : ligne 893
à &lt;ScriptBlock&gt;, C:\Users\user\Documents\WindowsPowerShell\Modules\Pester\5.7.1\Pester.psm1 : ligne 2024
à &lt;ScriptBlock&gt;, C:\Users\user\Documents\WindowsPowerShell\Modules\Pester\5.7.1\Pester.psm1 : ligne 1985
à Invoke-ScriptBlock, C:\Users\user\Documents\WindowsPowerShell\Modules\Pester\5.7.1\Pester.psm1 : ligne 2160
à Invoke-Block, C:\Users\user\Documents\WindowsPowerShell\Modules\Pester\5.7.1\Pester.psm1 : ligne 940
à &lt;ScriptBlock&gt;, C:\Users\user\Documents\WindowsPowerShell\Modules\Pester\5.7.1\Pester.psm1 : ligne 893
à &lt;ScriptBlock&gt;, C:\Users\user\Documents\WindowsPowerShell\Modules\Pester\5.7.1\Pester.psm1 : ligne 2024
à &lt;ScriptBlock&gt;, C:\Users\user\Documents\WindowsPowerShell\Modules\Pester\5.7.1\Pester.psm1 : ligne 1985
à Invoke-ScriptBlock, C:\Users\user\Documents\WindowsPowerShell\Modules\Pester\5.7.1\Pester.psm1 : ligne 2160
à Invoke-Block, C:\Users\user\Documents\WindowsPowerShell\Modules\Pester\5.7.1\Pester.psm1 : ligne 940
à &lt;ScriptBlock&gt;, C:\Users\user\Documents\WindowsPowerShell\Modules\Pester\5.7.1\Pester.psm1 : ligne 893
à &lt;ScriptBlock&gt;, C:\Users\user\Documents\WindowsPowerShell\Modules\Pester\5.7.1\Pester.psm1 : ligne 2024
à &lt;ScriptBlock&gt;, C:\Users\user\Documents\WindowsPowerShell\Modules\Pester\5.7.1\Pester.psm1 : ligne 1985
à Invoke-ScriptBlock, C:\Users\user\Documents\WindowsPowerShell\Modules\Pester\5.7.1\Pester.psm1 : ligne 2160
à Invoke-Block, C:\Users\user\Documents\WindowsPowerShell\Modules\Pester\5.7.1\Pester.psm1 : ligne 940
à &lt;ScriptBlock&gt;, C:\Users\user\Documents\WindowsPowerShell\Modules\Pester\5.7.1\Pester.psm1 : ligne 1688
à &lt;ScriptBlock&gt;, C:\Users\user\Documents\WindowsPowerShell\Modules\Pester\5.7.1\Pester.ps1 : ligne 3
à &lt;ScriptBlock&gt;, C:\Users\user\Documents\WindowsPowerShell\Modules\Pester\5.7.1\Pester.psm1 : ligne 3260
à Invoke-InNewScriptScope, C:\Users\user\Documents\WindowsPowerShell\Modules\Pester\5.7.1\Pester.psm1 : ligne 3267
à Run-Test, C:\Users\user\Documents\WindowsPowerShell\Modules\Pester\5.7.1\Pester.psm1 : ligne 1691
à Invoke-Test, C:\Users\user\Documents\WindowsPowerShell\Modules\Pester\5.7.1\Pester.psm1 : ligne 2512
à Invoke-Pester&lt;End&gt;, C:\Users\user\Documents\WindowsPowerShell\Modules\Pester\5.7.1\Pester.psm1 : ligne 4960
à &lt;ScriptBlock&gt;, D:\DO\WEB\N8N_tests\PROJETS\EMAIL_SENDER_1\scripts\utils\PSCacheManager\PredictiveCache\Tests\Run-AllTests.ps1 : ligne 44
à &lt;ScriptBlock&gt;, &lt;Aucun fichier&gt; : ligne 1</stack-trace>
                    </failure>
                  </test-case>
                </results>
              </test-suite>
              <test-suite type="TestFixture" name="TTLOptimizer Module Tests.Set-TTLOptimizerParameters Function" executed="True" result="Failure" success="False" time="0.4073" asserts="0" description="TTLOptimizer Module Tests.Set-TTLOptimizerParameters Function">
                <results>
                  <test-case description="Should update TTL optimizer parameters" name="TTLOptimizer Module Tests.Set-TTLOptimizerParameters Function.Should update TTL optimizer parameters" time="0.0928" asserts="0" success="False" result="Failure" executed="True">
                    <failure>
                      <message>PSInvalidCastException: Impossible de convertir la valeur « @{DefaultTTLSeconds=3600; Contains= param($key) return $false } » du type « System.Management.Automation.PSCustomObject » en type « CacheManager ».
ArgumentTransformationMetadataException: Impossible de convertir la valeur « @{DefaultTTLSeconds=3600; Contains= param($key) return $false } » du type « System.Management.Automation.PSCustomObject » en type « CacheManager ».
ParameterBindingArgumentTransformationException: Impossible de traiter la transformation d'argument sur le paramètre « BaseCache ». Impossible de convertir la valeur « @{DefaultTTLSeconds=3600; Contains= param($key) return $false } » du type « System.Management.Automation.PSCustomObject » en type « CacheManager ».</message>
                      <stack-trace>à &lt;ScriptBlock&gt;, D:\DO\WEB\N8N_tests\PROJETS\EMAIL_SENDER_1\scripts\utils\PSCacheManager\PredictiveCache\Tests\TTLOptimizer.Tests.ps1 : ligne 104
à &lt;ScriptBlock&gt;, C:\Users\user\Documents\WindowsPowerShell\Modules\Pester\5.7.1\Pester.psm1 : ligne 2024
à &lt;ScriptBlock&gt;, C:\Users\user\Documents\WindowsPowerShell\Modules\Pester\5.7.1\Pester.psm1 : ligne 1985
à Invoke-ScriptBlock, C:\Users\user\Documents\WindowsPowerShell\Modules\Pester\5.7.1\Pester.psm1 : ligne 2157
à Invoke-TestItem, C:\Users\user\Documents\WindowsPowerShell\Modules\Pester\5.7.1\Pester.psm1 : ligne 1199
à Invoke-Block, C:\Users\user\Documents\WindowsPowerShell\Modules\Pester\5.7.1\Pester.psm1 : ligne 835
à &lt;ScriptBlock&gt;, C:\Users\user\Documents\WindowsPowerShell\Modules\Pester\5.7.1\Pester.psm1 : ligne 893
à &lt;ScriptBlock&gt;, C:\Users\user\Documents\WindowsPowerShell\Modules\Pester\5.7.1\Pester.psm1 : ligne 2024
à &lt;ScriptBlock&gt;, C:\Users\user\Documents\WindowsPowerShell\Modules\Pester\5.7.1\Pester.psm1 : ligne 1985
à Invoke-ScriptBlock, C:\Users\user\Documents\WindowsPowerShell\Modules\Pester\5.7.1\Pester.psm1 : ligne 2160
à Invoke-Block, C:\Users\user\Documents\WindowsPowerShell\Modules\Pester\5.7.1\Pester.psm1 : ligne 940
à &lt;ScriptBlock&gt;, C:\Users\user\Documents\WindowsPowerShell\Modules\Pester\5.7.1\Pester.psm1 : ligne 893
à &lt;ScriptBlock&gt;, C:\Users\user\Documents\WindowsPowerShell\Modules\Pester\5.7.1\Pester.psm1 : ligne 2024
à &lt;ScriptBlock&gt;, C:\Users\user\Documents\WindowsPowerShell\Modules\Pester\5.7.1\Pester.psm1 : ligne 1985
à Invoke-ScriptBlock, C:\Users\user\Documents\WindowsPowerShell\Modules\Pester\5.7.1\Pester.psm1 : ligne 2160
à Invoke-Block, C:\Users\user\Documents\WindowsPowerShell\Modules\Pester\5.7.1\Pester.psm1 : ligne 940
à &lt;ScriptBlock&gt;, C:\Users\user\Documents\WindowsPowerShell\Modules\Pester\5.7.1\Pester.psm1 : ligne 893
à &lt;ScriptBlock&gt;, C:\Users\user\Documents\WindowsPowerShell\Modules\Pester\5.7.1\Pester.psm1 : ligne 2024
à &lt;ScriptBlock&gt;, C:\Users\user\Documents\WindowsPowerShell\Modules\Pester\5.7.1\Pester.psm1 : ligne 1985
à Invoke-ScriptBlock, C:\Users\user\Documents\WindowsPowerShell\Modules\Pester\5.7.1\Pester.psm1 : ligne 2160
à Invoke-Block, C:\Users\user\Documents\WindowsPowerShell\Modules\Pester\5.7.1\Pester.psm1 : ligne 940
à &lt;ScriptBlock&gt;, C:\Users\user\Documents\WindowsPowerShell\Modules\Pester\5.7.1\Pester.psm1 : ligne 1688
à &lt;ScriptBlock&gt;, C:\Users\user\Documents\WindowsPowerShell\Modules\Pester\5.7.1\Pester.ps1 : ligne 3
à &lt;ScriptBlock&gt;, C:\Users\user\Documents\WindowsPowerShell\Modules\Pester\5.7.1\Pester.psm1 : ligne 3260
à Invoke-InNewScriptScope, C:\Users\user\Documents\WindowsPowerShell\Modules\Pester\5.7.1\Pester.psm1 : ligne 3267
à Run-Test, C:\Users\user\Documents\WindowsPowerShell\Modules\Pester\5.7.1\Pester.psm1 : ligne 1691
à Invoke-Test, C:\Users\user\Documents\WindowsPowerShell\Modules\Pester\5.7.1\Pester.psm1 : ligne 2512
à Invoke-Pester&lt;End&gt;, C:\Users\user\Documents\WindowsPowerShell\Modules\Pester\5.7.1\Pester.psm1 : ligne 4960
à &lt;ScriptBlock&gt;, D:\DO\WEB\N8N_tests\PROJETS\EMAIL_SENDER_1\scripts\utils\PSCacheManager\PredictiveCache\Tests\Run-AllTests.ps1 : ligne 44
à &lt;ScriptBlock&gt;, &lt;Aucun fichier&gt; : ligne 1</stack-trace>
                    </failure>
                  </test-case>
                  <test-case description="Should update weight parameters" name="TTLOptimizer Module Tests.Set-TTLOptimizerParameters Function.Should update weight parameters" time="0.0804" asserts="0" success="False" result="Failure" executed="True">
                    <failure>
                      <message>PSInvalidCastException: Impossible de convertir la valeur « @{DefaultTTLSeconds=3600; Contains= param($key) return $false } » du type « System.Management.Automation.PSCustomObject » en type « CacheManager ».
ArgumentTransformationMetadataException: Impossible de convertir la valeur « @{DefaultTTLSeconds=3600; Contains= param($key) return $false } » du type « System.Management.Automation.PSCustomObject » en type « CacheManager ».
ParameterBindingArgumentTransformationException: Impossible de traiter la transformation d'argument sur le paramètre « BaseCache ». Impossible de convertir la valeur « @{DefaultTTLSeconds=3600; Contains= param($key) return $false } » du type « System.Management.Automation.PSCustomObject » en type « CacheManager ».</message>
                      <stack-trace>à &lt;ScriptBlock&gt;, D:\DO\WEB\N8N_tests\PROJETS\EMAIL_SENDER_1\scripts\utils\PSCacheManager\PredictiveCache\Tests\TTLOptimizer.Tests.ps1 : ligne 119
à &lt;ScriptBlock&gt;, C:\Users\user\Documents\WindowsPowerShell\Modules\Pester\5.7.1\Pester.psm1 : ligne 2024
à &lt;ScriptBlock&gt;, C:\Users\user\Documents\WindowsPowerShell\Modules\Pester\5.7.1\Pester.psm1 : ligne 1985
à Invoke-ScriptBlock, C:\Users\user\Documents\WindowsPowerShell\Modules\Pester\5.7.1\Pester.psm1 : ligne 2157
à Invoke-TestItem, C:\Users\user\Documents\WindowsPowerShell\Modules\Pester\5.7.1\Pester.psm1 : ligne 1199
à Invoke-Block, C:\Users\user\Documents\WindowsPowerShell\Modules\Pester\5.7.1\Pester.psm1 : ligne 835
à &lt;ScriptBlock&gt;, C:\Users\user\Documents\WindowsPowerShell\Modules\Pester\5.7.1\Pester.psm1 : ligne 893
à &lt;ScriptBlock&gt;, C:\Users\user\Documents\WindowsPowerShell\Modules\Pester\5.7.1\Pester.psm1 : ligne 2024
à &lt;ScriptBlock&gt;, C:\Users\user\Documents\WindowsPowerShell\Modules\Pester\5.7.1\Pester.psm1 : ligne 1985
à Invoke-ScriptBlock, C:\Users\user\Documents\WindowsPowerShell\Modules\Pester\5.7.1\Pester.psm1 : ligne 2160
à Invoke-Block, C:\Users\user\Documents\WindowsPowerShell\Modules\Pester\5.7.1\Pester.psm1 : ligne 940
à &lt;ScriptBlock&gt;, C:\Users\user\Documents\WindowsPowerShell\Modules\Pester\5.7.1\Pester.psm1 : ligne 893
à &lt;ScriptBlock&gt;, C:\Users\user\Documents\WindowsPowerShell\Modules\Pester\5.7.1\Pester.psm1 : ligne 2024
à &lt;ScriptBlock&gt;, C:\Users\user\Documents\WindowsPowerShell\Modules\Pester\5.7.1\Pester.psm1 : ligne 1985
à Invoke-ScriptBlock, C:\Users\user\Documents\WindowsPowerShell\Modules\Pester\5.7.1\Pester.psm1 : ligne 2160
à Invoke-Block, C:\Users\user\Documents\WindowsPowerShell\Modules\Pester\5.7.1\Pester.psm1 : ligne 940
à &lt;ScriptBlock&gt;, C:\Users\user\Documents\WindowsPowerShell\Modules\Pester\5.7.1\Pester.psm1 : ligne 893
à &lt;ScriptBlock&gt;, C:\Users\user\Documents\WindowsPowerShell\Modules\Pester\5.7.1\Pester.psm1 : ligne 2024
à &lt;ScriptBlock&gt;, C:\Users\user\Documents\WindowsPowerShell\Modules\Pester\5.7.1\Pester.psm1 : ligne 1985
à Invoke-ScriptBlock, C:\Users\user\Documents\WindowsPowerShell\Modules\Pester\5.7.1\Pester.psm1 : ligne 2160
à Invoke-Block, C:\Users\user\Documents\WindowsPowerShell\Modules\Pester\5.7.1\Pester.psm1 : ligne 940
à &lt;ScriptBlock&gt;, C:\Users\user\Documents\WindowsPowerShell\Modules\Pester\5.7.1\Pester.psm1 : ligne 1688
à &lt;ScriptBlock&gt;, C:\Users\user\Documents\WindowsPowerShell\Modules\Pester\5.7.1\Pester.ps1 : ligne 3
à &lt;ScriptBlock&gt;, C:\Users\user\Documents\WindowsPowerShell\Modules\Pester\5.7.1\Pester.psm1 : ligne 3260
à Invoke-InNewScriptScope, C:\Users\user\Documents\WindowsPowerShell\Modules\Pester\5.7.1\Pester.psm1 : ligne 3267
à Run-Test, C:\Users\user\Documents\WindowsPowerShell\Modules\Pester\5.7.1\Pester.psm1 : ligne 1691
à Invoke-Test, C:\Users\user\Documents\WindowsPowerShell\Modules\Pester\5.7.1\Pester.psm1 : ligne 2512
à Invoke-Pester&lt;End&gt;, C:\Users\user\Documents\WindowsPowerShell\Modules\Pester\5.7.1\Pester.psm1 : ligne 4960
à &lt;ScriptBlock&gt;, D:\DO\WEB\N8N_tests\PROJETS\EMAIL_SENDER_1\scripts\utils\PSCacheManager\PredictiveCache\Tests\Run-AllTests.ps1 : ligne 44
à &lt;ScriptBlock&gt;, &lt;Aucun fichier&gt; : ligne 1</stack-trace>
                    </failure>
                  </test-case>
                </results>
              </test-suite>
              <test-suite type="TestFixture" name="TTLOptimizer Module Tests.TTLOptimizer Methods" executed="True" result="Failure" success="False" time="0.7707" asserts="0" description="TTLOptimizer Module Tests.TTLOptimizer Methods">
                <results>
                  <test-case description="Should optimize TTL for a key" name="TTLOptimizer Module Tests.TTLOptimizer Methods.Should optimize TTL for a key" time="0.0687" asserts="0" success="False" result="Failure" executed="True">
                    <failure>
                      <message>PSInvalidCastException: Impossible de convertir la valeur « @{DefaultTTLSeconds=3600; Contains= param($key) return $false } » du type « System.Management.Automation.PSCustomObject » en type « CacheManager ».
ArgumentTransformationMetadataException: Impossible de convertir la valeur « @{DefaultTTLSeconds=3600; Contains= param($key) return $false } » du type « System.Management.Automation.PSCustomObject » en type « CacheManager ».
ParameterBindingArgumentTransformationException: Impossible de traiter la transformation d'argument sur le paramètre « BaseCache ». Impossible de convertir la valeur « @{DefaultTTLSeconds=3600; Contains= param($key) return $false } » du type « System.Management.Automation.PSCustomObject » en type « CacheManager ».</message>
                      <stack-trace>à &lt;ScriptBlock&gt;, D:\DO\WEB\N8N_tests\PROJETS\EMAIL_SENDER_1\scripts\utils\PSCacheManager\PredictiveCache\Tests\TTLOptimizer.Tests.ps1 : ligne 141
à &lt;ScriptBlock&gt;, C:\Users\user\Documents\WindowsPowerShell\Modules\Pester\5.7.1\Pester.psm1 : ligne 2011
à &lt;ScriptBlock&gt;, C:\Users\user\Documents\WindowsPowerShell\Modules\Pester\5.7.1\Pester.psm1 : ligne 1985
à Invoke-ScriptBlock, C:\Users\user\Documents\WindowsPowerShell\Modules\Pester\5.7.1\Pester.psm1 : ligne 2157
à Invoke-TestItem, C:\Users\user\Documents\WindowsPowerShell\Modules\Pester\5.7.1\Pester.psm1 : ligne 1199
à Invoke-Block, C:\Users\user\Documents\WindowsPowerShell\Modules\Pester\5.7.1\Pester.psm1 : ligne 835
à &lt;ScriptBlock&gt;, C:\Users\user\Documents\WindowsPowerShell\Modules\Pester\5.7.1\Pester.psm1 : ligne 893
à &lt;ScriptBlock&gt;, C:\Users\user\Documents\WindowsPowerShell\Modules\Pester\5.7.1\Pester.psm1 : ligne 2024
à &lt;ScriptBlock&gt;, C:\Users\user\Documents\WindowsPowerShell\Modules\Pester\5.7.1\Pester.psm1 : ligne 1985
à Invoke-ScriptBlock, C:\Users\user\Documents\WindowsPowerShell\Modules\Pester\5.7.1\Pester.psm1 : ligne 2160
à Invoke-Block, C:\Users\user\Documents\WindowsPowerShell\Modules\Pester\5.7.1\Pester.psm1 : ligne 940
à &lt;ScriptBlock&gt;, C:\Users\user\Documents\WindowsPowerShell\Modules\Pester\5.7.1\Pester.psm1 : ligne 893
à &lt;ScriptBlock&gt;, C:\Users\user\Documents\WindowsPowerShell\Modules\Pester\5.7.1\Pester.psm1 : ligne 2024
à &lt;ScriptBlock&gt;, C:\Users\user\Documents\WindowsPowerShell\Modules\Pester\5.7.1\Pester.psm1 : ligne 1985
à Invoke-ScriptBlock, C:\Users\user\Documents\WindowsPowerShell\Modules\Pester\5.7.1\Pester.psm1 : ligne 2160
à Invoke-Block, C:\Users\user\Documents\WindowsPowerShell\Modules\Pester\5.7.1\Pester.psm1 : ligne 940
à &lt;ScriptBlock&gt;, C:\Users\user\Documents\WindowsPowerShell\Modules\Pester\5.7.1\Pester.psm1 : ligne 893
à &lt;ScriptBlock&gt;, C:\Users\user\Documents\WindowsPowerShell\Modules\Pester\5.7.1\Pester.psm1 : ligne 2024
à &lt;ScriptBlock&gt;, C:\Users\user\Documents\WindowsPowerShell\Modules\Pester\5.7.1\Pester.psm1 : ligne 1985
à Invoke-ScriptBlock, C:\Users\user\Documents\WindowsPowerShell\Modules\Pester\5.7.1\Pester.psm1 : ligne 2160
à Invoke-Block, C:\Users\user\Documents\WindowsPowerShell\Modules\Pester\5.7.1\Pester.psm1 : ligne 940
à &lt;ScriptBlock&gt;, C:\Users\user\Documents\WindowsPowerShell\Modules\Pester\5.7.1\Pester.psm1 : ligne 1688
à &lt;ScriptBlock&gt;, C:\Users\user\Documents\WindowsPowerShell\Modules\Pester\5.7.1\Pester.ps1 : ligne 3
à &lt;ScriptBlock&gt;, C:\Users\user\Documents\WindowsPowerShell\Modules\Pester\5.7.1\Pester.psm1 : ligne 3260
à Invoke-InNewScriptScope, C:\Users\user\Documents\WindowsPowerShell\Modules\Pester\5.7.1\Pester.psm1 : ligne 3267
à Run-Test, C:\Users\user\Documents\WindowsPowerShell\Modules\Pester\5.7.1\Pester.psm1 : ligne 1691
à Invoke-Test, C:\Users\user\Documents\WindowsPowerShell\Modules\Pester\5.7.1\Pester.psm1 : ligne 2512
à Invoke-Pester&lt;End&gt;, C:\Users\user\Documents\WindowsPowerShell\Modules\Pester\5.7.1\Pester.psm1 : ligne 4960
à &lt;ScriptBlock&gt;, D:\DO\WEB\N8N_tests\PROJETS\EMAIL_SENDER_1\scripts\utils\PSCacheManager\PredictiveCache\Tests\Run-AllTests.ps1 : ligne 44
à &lt;ScriptBlock&gt;, &lt;Aucun fichier&gt; : ligne 1</stack-trace>
                    </failure>
                  </test-case>
                  <test-case description="Should calculate optimal TTL based on key stats" name="TTLOptimizer Module Tests.TTLOptimizer Methods.Should calculate optimal TTL based on key stats" time="0.0563" asserts="0" success="False" result="Failure" executed="True">
                    <failure>
                      <message>PSInvalidCastException: Impossible de convertir la valeur « @{DefaultTTLSeconds=3600; Contains= param($key) return $false } » du type « System.Management.Automation.PSCustomObject » en type « CacheManager ».
ArgumentTransformationMetadataException: Impossible de convertir la valeur « @{DefaultTTLSeconds=3600; Contains= param($key) return $false } » du type « System.Management.Automation.PSCustomObject » en type « CacheManager ».
ParameterBindingArgumentTransformationException: Impossible de traiter la transformation d'argument sur le paramètre « BaseCache ». Impossible de convertir la valeur « @{DefaultTTLSeconds=3600; Contains= param($key) return $false } » du type « System.Management.Automation.PSCustomObject » en type « CacheManager ».</message>
                      <stack-trace>à &lt;ScriptBlock&gt;, D:\DO\WEB\N8N_tests\PROJETS\EMAIL_SENDER_1\scripts\utils\PSCacheManager\PredictiveCache\Tests\TTLOptimizer.Tests.ps1 : ligne 141
à &lt;ScriptBlock&gt;, C:\Users\user\Documents\WindowsPowerShell\Modules\Pester\5.7.1\Pester.psm1 : ligne 2011
à &lt;ScriptBlock&gt;, C:\Users\user\Documents\WindowsPowerShell\Modules\Pester\5.7.1\Pester.psm1 : ligne 1985
à Invoke-ScriptBlock, C:\Users\user\Documents\WindowsPowerShell\Modules\Pester\5.7.1\Pester.psm1 : ligne 2157
à Invoke-TestItem, C:\Users\user\Documents\WindowsPowerShell\Modules\Pester\5.7.1\Pester.psm1 : ligne 1199
à Invoke-Block, C:\Users\user\Documents\WindowsPowerShell\Modules\Pester\5.7.1\Pester.psm1 : ligne 835
à &lt;ScriptBlock&gt;, C:\Users\user\Documents\WindowsPowerShell\Modules\Pester\5.7.1\Pester.psm1 : ligne 893
à &lt;ScriptBlock&gt;, C:\Users\user\Documents\WindowsPowerShell\Modules\Pester\5.7.1\Pester.psm1 : ligne 2024
à &lt;ScriptBlock&gt;, C:\Users\user\Documents\WindowsPowerShell\Modules\Pester\5.7.1\Pester.psm1 : ligne 1985
à Invoke-ScriptBlock, C:\Users\user\Documents\WindowsPowerShell\Modules\Pester\5.7.1\Pester.psm1 : ligne 2160
à Invoke-Block, C:\Users\user\Documents\WindowsPowerShell\Modules\Pester\5.7.1\Pester.psm1 : ligne 940
à &lt;ScriptBlock&gt;, C:\Users\user\Documents\WindowsPowerShell\Modules\Pester\5.7.1\Pester.psm1 : ligne 893
à &lt;ScriptBlock&gt;, C:\Users\user\Documents\WindowsPowerShell\Modules\Pester\5.7.1\Pester.psm1 : ligne 2024
à &lt;ScriptBlock&gt;, C:\Users\user\Documents\WindowsPowerShell\Modules\Pester\5.7.1\Pester.psm1 : ligne 1985
à Invoke-ScriptBlock, C:\Users\user\Documents\WindowsPowerShell\Modules\Pester\5.7.1\Pester.psm1 : ligne 2160
à Invoke-Block, C:\Users\user\Documents\WindowsPowerShell\Modules\Pester\5.7.1\Pester.psm1 : ligne 940
à &lt;ScriptBlock&gt;, C:\Users\user\Documents\WindowsPowerShell\Modules\Pester\5.7.1\Pester.psm1 : ligne 893
à &lt;ScriptBlock&gt;, C:\Users\user\Documents\WindowsPowerShell\Modules\Pester\5.7.1\Pester.psm1 : ligne 2024
à &lt;ScriptBlock&gt;, C:\Users\user\Documents\WindowsPowerShell\Modules\Pester\5.7.1\Pester.psm1 : ligne 1985
à Invoke-ScriptBlock, C:\Users\user\Documents\WindowsPowerShell\Modules\Pester\5.7.1\Pester.psm1 : ligne 2160
à Invoke-Block, C:\Users\user\Documents\WindowsPowerShell\Modules\Pester\5.7.1\Pester.psm1 : ligne 940
à &lt;ScriptBlock&gt;, C:\Users\user\Documents\WindowsPowerShell\Modules\Pester\5.7.1\Pester.psm1 : ligne 1688
à &lt;ScriptBlock&gt;, C:\Users\user\Documents\WindowsPowerShell\Modules\Pester\5.7.1\Pester.ps1 : ligne 3
à &lt;ScriptBlock&gt;, C:\Users\user\Documents\WindowsPowerShell\Modules\Pester\5.7.1\Pester.psm1 : ligne 3260
à Invoke-InNewScriptScope, C:\Users\user\Documents\WindowsPowerShell\Modules\Pester\5.7.1\Pester.psm1 : ligne 3267
à Run-Test, C:\Users\user\Documents\WindowsPowerShell\Modules\Pester\5.7.1\Pester.psm1 : ligne 1691
à Invoke-Test, C:\Users\user\Documents\WindowsPowerShell\Modules\Pester\5.7.1\Pester.psm1 : ligne 2512
à Invoke-Pester&lt;End&gt;, C:\Users\user\Documents\WindowsPowerShell\Modules\Pester\5.7.1\Pester.psm1 : ligne 4960
à &lt;ScriptBlock&gt;, D:\DO\WEB\N8N_tests\PROJETS\EMAIL_SENDER_1\scripts\utils\PSCacheManager\PredictiveCache\Tests\Run-AllTests.ps1 : ligne 44
à &lt;ScriptBlock&gt;, &lt;Aucun fichier&gt; : ligne 1</stack-trace>
                    </failure>
                  </test-case>
                  <test-case description="Should update TTL rules" name="TTLOptimizer Module Tests.TTLOptimizer Methods.Should update TTL rules" time="0.0696" asserts="0" success="False" result="Failure" executed="True">
                    <failure>
                      <message>PSInvalidCastException: Impossible de convertir la valeur « @{DefaultTTLSeconds=3600; Contains= param($key) return $false } » du type « System.Management.Automation.PSCustomObject » en type « CacheManager ».
ArgumentTransformationMetadataException: Impossible de convertir la valeur « @{DefaultTTLSeconds=3600; Contains= param($key) return $false } » du type « System.Management.Automation.PSCustomObject » en type « CacheManager ».
ParameterBindingArgumentTransformationException: Impossible de traiter la transformation d'argument sur le paramètre « BaseCache ». Impossible de convertir la valeur « @{DefaultTTLSeconds=3600; Contains= param($key) return $false } » du type « System.Management.Automation.PSCustomObject » en type « CacheManager ».</message>
                      <stack-trace>à &lt;ScriptBlock&gt;, D:\DO\WEB\N8N_tests\PROJETS\EMAIL_SENDER_1\scripts\utils\PSCacheManager\PredictiveCache\Tests\TTLOptimizer.Tests.ps1 : ligne 141
à &lt;ScriptBlock&gt;, C:\Users\user\Documents\WindowsPowerShell\Modules\Pester\5.7.1\Pester.psm1 : ligne 2011
à &lt;ScriptBlock&gt;, C:\Users\user\Documents\WindowsPowerShell\Modules\Pester\5.7.1\Pester.psm1 : ligne 1985
à Invoke-ScriptBlock, C:\Users\user\Documents\WindowsPowerShell\Modules\Pester\5.7.1\Pester.psm1 : ligne 2157
à Invoke-TestItem, C:\Users\user\Documents\WindowsPowerShell\Modules\Pester\5.7.1\Pester.psm1 : ligne 1199
à Invoke-Block, C:\Users\user\Documents\WindowsPowerShell\Modules\Pester\5.7.1\Pester.psm1 : ligne 835
à &lt;ScriptBlock&gt;, C:\Users\user\Documents\WindowsPowerShell\Modules\Pester\5.7.1\Pester.psm1 : ligne 893
à &lt;ScriptBlock&gt;, C:\Users\user\Documents\WindowsPowerShell\Modules\Pester\5.7.1\Pester.psm1 : ligne 2024
à &lt;ScriptBlock&gt;, C:\Users\user\Documents\WindowsPowerShell\Modules\Pester\5.7.1\Pester.psm1 : ligne 1985
à Invoke-ScriptBlock, C:\Users\user\Documents\WindowsPowerShell\Modules\Pester\5.7.1\Pester.psm1 : ligne 2160
à Invoke-Block, C:\Users\user\Documents\WindowsPowerShell\Modules\Pester\5.7.1\Pester.psm1 : ligne 940
à &lt;ScriptBlock&gt;, C:\Users\user\Documents\WindowsPowerShell\Modules\Pester\5.7.1\Pester.psm1 : ligne 893
à &lt;ScriptBlock&gt;, C:\Users\user\Documents\WindowsPowerShell\Modules\Pester\5.7.1\Pester.psm1 : ligne 2024
à &lt;ScriptBlock&gt;, C:\Users\user\Documents\WindowsPowerShell\Modules\Pester\5.7.1\Pester.psm1 : ligne 1985
à Invoke-ScriptBlock, C:\Users\user\Documents\WindowsPowerShell\Modules\Pester\5.7.1\Pester.psm1 : ligne 2160
à Invoke-Block, C:\Users\user\Documents\WindowsPowerShell\Modules\Pester\5.7.1\Pester.psm1 : ligne 940
à &lt;ScriptBlock&gt;, C:\Users\user\Documents\WindowsPowerShell\Modules\Pester\5.7.1\Pester.psm1 : ligne 893
à &lt;ScriptBlock&gt;, C:\Users\user\Documents\WindowsPowerShell\Modules\Pester\5.7.1\Pester.psm1 : ligne 2024
à &lt;ScriptBlock&gt;, C:\Users\user\Documents\WindowsPowerShell\Modules\Pester\5.7.1\Pester.psm1 : ligne 1985
à Invoke-ScriptBlock, C:\Users\user\Documents\WindowsPowerShell\Modules\Pester\5.7.1\Pester.psm1 : ligne 2160
à Invoke-Block, C:\Users\user\Documents\WindowsPowerShell\Modules\Pester\5.7.1\Pester.psm1 : ligne 940
à &lt;ScriptBlock&gt;, C:\Users\user\Documents\WindowsPowerShell\Modules\Pester\5.7.1\Pester.psm1 : ligne 1688
à &lt;ScriptBlock&gt;, C:\Users\user\Documents\WindowsPowerShell\Modules\Pester\5.7.1\Pester.ps1 : ligne 3
à &lt;ScriptBlock&gt;, C:\Users\user\Documents\WindowsPowerShell\Modules\Pester\5.7.1\Pester.psm1 : ligne 3260
à Invoke-InNewScriptScope, C:\Users\user\Documents\WindowsPowerShell\Modules\Pester\5.7.1\Pester.psm1 : ligne 3267
à Run-Test, C:\Users\user\Documents\WindowsPowerShell\Modules\Pester\5.7.1\Pester.psm1 : ligne 1691
à Invoke-Test, C:\Users\user\Documents\WindowsPowerShell\Modules\Pester\5.7.1\Pester.psm1 : ligne 2512
à Invoke-Pester&lt;End&gt;, C:\Users\user\Documents\WindowsPowerShell\Modules\Pester\5.7.1\Pester.psm1 : ligne 4960
à &lt;ScriptBlock&gt;, D:\DO\WEB\N8N_tests\PROJETS\EMAIL_SENDER_1\scripts\utils\PSCacheManager\PredictiveCache\Tests\Run-AllTests.ps1 : ligne 44
à &lt;ScriptBlock&gt;, &lt;Aucun fichier&gt; : ligne 1</stack-trace>
                    </failure>
                  </test-case>
                  <test-case description="Should detect key patterns" name="TTLOptimizer Module Tests.TTLOptimizer Methods.Should detect key patterns" time="0.0616" asserts="0" success="False" result="Failure" executed="True">
                    <failure>
                      <message>PSInvalidCastException: Impossible de convertir la valeur « @{DefaultTTLSeconds=3600; Contains= param($key) return $false } » du type « System.Management.Automation.PSCustomObject » en type « CacheManager ».
ArgumentTransformationMetadataException: Impossible de convertir la valeur « @{DefaultTTLSeconds=3600; Contains= param($key) return $false } » du type « System.Management.Automation.PSCustomObject » en type « CacheManager ».
ParameterBindingArgumentTransformationException: Impossible de traiter la transformation d'argument sur le paramètre « BaseCache ». Impossible de convertir la valeur « @{DefaultTTLSeconds=3600; Contains= param($key) return $false } » du type « System.Management.Automation.PSCustomObject » en type « CacheManager ».</message>
                      <stack-trace>à &lt;ScriptBlock&gt;, D:\DO\WEB\N8N_tests\PROJETS\EMAIL_SENDER_1\scripts\utils\PSCacheManager\PredictiveCache\Tests\TTLOptimizer.Tests.ps1 : ligne 141
à &lt;ScriptBlock&gt;, C:\Users\user\Documents\WindowsPowerShell\Modules\Pester\5.7.1\Pester.psm1 : ligne 2011
à &lt;ScriptBlock&gt;, C:\Users\user\Documents\WindowsPowerShell\Modules\Pester\5.7.1\Pester.psm1 : ligne 1985
à Invoke-ScriptBlock, C:\Users\user\Documents\WindowsPowerShell\Modules\Pester\5.7.1\Pester.psm1 : ligne 2157
à Invoke-TestItem, C:\Users\user\Documents\WindowsPowerShell\Modules\Pester\5.7.1\Pester.psm1 : ligne 1199
à Invoke-Block, C:\Users\user\Documents\WindowsPowerShell\Modules\Pester\5.7.1\Pester.psm1 : ligne 835
à &lt;ScriptBlock&gt;, C:\Users\user\Documents\WindowsPowerShell\Modules\Pester\5.7.1\Pester.psm1 : ligne 893
à &lt;ScriptBlock&gt;, C:\Users\user\Documents\WindowsPowerShell\Modules\Pester\5.7.1\Pester.psm1 : ligne 2024
à &lt;ScriptBlock&gt;, C:\Users\user\Documents\WindowsPowerShell\Modules\Pester\5.7.1\Pester.psm1 : ligne 1985
à Invoke-ScriptBlock, C:\Users\user\Documents\WindowsPowerShell\Modules\Pester\5.7.1\Pester.psm1 : ligne 2160
à Invoke-Block, C:\Users\user\Documents\WindowsPowerShell\Modules\Pester\5.7.1\Pester.psm1 : ligne 940
à &lt;ScriptBlock&gt;, C:\Users\user\Documents\WindowsPowerShell\Modules\Pester\5.7.1\Pester.psm1 : ligne 893
à &lt;ScriptBlock&gt;, C:\Users\user\Documents\WindowsPowerShell\Modules\Pester\5.7.1\Pester.psm1 : ligne 2024
à &lt;ScriptBlock&gt;, C:\Users\user\Documents\WindowsPowerShell\Modules\Pester\5.7.1\Pester.psm1 : ligne 1985
à Invoke-ScriptBlock, C:\Users\user\Documents\WindowsPowerShell\Modules\Pester\5.7.1\Pester.psm1 : ligne 2160
à Invoke-Block, C:\Users\user\Documents\WindowsPowerShell\Modules\Pester\5.7.1\Pester.psm1 : ligne 940
à &lt;ScriptBlock&gt;, C:\Users\user\Documents\WindowsPowerShell\Modules\Pester\5.7.1\Pester.psm1 : ligne 893
à &lt;ScriptBlock&gt;, C:\Users\user\Documents\WindowsPowerShell\Modules\Pester\5.7.1\Pester.psm1 : ligne 2024
à &lt;ScriptBlock&gt;, C:\Users\user\Documents\WindowsPowerShell\Modules\Pester\5.7.1\Pester.psm1 : ligne 1985
à Invoke-ScriptBlock, C:\Users\user\Documents\WindowsPowerShell\Modules\Pester\5.7.1\Pester.psm1 : ligne 2160
à Invoke-Block, C:\Users\user\Documents\WindowsPowerShell\Modules\Pester\5.7.1\Pester.psm1 : ligne 940
à &lt;ScriptBlock&gt;, C:\Users\user\Documents\WindowsPowerShell\Modules\Pester\5.7.1\Pester.psm1 : ligne 1688
à &lt;ScriptBlock&gt;, C:\Users\user\Documents\WindowsPowerShell\Modules\Pester\5.7.1\Pester.ps1 : ligne 3
à &lt;ScriptBlock&gt;, C:\Users\user\Documents\WindowsPowerShell\Modules\Pester\5.7.1\Pester.psm1 : ligne 3260
à Invoke-InNewScriptScope, C:\Users\user\Documents\WindowsPowerShell\Modules\Pester\5.7.1\Pester.psm1 : ligne 3267
à Run-Test, C:\Users\user\Documents\WindowsPowerShell\Modules\Pester\5.7.1\Pester.psm1 : ligne 1691
à Invoke-Test, C:\Users\user\Documents\WindowsPowerShell\Modules\Pester\5.7.1\Pester.psm1 : ligne 2512
à Invoke-Pester&lt;End&gt;, C:\Users\user\Documents\WindowsPowerShell\Modules\Pester\5.7.1\Pester.psm1 : ligne 4960
à &lt;ScriptBlock&gt;, D:\DO\WEB\N8N_tests\PROJETS\EMAIL_SENDER_1\scripts\utils\PSCacheManager\PredictiveCache\Tests\Run-AllTests.ps1 : ligne 44
à &lt;ScriptBlock&gt;, &lt;Aucun fichier&gt; : ligne 1</stack-trace>
                    </failure>
                  </test-case>
                  <test-case description="Should get optimization statistics" name="TTLOptimizer Module Tests.TTLOptimizer Methods.Should get optimization statistics" time="0.0572" asserts="0" success="False" result="Failure" executed="True">
                    <failure>
                      <message>PSInvalidCastException: Impossible de convertir la valeur « @{DefaultTTLSeconds=3600; Contains= param($key) return $false } » du type « System.Management.Automation.PSCustomObject » en type « CacheManager ».
ArgumentTransformationMetadataException: Impossible de convertir la valeur « @{DefaultTTLSeconds=3600; Contains= param($key) return $false } » du type « System.Management.Automation.PSCustomObject » en type « CacheManager ».
ParameterBindingArgumentTransformationException: Impossible de traiter la transformation d'argument sur le paramètre « BaseCache ». Impossible de convertir la valeur « @{DefaultTTLSeconds=3600; Contains= param($key) return $false } » du type « System.Management.Automation.PSCustomObject » en type « CacheManager ».</message>
                      <stack-trace>à &lt;ScriptBlock&gt;, D:\DO\WEB\N8N_tests\PROJETS\EMAIL_SENDER_1\scripts\utils\PSCacheManager\PredictiveCache\Tests\TTLOptimizer.Tests.ps1 : ligne 141
à &lt;ScriptBlock&gt;, C:\Users\user\Documents\WindowsPowerShell\Modules\Pester\5.7.1\Pester.psm1 : ligne 2011
à &lt;ScriptBlock&gt;, C:\Users\user\Documents\WindowsPowerShell\Modules\Pester\5.7.1\Pester.psm1 : ligne 1985
à Invoke-ScriptBlock, C:\Users\user\Documents\WindowsPowerShell\Modules\Pester\5.7.1\Pester.psm1 : ligne 2157
à Invoke-TestItem, C:\Users\user\Documents\WindowsPowerShell\Modules\Pester\5.7.1\Pester.psm1 : ligne 1199
à Invoke-Block, C:\Users\user\Documents\WindowsPowerShell\Modules\Pester\5.7.1\Pester.psm1 : ligne 835
à &lt;ScriptBlock&gt;, C:\Users\user\Documents\WindowsPowerShell\Modules\Pester\5.7.1\Pester.psm1 : ligne 893
à &lt;ScriptBlock&gt;, C:\Users\user\Documents\WindowsPowerShell\Modules\Pester\5.7.1\Pester.psm1 : ligne 2024
à &lt;ScriptBlock&gt;, C:\Users\user\Documents\WindowsPowerShell\Modules\Pester\5.7.1\Pester.psm1 : ligne 1985
à Invoke-ScriptBlock, C:\Users\user\Documents\WindowsPowerShell\Modules\Pester\5.7.1\Pester.psm1 : ligne 2160
à Invoke-Block, C:\Users\user\Documents\WindowsPowerShell\Modules\Pester\5.7.1\Pester.psm1 : ligne 940
à &lt;ScriptBlock&gt;, C:\Users\user\Documents\WindowsPowerShell\Modules\Pester\5.7.1\Pester.psm1 : ligne 893
à &lt;ScriptBlock&gt;, C:\Users\user\Documents\WindowsPowerShell\Modules\Pester\5.7.1\Pester.psm1 : ligne 2024
à &lt;ScriptBlock&gt;, C:\Users\user\Documents\WindowsPowerShell\Modules\Pester\5.7.1\Pester.psm1 : ligne 1985
à Invoke-ScriptBlock, C:\Users\user\Documents\WindowsPowerShell\Modules\Pester\5.7.1\Pester.psm1 : ligne 2160
à Invoke-Block, C:\Users\user\Documents\WindowsPowerShell\Modules\Pester\5.7.1\Pester.psm1 : ligne 940
à &lt;ScriptBlock&gt;, C:\Users\user\Documents\WindowsPowerShell\Modules\Pester\5.7.1\Pester.psm1 : ligne 893
à &lt;ScriptBlock&gt;, C:\Users\user\Documents\WindowsPowerShell\Modules\Pester\5.7.1\Pester.psm1 : ligne 2024
à &lt;ScriptBlock&gt;, C:\Users\user\Documents\WindowsPowerShell\Modules\Pester\5.7.1\Pester.psm1 : ligne 1985
à Invoke-ScriptBlock, C:\Users\user\Documents\WindowsPowerShell\Modules\Pester\5.7.1\Pester.psm1 : ligne 2160
à Invoke-Block, C:\Users\user\Documents\WindowsPowerShell\Modules\Pester\5.7.1\Pester.psm1 : ligne 940
à &lt;ScriptBlock&gt;, C:\Users\user\Documents\WindowsPowerShell\Modules\Pester\5.7.1\Pester.psm1 : ligne 1688
à &lt;ScriptBlock&gt;, C:\Users\user\Documents\WindowsPowerShell\Modules\Pester\5.7.1\Pester.ps1 : ligne 3
à &lt;ScriptBlock&gt;, C:\Users\user\Documents\WindowsPowerShell\Modules\Pester\5.7.1\Pester.psm1 : ligne 3260
à Invoke-InNewScriptScope, C:\Users\user\Documents\WindowsPowerShell\Modules\Pester\5.7.1\Pester.psm1 : ligne 3267
à Run-Test, C:\Users\user\Documents\WindowsPowerShell\Modules\Pester\5.7.1\Pester.psm1 : ligne 1691
à Invoke-Test, C:\Users\user\Documents\WindowsPowerShell\Modules\Pester\5.7.1\Pester.psm1 : ligne 2512
à Invoke-Pester&lt;End&gt;, C:\Users\user\Documents\WindowsPowerShell\Modules\Pester\5.7.1\Pester.psm1 : ligne 4960
à &lt;ScriptBlock&gt;, D:\DO\WEB\N8N_tests\PROJETS\EMAIL_SENDER_1\scripts\utils\PSCacheManager\PredictiveCache\Tests\Run-AllTests.ps1 : ligne 44
à &lt;ScriptBlock&gt;, &lt;Aucun fichier&gt; : ligne 1</stack-trace>
                    </failure>
                  </test-case>
                </results>
              </test-suite>
            </results>
          </test-suite>
        </results>
      </test-suite>
      <test-suite type="TestFixture" name="D:\DO\WEB\N8N_tests\PROJETS\EMAIL_SENDER_1\scripts\utils\PSCacheManager\PredictiveCache\Tests\UsageCollector.Tests.ps1" executed="True" result="Failure" success="False" time="2.207" asserts="0" description="D:\DO\WEB\N8N_tests\PROJETS\EMAIL_SENDER_1\scripts\utils\PSCacheManager\PredictiveCache\Tests\UsageCollector.Tests.ps1">
        <results>
          <test-suite type="TestFixture" name="UsageCollector Module Tests" executed="True" result="Failure" success="False" time="1.7592" asserts="0" description="UsageCollector Module Tests">
            <results>
              <test-suite type="TestFixture" name="UsageCollector Module Tests.New-UsageCollector Function" executed="True" result="Failure" success="False" time="0.3623" asserts="0" description="UsageCollector Module Tests.New-UsageCollector Function">
                <results>
                  <test-case description="Should create a new UsageCollector object" name="UsageCollector Module Tests.New-UsageCollector Function.Should create a new UsageCollector object" time="0.113" asserts="0" success="False" result="Failure" executed="True">
                    <failure>
                      <message>ParameterBindingValidationException: Impossible de lier l'argument au paramètre « DatabasePath », car il s'agit d'une chaîne vide.</message>
                      <stack-trace>à &lt;ScriptBlock&gt;, D:\DO\WEB\N8N_tests\PROJETS\EMAIL_SENDER_1\scripts\utils\PSCacheManager\PredictiveCache\Tests\UsageCollector.Tests.ps1 : ligne 78
à &lt;ScriptBlock&gt;, C:\Users\user\Documents\WindowsPowerShell\Modules\Pester\5.7.1\Pester.psm1 : ligne 2024
à &lt;ScriptBlock&gt;, C:\Users\user\Documents\WindowsPowerShell\Modules\Pester\5.7.1\Pester.psm1 : ligne 1985
à Invoke-ScriptBlock, C:\Users\user\Documents\WindowsPowerShell\Modules\Pester\5.7.1\Pester.psm1 : ligne 2157
à Invoke-TestItem, C:\Users\user\Documents\WindowsPowerShell\Modules\Pester\5.7.1\Pester.psm1 : ligne 1199
à Invoke-Block, C:\Users\user\Documents\WindowsPowerShell\Modules\Pester\5.7.1\Pester.psm1 : ligne 835
à &lt;ScriptBlock&gt;, C:\Users\user\Documents\WindowsPowerShell\Modules\Pester\5.7.1\Pester.psm1 : ligne 893
à &lt;ScriptBlock&gt;, C:\Users\user\Documents\WindowsPowerShell\Modules\Pester\5.7.1\Pester.psm1 : ligne 2024
à &lt;ScriptBlock&gt;, C:\Users\user\Documents\WindowsPowerShell\Modules\Pester\5.7.1\Pester.psm1 : ligne 1985
à Invoke-ScriptBlock, C:\Users\user\Documents\WindowsPowerShell\Modules\Pester\5.7.1\Pester.psm1 : ligne 2160
à Invoke-Block, C:\Users\user\Documents\WindowsPowerShell\Modules\Pester\5.7.1\Pester.psm1 : ligne 940
à &lt;ScriptBlock&gt;, C:\Users\user\Documents\WindowsPowerShell\Modules\Pester\5.7.1\Pester.psm1 : ligne 893
à &lt;ScriptBlock&gt;, C:\Users\user\Documents\WindowsPowerShell\Modules\Pester\5.7.1\Pester.psm1 : ligne 2024
à &lt;ScriptBlock&gt;, C:\Users\user\Documents\WindowsPowerShell\Modules\Pester\5.7.1\Pester.psm1 : ligne 1985
à Invoke-ScriptBlock, C:\Users\user\Documents\WindowsPowerShell\Modules\Pester\5.7.1\Pester.psm1 : ligne 2160
à Invoke-Block, C:\Users\user\Documents\WindowsPowerShell\Modules\Pester\5.7.1\Pester.psm1 : ligne 940
à &lt;ScriptBlock&gt;, C:\Users\user\Documents\WindowsPowerShell\Modules\Pester\5.7.1\Pester.psm1 : ligne 893
à &lt;ScriptBlock&gt;, C:\Users\user\Documents\WindowsPowerShell\Modules\Pester\5.7.1\Pester.psm1 : ligne 2024
à &lt;ScriptBlock&gt;, C:\Users\user\Documents\WindowsPowerShell\Modules\Pester\5.7.1\Pester.psm1 : ligne 1985
à Invoke-ScriptBlock, C:\Users\user\Documents\WindowsPowerShell\Modules\Pester\5.7.1\Pester.psm1 : ligne 2160
à Invoke-Block, C:\Users\user\Documents\WindowsPowerShell\Modules\Pester\5.7.1\Pester.psm1 : ligne 940
à &lt;ScriptBlock&gt;, C:\Users\user\Documents\WindowsPowerShell\Modules\Pester\5.7.1\Pester.psm1 : ligne 1688
à &lt;ScriptBlock&gt;, C:\Users\user\Documents\WindowsPowerShell\Modules\Pester\5.7.1\Pester.ps1 : ligne 3
à &lt;ScriptBlock&gt;, C:\Users\user\Documents\WindowsPowerShell\Modules\Pester\5.7.1\Pester.psm1 : ligne 3260
à Invoke-InNewScriptScope, C:\Users\user\Documents\WindowsPowerShell\Modules\Pester\5.7.1\Pester.psm1 : ligne 3267
à Run-Test, C:\Users\user\Documents\WindowsPowerShell\Modules\Pester\5.7.1\Pester.psm1 : ligne 1691
à Invoke-Test, C:\Users\user\Documents\WindowsPowerShell\Modules\Pester\5.7.1\Pester.psm1 : ligne 2512
à Invoke-Pester&lt;End&gt;, C:\Users\user\Documents\WindowsPowerShell\Modules\Pester\5.7.1\Pester.psm1 : ligne 4960
à &lt;ScriptBlock&gt;, D:\DO\WEB\N8N_tests\PROJETS\EMAIL_SENDER_1\scripts\utils\PSCacheManager\PredictiveCache\Tests\Run-AllTests.ps1 : ligne 44
à &lt;ScriptBlock&gt;, &lt;Aucun fichier&gt; : ligne 1</stack-trace>
                    </failure>
                  </test-case>
                  <test-case description="Should set the correct database path" name="UsageCollector Module Tests.New-UsageCollector Function.Should set the correct database path" time="0.0949" asserts="0" success="False" result="Failure" executed="True">
                    <failure>
                      <message>ParameterBindingValidationException: Impossible de lier l'argument au paramètre « DatabasePath », car il s'agit d'une chaîne vide.</message>
                      <stack-trace>à &lt;ScriptBlock&gt;, D:\DO\WEB\N8N_tests\PROJETS\EMAIL_SENDER_1\scripts\utils\PSCacheManager\PredictiveCache\Tests\UsageCollector.Tests.ps1 : ligne 84
à &lt;ScriptBlock&gt;, C:\Users\user\Documents\WindowsPowerShell\Modules\Pester\5.7.1\Pester.psm1 : ligne 2024
à &lt;ScriptBlock&gt;, C:\Users\user\Documents\WindowsPowerShell\Modules\Pester\5.7.1\Pester.psm1 : ligne 1985
à Invoke-ScriptBlock, C:\Users\user\Documents\WindowsPowerShell\Modules\Pester\5.7.1\Pester.psm1 : ligne 2157
à Invoke-TestItem, C:\Users\user\Documents\WindowsPowerShell\Modules\Pester\5.7.1\Pester.psm1 : ligne 1199
à Invoke-Block, C:\Users\user\Documents\WindowsPowerShell\Modules\Pester\5.7.1\Pester.psm1 : ligne 835
à &lt;ScriptBlock&gt;, C:\Users\user\Documents\WindowsPowerShell\Modules\Pester\5.7.1\Pester.psm1 : ligne 893
à &lt;ScriptBlock&gt;, C:\Users\user\Documents\WindowsPowerShell\Modules\Pester\5.7.1\Pester.psm1 : ligne 2024
à &lt;ScriptBlock&gt;, C:\Users\user\Documents\WindowsPowerShell\Modules\Pester\5.7.1\Pester.psm1 : ligne 1985
à Invoke-ScriptBlock, C:\Users\user\Documents\WindowsPowerShell\Modules\Pester\5.7.1\Pester.psm1 : ligne 2160
à Invoke-Block, C:\Users\user\Documents\WindowsPowerShell\Modules\Pester\5.7.1\Pester.psm1 : ligne 940
à &lt;ScriptBlock&gt;, C:\Users\user\Documents\WindowsPowerShell\Modules\Pester\5.7.1\Pester.psm1 : ligne 893
à &lt;ScriptBlock&gt;, C:\Users\user\Documents\WindowsPowerShell\Modules\Pester\5.7.1\Pester.psm1 : ligne 2024
à &lt;ScriptBlock&gt;, C:\Users\user\Documents\WindowsPowerShell\Modules\Pester\5.7.1\Pester.psm1 : ligne 1985
à Invoke-ScriptBlock, C:\Users\user\Documents\WindowsPowerShell\Modules\Pester\5.7.1\Pester.psm1 : ligne 2160
à Invoke-Block, C:\Users\user\Documents\WindowsPowerShell\Modules\Pester\5.7.1\Pester.psm1 : ligne 940
à &lt;ScriptBlock&gt;, C:\Users\user\Documents\WindowsPowerShell\Modules\Pester\5.7.1\Pester.psm1 : ligne 893
à &lt;ScriptBlock&gt;, C:\Users\user\Documents\WindowsPowerShell\Modules\Pester\5.7.1\Pester.psm1 : ligne 2024
à &lt;ScriptBlock&gt;, C:\Users\user\Documents\WindowsPowerShell\Modules\Pester\5.7.1\Pester.psm1 : ligne 1985
à Invoke-ScriptBlock, C:\Users\user\Documents\WindowsPowerShell\Modules\Pester\5.7.1\Pester.psm1 : ligne 2160
à Invoke-Block, C:\Users\user\Documents\WindowsPowerShell\Modules\Pester\5.7.1\Pester.psm1 : ligne 940
à &lt;ScriptBlock&gt;, C:\Users\user\Documents\WindowsPowerShell\Modules\Pester\5.7.1\Pester.psm1 : ligne 1688
à &lt;ScriptBlock&gt;, C:\Users\user\Documents\WindowsPowerShell\Modules\Pester\5.7.1\Pester.ps1 : ligne 3
à &lt;ScriptBlock&gt;, C:\Users\user\Documents\WindowsPowerShell\Modules\Pester\5.7.1\Pester.psm1 : ligne 3260
à Invoke-InNewScriptScope, C:\Users\user\Documents\WindowsPowerShell\Modules\Pester\5.7.1\Pester.psm1 : ligne 3267
à Run-Test, C:\Users\user\Documents\WindowsPowerShell\Modules\Pester\5.7.1\Pester.psm1 : ligne 1691
à Invoke-Test, C:\Users\user\Documents\WindowsPowerShell\Modules\Pester\5.7.1\Pester.psm1 : ligne 2512
à Invoke-Pester&lt;End&gt;, C:\Users\user\Documents\WindowsPowerShell\Modules\Pester\5.7.1\Pester.psm1 : ligne 4960
à &lt;ScriptBlock&gt;, D:\DO\WEB\N8N_tests\PROJETS\EMAIL_SENDER_1\scripts\utils\PSCacheManager\PredictiveCache\Tests\Run-AllTests.ps1 : ligne 44
à &lt;ScriptBlock&gt;, &lt;Aucun fichier&gt; : ligne 1</stack-trace>
                    </failure>
                  </test-case>
                  <test-case description="Should set the correct cache name" name="UsageCollector Module Tests.New-UsageCollector Function.Should set the correct cache name" time="0.0979" asserts="0" success="False" result="Failure" executed="True">
                    <failure>
                      <message>ParameterBindingValidationException: Impossible de lier l'argument au paramètre « DatabasePath », car il s'agit d'une chaîne vide.</message>
                      <stack-trace>à &lt;ScriptBlock&gt;, D:\DO\WEB\N8N_tests\PROJETS\EMAIL_SENDER_1\scripts\utils\PSCacheManager\PredictiveCache\Tests\UsageCollector.Tests.ps1 : ligne 89
à &lt;ScriptBlock&gt;, C:\Users\user\Documents\WindowsPowerShell\Modules\Pester\5.7.1\Pester.psm1 : ligne 2024
à &lt;ScriptBlock&gt;, C:\Users\user\Documents\WindowsPowerShell\Modules\Pester\5.7.1\Pester.psm1 : ligne 1985
à Invoke-ScriptBlock, C:\Users\user\Documents\WindowsPowerShell\Modules\Pester\5.7.1\Pester.psm1 : ligne 2157
à Invoke-TestItem, C:\Users\user\Documents\WindowsPowerShell\Modules\Pester\5.7.1\Pester.psm1 : ligne 1199
à Invoke-Block, C:\Users\user\Documents\WindowsPowerShell\Modules\Pester\5.7.1\Pester.psm1 : ligne 835
à &lt;ScriptBlock&gt;, C:\Users\user\Documents\WindowsPowerShell\Modules\Pester\5.7.1\Pester.psm1 : ligne 893
à &lt;ScriptBlock&gt;, C:\Users\user\Documents\WindowsPowerShell\Modules\Pester\5.7.1\Pester.psm1 : ligne 2024
à &lt;ScriptBlock&gt;, C:\Users\user\Documents\WindowsPowerShell\Modules\Pester\5.7.1\Pester.psm1 : ligne 1985
à Invoke-ScriptBlock, C:\Users\user\Documents\WindowsPowerShell\Modules\Pester\5.7.1\Pester.psm1 : ligne 2160
à Invoke-Block, C:\Users\user\Documents\WindowsPowerShell\Modules\Pester\5.7.1\Pester.psm1 : ligne 940
à &lt;ScriptBlock&gt;, C:\Users\user\Documents\WindowsPowerShell\Modules\Pester\5.7.1\Pester.psm1 : ligne 893
à &lt;ScriptBlock&gt;, C:\Users\user\Documents\WindowsPowerShell\Modules\Pester\5.7.1\Pester.psm1 : ligne 2024
à &lt;ScriptBlock&gt;, C:\Users\user\Documents\WindowsPowerShell\Modules\Pester\5.7.1\Pester.psm1 : ligne 1985
à Invoke-ScriptBlock, C:\Users\user\Documents\WindowsPowerShell\Modules\Pester\5.7.1\Pester.psm1 : ligne 2160
à Invoke-Block, C:\Users\user\Documents\WindowsPowerShell\Modules\Pester\5.7.1\Pester.psm1 : ligne 940
à &lt;ScriptBlock&gt;, C:\Users\user\Documents\WindowsPowerShell\Modules\Pester\5.7.1\Pester.psm1 : ligne 893
à &lt;ScriptBlock&gt;, C:\Users\user\Documents\WindowsPowerShell\Modules\Pester\5.7.1\Pester.psm1 : ligne 2024
à &lt;ScriptBlock&gt;, C:\Users\user\Documents\WindowsPowerShell\Modules\Pester\5.7.1\Pester.psm1 : ligne 1985
à Invoke-ScriptBlock, C:\Users\user\Documents\WindowsPowerShell\Modules\Pester\5.7.1\Pester.psm1 : ligne 2160
à Invoke-Block, C:\Users\user\Documents\WindowsPowerShell\Modules\Pester\5.7.1\Pester.psm1 : ligne 940
à &lt;ScriptBlock&gt;, C:\Users\user\Documents\WindowsPowerShell\Modules\Pester\5.7.1\Pester.psm1 : ligne 1688
à &lt;ScriptBlock&gt;, C:\Users\user\Documents\WindowsPowerShell\Modules\Pester\5.7.1\Pester.ps1 : ligne 3
à &lt;ScriptBlock&gt;, C:\Users\user\Documents\WindowsPowerShell\Modules\Pester\5.7.1\Pester.psm1 : ligne 3260
à Invoke-InNewScriptScope, C:\Users\user\Documents\WindowsPowerShell\Modules\Pester\5.7.1\Pester.psm1 : ligne 3267
à Run-Test, C:\Users\user\Documents\WindowsPowerShell\Modules\Pester\5.7.1\Pester.psm1 : ligne 1691
à Invoke-Test, C:\Users\user\Documents\WindowsPowerShell\Modules\Pester\5.7.1\Pester.psm1 : ligne 2512
à Invoke-Pester&lt;End&gt;, C:\Users\user\Documents\WindowsPowerShell\Modules\Pester\5.7.1\Pester.psm1 : ligne 4960
à &lt;ScriptBlock&gt;, D:\DO\WEB\N8N_tests\PROJETS\EMAIL_SENDER_1\scripts\utils\PSCacheManager\PredictiveCache\Tests\Run-AllTests.ps1 : ligne 44
à &lt;ScriptBlock&gt;, &lt;Aucun fichier&gt; : ligne 1</stack-trace>
                    </failure>
                  </test-case>
                </results>
              </test-suite>
              <test-suite type="TestFixture" name="UsageCollector Module Tests.UsageCollector Methods" executed="True" result="Failure" success="False" time="1.4331" asserts="0" description="UsageCollector Module Tests.UsageCollector Methods">
                <results>
                  <test-case description="Should record cache access" name="UsageCollector Module Tests.UsageCollector Methods.Should record cache access" time="0.0999" asserts="0" success="False" result="Failure" executed="True">
                    <failure>
                      <message>ParameterBindingValidationException: Impossible de lier l'argument au paramètre « DatabasePath », car il s'agit d'une chaîne vide.</message>
                      <stack-trace>à &lt;ScriptBlock&gt;, D:\DO\WEB\N8N_tests\PROJETS\EMAIL_SENDER_1\scripts\utils\PSCacheManager\PredictiveCache\Tests\UsageCollector.Tests.ps1 : ligne 97
à &lt;ScriptBlock&gt;, C:\Users\user\Documents\WindowsPowerShell\Modules\Pester\5.7.1\Pester.psm1 : ligne 2011
à &lt;ScriptBlock&gt;, C:\Users\user\Documents\WindowsPowerShell\Modules\Pester\5.7.1\Pester.psm1 : ligne 1985
à Invoke-ScriptBlock, C:\Users\user\Documents\WindowsPowerShell\Modules\Pester\5.7.1\Pester.psm1 : ligne 2157
à Invoke-TestItem, C:\Users\user\Documents\WindowsPowerShell\Modules\Pester\5.7.1\Pester.psm1 : ligne 1199
à Invoke-Block, C:\Users\user\Documents\WindowsPowerShell\Modules\Pester\5.7.1\Pester.psm1 : ligne 835
à &lt;ScriptBlock&gt;, C:\Users\user\Documents\WindowsPowerShell\Modules\Pester\5.7.1\Pester.psm1 : ligne 893
à &lt;ScriptBlock&gt;, C:\Users\user\Documents\WindowsPowerShell\Modules\Pester\5.7.1\Pester.psm1 : ligne 2024
à &lt;ScriptBlock&gt;, C:\Users\user\Documents\WindowsPowerShell\Modules\Pester\5.7.1\Pester.psm1 : ligne 1985
à Invoke-ScriptBlock, C:\Users\user\Documents\WindowsPowerShell\Modules\Pester\5.7.1\Pester.psm1 : ligne 2160
à Invoke-Block, C:\Users\user\Documents\WindowsPowerShell\Modules\Pester\5.7.1\Pester.psm1 : ligne 940
à &lt;ScriptBlock&gt;, C:\Users\user\Documents\WindowsPowerShell\Modules\Pester\5.7.1\Pester.psm1 : ligne 893
à &lt;ScriptBlock&gt;, C:\Users\user\Documents\WindowsPowerShell\Modules\Pester\5.7.1\Pester.psm1 : ligne 2024
à &lt;ScriptBlock&gt;, C:\Users\user\Documents\WindowsPowerShell\Modules\Pester\5.7.1\Pester.psm1 : ligne 1985
à Invoke-ScriptBlock, C:\Users\user\Documents\WindowsPowerShell\Modules\Pester\5.7.1\Pester.psm1 : ligne 2160
à Invoke-Block, C:\Users\user\Documents\WindowsPowerShell\Modules\Pester\5.7.1\Pester.psm1 : ligne 940
à &lt;ScriptBlock&gt;, C:\Users\user\Documents\WindowsPowerShell\Modules\Pester\5.7.1\Pester.psm1 : ligne 893
à &lt;ScriptBlock&gt;, C:\Users\user\Documents\WindowsPowerShell\Modules\Pester\5.7.1\Pester.psm1 : ligne 2024
à &lt;ScriptBlock&gt;, C:\Users\user\Documents\WindowsPowerShell\Modules\Pester\5.7.1\Pester.psm1 : ligne 1985
à Invoke-ScriptBlock, C:\Users\user\Documents\WindowsPowerShell\Modules\Pester\5.7.1\Pester.psm1 : ligne 2160
à Invoke-Block, C:\Users\user\Documents\WindowsPowerShell\Modules\Pester\5.7.1\Pester.psm1 : ligne 940
à &lt;ScriptBlock&gt;, C:\Users\user\Documents\WindowsPowerShell\Modules\Pester\5.7.1\Pester.psm1 : ligne 1688
à &lt;ScriptBlock&gt;, C:\Users\user\Documents\WindowsPowerShell\Modules\Pester\5.7.1\Pester.ps1 : ligne 3
à &lt;ScriptBlock&gt;, C:\Users\user\Documents\WindowsPowerShell\Modules\Pester\5.7.1\Pester.psm1 : ligne 3260
à Invoke-InNewScriptScope, C:\Users\user\Documents\WindowsPowerShell\Modules\Pester\5.7.1\Pester.psm1 : ligne 3267
à Run-Test, C:\Users\user\Documents\WindowsPowerShell\Modules\Pester\5.7.1\Pester.psm1 : ligne 1691
à Invoke-Test, C:\Users\user\Documents\WindowsPowerShell\Modules\Pester\5.7.1\Pester.psm1 : ligne 2512
à Invoke-Pester&lt;End&gt;, C:\Users\user\Documents\WindowsPowerShell\Modules\Pester\5.7.1\Pester.psm1 : ligne 4960
à &lt;ScriptBlock&gt;, D:\DO\WEB\N8N_tests\PROJETS\EMAIL_SENDER_1\scripts\utils\PSCacheManager\PredictiveCache\Tests\Run-AllTests.ps1 : ligne 44
à &lt;ScriptBlock&gt;, &lt;Aucun fichier&gt; : ligne 1</stack-trace>
                    </failure>
                  </test-case>
                  <test-case description="Should record cache set operation" name="UsageCollector Module Tests.UsageCollector Methods.Should record cache set operation" time="0.0907" asserts="0" success="False" result="Failure" executed="True">
                    <failure>
                      <message>ParameterBindingValidationException: Impossible de lier l'argument au paramètre « DatabasePath », car il s'agit d'une chaîne vide.</message>
                      <stack-trace>à &lt;ScriptBlock&gt;, D:\DO\WEB\N8N_tests\PROJETS\EMAIL_SENDER_1\scripts\utils\PSCacheManager\PredictiveCache\Tests\UsageCollector.Tests.ps1 : ligne 97
à &lt;ScriptBlock&gt;, C:\Users\user\Documents\WindowsPowerShell\Modules\Pester\5.7.1\Pester.psm1 : ligne 2011
à &lt;ScriptBlock&gt;, C:\Users\user\Documents\WindowsPowerShell\Modules\Pester\5.7.1\Pester.psm1 : ligne 1985
à Invoke-ScriptBlock, C:\Users\user\Documents\WindowsPowerShell\Modules\Pester\5.7.1\Pester.psm1 : ligne 2157
à Invoke-TestItem, C:\Users\user\Documents\WindowsPowerShell\Modules\Pester\5.7.1\Pester.psm1 : ligne 1199
à Invoke-Block, C:\Users\user\Documents\WindowsPowerShell\Modules\Pester\5.7.1\Pester.psm1 : ligne 835
à &lt;ScriptBlock&gt;, C:\Users\user\Documents\WindowsPowerShell\Modules\Pester\5.7.1\Pester.psm1 : ligne 893
à &lt;ScriptBlock&gt;, C:\Users\user\Documents\WindowsPowerShell\Modules\Pester\5.7.1\Pester.psm1 : ligne 2024
à &lt;ScriptBlock&gt;, C:\Users\user\Documents\WindowsPowerShell\Modules\Pester\5.7.1\Pester.psm1 : ligne 1985
à Invoke-ScriptBlock, C:\Users\user\Documents\WindowsPowerShell\Modules\Pester\5.7.1\Pester.psm1 : ligne 2160
à Invoke-Block, C:\Users\user\Documents\WindowsPowerShell\Modules\Pester\5.7.1\Pester.psm1 : ligne 940
à &lt;ScriptBlock&gt;, C:\Users\user\Documents\WindowsPowerShell\Modules\Pester\5.7.1\Pester.psm1 : ligne 893
à &lt;ScriptBlock&gt;, C:\Users\user\Documents\WindowsPowerShell\Modules\Pester\5.7.1\Pester.psm1 : ligne 2024
à &lt;ScriptBlock&gt;, C:\Users\user\Documents\WindowsPowerShell\Modules\Pester\5.7.1\Pester.psm1 : ligne 1985
à Invoke-ScriptBlock, C:\Users\user\Documents\WindowsPowerShell\Modules\Pester\5.7.1\Pester.psm1 : ligne 2160
à Invoke-Block, C:\Users\user\Documents\WindowsPowerShell\Modules\Pester\5.7.1\Pester.psm1 : ligne 940
à &lt;ScriptBlock&gt;, C:\Users\user\Documents\WindowsPowerShell\Modules\Pester\5.7.1\Pester.psm1 : ligne 893
à &lt;ScriptBlock&gt;, C:\Users\user\Documents\WindowsPowerShell\Modules\Pester\5.7.1\Pester.psm1 : ligne 2024
à &lt;ScriptBlock&gt;, C:\Users\user\Documents\WindowsPowerShell\Modules\Pester\5.7.1\Pester.psm1 : ligne 1985
à Invoke-ScriptBlock, C:\Users\user\Documents\WindowsPowerShell\Modules\Pester\5.7.1\Pester.psm1 : ligne 2160
à Invoke-Block, C:\Users\user\Documents\WindowsPowerShell\Modules\Pester\5.7.1\Pester.psm1 : ligne 940
à &lt;ScriptBlock&gt;, C:\Users\user\Documents\WindowsPowerShell\Modules\Pester\5.7.1\Pester.psm1 : ligne 1688
à &lt;ScriptBlock&gt;, C:\Users\user\Documents\WindowsPowerShell\Modules\Pester\5.7.1\Pester.ps1 : ligne 3
à &lt;ScriptBlock&gt;, C:\Users\user\Documents\WindowsPowerShell\Modules\Pester\5.7.1\Pester.psm1 : ligne 3260
à Invoke-InNewScriptScope, C:\Users\user\Documents\WindowsPowerShell\Modules\Pester\5.7.1\Pester.psm1 : ligne 3267
à Run-Test, C:\Users\user\Documents\WindowsPowerShell\Modules\Pester\5.7.1\Pester.psm1 : ligne 1691
à Invoke-Test, C:\Users\user\Documents\WindowsPowerShell\Modules\Pester\5.7.1\Pester.psm1 : ligne 2512
à Invoke-Pester&lt;End&gt;, C:\Users\user\Documents\WindowsPowerShell\Modules\Pester\5.7.1\Pester.psm1 : ligne 4960
à &lt;ScriptBlock&gt;, D:\DO\WEB\N8N_tests\PROJETS\EMAIL_SENDER_1\scripts\utils\PSCacheManager\PredictiveCache\Tests\Run-AllTests.ps1 : ligne 44
à &lt;ScriptBlock&gt;, &lt;Aucun fichier&gt; : ligne 1</stack-trace>
                    </failure>
                  </test-case>
                  <test-case description="Should record cache eviction" name="UsageCollector Module Tests.UsageCollector Methods.Should record cache eviction" time="0.0985" asserts="0" success="False" result="Failure" executed="True">
                    <failure>
                      <message>ParameterBindingValidationException: Impossible de lier l'argument au paramètre « DatabasePath », car il s'agit d'une chaîne vide.</message>
                      <stack-trace>à &lt;ScriptBlock&gt;, D:\DO\WEB\N8N_tests\PROJETS\EMAIL_SENDER_1\scripts\utils\PSCacheManager\PredictiveCache\Tests\UsageCollector.Tests.ps1 : ligne 97
à &lt;ScriptBlock&gt;, C:\Users\user\Documents\WindowsPowerShell\Modules\Pester\5.7.1\Pester.psm1 : ligne 2011
à &lt;ScriptBlock&gt;, C:\Users\user\Documents\WindowsPowerShell\Modules\Pester\5.7.1\Pester.psm1 : ligne 1985
à Invoke-ScriptBlock, C:\Users\user\Documents\WindowsPowerShell\Modules\Pester\5.7.1\Pester.psm1 : ligne 2157
à Invoke-TestItem, C:\Users\user\Documents\WindowsPowerShell\Modules\Pester\5.7.1\Pester.psm1 : ligne 1199
à Invoke-Block, C:\Users\user\Documents\WindowsPowerShell\Modules\Pester\5.7.1\Pester.psm1 : ligne 835
à &lt;ScriptBlock&gt;, C:\Users\user\Documents\WindowsPowerShell\Modules\Pester\5.7.1\Pester.psm1 : ligne 893
à &lt;ScriptBlock&gt;, C:\Users\user\Documents\WindowsPowerShell\Modules\Pester\5.7.1\Pester.psm1 : ligne 2024
à &lt;ScriptBlock&gt;, C:\Users\user\Documents\WindowsPowerShell\Modules\Pester\5.7.1\Pester.psm1 : ligne 1985
à Invoke-ScriptBlock, C:\Users\user\Documents\WindowsPowerShell\Modules\Pester\5.7.1\Pester.psm1 : ligne 2160
à Invoke-Block, C:\Users\user\Documents\WindowsPowerShell\Modules\Pester\5.7.1\Pester.psm1 : ligne 940
à &lt;ScriptBlock&gt;, C:\Users\user\Documents\WindowsPowerShell\Modules\Pester\5.7.1\Pester.psm1 : ligne 893
à &lt;ScriptBlock&gt;, C:\Users\user\Documents\WindowsPowerShell\Modules\Pester\5.7.1\Pester.psm1 : ligne 2024
à &lt;ScriptBlock&gt;, C:\Users\user\Documents\WindowsPowerShell\Modules\Pester\5.7.1\Pester.psm1 : ligne 1985
à Invoke-ScriptBlock, C:\Users\user\Documents\WindowsPowerShell\Modules\Pester\5.7.1\Pester.psm1 : ligne 2160
à Invoke-Block, C:\Users\user\Documents\WindowsPowerShell\Modules\Pester\5.7.1\Pester.psm1 : ligne 940
à &lt;ScriptBlock&gt;, C:\Users\user\Documents\WindowsPowerShell\Modules\Pester\5.7.1\Pester.psm1 : ligne 893
à &lt;ScriptBlock&gt;, C:\Users\user\Documents\WindowsPowerShell\Modules\Pester\5.7.1\Pester.psm1 : ligne 2024
à &lt;ScriptBlock&gt;, C:\Users\user\Documents\WindowsPowerShell\Modules\Pester\5.7.1\Pester.psm1 : ligne 1985
à Invoke-ScriptBlock, C:\Users\user\Documents\WindowsPowerShell\Modules\Pester\5.7.1\Pester.psm1 : ligne 2160
à Invoke-Block, C:\Users\user\Documents\WindowsPowerShell\Modules\Pester\5.7.1\Pester.psm1 : ligne 940
à &lt;ScriptBlock&gt;, C:\Users\user\Documents\WindowsPowerShell\Modules\Pester\5.7.1\Pester.psm1 : ligne 1688
à &lt;ScriptBlock&gt;, C:\Users\user\Documents\WindowsPowerShell\Modules\Pester\5.7.1\Pester.ps1 : ligne 3
à &lt;ScriptBlock&gt;, C:\Users\user\Documents\WindowsPowerShell\Modules\Pester\5.7.1\Pester.psm1 : ligne 3260
à Invoke-InNewScriptScope, C:\Users\user\Documents\WindowsPowerShell\Modules\Pester\5.7.1\Pester.psm1 : ligne 3267
à Run-Test, C:\Users\user\Documents\WindowsPowerShell\Modules\Pester\5.7.1\Pester.psm1 : ligne 1691
à Invoke-Test, C:\Users\user\Documents\WindowsPowerShell\Modules\Pester\5.7.1\Pester.psm1 : ligne 2512
à Invoke-Pester&lt;End&gt;, C:\Users\user\Documents\WindowsPowerShell\Modules\Pester\5.7.1\Pester.psm1 : ligne 4960
à &lt;ScriptBlock&gt;, D:\DO\WEB\N8N_tests\PROJETS\EMAIL_SENDER_1\scripts\utils\PSCacheManager\PredictiveCache\Tests\Run-AllTests.ps1 : ligne 44
à &lt;ScriptBlock&gt;, &lt;Aucun fichier&gt; : ligne 1</stack-trace>
                    </failure>
                  </test-case>
                  <test-case description="Should retrieve most accessed keys" name="UsageCollector Module Tests.UsageCollector Methods.Should retrieve most accessed keys" time="0.0977" asserts="0" success="False" result="Failure" executed="True">
                    <failure>
                      <message>ParameterBindingValidationException: Impossible de lier l'argument au paramètre « DatabasePath », car il s'agit d'une chaîne vide.</message>
                      <stack-trace>à &lt;ScriptBlock&gt;, D:\DO\WEB\N8N_tests\PROJETS\EMAIL_SENDER_1\scripts\utils\PSCacheManager\PredictiveCache\Tests\UsageCollector.Tests.ps1 : ligne 97
à &lt;ScriptBlock&gt;, C:\Users\user\Documents\WindowsPowerShell\Modules\Pester\5.7.1\Pester.psm1 : ligne 2011
à &lt;ScriptBlock&gt;, C:\Users\user\Documents\WindowsPowerShell\Modules\Pester\5.7.1\Pester.psm1 : ligne 1985
à Invoke-ScriptBlock, C:\Users\user\Documents\WindowsPowerShell\Modules\Pester\5.7.1\Pester.psm1 : ligne 2157
à Invoke-TestItem, C:\Users\user\Documents\WindowsPowerShell\Modules\Pester\5.7.1\Pester.psm1 : ligne 1199
à Invoke-Block, C:\Users\user\Documents\WindowsPowerShell\Modules\Pester\5.7.1\Pester.psm1 : ligne 835
à &lt;ScriptBlock&gt;, C:\Users\user\Documents\WindowsPowerShell\Modules\Pester\5.7.1\Pester.psm1 : ligne 893
à &lt;ScriptBlock&gt;, C:\Users\user\Documents\WindowsPowerShell\Modules\Pester\5.7.1\Pester.psm1 : ligne 2024
à &lt;ScriptBlock&gt;, C:\Users\user\Documents\WindowsPowerShell\Modules\Pester\5.7.1\Pester.psm1 : ligne 1985
à Invoke-ScriptBlock, C:\Users\user\Documents\WindowsPowerShell\Modules\Pester\5.7.1\Pester.psm1 : ligne 2160
à Invoke-Block, C:\Users\user\Documents\WindowsPowerShell\Modules\Pester\5.7.1\Pester.psm1 : ligne 940
à &lt;ScriptBlock&gt;, C:\Users\user\Documents\WindowsPowerShell\Modules\Pester\5.7.1\Pester.psm1 : ligne 893
à &lt;ScriptBlock&gt;, C:\Users\user\Documents\WindowsPowerShell\Modules\Pester\5.7.1\Pester.psm1 : ligne 2024
à &lt;ScriptBlock&gt;, C:\Users\user\Documents\WindowsPowerShell\Modules\Pester\5.7.1\Pester.psm1 : ligne 1985
à Invoke-ScriptBlock, C:\Users\user\Documents\WindowsPowerShell\Modules\Pester\5.7.1\Pester.psm1 : ligne 2160
à Invoke-Block, C:\Users\user\Documents\WindowsPowerShell\Modules\Pester\5.7.1\Pester.psm1 : ligne 940
à &lt;ScriptBlock&gt;, C:\Users\user\Documents\WindowsPowerShell\Modules\Pester\5.7.1\Pester.psm1 : ligne 893
à &lt;ScriptBlock&gt;, C:\Users\user\Documents\WindowsPowerShell\Modules\Pester\5.7.1\Pester.psm1 : ligne 2024
à &lt;ScriptBlock&gt;, C:\Users\user\Documents\WindowsPowerShell\Modules\Pester\5.7.1\Pester.psm1 : ligne 1985
à Invoke-ScriptBlock, C:\Users\user\Documents\WindowsPowerShell\Modules\Pester\5.7.1\Pester.psm1 : ligne 2160
à Invoke-Block, C:\Users\user\Documents\WindowsPowerShell\Modules\Pester\5.7.1\Pester.psm1 : ligne 940
à &lt;ScriptBlock&gt;, C:\Users\user\Documents\WindowsPowerShell\Modules\Pester\5.7.1\Pester.psm1 : ligne 1688
à &lt;ScriptBlock&gt;, C:\Users\user\Documents\WindowsPowerShell\Modules\Pester\5.7.1\Pester.ps1 : ligne 3
à &lt;ScriptBlock&gt;, C:\Users\user\Documents\WindowsPowerShell\Modules\Pester\5.7.1\Pester.psm1 : ligne 3260
à Invoke-InNewScriptScope, C:\Users\user\Documents\WindowsPowerShell\Modules\Pester\5.7.1\Pester.psm1 : ligne 3267
à Run-Test, C:\Users\user\Documents\WindowsPowerShell\Modules\Pester\5.7.1\Pester.psm1 : ligne 1691
à Invoke-Test, C:\Users\user\Documents\WindowsPowerShell\Modules\Pester\5.7.1\Pester.psm1 : ligne 2512
à Invoke-Pester&lt;End&gt;, C:\Users\user\Documents\WindowsPowerShell\Modules\Pester\5.7.1\Pester.psm1 : ligne 4960
à &lt;ScriptBlock&gt;, D:\DO\WEB\N8N_tests\PROJETS\EMAIL_SENDER_1\scripts\utils\PSCacheManager\PredictiveCache\Tests\Run-AllTests.ps1 : ligne 44
à &lt;ScriptBlock&gt;, &lt;Aucun fichier&gt; : ligne 1</stack-trace>
                    </failure>
                  </test-case>
                  <test-case description="Should retrieve frequent sequences" name="UsageCollector Module Tests.UsageCollector Methods.Should retrieve frequent sequences" time="0.6173" asserts="0" success="False" result="Failure" executed="True">
                    <failure>
                      <message>ParameterBindingValidationException: Impossible de lier l'argument au paramètre « DatabasePath », car il s'agit d'une chaîne vide.</message>
                      <stack-trace>à &lt;ScriptBlock&gt;, D:\DO\WEB\N8N_tests\PROJETS\EMAIL_SENDER_1\scripts\utils\PSCacheManager\PredictiveCache\Tests\UsageCollector.Tests.ps1 : ligne 97
à &lt;ScriptBlock&gt;, C:\Users\user\Documents\WindowsPowerShell\Modules\Pester\5.7.1\Pester.psm1 : ligne 2011
à &lt;ScriptBlock&gt;, C:\Users\user\Documents\WindowsPowerShell\Modules\Pester\5.7.1\Pester.psm1 : ligne 1985
à Invoke-ScriptBlock, C:\Users\user\Documents\WindowsPowerShell\Modules\Pester\5.7.1\Pester.psm1 : ligne 2157
à Invoke-TestItem, C:\Users\user\Documents\WindowsPowerShell\Modules\Pester\5.7.1\Pester.psm1 : ligne 1199
à Invoke-Block, C:\Users\user\Documents\WindowsPowerShell\Modules\Pester\5.7.1\Pester.psm1 : ligne 835
à &lt;ScriptBlock&gt;, C:\Users\user\Documents\WindowsPowerShell\Modules\Pester\5.7.1\Pester.psm1 : ligne 893
à &lt;ScriptBlock&gt;, C:\Users\user\Documents\WindowsPowerShell\Modules\Pester\5.7.1\Pester.psm1 : ligne 2024
à &lt;ScriptBlock&gt;, C:\Users\user\Documents\WindowsPowerShell\Modules\Pester\5.7.1\Pester.psm1 : ligne 1985
à Invoke-ScriptBlock, C:\Users\user\Documents\WindowsPowerShell\Modules\Pester\5.7.1\Pester.psm1 : ligne 2160
à Invoke-Block, C:\Users\user\Documents\WindowsPowerShell\Modules\Pester\5.7.1\Pester.psm1 : ligne 940
à &lt;ScriptBlock&gt;, C:\Users\user\Documents\WindowsPowerShell\Modules\Pester\5.7.1\Pester.psm1 : ligne 893
à &lt;ScriptBlock&gt;, C:\Users\user\Documents\WindowsPowerShell\Modules\Pester\5.7.1\Pester.psm1 : ligne 2024
à &lt;ScriptBlock&gt;, C:\Users\user\Documents\WindowsPowerShell\Modules\Pester\5.7.1\Pester.psm1 : ligne 1985
à Invoke-ScriptBlock, C:\Users\user\Documents\WindowsPowerShell\Modules\Pester\5.7.1\Pester.psm1 : ligne 2160
à Invoke-Block, C:\Users\user\Documents\WindowsPowerShell\Modules\Pester\5.7.1\Pester.psm1 : ligne 940
à &lt;ScriptBlock&gt;, C:\Users\user\Documents\WindowsPowerShell\Modules\Pester\5.7.1\Pester.psm1 : ligne 893
à &lt;ScriptBlock&gt;, C:\Users\user\Documents\WindowsPowerShell\Modules\Pester\5.7.1\Pester.psm1 : ligne 2024
à &lt;ScriptBlock&gt;, C:\Users\user\Documents\WindowsPowerShell\Modules\Pester\5.7.1\Pester.psm1 : ligne 1985
à Invoke-ScriptBlock, C:\Users\user\Documents\WindowsPowerShell\Modules\Pester\5.7.1\Pester.psm1 : ligne 2160
à Invoke-Block, C:\Users\user\Documents\WindowsPowerShell\Modules\Pester\5.7.1\Pester.psm1 : ligne 940
à &lt;ScriptBlock&gt;, C:\Users\user\Documents\WindowsPowerShell\Modules\Pester\5.7.1\Pester.psm1 : ligne 1688
à &lt;ScriptBlock&gt;, C:\Users\user\Documents\WindowsPowerShell\Modules\Pester\5.7.1\Pester.ps1 : ligne 3
à &lt;ScriptBlock&gt;, C:\Users\user\Documents\WindowsPowerShell\Modules\Pester\5.7.1\Pester.psm1 : ligne 3260
à Invoke-InNewScriptScope, C:\Users\user\Documents\WindowsPowerShell\Modules\Pester\5.7.1\Pester.psm1 : ligne 3267
à Run-Test, C:\Users\user\Documents\WindowsPowerShell\Modules\Pester\5.7.1\Pester.psm1 : ligne 1691
à Invoke-Test, C:\Users\user\Documents\WindowsPowerShell\Modules\Pester\5.7.1\Pester.psm1 : ligne 2512
à Invoke-Pester&lt;End&gt;, C:\Users\user\Documents\WindowsPowerShell\Modules\Pester\5.7.1\Pester.psm1 : ligne 4960
à &lt;ScriptBlock&gt;, D:\DO\WEB\N8N_tests\PROJETS\EMAIL_SENDER_1\scripts\utils\PSCacheManager\PredictiveCache\Tests\Run-AllTests.ps1 : ligne 44
à &lt;ScriptBlock&gt;, &lt;Aucun fichier&gt; : ligne 1</stack-trace>
                    </failure>
                  </test-case>
                </results>
              </test-suite>
              <test-suite type="TestFixture" name="UsageCollector Module Tests.Database Operations" executed="True" result="Failure" success="False" time="1.575" asserts="0" description="UsageCollector Module Tests.Database Operations">
                <results>
                  <test-case description="Should close the database connection" name="UsageCollector Module Tests.Database Operations.Should close the database connection" time="0.0877" asserts="0" success="False" result="Failure" executed="True">
                    <failure>
                      <message>ParameterBindingValidationException: Impossible de lier l'argument au paramètre « DatabasePath », car il s'agit d'une chaîne vide.</message>
                      <stack-trace>à &lt;ScriptBlock&gt;, D:\DO\WEB\N8N_tests\PROJETS\EMAIL_SENDER_1\scripts\utils\PSCacheManager\PredictiveCache\Tests\UsageCollector.Tests.ps1 : ligne 165
à &lt;ScriptBlock&gt;, C:\Users\user\Documents\WindowsPowerShell\Modules\Pester\5.7.1\Pester.psm1 : ligne 2011
à &lt;ScriptBlock&gt;, C:\Users\user\Documents\WindowsPowerShell\Modules\Pester\5.7.1\Pester.psm1 : ligne 1985
à Invoke-ScriptBlock, C:\Users\user\Documents\WindowsPowerShell\Modules\Pester\5.7.1\Pester.psm1 : ligne 2157
à Invoke-TestItem, C:\Users\user\Documents\WindowsPowerShell\Modules\Pester\5.7.1\Pester.psm1 : ligne 1199
à Invoke-Block, C:\Users\user\Documents\WindowsPowerShell\Modules\Pester\5.7.1\Pester.psm1 : ligne 835
à &lt;ScriptBlock&gt;, C:\Users\user\Documents\WindowsPowerShell\Modules\Pester\5.7.1\Pester.psm1 : ligne 893
à &lt;ScriptBlock&gt;, C:\Users\user\Documents\WindowsPowerShell\Modules\Pester\5.7.1\Pester.psm1 : ligne 2024
à &lt;ScriptBlock&gt;, C:\Users\user\Documents\WindowsPowerShell\Modules\Pester\5.7.1\Pester.psm1 : ligne 1985
à Invoke-ScriptBlock, C:\Users\user\Documents\WindowsPowerShell\Modules\Pester\5.7.1\Pester.psm1 : ligne 2160
à Invoke-Block, C:\Users\user\Documents\WindowsPowerShell\Modules\Pester\5.7.1\Pester.psm1 : ligne 940
à &lt;ScriptBlock&gt;, C:\Users\user\Documents\WindowsPowerShell\Modules\Pester\5.7.1\Pester.psm1 : ligne 893
à &lt;ScriptBlock&gt;, C:\Users\user\Documents\WindowsPowerShell\Modules\Pester\5.7.1\Pester.psm1 : ligne 2024
à &lt;ScriptBlock&gt;, C:\Users\user\Documents\WindowsPowerShell\Modules\Pester\5.7.1\Pester.psm1 : ligne 1985
à Invoke-ScriptBlock, C:\Users\user\Documents\WindowsPowerShell\Modules\Pester\5.7.1\Pester.psm1 : ligne 2160
à Invoke-Block, C:\Users\user\Documents\WindowsPowerShell\Modules\Pester\5.7.1\Pester.psm1 : ligne 940
à &lt;ScriptBlock&gt;, C:\Users\user\Documents\WindowsPowerShell\Modules\Pester\5.7.1\Pester.psm1 : ligne 893
à &lt;ScriptBlock&gt;, C:\Users\user\Documents\WindowsPowerShell\Modules\Pester\5.7.1\Pester.psm1 : ligne 2024
à &lt;ScriptBlock&gt;, C:\Users\user\Documents\WindowsPowerShell\Modules\Pester\5.7.1\Pester.psm1 : ligne 1985
à Invoke-ScriptBlock, C:\Users\user\Documents\WindowsPowerShell\Modules\Pester\5.7.1\Pester.psm1 : ligne 2160
à Invoke-Block, C:\Users\user\Documents\WindowsPowerShell\Modules\Pester\5.7.1\Pester.psm1 : ligne 940
à &lt;ScriptBlock&gt;, C:\Users\user\Documents\WindowsPowerShell\Modules\Pester\5.7.1\Pester.psm1 : ligne 1688
à &lt;ScriptBlock&gt;, C:\Users\user\Documents\WindowsPowerShell\Modules\Pester\5.7.1\Pester.ps1 : ligne 3
à &lt;ScriptBlock&gt;, C:\Users\user\Documents\WindowsPowerShell\Modules\Pester\5.7.1\Pester.psm1 : ligne 3260
à Invoke-InNewScriptScope, C:\Users\user\Documents\WindowsPowerShell\Modules\Pester\5.7.1\Pester.psm1 : ligne 3267
à Run-Test, C:\Users\user\Documents\WindowsPowerShell\Modules\Pester\5.7.1\Pester.psm1 : ligne 1691
à Invoke-Test, C:\Users\user\Documents\WindowsPowerShell\Modules\Pester\5.7.1\Pester.psm1 : ligne 2512
à Invoke-Pester&lt;End&gt;, C:\Users\user\Documents\WindowsPowerShell\Modules\Pester\5.7.1\Pester.psm1 : ligne 4960
à &lt;ScriptBlock&gt;, D:\DO\WEB\N8N_tests\PROJETS\EMAIL_SENDER_1\scripts\utils\PSCacheManager\PredictiveCache\Tests\Run-AllTests.ps1 : ligne 44
à &lt;ScriptBlock&gt;, &lt;Aucun fichier&gt; : ligne 1</stack-trace>
                    </failure>
                  </test-case>
                </results>
              </test-suite>
            </results>
          </test-suite>
        </results>
      </test-suite>
    </results>
  </test-suite>
</test-results>