<?xml version="1.0" encoding="utf-8" standalone="no"?>
<test-results xmlns:xsi="http://www.w3.org/2001/XMLSchema-instance" xsi:noNamespaceSchemaLocation="nunit_schema_2.5.xsd" name="Pester" total="42" errors="0" failures="0" not-run="0" inconclusive="0" ignored="0" skipped="0" invalid="0" date="2025-04-21" time="02:21:09">
  <environment clr-version="4.0.30319.42000" user-domain="DESKTOP-ORG3GN0" cwd="D:\DO\WEB\N8N_tests\PROJETS\EMAIL_SENDER_1\n8n-unified\tests" platform="Microsoft Windows 10 Famille|C:\Windows|\Device\Harddisk0\Partition2" machine-name="DESKTOP-ORG3GN0" nunit-version="2.5.8.0" os-version="10.0.19045" user="user" />
  <culture-info current-culture="fr-FR" current-uiculture="fr-FR" />
  <test-suite type="TestFixture" name="Pester" executed="True" result="Success" success="True" time="7.0899" asserts="0" description="Pester">
    <results>
      <test-suite type="TestFixture" name="D:\DO\WEB\N8N_tests\PROJETS\EMAIL_SENDER_1\n8n-unified\tests\Docker.Tests.ps1" executed="True" result="Success" success="True" time="3.5908" asserts="0" description="D:\DO\WEB\N8N_tests\PROJETS\EMAIL_SENDER_1\n8n-unified\tests\Docker.Tests.ps1">
        <results>
          <test-suite type="TestFixture" name="Configuration Docker n8n-unified" executed="True" result="Success" success="True" time="1.3212" asserts="0" description="Configuration Docker n8n-unified">
            <results>
              <test-suite type="TestFixture" name="Configuration Docker n8n-unified.Fichiers Docker" executed="True" result="Success" success="True" time="0.8068" asserts="0" description="Configuration Docker n8n-unified.Fichiers Docker">
                <results>
                  <test-case description="Le fichier docker-compose.yml existe" name="Configuration Docker n8n-unified.Fichiers Docker.Le fichier docker-compose.yml existe" time="0.5634" asserts="0" success="True" result="Success" executed="True" />
                  <test-case description="Le fichier .env existe" name="Configuration Docker n8n-unified.Fichiers Docker.Le fichier .env existe" time="0.034" asserts="0" success="True" result="Success" executed="True" />
                </results>
              </test-suite>
              <test-suite type="TestFixture" name="Configuration Docker n8n-unified.Contenu du fichier docker-compose.yml" executed="True" result="Success" success="True" time="1.0164" asserts="0" description="Configuration Docker n8n-unified.Contenu du fichier docker-compose.yml">
                <results>
                  <test-case description="Le fichier docker-compose.yml contient le service n8n" name="Configuration Docker n8n-unified.Contenu du fichier docker-compose.yml.Le fichier docker-compose.yml contient le service n8n" time="0.0533" asserts="0" success="True" result="Success" executed="True" />
                  <test-case description="Le fichier docker-compose.yml contient le port 5678" name="Configuration Docker n8n-unified.Contenu du fichier docker-compose.yml.Le fichier docker-compose.yml contient le port 5678" time="0.033" asserts="0" success="True" result="Success" executed="True" />
                  <test-case description="Le fichier docker-compose.yml contient le volume pour les donnÃ©es" name="Configuration Docker n8n-unified.Contenu du fichier docker-compose.yml.Le fichier docker-compose.yml contient le volume pour les donnÃ©es" time="0.039" asserts="0" success="True" result="Success" executed="True" />
                  <test-case description="Le fichier docker-compose.yml contient la configuration de healthcheck" name="Configuration Docker n8n-unified.Contenu du fichier docker-compose.yml.Le fichier docker-compose.yml contient la configuration de healthcheck" time="0.0327" asserts="0" success="True" result="Success" executed="True" />
                </results>
              </test-suite>
              <test-suite type="TestFixture" name="Configuration Docker n8n-unified.Contenu du fichier .env" executed="True" result="Success" success="True" time="1.2133" asserts="0" description="Configuration Docker n8n-unified.Contenu du fichier .env">
                <results>
                  <test-case description="Le fichier .env contient N8N_BASIC_AUTH_ACTIVE=false" name="Configuration Docker n8n-unified.Contenu du fichier .env.Le fichier .env contient N8N_BASIC_AUTH_ACTIVE=false" time="0.0332" asserts="0" success="True" result="Success" executed="True" />
                  <test-case description="Le fichier .env contient N8N_USER_MANAGEMENT_DISABLED=true" name="Configuration Docker n8n-unified.Contenu du fichier .env.Le fichier .env contient N8N_USER_MANAGEMENT_DISABLED=true" time="0.0336" asserts="0" success="True" result="Success" executed="True" />
                  <test-case description="Le fichier .env contient N8N_COMMUNITY_PACKAGES_ALLOW_TOOL_USAGE=true" name="Configuration Docker n8n-unified.Contenu du fichier .env.Le fichier .env contient N8N_COMMUNITY_PACKAGES_ALLOW_TOOL_USAGE=true" time="0.0361" asserts="0" success="True" result="Success" executed="True" />
                  <test-case description="Le fichier .env contient N8N_ENCRYPTION_KEY" name="Configuration Docker n8n-unified.Contenu du fichier .env.Le fichier .env contient N8N_ENCRYPTION_KEY" time="0.0472" asserts="0" success="True" result="Success" executed="True" />
                </results>
              </test-suite>
            </results>
          </test-suite>
        </results>
      </test-suite>
      <test-suite type="TestFixture" name="D:\DO\WEB\N8N_tests\PROJETS\EMAIL_SENDER_1\n8n-unified\tests\Documentation.Tests.ps1" executed="True" result="Success" success="True" time="0.8609" asserts="0" description="D:\DO\WEB\N8N_tests\PROJETS\EMAIL_SENDER_1\n8n-unified\tests\Documentation.Tests.ps1">
        <results>
          <test-suite type="TestFixture" name="Documentation n8n-unified" executed="True" result="Success" success="True" time="0.6914" asserts="0" description="Documentation n8n-unified">
            <results>
              <test-suite type="TestFixture" name="Documentation n8n-unified.Fichier README.md" executed="True" result="Success" success="True" time="0.6448" asserts="0" description="Documentation n8n-unified.Fichier README.md">
                <results>
                  <test-case description="Le fichier README.md existe" name="Documentation n8n-unified.Fichier README.md.Le fichier README.md existe" time="0.0785" asserts="0" success="True" result="Success" executed="True" />
                  <test-case description="Le fichier README.md contient une description de la structure" name="Documentation n8n-unified.Fichier README.md.Le fichier README.md contient une description de la structure" time="0.2911" asserts="0" success="True" result="Success" executed="True" />
                  <test-case description="Le fichier README.md contient des instructions d'utilisation" name="Documentation n8n-unified.Fichier README.md.Le fichier README.md contient des instructions d'utilisation" time="0.1168" asserts="0" success="True" result="Success" executed="True" />
                  <test-case description="Le fichier README.md mentionne les intÃ©grations" name="Documentation n8n-unified.Fichier README.md.Le fichier README.md mentionne les intÃ©grations" time="0.0903" asserts="0" success="True" result="Success" executed="True" />
                </results>
              </test-suite>
            </results>
          </test-suite>
        </results>
      </test-suite>
      <test-suite type="TestFixture" name="D:\DO\WEB\N8N_tests\PROJETS\EMAIL_SENDER_1\n8n-unified\tests\Redirections.Tests.ps1" executed="True" result="Success" success="True" time="0.5034" asserts="0" description="D:\DO\WEB\N8N_tests\PROJETS\EMAIL_SENDER_1\n8n-unified\tests\Redirections.Tests.ps1">
        <results>
          <test-suite type="TestFixture" name="Redirections n8n-unified" executed="True" result="Success" success="True" time="0.3369" asserts="0" description="Redirections n8n-unified">
            <results>
              <test-suite type="TestFixture" name="Redirections n8n-unified.Scripts de redirection" executed="True" result="Success" success="True" time="0.123" asserts="0" description="Redirections n8n-unified.Scripts de redirection">
                <results>
                  <test-case description="Le script start-n8n.cmd existe dans le dossier racine" name="Redirections n8n-unified.Scripts de redirection.Le script start-n8n.cmd existe dans le dossier racine" time="0.0559" asserts="0" success="True" result="Success" executed="True" />
                  <test-case description="Le script stop-n8n.cmd existe dans le dossier racine" name="Redirections n8n-unified.Scripts de redirection.Le script stop-n8n.cmd existe dans le dossier racine" time="0.035" asserts="0" success="True" result="Success" executed="True" />
                </results>
              </test-suite>
              <test-suite type="TestFixture" name="Redirections n8n-unified.Contenu des scripts de redirection" executed="True" result="Success" success="True" time="0.3008" asserts="0" description="Redirections n8n-unified.Contenu des scripts de redirection">
                <results>
                  <test-case description="Le script start-n8n.cmd redirige vers start-n8n-docker.cmd" name="Redirections n8n-unified.Contenu des scripts de redirection.Le script start-n8n.cmd redirige vers start-n8n-docker.cmd" time="0.0428" asserts="0" success="True" result="Success" executed="True" />
                  <test-case description="Le script stop-n8n.cmd redirige vers stop-n8n-docker.cmd" name="Redirections n8n-unified.Contenu des scripts de redirection.Le script stop-n8n.cmd redirige vers stop-n8n-docker.cmd" time="0.0913" asserts="0" success="True" result="Success" executed="True" />
                </results>
              </test-suite>
            </results>
          </test-suite>
        </results>
      </test-suite>
      <test-suite type="TestFixture" name="D:\DO\WEB\N8N_tests\PROJETS\EMAIL_SENDER_1\n8n-unified\tests\Scripts.Tests.ps1" executed="True" result="Success" success="True" time="0.8722" asserts="0" description="D:\DO\WEB\N8N_tests\PROJETS\EMAIL_SENDER_1\n8n-unified\tests\Scripts.Tests.ps1">
        <results>
          <test-suite type="TestFixture" name="Scripts n8n-unified" executed="True" result="Success" success="True" time="0.5912" asserts="0" description="Scripts n8n-unified">
            <results>
              <test-suite type="TestFixture" name="Scripts n8n-unified.Existence des scripts" executed="True" result="Success" success="True" time="0.3554" asserts="0" description="Scripts n8n-unified.Existence des scripts">
                <results>
                  <test-case description="Le script start-n8n-docker.cmd existe" name="Scripts n8n-unified.Existence des scripts.Le script start-n8n-docker.cmd existe" time="0.0609" asserts="0" success="True" result="Success" executed="True" />
                  <test-case description="Le script stop-n8n-docker.cmd existe" name="Scripts n8n-unified.Existence des scripts.Le script stop-n8n-docker.cmd existe" time="0.0564" asserts="0" success="True" result="Success" executed="True" />
                  <test-case description="Le script backup-workflows.cmd existe" name="Scripts n8n-unified.Existence des scripts.Le script backup-workflows.cmd existe" time="0.0405" asserts="0" success="True" result="Success" executed="True" />
                  <test-case description="Le script restore-workflows.cmd existe" name="Scripts n8n-unified.Existence des scripts.Le script restore-workflows.cmd existe" time="0.0446" asserts="0" success="True" result="Success" executed="True" />
                  <test-case description="Le script verify-migration.cmd existe" name="Scripts n8n-unified.Existence des scripts.Le script verify-migration.cmd existe" time="0.0406" asserts="0" success="True" result="Success" executed="True" />
                  <test-case description="Le script create-symlinks.cmd existe" name="Scripts n8n-unified.Existence des scripts.Le script create-symlinks.cmd existe" time="0.0462" asserts="0" success="True" result="Success" executed="True" />
                  <test-case description="Le script cleanup-old-n8n.cmd existe" name="Scripts n8n-unified.Existence des scripts.Le script cleanup-old-n8n.cmd existe" time="0.0386" asserts="0" success="True" result="Success" executed="True" />
                </results>
              </test-suite>
              <test-suite type="TestFixture" name="Scripts n8n-unified.Contenu des scripts" executed="True" result="Success" success="True" time="0.5537" asserts="0" description="Scripts n8n-unified.Contenu des scripts">
                <results>
                  <test-case description="Le script start-n8n-docker.cmd contient la commande docker-compose up" name="Scripts n8n-unified.Contenu des scripts.Le script start-n8n-docker.cmd contient la commande docker-compose up" time="0.0398" asserts="0" success="True" result="Success" executed="True" />
                  <test-case description="Le script stop-n8n-docker.cmd contient la commande docker-compose down" name="Scripts n8n-unified.Contenu des scripts.Le script stop-n8n-docker.cmd contient la commande docker-compose down" time="0.0387" asserts="0" success="True" result="Success" executed="True" />
                  <test-case description="Le script backup-workflows.cmd contient la commande Compress-Archive" name="Scripts n8n-unified.Contenu des scripts.Le script backup-workflows.cmd contient la commande Compress-Archive" time="0.0389" asserts="0" success="True" result="Success" executed="True" />
                  <test-case description="Le script restore-workflows.cmd contient la commande Expand-Archive" name="Scripts n8n-unified.Contenu des scripts.Le script restore-workflows.cmd contient la commande Expand-Archive" time="0.0389" asserts="0" success="True" result="Success" executed="True" />
                </results>
              </test-suite>
            </results>
          </test-suite>
        </results>
      </test-suite>
      <test-suite type="TestFixture" name="D:\DO\WEB\N8N_tests\PROJETS\EMAIL_SENDER_1\n8n-unified\tests\Structure.Tests.ps1" executed="True" result="Success" success="True" time="1.2626" asserts="0" description="D:\DO\WEB\N8N_tests\PROJETS\EMAIL_SENDER_1\n8n-unified\tests\Structure.Tests.ps1">
        <results>
          <test-suite type="TestFixture" name="Structure des dossiers n8n-unified" executed="True" result="Success" success="True" time="1.0477" asserts="0" description="Structure des dossiers n8n-unified">
            <results>
              <test-suite type="TestFixture" name="Structure des dossiers n8n-unified.Dossiers principaux" executed="True" result="Success" success="True" time="0.7103" asserts="0" description="Structure des dossiers n8n-unified.Dossiers principaux">
                <results>
                  <test-case description="Le dossier racine existe" name="Structure des dossiers n8n-unified.Dossiers principaux.Le dossier racine existe" time="0.0292" asserts="0" success="True" result="Success" executed="True" />
                  <test-case description="Le dossier config existe" name="Structure des dossiers n8n-unified.Dossiers principaux.Le dossier config existe" time="0.0274" asserts="0" success="True" result="Success" executed="True" />
                  <test-case description="Le dossier data existe" name="Structure des dossiers n8n-unified.Dossiers principaux.Le dossier data existe" time="0.0268" asserts="0" success="True" result="Success" executed="True" />
                  <test-case description="Le dossier docker existe" name="Structure des dossiers n8n-unified.Dossiers principaux.Le dossier docker existe" time="0.3684" asserts="0" success="True" result="Success" executed="True" />
                  <test-case description="Le dossier scripts existe" name="Structure des dossiers n8n-unified.Dossiers principaux.Le dossier scripts existe" time="0.0476" asserts="0" success="True" result="Success" executed="True" />
                  <test-case description="Le dossier integrations existe" name="Structure des dossiers n8n-unified.Dossiers principaux.Le dossier integrations existe" time="0.0525" asserts="0" success="True" result="Success" executed="True" />
                  <test-case description="Le dossier docs existe" name="Structure des dossiers n8n-unified.Dossiers principaux.Le dossier docs existe" time="0.0571" asserts="0" success="True" result="Success" executed="True" />
                  <test-case description="Le dossier tests existe" name="Structure des dossiers n8n-unified.Dossiers principaux.Le dossier tests existe" time="0.0747" asserts="0" success="True" result="Success" executed="True" />
                </results>
              </test-suite>
              <test-suite type="TestFixture" name="Structure des dossiers n8n-unified.Sous-dossiers" executed="True" result="Success" success="True" time="1.0228" asserts="0" description="Structure des dossiers n8n-unified.Sous-dossiers">
                <results>
                  <test-case description="Le dossier data/credentials existe" name="Structure des dossiers n8n-unified.Sous-dossiers.Le dossier data/credentials existe" time="0.0402" asserts="0" success="True" result="Success" executed="True" />
                  <test-case description="Le dossier data/workflows existe" name="Structure des dossiers n8n-unified.Sous-dossiers.Le dossier data/workflows existe" time="0.0559" asserts="0" success="True" result="Success" executed="True" />
                  <test-case description="Le dossier integrations/augment existe" name="Structure des dossiers n8n-unified.Sous-dossiers.Le dossier integrations/augment existe" time="0.0643" asserts="0" success="True" result="Success" executed="True" />
                  <test-case description="Le dossier integrations/ide existe" name="Structure des dossiers n8n-unified.Sous-dossiers.Le dossier integrations/ide existe" time="0.0701" asserts="0" success="True" result="Success" executed="True" />
                  <test-case description="Le dossier integrations/mcp existe" name="Structure des dossiers n8n-unified.Sous-dossiers.Le dossier integrations/mcp existe" time="0.0486" asserts="0" success="True" result="Success" executed="True" />
                </results>
              </test-suite>
            </results>
          </test-suite>
        </results>
      </test-suite>
    </results>
  </test-suite>
</test-results>