<?xml version="1.0" encoding="utf-8" standalone="no"?>
<test-results xmlns:xsi="http://www.w3.org/2001/XMLSchema-instance" xsi:noNamespaceSchemaLocation="nunit_schema_2.5.xsd" name="Pester" total="123" errors="0" failures="117" not-run="0" inconclusive="0" ignored="0" skipped="0" invalid="0" date="2025-04-26" time="21:41:48">
  <environment clr-version="4.0.30319.42000" user-domain="DESKTOP-ORG3GN0" cwd="D:\DO\WEB\N8N_tests\PROJETS\EMAIL_SENDER_1\tools\scripts\roadmap-parser\module\Tests" platform="Microsoft Windows 10 Famille|C:\Windows|\Device\Harddisk0\Partition2" machine-name="DESKTOP-ORG3GN0" nunit-version="2.5.8.0" os-version="10.0.19045" user="user" />
  <culture-info current-culture="fr-FR" current-uiculture="fr-FR" />
  <test-suite type="TestFixture" name="Pester" executed="True" result="Failure" success="False" time="44.4791" asserts="0" description="Pester">
    <results>
      <test-suite type="TestFixture" name="D:\DO\WEB\N8N_tests\PROJETS\EMAIL_SENDER_1\tools\scripts\roadmap-parser\module\Tests\Validation\Test-Custom.Tests.ps1" executed="True" result="Failure" success="False" time="6.3245" asserts="0" description="D:\DO\WEB\N8N_tests\PROJETS\EMAIL_SENDER_1\tools\scripts\roadmap-parser\module\Tests\Validation\Test-Custom.Tests.ps1">
        <results>
          <test-suite type="TestFixture" name="Test-Custom" executed="True" result="Failure" success="False" time="4.2345" asserts="0" description="Test-Custom">
            <results>
              <test-suite type="TestFixture" name="Test-Custom.Validation avec ValidationFunction" executed="True" result="Failure" success="False" time="1.2295" asserts="0" description="Test-Custom.Validation avec ValidationFunction">
                <results>
                  <test-case description="Devrait retourner True pour une valeur valide" name="Test-Custom.Validation avec ValidationFunction.Devrait retourner True pour une valeur valide" time="0.7585" asserts="0" success="False" result="Failure" executed="True">
                    <failure>
                      <message>CommandNotFoundException: Le terme « Test-Custom » n'est pas reconnu comme nom d'applet de commande, fonction, fichier de script ou programme exécutable. Vérifiez l'orthographe du nom, ou si un chemin d'accès existe, vérifiez que le chemin d'accès est correct et réessayez.</message>
                      <stack-trace>à &lt;ScriptBlock&gt;, D:\DO\WEB\N8N_tests\PROJETS\EMAIL_SENDER_1\tools\scripts\roadmap-parser\module\Tests\Validation\Test-Custom.Tests.ps1 : ligne 16
à &lt;ScriptBlock&gt;, C:\Users\user\Documents\WindowsPowerShell\Modules\Pester\5.7.1\Pester.psm1 : ligne 2024
à &lt;ScriptBlock&gt;, C:\Users\user\Documents\WindowsPowerShell\Modules\Pester\5.7.1\Pester.psm1 : ligne 1985
à Invoke-ScriptBlock, C:\Users\user\Documents\WindowsPowerShell\Modules\Pester\5.7.1\Pester.psm1 : ligne 2157
à Invoke-TestItem, C:\Users\user\Documents\WindowsPowerShell\Modules\Pester\5.7.1\Pester.psm1 : ligne 1199
à Invoke-Block, C:\Users\user\Documents\WindowsPowerShell\Modules\Pester\5.7.1\Pester.psm1 : ligne 835
à &lt;ScriptBlock&gt;, C:\Users\user\Documents\WindowsPowerShell\Modules\Pester\5.7.1\Pester.psm1 : ligne 893
à &lt;ScriptBlock&gt;, C:\Users\user\Documents\WindowsPowerShell\Modules\Pester\5.7.1\Pester.psm1 : ligne 2024
à &lt;ScriptBlock&gt;, C:\Users\user\Documents\WindowsPowerShell\Modules\Pester\5.7.1\Pester.psm1 : ligne 1985
à Invoke-ScriptBlock, C:\Users\user\Documents\WindowsPowerShell\Modules\Pester\5.7.1\Pester.psm1 : ligne 2160
à Invoke-Block, C:\Users\user\Documents\WindowsPowerShell\Modules\Pester\5.7.1\Pester.psm1 : ligne 940
à &lt;ScriptBlock&gt;, C:\Users\user\Documents\WindowsPowerShell\Modules\Pester\5.7.1\Pester.psm1 : ligne 893
à &lt;ScriptBlock&gt;, C:\Users\user\Documents\WindowsPowerShell\Modules\Pester\5.7.1\Pester.psm1 : ligne 2024
à &lt;ScriptBlock&gt;, C:\Users\user\Documents\WindowsPowerShell\Modules\Pester\5.7.1\Pester.psm1 : ligne 1985
à Invoke-ScriptBlock, C:\Users\user\Documents\WindowsPowerShell\Modules\Pester\5.7.1\Pester.psm1 : ligne 2160
à Invoke-Block, C:\Users\user\Documents\WindowsPowerShell\Modules\Pester\5.7.1\Pester.psm1 : ligne 940
à &lt;ScriptBlock&gt;, C:\Users\user\Documents\WindowsPowerShell\Modules\Pester\5.7.1\Pester.psm1 : ligne 893
à &lt;ScriptBlock&gt;, C:\Users\user\Documents\WindowsPowerShell\Modules\Pester\5.7.1\Pester.psm1 : ligne 2024
à &lt;ScriptBlock&gt;, C:\Users\user\Documents\WindowsPowerShell\Modules\Pester\5.7.1\Pester.psm1 : ligne 1985
à Invoke-ScriptBlock, C:\Users\user\Documents\WindowsPowerShell\Modules\Pester\5.7.1\Pester.psm1 : ligne 2160
à Invoke-Block, C:\Users\user\Documents\WindowsPowerShell\Modules\Pester\5.7.1\Pester.psm1 : ligne 940
à &lt;ScriptBlock&gt;, C:\Users\user\Documents\WindowsPowerShell\Modules\Pester\5.7.1\Pester.psm1 : ligne 1688
à &lt;ScriptBlock&gt;, C:\Users\user\Documents\WindowsPowerShell\Modules\Pester\5.7.1\Pester.ps1 : ligne 3
à &lt;ScriptBlock&gt;, C:\Users\user\Documents\WindowsPowerShell\Modules\Pester\5.7.1\Pester.psm1 : ligne 3260
à Invoke-InNewScriptScope, C:\Users\user\Documents\WindowsPowerShell\Modules\Pester\5.7.1\Pester.psm1 : ligne 3267
à Run-Test, C:\Users\user\Documents\WindowsPowerShell\Modules\Pester\5.7.1\Pester.psm1 : ligne 1691
à Invoke-Test, C:\Users\user\Documents\WindowsPowerShell\Modules\Pester\5.7.1\Pester.psm1 : ligne 2512
à Invoke-Pester&lt;End&gt;, C:\Users\user\Documents\WindowsPowerShell\Modules\Pester\5.7.1\Pester.psm1 : ligne 4960
à &lt;ScriptBlock&gt;, D:\DO\WEB\N8N_tests\PROJETS\EMAIL_SENDER_1\tools\scripts\roadmap-parser\module\Tests\Invoke-AllTests.ps1 : ligne 86
à &lt;ScriptBlock&gt;, &lt;Aucun fichier&gt; : ligne 1</stack-trace>
                    </failure>
                  </test-case>
                  <test-case description="Devrait retourner False pour une valeur invalide" name="Test-Custom.Validation avec ValidationFunction.Devrait retourner False pour une valeur invalide" time="0.2614" asserts="0" success="False" result="Failure" executed="True">
                    <failure>
                      <message>CommandNotFoundException: Le terme « Test-Custom » n'est pas reconnu comme nom d'applet de commande, fonction, fichier de script ou programme exécutable. Vérifiez l'orthographe du nom, ou si un chemin d'accès existe, vérifiez que le chemin d'accès est correct et réessayez.</message>
                      <stack-trace>à &lt;ScriptBlock&gt;, D:\DO\WEB\N8N_tests\PROJETS\EMAIL_SENDER_1\tools\scripts\roadmap-parser\module\Tests\Validation\Test-Custom.Tests.ps1 : ligne 20
à &lt;ScriptBlock&gt;, C:\Users\user\Documents\WindowsPowerShell\Modules\Pester\5.7.1\Pester.psm1 : ligne 2024
à &lt;ScriptBlock&gt;, C:\Users\user\Documents\WindowsPowerShell\Modules\Pester\5.7.1\Pester.psm1 : ligne 1985
à Invoke-ScriptBlock, C:\Users\user\Documents\WindowsPowerShell\Modules\Pester\5.7.1\Pester.psm1 : ligne 2157
à Invoke-TestItem, C:\Users\user\Documents\WindowsPowerShell\Modules\Pester\5.7.1\Pester.psm1 : ligne 1199
à Invoke-Block, C:\Users\user\Documents\WindowsPowerShell\Modules\Pester\5.7.1\Pester.psm1 : ligne 835
à &lt;ScriptBlock&gt;, C:\Users\user\Documents\WindowsPowerShell\Modules\Pester\5.7.1\Pester.psm1 : ligne 893
à &lt;ScriptBlock&gt;, C:\Users\user\Documents\WindowsPowerShell\Modules\Pester\5.7.1\Pester.psm1 : ligne 2024
à &lt;ScriptBlock&gt;, C:\Users\user\Documents\WindowsPowerShell\Modules\Pester\5.7.1\Pester.psm1 : ligne 1985
à Invoke-ScriptBlock, C:\Users\user\Documents\WindowsPowerShell\Modules\Pester\5.7.1\Pester.psm1 : ligne 2160
à Invoke-Block, C:\Users\user\Documents\WindowsPowerShell\Modules\Pester\5.7.1\Pester.psm1 : ligne 940
à &lt;ScriptBlock&gt;, C:\Users\user\Documents\WindowsPowerShell\Modules\Pester\5.7.1\Pester.psm1 : ligne 893
à &lt;ScriptBlock&gt;, C:\Users\user\Documents\WindowsPowerShell\Modules\Pester\5.7.1\Pester.psm1 : ligne 2024
à &lt;ScriptBlock&gt;, C:\Users\user\Documents\WindowsPowerShell\Modules\Pester\5.7.1\Pester.psm1 : ligne 1985
à Invoke-ScriptBlock, C:\Users\user\Documents\WindowsPowerShell\Modules\Pester\5.7.1\Pester.psm1 : ligne 2160
à Invoke-Block, C:\Users\user\Documents\WindowsPowerShell\Modules\Pester\5.7.1\Pester.psm1 : ligne 940
à &lt;ScriptBlock&gt;, C:\Users\user\Documents\WindowsPowerShell\Modules\Pester\5.7.1\Pester.psm1 : ligne 893
à &lt;ScriptBlock&gt;, C:\Users\user\Documents\WindowsPowerShell\Modules\Pester\5.7.1\Pester.psm1 : ligne 2024
à &lt;ScriptBlock&gt;, C:\Users\user\Documents\WindowsPowerShell\Modules\Pester\5.7.1\Pester.psm1 : ligne 1985
à Invoke-ScriptBlock, C:\Users\user\Documents\WindowsPowerShell\Modules\Pester\5.7.1\Pester.psm1 : ligne 2160
à Invoke-Block, C:\Users\user\Documents\WindowsPowerShell\Modules\Pester\5.7.1\Pester.psm1 : ligne 940
à &lt;ScriptBlock&gt;, C:\Users\user\Documents\WindowsPowerShell\Modules\Pester\5.7.1\Pester.psm1 : ligne 1688
à &lt;ScriptBlock&gt;, C:\Users\user\Documents\WindowsPowerShell\Modules\Pester\5.7.1\Pester.ps1 : ligne 3
à &lt;ScriptBlock&gt;, C:\Users\user\Documents\WindowsPowerShell\Modules\Pester\5.7.1\Pester.psm1 : ligne 3260
à Invoke-InNewScriptScope, C:\Users\user\Documents\WindowsPowerShell\Modules\Pester\5.7.1\Pester.psm1 : ligne 3267
à Run-Test, C:\Users\user\Documents\WindowsPowerShell\Modules\Pester\5.7.1\Pester.psm1 : ligne 1691
à Invoke-Test, C:\Users\user\Documents\WindowsPowerShell\Modules\Pester\5.7.1\Pester.psm1 : ligne 2512
à Invoke-Pester&lt;End&gt;, C:\Users\user\Documents\WindowsPowerShell\Modules\Pester\5.7.1\Pester.psm1 : ligne 4960
à &lt;ScriptBlock&gt;, D:\DO\WEB\N8N_tests\PROJETS\EMAIL_SENDER_1\tools\scripts\roadmap-parser\module\Tests\Invoke-AllTests.ps1 : ligne 86
à &lt;ScriptBlock&gt;, &lt;Aucun fichier&gt; : ligne 1</stack-trace>
                    </failure>
                  </test-case>
                </results>
              </test-suite>
              <test-suite type="TestFixture" name="Test-Custom.Validation avec ValidationScript" executed="True" result="Failure" success="False" time="1.7852" asserts="0" description="Test-Custom.Validation avec ValidationScript">
                <results>
                  <test-case description="Devrait retourner True pour une valeur valide" name="Test-Custom.Validation avec ValidationScript.Devrait retourner True pour une valeur valide" time="0.2269" asserts="0" success="False" result="Failure" executed="True">
                    <failure>
                      <message>CommandNotFoundException: Le terme « Test-Custom » n'est pas reconnu comme nom d'applet de commande, fonction, fichier de script ou programme exécutable. Vérifiez l'orthographe du nom, ou si un chemin d'accès existe, vérifiez que le chemin d'accès est correct et réessayez.</message>
                      <stack-trace>à &lt;ScriptBlock&gt;, D:\DO\WEB\N8N_tests\PROJETS\EMAIL_SENDER_1\tools\scripts\roadmap-parser\module\Tests\Validation\Test-Custom.Tests.ps1 : ligne 26
à &lt;ScriptBlock&gt;, C:\Users\user\Documents\WindowsPowerShell\Modules\Pester\5.7.1\Pester.psm1 : ligne 2024
à &lt;ScriptBlock&gt;, C:\Users\user\Documents\WindowsPowerShell\Modules\Pester\5.7.1\Pester.psm1 : ligne 1985
à Invoke-ScriptBlock, C:\Users\user\Documents\WindowsPowerShell\Modules\Pester\5.7.1\Pester.psm1 : ligne 2157
à Invoke-TestItem, C:\Users\user\Documents\WindowsPowerShell\Modules\Pester\5.7.1\Pester.psm1 : ligne 1199
à Invoke-Block, C:\Users\user\Documents\WindowsPowerShell\Modules\Pester\5.7.1\Pester.psm1 : ligne 835
à &lt;ScriptBlock&gt;, C:\Users\user\Documents\WindowsPowerShell\Modules\Pester\5.7.1\Pester.psm1 : ligne 893
à &lt;ScriptBlock&gt;, C:\Users\user\Documents\WindowsPowerShell\Modules\Pester\5.7.1\Pester.psm1 : ligne 2024
à &lt;ScriptBlock&gt;, C:\Users\user\Documents\WindowsPowerShell\Modules\Pester\5.7.1\Pester.psm1 : ligne 1985
à Invoke-ScriptBlock, C:\Users\user\Documents\WindowsPowerShell\Modules\Pester\5.7.1\Pester.psm1 : ligne 2160
à Invoke-Block, C:\Users\user\Documents\WindowsPowerShell\Modules\Pester\5.7.1\Pester.psm1 : ligne 940
à &lt;ScriptBlock&gt;, C:\Users\user\Documents\WindowsPowerShell\Modules\Pester\5.7.1\Pester.psm1 : ligne 893
à &lt;ScriptBlock&gt;, C:\Users\user\Documents\WindowsPowerShell\Modules\Pester\5.7.1\Pester.psm1 : ligne 2024
à &lt;ScriptBlock&gt;, C:\Users\user\Documents\WindowsPowerShell\Modules\Pester\5.7.1\Pester.psm1 : ligne 1985
à Invoke-ScriptBlock, C:\Users\user\Documents\WindowsPowerShell\Modules\Pester\5.7.1\Pester.psm1 : ligne 2160
à Invoke-Block, C:\Users\user\Documents\WindowsPowerShell\Modules\Pester\5.7.1\Pester.psm1 : ligne 940
à &lt;ScriptBlock&gt;, C:\Users\user\Documents\WindowsPowerShell\Modules\Pester\5.7.1\Pester.psm1 : ligne 893
à &lt;ScriptBlock&gt;, C:\Users\user\Documents\WindowsPowerShell\Modules\Pester\5.7.1\Pester.psm1 : ligne 2024
à &lt;ScriptBlock&gt;, C:\Users\user\Documents\WindowsPowerShell\Modules\Pester\5.7.1\Pester.psm1 : ligne 1985
à Invoke-ScriptBlock, C:\Users\user\Documents\WindowsPowerShell\Modules\Pester\5.7.1\Pester.psm1 : ligne 2160
à Invoke-Block, C:\Users\user\Documents\WindowsPowerShell\Modules\Pester\5.7.1\Pester.psm1 : ligne 940
à &lt;ScriptBlock&gt;, C:\Users\user\Documents\WindowsPowerShell\Modules\Pester\5.7.1\Pester.psm1 : ligne 1688
à &lt;ScriptBlock&gt;, C:\Users\user\Documents\WindowsPowerShell\Modules\Pester\5.7.1\Pester.ps1 : ligne 3
à &lt;ScriptBlock&gt;, C:\Users\user\Documents\WindowsPowerShell\Modules\Pester\5.7.1\Pester.psm1 : ligne 3260
à Invoke-InNewScriptScope, C:\Users\user\Documents\WindowsPowerShell\Modules\Pester\5.7.1\Pester.psm1 : ligne 3267
à Run-Test, C:\Users\user\Documents\WindowsPowerShell\Modules\Pester\5.7.1\Pester.psm1 : ligne 1691
à Invoke-Test, C:\Users\user\Documents\WindowsPowerShell\Modules\Pester\5.7.1\Pester.psm1 : ligne 2512
à Invoke-Pester&lt;End&gt;, C:\Users\user\Documents\WindowsPowerShell\Modules\Pester\5.7.1\Pester.psm1 : ligne 4960
à &lt;ScriptBlock&gt;, D:\DO\WEB\N8N_tests\PROJETS\EMAIL_SENDER_1\tools\scripts\roadmap-parser\module\Tests\Invoke-AllTests.ps1 : ligne 86
à &lt;ScriptBlock&gt;, &lt;Aucun fichier&gt; : ligne 1</stack-trace>
                    </failure>
                  </test-case>
                  <test-case description="Devrait retourner False pour une valeur invalide" name="Test-Custom.Validation avec ValidationScript.Devrait retourner False pour une valeur invalide" time="0.2254" asserts="0" success="False" result="Failure" executed="True">
                    <failure>
                      <message>CommandNotFoundException: Le terme « Test-Custom » n'est pas reconnu comme nom d'applet de commande, fonction, fichier de script ou programme exécutable. Vérifiez l'orthographe du nom, ou si un chemin d'accès existe, vérifiez que le chemin d'accès est correct et réessayez.</message>
                      <stack-trace>à &lt;ScriptBlock&gt;, D:\DO\WEB\N8N_tests\PROJETS\EMAIL_SENDER_1\tools\scripts\roadmap-parser\module\Tests\Validation\Test-Custom.Tests.ps1 : ligne 30
à &lt;ScriptBlock&gt;, C:\Users\user\Documents\WindowsPowerShell\Modules\Pester\5.7.1\Pester.psm1 : ligne 2024
à &lt;ScriptBlock&gt;, C:\Users\user\Documents\WindowsPowerShell\Modules\Pester\5.7.1\Pester.psm1 : ligne 1985
à Invoke-ScriptBlock, C:\Users\user\Documents\WindowsPowerShell\Modules\Pester\5.7.1\Pester.psm1 : ligne 2157
à Invoke-TestItem, C:\Users\user\Documents\WindowsPowerShell\Modules\Pester\5.7.1\Pester.psm1 : ligne 1199
à Invoke-Block, C:\Users\user\Documents\WindowsPowerShell\Modules\Pester\5.7.1\Pester.psm1 : ligne 835
à &lt;ScriptBlock&gt;, C:\Users\user\Documents\WindowsPowerShell\Modules\Pester\5.7.1\Pester.psm1 : ligne 893
à &lt;ScriptBlock&gt;, C:\Users\user\Documents\WindowsPowerShell\Modules\Pester\5.7.1\Pester.psm1 : ligne 2024
à &lt;ScriptBlock&gt;, C:\Users\user\Documents\WindowsPowerShell\Modules\Pester\5.7.1\Pester.psm1 : ligne 1985
à Invoke-ScriptBlock, C:\Users\user\Documents\WindowsPowerShell\Modules\Pester\5.7.1\Pester.psm1 : ligne 2160
à Invoke-Block, C:\Users\user\Documents\WindowsPowerShell\Modules\Pester\5.7.1\Pester.psm1 : ligne 940
à &lt;ScriptBlock&gt;, C:\Users\user\Documents\WindowsPowerShell\Modules\Pester\5.7.1\Pester.psm1 : ligne 893
à &lt;ScriptBlock&gt;, C:\Users\user\Documents\WindowsPowerShell\Modules\Pester\5.7.1\Pester.psm1 : ligne 2024
à &lt;ScriptBlock&gt;, C:\Users\user\Documents\WindowsPowerShell\Modules\Pester\5.7.1\Pester.psm1 : ligne 1985
à Invoke-ScriptBlock, C:\Users\user\Documents\WindowsPowerShell\Modules\Pester\5.7.1\Pester.psm1 : ligne 2160
à Invoke-Block, C:\Users\user\Documents\WindowsPowerShell\Modules\Pester\5.7.1\Pester.psm1 : ligne 940
à &lt;ScriptBlock&gt;, C:\Users\user\Documents\WindowsPowerShell\Modules\Pester\5.7.1\Pester.psm1 : ligne 893
à &lt;ScriptBlock&gt;, C:\Users\user\Documents\WindowsPowerShell\Modules\Pester\5.7.1\Pester.psm1 : ligne 2024
à &lt;ScriptBlock&gt;, C:\Users\user\Documents\WindowsPowerShell\Modules\Pester\5.7.1\Pester.psm1 : ligne 1985
à Invoke-ScriptBlock, C:\Users\user\Documents\WindowsPowerShell\Modules\Pester\5.7.1\Pester.psm1 : ligne 2160
à Invoke-Block, C:\Users\user\Documents\WindowsPowerShell\Modules\Pester\5.7.1\Pester.psm1 : ligne 940
à &lt;ScriptBlock&gt;, C:\Users\user\Documents\WindowsPowerShell\Modules\Pester\5.7.1\Pester.psm1 : ligne 1688
à &lt;ScriptBlock&gt;, C:\Users\user\Documents\WindowsPowerShell\Modules\Pester\5.7.1\Pester.ps1 : ligne 3
à &lt;ScriptBlock&gt;, C:\Users\user\Documents\WindowsPowerShell\Modules\Pester\5.7.1\Pester.psm1 : ligne 3260
à Invoke-InNewScriptScope, C:\Users\user\Documents\WindowsPowerShell\Modules\Pester\5.7.1\Pester.psm1 : ligne 3267
à Run-Test, C:\Users\user\Documents\WindowsPowerShell\Modules\Pester\5.7.1\Pester.psm1 : ligne 1691
à Invoke-Test, C:\Users\user\Documents\WindowsPowerShell\Modules\Pester\5.7.1\Pester.psm1 : ligne 2512
à Invoke-Pester&lt;End&gt;, C:\Users\user\Documents\WindowsPowerShell\Modules\Pester\5.7.1\Pester.psm1 : ligne 4960
à &lt;ScriptBlock&gt;, D:\DO\WEB\N8N_tests\PROJETS\EMAIL_SENDER_1\tools\scripts\roadmap-parser\module\Tests\Invoke-AllTests.ps1 : ligne 86
à &lt;ScriptBlock&gt;, &lt;Aucun fichier&gt; : ligne 1</stack-trace>
                    </failure>
                  </test-case>
                </results>
              </test-suite>
              <test-suite type="TestFixture" name="Test-Custom.Validation avec ThrowOnFailure" executed="True" result="Failure" success="False" time="2.6052" asserts="0" description="Test-Custom.Validation avec ThrowOnFailure">
                <results>
                  <test-case description="Devrait lever une exception en cas d'Ã©chec avec ThrowOnFailure" name="Test-Custom.Validation avec ThrowOnFailure.Devrait lever une exception en cas d'Ã©chec avec ThrowOnFailure" time="0.3584" asserts="0" success="True" result="Success" executed="True" />
                  <test-case description="Ne devrait pas lever d'exception en cas de succÃ¨s avec ThrowOnFailure" name="Test-Custom.Validation avec ThrowOnFailure.Ne devrait pas lever d'exception en cas de succÃ¨s avec ThrowOnFailure" time="0.3302" asserts="0" success="False" result="Failure" executed="True">
                    <failure>
                      <message>Expected no exception to be thrown, but an exception "Le terme « Test-Custom » n'est pas reconnu comme nom d'applet de commande, fonction, fichier de script ou programme exécutable. Vérifiez l'orthographe du nom, ou si un chemin d'accès existe, vérifiez que le chemin d'accès est correct et réessayez." was thrown Au caractère D:\DO\WEB\N8N_tests\PROJETS\EMAIL_SENDER_1\tools\scripts\roadmap-parser\module\Tests\Validation\Test-Custom.Tests.ps1:40 : 15
    +             { Test-Custom -Value 42 -ValidationFunction { param($val) ...
    +               ~~~~~~~~~~~.</message>
                      <stack-trace>at { Test-Custom -Value 42 -ValidationFunction { param($val) $val -gt 0 -and $val -lt 100 } -ThrowOnFailure } | Should -Not -Throw, D:\DO\WEB\N8N_tests\PROJETS\EMAIL_SENDER_1\tools\scripts\roadmap-parser\module\Tests\Validation\Test-Custom.Tests.ps1:40
à Invoke-Assertion, C:\Users\user\Documents\WindowsPowerShell\Modules\Pester\5.7.1\Pester.psm1 : ligne 8250
à Should&lt;End&gt;, C:\Users\user\Documents\WindowsPowerShell\Modules\Pester\5.7.1\Pester.psm1 : ligne 8193
à &lt;ScriptBlock&gt;, D:\DO\WEB\N8N_tests\PROJETS\EMAIL_SENDER_1\tools\scripts\roadmap-parser\module\Tests\Validation\Test-Custom.Tests.ps1 : ligne 40
à &lt;ScriptBlock&gt;, C:\Users\user\Documents\WindowsPowerShell\Modules\Pester\5.7.1\Pester.psm1 : ligne 2024
à &lt;ScriptBlock&gt;, C:\Users\user\Documents\WindowsPowerShell\Modules\Pester\5.7.1\Pester.psm1 : ligne 1985
à Invoke-ScriptBlock, C:\Users\user\Documents\WindowsPowerShell\Modules\Pester\5.7.1\Pester.psm1 : ligne 2157
à Invoke-TestItem, C:\Users\user\Documents\WindowsPowerShell\Modules\Pester\5.7.1\Pester.psm1 : ligne 1199
à Invoke-Block, C:\Users\user\Documents\WindowsPowerShell\Modules\Pester\5.7.1\Pester.psm1 : ligne 835
à &lt;ScriptBlock&gt;, C:\Users\user\Documents\WindowsPowerShell\Modules\Pester\5.7.1\Pester.psm1 : ligne 893
à &lt;ScriptBlock&gt;, C:\Users\user\Documents\WindowsPowerShell\Modules\Pester\5.7.1\Pester.psm1 : ligne 2024
à &lt;ScriptBlock&gt;, C:\Users\user\Documents\WindowsPowerShell\Modules\Pester\5.7.1\Pester.psm1 : ligne 1985
à Invoke-ScriptBlock, C:\Users\user\Documents\WindowsPowerShell\Modules\Pester\5.7.1\Pester.psm1 : ligne 2160
à Invoke-Block, C:\Users\user\Documents\WindowsPowerShell\Modules\Pester\5.7.1\Pester.psm1 : ligne 940
à &lt;ScriptBlock&gt;, C:\Users\user\Documents\WindowsPowerShell\Modules\Pester\5.7.1\Pester.psm1 : ligne 893
à &lt;ScriptBlock&gt;, C:\Users\user\Documents\WindowsPowerShell\Modules\Pester\5.7.1\Pester.psm1 : ligne 2024
à &lt;ScriptBlock&gt;, C:\Users\user\Documents\WindowsPowerShell\Modules\Pester\5.7.1\Pester.psm1 : ligne 1985
à Invoke-ScriptBlock, C:\Users\user\Documents\WindowsPowerShell\Modules\Pester\5.7.1\Pester.psm1 : ligne 2160
à Invoke-Block, C:\Users\user\Documents\WindowsPowerShell\Modules\Pester\5.7.1\Pester.psm1 : ligne 940
à &lt;ScriptBlock&gt;, C:\Users\user\Documents\WindowsPowerShell\Modules\Pester\5.7.1\Pester.psm1 : ligne 893
à &lt;ScriptBlock&gt;, C:\Users\user\Documents\WindowsPowerShell\Modules\Pester\5.7.1\Pester.psm1 : ligne 2024
à &lt;ScriptBlock&gt;, C:\Users\user\Documents\WindowsPowerShell\Modules\Pester\5.7.1\Pester.psm1 : ligne 1985
à Invoke-ScriptBlock, C:\Users\user\Documents\WindowsPowerShell\Modules\Pester\5.7.1\Pester.psm1 : ligne 2160
à Invoke-Block, C:\Users\user\Documents\WindowsPowerShell\Modules\Pester\5.7.1\Pester.psm1 : ligne 940
à &lt;ScriptBlock&gt;, C:\Users\user\Documents\WindowsPowerShell\Modules\Pester\5.7.1\Pester.psm1 : ligne 1688
à &lt;ScriptBlock&gt;, C:\Users\user\Documents\WindowsPowerShell\Modules\Pester\5.7.1\Pester.ps1 : ligne 3
à &lt;ScriptBlock&gt;, C:\Users\user\Documents\WindowsPowerShell\Modules\Pester\5.7.1\Pester.psm1 : ligne 3260
à Invoke-InNewScriptScope, C:\Users\user\Documents\WindowsPowerShell\Modules\Pester\5.7.1\Pester.psm1 : ligne 3267
à Run-Test, C:\Users\user\Documents\WindowsPowerShell\Modules\Pester\5.7.1\Pester.psm1 : ligne 1691
à Invoke-Test, C:\Users\user\Documents\WindowsPowerShell\Modules\Pester\5.7.1\Pester.psm1 : ligne 2512
à Invoke-Pester&lt;End&gt;, C:\Users\user\Documents\WindowsPowerShell\Modules\Pester\5.7.1\Pester.psm1 : ligne 4960
à &lt;ScriptBlock&gt;, D:\DO\WEB\N8N_tests\PROJETS\EMAIL_SENDER_1\tools\scripts\roadmap-parser\module\Tests\Invoke-AllTests.ps1 : ligne 86
à &lt;ScriptBlock&gt;, &lt;Aucun fichier&gt; : ligne 1</stack-trace>
                    </failure>
                  </test-case>
                </results>
              </test-suite>
              <test-suite type="TestFixture" name="Test-Custom.Validation avec message d'erreur personnalisÃ©" executed="True" result="Failure" success="False" time="3.3337" asserts="0" description="Test-Custom.Validation avec message d'erreur personnalisÃ©">
                <results>
                  <test-case description="Devrait utiliser le message d'erreur personnalisÃ© en cas d'Ã©chec" name="Test-Custom.Validation avec message d'erreur personnalisÃ©.Devrait utiliser le message d'erreur personnalisÃ© en cas d'Ã©chec" time="0.5785" asserts="0" success="False" result="Failure" executed="True">
                    <failure>
                      <message>Expected strings to be the same, but they were different.
Expected length: 30
Actual length:   247
Strings differ at index 0.
Expected: 'Message d'erreur personnalisÃ©'
But was:  'Le terme « Test-Custom » n'est pas reconnu comme nom d'applet de commande, fonction, ...'
           ^</message>
                      <stack-trace>at $exceptionMessage | Should -Be $customErrorMessage, D:\DO\WEB\N8N_tests\PROJETS\EMAIL_SENDER_1\tools\scripts\roadmap-parser\module\Tests\Validation\Test-Custom.Tests.ps1:55
à Invoke-Assertion, C:\Users\user\Documents\WindowsPowerShell\Modules\Pester\5.7.1\Pester.psm1 : ligne 8250
à Should&lt;End&gt;, C:\Users\user\Documents\WindowsPowerShell\Modules\Pester\5.7.1\Pester.psm1 : ligne 8189
à &lt;ScriptBlock&gt;, D:\DO\WEB\N8N_tests\PROJETS\EMAIL_SENDER_1\tools\scripts\roadmap-parser\module\Tests\Validation\Test-Custom.Tests.ps1 : ligne 55
à &lt;ScriptBlock&gt;, C:\Users\user\Documents\WindowsPowerShell\Modules\Pester\5.7.1\Pester.psm1 : ligne 2024
à &lt;ScriptBlock&gt;, C:\Users\user\Documents\WindowsPowerShell\Modules\Pester\5.7.1\Pester.psm1 : ligne 1985
à Invoke-ScriptBlock, C:\Users\user\Documents\WindowsPowerShell\Modules\Pester\5.7.1\Pester.psm1 : ligne 2157
à Invoke-TestItem, C:\Users\user\Documents\WindowsPowerShell\Modules\Pester\5.7.1\Pester.psm1 : ligne 1199
à Invoke-Block, C:\Users\user\Documents\WindowsPowerShell\Modules\Pester\5.7.1\Pester.psm1 : ligne 835
à &lt;ScriptBlock&gt;, C:\Users\user\Documents\WindowsPowerShell\Modules\Pester\5.7.1\Pester.psm1 : ligne 893
à &lt;ScriptBlock&gt;, C:\Users\user\Documents\WindowsPowerShell\Modules\Pester\5.7.1\Pester.psm1 : ligne 2024
à &lt;ScriptBlock&gt;, C:\Users\user\Documents\WindowsPowerShell\Modules\Pester\5.7.1\Pester.psm1 : ligne 1985
à Invoke-ScriptBlock, C:\Users\user\Documents\WindowsPowerShell\Modules\Pester\5.7.1\Pester.psm1 : ligne 2160
à Invoke-Block, C:\Users\user\Documents\WindowsPowerShell\Modules\Pester\5.7.1\Pester.psm1 : ligne 940
à &lt;ScriptBlock&gt;, C:\Users\user\Documents\WindowsPowerShell\Modules\Pester\5.7.1\Pester.psm1 : ligne 893
à &lt;ScriptBlock&gt;, C:\Users\user\Documents\WindowsPowerShell\Modules\Pester\5.7.1\Pester.psm1 : ligne 2024
à &lt;ScriptBlock&gt;, C:\Users\user\Documents\WindowsPowerShell\Modules\Pester\5.7.1\Pester.psm1 : ligne 1985
à Invoke-ScriptBlock, C:\Users\user\Documents\WindowsPowerShell\Modules\Pester\5.7.1\Pester.psm1 : ligne 2160
à Invoke-Block, C:\Users\user\Documents\WindowsPowerShell\Modules\Pester\5.7.1\Pester.psm1 : ligne 940
à &lt;ScriptBlock&gt;, C:\Users\user\Documents\WindowsPowerShell\Modules\Pester\5.7.1\Pester.psm1 : ligne 893
à &lt;ScriptBlock&gt;, C:\Users\user\Documents\WindowsPowerShell\Modules\Pester\5.7.1\Pester.psm1 : ligne 2024
à &lt;ScriptBlock&gt;, C:\Users\user\Documents\WindowsPowerShell\Modules\Pester\5.7.1\Pester.psm1 : ligne 1985
à Invoke-ScriptBlock, C:\Users\user\Documents\WindowsPowerShell\Modules\Pester\5.7.1\Pester.psm1 : ligne 2160
à Invoke-Block, C:\Users\user\Documents\WindowsPowerShell\Modules\Pester\5.7.1\Pester.psm1 : ligne 940
à &lt;ScriptBlock&gt;, C:\Users\user\Documents\WindowsPowerShell\Modules\Pester\5.7.1\Pester.psm1 : ligne 1688
à &lt;ScriptBlock&gt;, C:\Users\user\Documents\WindowsPowerShell\Modules\Pester\5.7.1\Pester.ps1 : ligne 3
à &lt;ScriptBlock&gt;, C:\Users\user\Documents\WindowsPowerShell\Modules\Pester\5.7.1\Pester.psm1 : ligne 3260
à Invoke-InNewScriptScope, C:\Users\user\Documents\WindowsPowerShell\Modules\Pester\5.7.1\Pester.psm1 : ligne 3267
à Run-Test, C:\Users\user\Documents\WindowsPowerShell\Modules\Pester\5.7.1\Pester.psm1 : ligne 1691
à Invoke-Test, C:\Users\user\Documents\WindowsPowerShell\Modules\Pester\5.7.1\Pester.psm1 : ligne 2512
à Invoke-Pester&lt;End&gt;, C:\Users\user\Documents\WindowsPowerShell\Modules\Pester\5.7.1\Pester.psm1 : ligne 4960
à &lt;ScriptBlock&gt;, D:\DO\WEB\N8N_tests\PROJETS\EMAIL_SENDER_1\tools\scripts\roadmap-parser\module\Tests\Invoke-AllTests.ps1 : ligne 86
à &lt;ScriptBlock&gt;, &lt;Aucun fichier&gt; : ligne 1</stack-trace>
                    </failure>
                  </test-case>
                </results>
              </test-suite>
              <test-suite type="TestFixture" name="Test-Custom.Gestion des erreurs dans la fonction de validation" executed="True" result="Failure" success="False" time="4.0475" asserts="0" description="Test-Custom.Gestion des erreurs dans la fonction de validation">
                <results>
                  <test-case description="Devrait retourner False si la fonction de validation lÃ¨ve une exception" name="Test-Custom.Gestion des erreurs dans la fonction de validation.Devrait retourner False si la fonction de validation lÃ¨ve une exception" time="0.2838" asserts="0" success="False" result="Failure" executed="True">
                    <failure>
                      <message>CommandNotFoundException: Le terme « Test-Custom » n'est pas reconnu comme nom d'applet de commande, fonction, fichier de script ou programme exécutable. Vérifiez l'orthographe du nom, ou si un chemin d'accès existe, vérifiez que le chemin d'accès est correct et réessayez.</message>
                      <stack-trace>à &lt;ScriptBlock&gt;, D:\DO\WEB\N8N_tests\PROJETS\EMAIL_SENDER_1\tools\scripts\roadmap-parser\module\Tests\Validation\Test-Custom.Tests.ps1 : ligne 61
à &lt;ScriptBlock&gt;, C:\Users\user\Documents\WindowsPowerShell\Modules\Pester\5.7.1\Pester.psm1 : ligne 2024
à &lt;ScriptBlock&gt;, C:\Users\user\Documents\WindowsPowerShell\Modules\Pester\5.7.1\Pester.psm1 : ligne 1985
à Invoke-ScriptBlock, C:\Users\user\Documents\WindowsPowerShell\Modules\Pester\5.7.1\Pester.psm1 : ligne 2157
à Invoke-TestItem, C:\Users\user\Documents\WindowsPowerShell\Modules\Pester\5.7.1\Pester.psm1 : ligne 1199
à Invoke-Block, C:\Users\user\Documents\WindowsPowerShell\Modules\Pester\5.7.1\Pester.psm1 : ligne 835
à &lt;ScriptBlock&gt;, C:\Users\user\Documents\WindowsPowerShell\Modules\Pester\5.7.1\Pester.psm1 : ligne 893
à &lt;ScriptBlock&gt;, C:\Users\user\Documents\WindowsPowerShell\Modules\Pester\5.7.1\Pester.psm1 : ligne 2024
à &lt;ScriptBlock&gt;, C:\Users\user\Documents\WindowsPowerShell\Modules\Pester\5.7.1\Pester.psm1 : ligne 1985
à Invoke-ScriptBlock, C:\Users\user\Documents\WindowsPowerShell\Modules\Pester\5.7.1\Pester.psm1 : ligne 2160
à Invoke-Block, C:\Users\user\Documents\WindowsPowerShell\Modules\Pester\5.7.1\Pester.psm1 : ligne 940
à &lt;ScriptBlock&gt;, C:\Users\user\Documents\WindowsPowerShell\Modules\Pester\5.7.1\Pester.psm1 : ligne 893
à &lt;ScriptBlock&gt;, C:\Users\user\Documents\WindowsPowerShell\Modules\Pester\5.7.1\Pester.psm1 : ligne 2024
à &lt;ScriptBlock&gt;, C:\Users\user\Documents\WindowsPowerShell\Modules\Pester\5.7.1\Pester.psm1 : ligne 1985
à Invoke-ScriptBlock, C:\Users\user\Documents\WindowsPowerShell\Modules\Pester\5.7.1\Pester.psm1 : ligne 2160
à Invoke-Block, C:\Users\user\Documents\WindowsPowerShell\Modules\Pester\5.7.1\Pester.psm1 : ligne 940
à &lt;ScriptBlock&gt;, C:\Users\user\Documents\WindowsPowerShell\Modules\Pester\5.7.1\Pester.psm1 : ligne 893
à &lt;ScriptBlock&gt;, C:\Users\user\Documents\WindowsPowerShell\Modules\Pester\5.7.1\Pester.psm1 : ligne 2024
à &lt;ScriptBlock&gt;, C:\Users\user\Documents\WindowsPowerShell\Modules\Pester\5.7.1\Pester.psm1 : ligne 1985
à Invoke-ScriptBlock, C:\Users\user\Documents\WindowsPowerShell\Modules\Pester\5.7.1\Pester.psm1 : ligne 2160
à Invoke-Block, C:\Users\user\Documents\WindowsPowerShell\Modules\Pester\5.7.1\Pester.psm1 : ligne 940
à &lt;ScriptBlock&gt;, C:\Users\user\Documents\WindowsPowerShell\Modules\Pester\5.7.1\Pester.psm1 : ligne 1688
à &lt;ScriptBlock&gt;, C:\Users\user\Documents\WindowsPowerShell\Modules\Pester\5.7.1\Pester.ps1 : ligne 3
à &lt;ScriptBlock&gt;, C:\Users\user\Documents\WindowsPowerShell\Modules\Pester\5.7.1\Pester.psm1 : ligne 3260
à Invoke-InNewScriptScope, C:\Users\user\Documents\WindowsPowerShell\Modules\Pester\5.7.1\Pester.psm1 : ligne 3267
à Run-Test, C:\Users\user\Documents\WindowsPowerShell\Modules\Pester\5.7.1\Pester.psm1 : ligne 1691
à Invoke-Test, C:\Users\user\Documents\WindowsPowerShell\Modules\Pester\5.7.1\Pester.psm1 : ligne 2512
à Invoke-Pester&lt;End&gt;, C:\Users\user\Documents\WindowsPowerShell\Modules\Pester\5.7.1\Pester.psm1 : ligne 4960
à &lt;ScriptBlock&gt;, D:\DO\WEB\N8N_tests\PROJETS\EMAIL_SENDER_1\tools\scripts\roadmap-parser\module\Tests\Invoke-AllTests.ps1 : ligne 86
à &lt;ScriptBlock&gt;, &lt;Aucun fichier&gt; : ligne 1</stack-trace>
                    </failure>
                  </test-case>
                  <test-case description="Devrait utiliser un message d'erreur par dÃ©faut si la fonction de validation lÃ¨ve une exception" name="Test-Custom.Gestion des erreurs dans la fonction de validation.Devrait utiliser un message d'erreur par dÃ©faut si la fonction de validation lÃ¨ve une exception" time="0.3003" asserts="0" success="False" result="Failure" executed="True">
                    <failure>
                      <message>Expected regular expression 'Erreur lors de l'exÃ©cution de la validation personnalisÃ©e' to match 'Le terme « Test-Custom » n'est pas reconnu comme nom d'applet de commande, fonction, fichier de script ou programme exécutable. Vérifiez l'orthographe du nom, ou si un chemin d'accès existe, vérifiez que le chemin d'accès est correct et réessayez.', but it did not match.</message>
                      <stack-trace>at $exceptionMessage | Should -Match "Erreur lors de l'exÃ©cution de la validation personnalisÃ©e", D:\DO\WEB\N8N_tests\PROJETS\EMAIL_SENDER_1\tools\scripts\roadmap-parser\module\Tests\Validation\Test-Custom.Tests.ps1:73
à Invoke-Assertion, C:\Users\user\Documents\WindowsPowerShell\Modules\Pester\5.7.1\Pester.psm1 : ligne 8250
à Should&lt;End&gt;, C:\Users\user\Documents\WindowsPowerShell\Modules\Pester\5.7.1\Pester.psm1 : ligne 8193
à &lt;ScriptBlock&gt;, D:\DO\WEB\N8N_tests\PROJETS\EMAIL_SENDER_1\tools\scripts\roadmap-parser\module\Tests\Validation\Test-Custom.Tests.ps1 : ligne 73
à &lt;ScriptBlock&gt;, C:\Users\user\Documents\WindowsPowerShell\Modules\Pester\5.7.1\Pester.psm1 : ligne 2024
à &lt;ScriptBlock&gt;, C:\Users\user\Documents\WindowsPowerShell\Modules\Pester\5.7.1\Pester.psm1 : ligne 1985
à Invoke-ScriptBlock, C:\Users\user\Documents\WindowsPowerShell\Modules\Pester\5.7.1\Pester.psm1 : ligne 2157
à Invoke-TestItem, C:\Users\user\Documents\WindowsPowerShell\Modules\Pester\5.7.1\Pester.psm1 : ligne 1199
à Invoke-Block, C:\Users\user\Documents\WindowsPowerShell\Modules\Pester\5.7.1\Pester.psm1 : ligne 835
à &lt;ScriptBlock&gt;, C:\Users\user\Documents\WindowsPowerShell\Modules\Pester\5.7.1\Pester.psm1 : ligne 893
à &lt;ScriptBlock&gt;, C:\Users\user\Documents\WindowsPowerShell\Modules\Pester\5.7.1\Pester.psm1 : ligne 2024
à &lt;ScriptBlock&gt;, C:\Users\user\Documents\WindowsPowerShell\Modules\Pester\5.7.1\Pester.psm1 : ligne 1985
à Invoke-ScriptBlock, C:\Users\user\Documents\WindowsPowerShell\Modules\Pester\5.7.1\Pester.psm1 : ligne 2160
à Invoke-Block, C:\Users\user\Documents\WindowsPowerShell\Modules\Pester\5.7.1\Pester.psm1 : ligne 940
à &lt;ScriptBlock&gt;, C:\Users\user\Documents\WindowsPowerShell\Modules\Pester\5.7.1\Pester.psm1 : ligne 893
à &lt;ScriptBlock&gt;, C:\Users\user\Documents\WindowsPowerShell\Modules\Pester\5.7.1\Pester.psm1 : ligne 2024
à &lt;ScriptBlock&gt;, C:\Users\user\Documents\WindowsPowerShell\Modules\Pester\5.7.1\Pester.psm1 : ligne 1985
à Invoke-ScriptBlock, C:\Users\user\Documents\WindowsPowerShell\Modules\Pester\5.7.1\Pester.psm1 : ligne 2160
à Invoke-Block, C:\Users\user\Documents\WindowsPowerShell\Modules\Pester\5.7.1\Pester.psm1 : ligne 940
à &lt;ScriptBlock&gt;, C:\Users\user\Documents\WindowsPowerShell\Modules\Pester\5.7.1\Pester.psm1 : ligne 893
à &lt;ScriptBlock&gt;, C:\Users\user\Documents\WindowsPowerShell\Modules\Pester\5.7.1\Pester.psm1 : ligne 2024
à &lt;ScriptBlock&gt;, C:\Users\user\Documents\WindowsPowerShell\Modules\Pester\5.7.1\Pester.psm1 : ligne 1985
à Invoke-ScriptBlock, C:\Users\user\Documents\WindowsPowerShell\Modules\Pester\5.7.1\Pester.psm1 : ligne 2160
à Invoke-Block, C:\Users\user\Documents\WindowsPowerShell\Modules\Pester\5.7.1\Pester.psm1 : ligne 940
à &lt;ScriptBlock&gt;, C:\Users\user\Documents\WindowsPowerShell\Modules\Pester\5.7.1\Pester.psm1 : ligne 1688
à &lt;ScriptBlock&gt;, C:\Users\user\Documents\WindowsPowerShell\Modules\Pester\5.7.1\Pester.ps1 : ligne 3
à &lt;ScriptBlock&gt;, C:\Users\user\Documents\WindowsPowerShell\Modules\Pester\5.7.1\Pester.psm1 : ligne 3260
à Invoke-InNewScriptScope, C:\Users\user\Documents\WindowsPowerShell\Modules\Pester\5.7.1\Pester.psm1 : ligne 3267
à Run-Test, C:\Users\user\Documents\WindowsPowerShell\Modules\Pester\5.7.1\Pester.psm1 : ligne 1691
à Invoke-Test, C:\Users\user\Documents\WindowsPowerShell\Modules\Pester\5.7.1\Pester.psm1 : ligne 2512
à Invoke-Pester&lt;End&gt;, C:\Users\user\Documents\WindowsPowerShell\Modules\Pester\5.7.1\Pester.psm1 : ligne 4960
à &lt;ScriptBlock&gt;, D:\DO\WEB\N8N_tests\PROJETS\EMAIL_SENDER_1\tools\scripts\roadmap-parser\module\Tests\Invoke-AllTests.ps1 : ligne 86
à &lt;ScriptBlock&gt;, &lt;Aucun fichier&gt; : ligne 1</stack-trace>
                    </failure>
                  </test-case>
                </results>
              </test-suite>
            </results>
          </test-suite>
        </results>
      </test-suite>
      <test-suite type="TestFixture" name="D:\DO\WEB\N8N_tests\PROJETS\EMAIL_SENDER_1\tools\scripts\roadmap-parser\module\Tests\Validation\Test-DataType.Tests.ps1" executed="True" result="Failure" success="False" time="11.2329" asserts="0" description="D:\DO\WEB\N8N_tests\PROJETS\EMAIL_SENDER_1\tools\scripts\roadmap-parser\module\Tests\Validation\Test-DataType.Tests.ps1">
        <results>
          <test-suite type="TestFixture" name="Test-DataType" executed="True" result="Failure" success="False" time="10.4658" asserts="0" description="Test-DataType">
            <results>
              <test-suite type="TestFixture" name="Test-DataType.Validation de type String" executed="True" result="Failure" success="False" time="0.6248" asserts="0" description="Test-DataType.Validation de type String">
                <results>
                  <test-case description="Devrait retourner True pour une chaÃ®ne de caractÃ¨res" name="Test-DataType.Validation de type String.Devrait retourner True pour une chaÃ®ne de caractÃ¨res" time="0.2824" asserts="0" success="False" result="Failure" executed="True">
                    <failure>
                      <message>CommandNotFoundException: Le terme « Test-DataType » n'est pas reconnu comme nom d'applet de commande, fonction, fichier de script ou programme exécutable. Vérifiez l'orthographe du nom, ou si un chemin d'accès existe, vérifiez que le chemin d'accès est correct et réessayez.</message>
                      <stack-trace>à &lt;ScriptBlock&gt;, D:\DO\WEB\N8N_tests\PROJETS\EMAIL_SENDER_1\tools\scripts\roadmap-parser\module\Tests\Validation\Test-DataType.Tests.ps1 : ligne 16
à &lt;ScriptBlock&gt;, C:\Users\user\Documents\WindowsPowerShell\Modules\Pester\5.7.1\Pester.psm1 : ligne 2024
à &lt;ScriptBlock&gt;, C:\Users\user\Documents\WindowsPowerShell\Modules\Pester\5.7.1\Pester.psm1 : ligne 1985
à Invoke-ScriptBlock, C:\Users\user\Documents\WindowsPowerShell\Modules\Pester\5.7.1\Pester.psm1 : ligne 2157
à Invoke-TestItem, C:\Users\user\Documents\WindowsPowerShell\Modules\Pester\5.7.1\Pester.psm1 : ligne 1199
à Invoke-Block, C:\Users\user\Documents\WindowsPowerShell\Modules\Pester\5.7.1\Pester.psm1 : ligne 835
à &lt;ScriptBlock&gt;, C:\Users\user\Documents\WindowsPowerShell\Modules\Pester\5.7.1\Pester.psm1 : ligne 893
à &lt;ScriptBlock&gt;, C:\Users\user\Documents\WindowsPowerShell\Modules\Pester\5.7.1\Pester.psm1 : ligne 2024
à &lt;ScriptBlock&gt;, C:\Users\user\Documents\WindowsPowerShell\Modules\Pester\5.7.1\Pester.psm1 : ligne 1985
à Invoke-ScriptBlock, C:\Users\user\Documents\WindowsPowerShell\Modules\Pester\5.7.1\Pester.psm1 : ligne 2160
à Invoke-Block, C:\Users\user\Documents\WindowsPowerShell\Modules\Pester\5.7.1\Pester.psm1 : ligne 940
à &lt;ScriptBlock&gt;, C:\Users\user\Documents\WindowsPowerShell\Modules\Pester\5.7.1\Pester.psm1 : ligne 893
à &lt;ScriptBlock&gt;, C:\Users\user\Documents\WindowsPowerShell\Modules\Pester\5.7.1\Pester.psm1 : ligne 2024
à &lt;ScriptBlock&gt;, C:\Users\user\Documents\WindowsPowerShell\Modules\Pester\5.7.1\Pester.psm1 : ligne 1985
à Invoke-ScriptBlock, C:\Users\user\Documents\WindowsPowerShell\Modules\Pester\5.7.1\Pester.psm1 : ligne 2160
à Invoke-Block, C:\Users\user\Documents\WindowsPowerShell\Modules\Pester\5.7.1\Pester.psm1 : ligne 940
à &lt;ScriptBlock&gt;, C:\Users\user\Documents\WindowsPowerShell\Modules\Pester\5.7.1\Pester.psm1 : ligne 893
à &lt;ScriptBlock&gt;, C:\Users\user\Documents\WindowsPowerShell\Modules\Pester\5.7.1\Pester.psm1 : ligne 2024
à &lt;ScriptBlock&gt;, C:\Users\user\Documents\WindowsPowerShell\Modules\Pester\5.7.1\Pester.psm1 : ligne 1985
à Invoke-ScriptBlock, C:\Users\user\Documents\WindowsPowerShell\Modules\Pester\5.7.1\Pester.psm1 : ligne 2160
à Invoke-Block, C:\Users\user\Documents\WindowsPowerShell\Modules\Pester\5.7.1\Pester.psm1 : ligne 940
à &lt;ScriptBlock&gt;, C:\Users\user\Documents\WindowsPowerShell\Modules\Pester\5.7.1\Pester.psm1 : ligne 1688
à &lt;ScriptBlock&gt;, C:\Users\user\Documents\WindowsPowerShell\Modules\Pester\5.7.1\Pester.ps1 : ligne 3
à &lt;ScriptBlock&gt;, C:\Users\user\Documents\WindowsPowerShell\Modules\Pester\5.7.1\Pester.psm1 : ligne 3260
à Invoke-InNewScriptScope, C:\Users\user\Documents\WindowsPowerShell\Modules\Pester\5.7.1\Pester.psm1 : ligne 3267
à Run-Test, C:\Users\user\Documents\WindowsPowerShell\Modules\Pester\5.7.1\Pester.psm1 : ligne 1691
à Invoke-Test, C:\Users\user\Documents\WindowsPowerShell\Modules\Pester\5.7.1\Pester.psm1 : ligne 2512
à Invoke-Pester&lt;End&gt;, C:\Users\user\Documents\WindowsPowerShell\Modules\Pester\5.7.1\Pester.psm1 : ligne 4960
à &lt;ScriptBlock&gt;, D:\DO\WEB\N8N_tests\PROJETS\EMAIL_SENDER_1\tools\scripts\roadmap-parser\module\Tests\Invoke-AllTests.ps1 : ligne 86
à &lt;ScriptBlock&gt;, &lt;Aucun fichier&gt; : ligne 1</stack-trace>
                    </failure>
                  </test-case>
                  <test-case description="Devrait retourner False pour un entier" name="Test-DataType.Validation de type String.Devrait retourner False pour un entier" time="0.2166" asserts="0" success="False" result="Failure" executed="True">
                    <failure>
                      <message>CommandNotFoundException: Le terme « Test-DataType » n'est pas reconnu comme nom d'applet de commande, fonction, fichier de script ou programme exécutable. Vérifiez l'orthographe du nom, ou si un chemin d'accès existe, vérifiez que le chemin d'accès est correct et réessayez.</message>
                      <stack-trace>à &lt;ScriptBlock&gt;, D:\DO\WEB\N8N_tests\PROJETS\EMAIL_SENDER_1\tools\scripts\roadmap-parser\module\Tests\Validation\Test-DataType.Tests.ps1 : ligne 20
à &lt;ScriptBlock&gt;, C:\Users\user\Documents\WindowsPowerShell\Modules\Pester\5.7.1\Pester.psm1 : ligne 2024
à &lt;ScriptBlock&gt;, C:\Users\user\Documents\WindowsPowerShell\Modules\Pester\5.7.1\Pester.psm1 : ligne 1985
à Invoke-ScriptBlock, C:\Users\user\Documents\WindowsPowerShell\Modules\Pester\5.7.1\Pester.psm1 : ligne 2157
à Invoke-TestItem, C:\Users\user\Documents\WindowsPowerShell\Modules\Pester\5.7.1\Pester.psm1 : ligne 1199
à Invoke-Block, C:\Users\user\Documents\WindowsPowerShell\Modules\Pester\5.7.1\Pester.psm1 : ligne 835
à &lt;ScriptBlock&gt;, C:\Users\user\Documents\WindowsPowerShell\Modules\Pester\5.7.1\Pester.psm1 : ligne 893
à &lt;ScriptBlock&gt;, C:\Users\user\Documents\WindowsPowerShell\Modules\Pester\5.7.1\Pester.psm1 : ligne 2024
à &lt;ScriptBlock&gt;, C:\Users\user\Documents\WindowsPowerShell\Modules\Pester\5.7.1\Pester.psm1 : ligne 1985
à Invoke-ScriptBlock, C:\Users\user\Documents\WindowsPowerShell\Modules\Pester\5.7.1\Pester.psm1 : ligne 2160
à Invoke-Block, C:\Users\user\Documents\WindowsPowerShell\Modules\Pester\5.7.1\Pester.psm1 : ligne 940
à &lt;ScriptBlock&gt;, C:\Users\user\Documents\WindowsPowerShell\Modules\Pester\5.7.1\Pester.psm1 : ligne 893
à &lt;ScriptBlock&gt;, C:\Users\user\Documents\WindowsPowerShell\Modules\Pester\5.7.1\Pester.psm1 : ligne 2024
à &lt;ScriptBlock&gt;, C:\Users\user\Documents\WindowsPowerShell\Modules\Pester\5.7.1\Pester.psm1 : ligne 1985
à Invoke-ScriptBlock, C:\Users\user\Documents\WindowsPowerShell\Modules\Pester\5.7.1\Pester.psm1 : ligne 2160
à Invoke-Block, C:\Users\user\Documents\WindowsPowerShell\Modules\Pester\5.7.1\Pester.psm1 : ligne 940
à &lt;ScriptBlock&gt;, C:\Users\user\Documents\WindowsPowerShell\Modules\Pester\5.7.1\Pester.psm1 : ligne 893
à &lt;ScriptBlock&gt;, C:\Users\user\Documents\WindowsPowerShell\Modules\Pester\5.7.1\Pester.psm1 : ligne 2024
à &lt;ScriptBlock&gt;, C:\Users\user\Documents\WindowsPowerShell\Modules\Pester\5.7.1\Pester.psm1 : ligne 1985
à Invoke-ScriptBlock, C:\Users\user\Documents\WindowsPowerShell\Modules\Pester\5.7.1\Pester.psm1 : ligne 2160
à Invoke-Block, C:\Users\user\Documents\WindowsPowerShell\Modules\Pester\5.7.1\Pester.psm1 : ligne 940
à &lt;ScriptBlock&gt;, C:\Users\user\Documents\WindowsPowerShell\Modules\Pester\5.7.1\Pester.psm1 : ligne 1688
à &lt;ScriptBlock&gt;, C:\Users\user\Documents\WindowsPowerShell\Modules\Pester\5.7.1\Pester.ps1 : ligne 3
à &lt;ScriptBlock&gt;, C:\Users\user\Documents\WindowsPowerShell\Modules\Pester\5.7.1\Pester.psm1 : ligne 3260
à Invoke-InNewScriptScope, C:\Users\user\Documents\WindowsPowerShell\Modules\Pester\5.7.1\Pester.psm1 : ligne 3267
à Run-Test, C:\Users\user\Documents\WindowsPowerShell\Modules\Pester\5.7.1\Pester.psm1 : ligne 1691
à Invoke-Test, C:\Users\user\Documents\WindowsPowerShell\Modules\Pester\5.7.1\Pester.psm1 : ligne 2512
à Invoke-Pester&lt;End&gt;, C:\Users\user\Documents\WindowsPowerShell\Modules\Pester\5.7.1\Pester.psm1 : ligne 4960
à &lt;ScriptBlock&gt;, D:\DO\WEB\N8N_tests\PROJETS\EMAIL_SENDER_1\tools\scripts\roadmap-parser\module\Tests\Invoke-AllTests.ps1 : ligne 86
à &lt;ScriptBlock&gt;, &lt;Aucun fichier&gt; : ligne 1</stack-trace>
                    </failure>
                  </test-case>
                </results>
              </test-suite>
              <test-suite type="TestFixture" name="Test-DataType.Validation de type Integer" executed="True" result="Failure" success="False" time="1.2163" asserts="0" description="Test-DataType.Validation de type Integer">
                <results>
                  <test-case description="Devrait retourner True pour un entier" name="Test-DataType.Validation de type Integer.Devrait retourner True pour un entier" time="0.2508" asserts="0" success="False" result="Failure" executed="True">
                    <failure>
                      <message>CommandNotFoundException: Le terme « Test-DataType » n'est pas reconnu comme nom d'applet de commande, fonction, fichier de script ou programme exécutable. Vérifiez l'orthographe du nom, ou si un chemin d'accès existe, vérifiez que le chemin d'accès est correct et réessayez.</message>
                      <stack-trace>à &lt;ScriptBlock&gt;, D:\DO\WEB\N8N_tests\PROJETS\EMAIL_SENDER_1\tools\scripts\roadmap-parser\module\Tests\Validation\Test-DataType.Tests.ps1 : ligne 26
à &lt;ScriptBlock&gt;, C:\Users\user\Documents\WindowsPowerShell\Modules\Pester\5.7.1\Pester.psm1 : ligne 2024
à &lt;ScriptBlock&gt;, C:\Users\user\Documents\WindowsPowerShell\Modules\Pester\5.7.1\Pester.psm1 : ligne 1985
à Invoke-ScriptBlock, C:\Users\user\Documents\WindowsPowerShell\Modules\Pester\5.7.1\Pester.psm1 : ligne 2157
à Invoke-TestItem, C:\Users\user\Documents\WindowsPowerShell\Modules\Pester\5.7.1\Pester.psm1 : ligne 1199
à Invoke-Block, C:\Users\user\Documents\WindowsPowerShell\Modules\Pester\5.7.1\Pester.psm1 : ligne 835
à &lt;ScriptBlock&gt;, C:\Users\user\Documents\WindowsPowerShell\Modules\Pester\5.7.1\Pester.psm1 : ligne 893
à &lt;ScriptBlock&gt;, C:\Users\user\Documents\WindowsPowerShell\Modules\Pester\5.7.1\Pester.psm1 : ligne 2024
à &lt;ScriptBlock&gt;, C:\Users\user\Documents\WindowsPowerShell\Modules\Pester\5.7.1\Pester.psm1 : ligne 1985
à Invoke-ScriptBlock, C:\Users\user\Documents\WindowsPowerShell\Modules\Pester\5.7.1\Pester.psm1 : ligne 2160
à Invoke-Block, C:\Users\user\Documents\WindowsPowerShell\Modules\Pester\5.7.1\Pester.psm1 : ligne 940
à &lt;ScriptBlock&gt;, C:\Users\user\Documents\WindowsPowerShell\Modules\Pester\5.7.1\Pester.psm1 : ligne 893
à &lt;ScriptBlock&gt;, C:\Users\user\Documents\WindowsPowerShell\Modules\Pester\5.7.1\Pester.psm1 : ligne 2024
à &lt;ScriptBlock&gt;, C:\Users\user\Documents\WindowsPowerShell\Modules\Pester\5.7.1\Pester.psm1 : ligne 1985
à Invoke-ScriptBlock, C:\Users\user\Documents\WindowsPowerShell\Modules\Pester\5.7.1\Pester.psm1 : ligne 2160
à Invoke-Block, C:\Users\user\Documents\WindowsPowerShell\Modules\Pester\5.7.1\Pester.psm1 : ligne 940
à &lt;ScriptBlock&gt;, C:\Users\user\Documents\WindowsPowerShell\Modules\Pester\5.7.1\Pester.psm1 : ligne 893
à &lt;ScriptBlock&gt;, C:\Users\user\Documents\WindowsPowerShell\Modules\Pester\5.7.1\Pester.psm1 : ligne 2024
à &lt;ScriptBlock&gt;, C:\Users\user\Documents\WindowsPowerShell\Modules\Pester\5.7.1\Pester.psm1 : ligne 1985
à Invoke-ScriptBlock, C:\Users\user\Documents\WindowsPowerShell\Modules\Pester\5.7.1\Pester.psm1 : ligne 2160
à Invoke-Block, C:\Users\user\Documents\WindowsPowerShell\Modules\Pester\5.7.1\Pester.psm1 : ligne 940
à &lt;ScriptBlock&gt;, C:\Users\user\Documents\WindowsPowerShell\Modules\Pester\5.7.1\Pester.psm1 : ligne 1688
à &lt;ScriptBlock&gt;, C:\Users\user\Documents\WindowsPowerShell\Modules\Pester\5.7.1\Pester.ps1 : ligne 3
à &lt;ScriptBlock&gt;, C:\Users\user\Documents\WindowsPowerShell\Modules\Pester\5.7.1\Pester.psm1 : ligne 3260
à Invoke-InNewScriptScope, C:\Users\user\Documents\WindowsPowerShell\Modules\Pester\5.7.1\Pester.psm1 : ligne 3267
à Run-Test, C:\Users\user\Documents\WindowsPowerShell\Modules\Pester\5.7.1\Pester.psm1 : ligne 1691
à Invoke-Test, C:\Users\user\Documents\WindowsPowerShell\Modules\Pester\5.7.1\Pester.psm1 : ligne 2512
à Invoke-Pester&lt;End&gt;, C:\Users\user\Documents\WindowsPowerShell\Modules\Pester\5.7.1\Pester.psm1 : ligne 4960
à &lt;ScriptBlock&gt;, D:\DO\WEB\N8N_tests\PROJETS\EMAIL_SENDER_1\tools\scripts\roadmap-parser\module\Tests\Invoke-AllTests.ps1 : ligne 86
à &lt;ScriptBlock&gt;, &lt;Aucun fichier&gt; : ligne 1</stack-trace>
                    </failure>
                  </test-case>
                  <test-case description="Devrait retourner False pour une chaÃ®ne de caractÃ¨res" name="Test-DataType.Validation de type Integer.Devrait retourner False pour une chaÃ®ne de caractÃ¨res" time="0.2283" asserts="0" success="False" result="Failure" executed="True">
                    <failure>
                      <message>CommandNotFoundException: Le terme « Test-DataType » n'est pas reconnu comme nom d'applet de commande, fonction, fichier de script ou programme exécutable. Vérifiez l'orthographe du nom, ou si un chemin d'accès existe, vérifiez que le chemin d'accès est correct et réessayez.</message>
                      <stack-trace>à &lt;ScriptBlock&gt;, D:\DO\WEB\N8N_tests\PROJETS\EMAIL_SENDER_1\tools\scripts\roadmap-parser\module\Tests\Validation\Test-DataType.Tests.ps1 : ligne 30
à &lt;ScriptBlock&gt;, C:\Users\user\Documents\WindowsPowerShell\Modules\Pester\5.7.1\Pester.psm1 : ligne 2024
à &lt;ScriptBlock&gt;, C:\Users\user\Documents\WindowsPowerShell\Modules\Pester\5.7.1\Pester.psm1 : ligne 1985
à Invoke-ScriptBlock, C:\Users\user\Documents\WindowsPowerShell\Modules\Pester\5.7.1\Pester.psm1 : ligne 2157
à Invoke-TestItem, C:\Users\user\Documents\WindowsPowerShell\Modules\Pester\5.7.1\Pester.psm1 : ligne 1199
à Invoke-Block, C:\Users\user\Documents\WindowsPowerShell\Modules\Pester\5.7.1\Pester.psm1 : ligne 835
à &lt;ScriptBlock&gt;, C:\Users\user\Documents\WindowsPowerShell\Modules\Pester\5.7.1\Pester.psm1 : ligne 893
à &lt;ScriptBlock&gt;, C:\Users\user\Documents\WindowsPowerShell\Modules\Pester\5.7.1\Pester.psm1 : ligne 2024
à &lt;ScriptBlock&gt;, C:\Users\user\Documents\WindowsPowerShell\Modules\Pester\5.7.1\Pester.psm1 : ligne 1985
à Invoke-ScriptBlock, C:\Users\user\Documents\WindowsPowerShell\Modules\Pester\5.7.1\Pester.psm1 : ligne 2160
à Invoke-Block, C:\Users\user\Documents\WindowsPowerShell\Modules\Pester\5.7.1\Pester.psm1 : ligne 940
à &lt;ScriptBlock&gt;, C:\Users\user\Documents\WindowsPowerShell\Modules\Pester\5.7.1\Pester.psm1 : ligne 893
à &lt;ScriptBlock&gt;, C:\Users\user\Documents\WindowsPowerShell\Modules\Pester\5.7.1\Pester.psm1 : ligne 2024
à &lt;ScriptBlock&gt;, C:\Users\user\Documents\WindowsPowerShell\Modules\Pester\5.7.1\Pester.psm1 : ligne 1985
à Invoke-ScriptBlock, C:\Users\user\Documents\WindowsPowerShell\Modules\Pester\5.7.1\Pester.psm1 : ligne 2160
à Invoke-Block, C:\Users\user\Documents\WindowsPowerShell\Modules\Pester\5.7.1\Pester.psm1 : ligne 940
à &lt;ScriptBlock&gt;, C:\Users\user\Documents\WindowsPowerShell\Modules\Pester\5.7.1\Pester.psm1 : ligne 893
à &lt;ScriptBlock&gt;, C:\Users\user\Documents\WindowsPowerShell\Modules\Pester\5.7.1\Pester.psm1 : ligne 2024
à &lt;ScriptBlock&gt;, C:\Users\user\Documents\WindowsPowerShell\Modules\Pester\5.7.1\Pester.psm1 : ligne 1985
à Invoke-ScriptBlock, C:\Users\user\Documents\WindowsPowerShell\Modules\Pester\5.7.1\Pester.psm1 : ligne 2160
à Invoke-Block, C:\Users\user\Documents\WindowsPowerShell\Modules\Pester\5.7.1\Pester.psm1 : ligne 940
à &lt;ScriptBlock&gt;, C:\Users\user\Documents\WindowsPowerShell\Modules\Pester\5.7.1\Pester.psm1 : ligne 1688
à &lt;ScriptBlock&gt;, C:\Users\user\Documents\WindowsPowerShell\Modules\Pester\5.7.1\Pester.ps1 : ligne 3
à &lt;ScriptBlock&gt;, C:\Users\user\Documents\WindowsPowerShell\Modules\Pester\5.7.1\Pester.psm1 : ligne 3260
à Invoke-InNewScriptScope, C:\Users\user\Documents\WindowsPowerShell\Modules\Pester\5.7.1\Pester.psm1 : ligne 3267
à Run-Test, C:\Users\user\Documents\WindowsPowerShell\Modules\Pester\5.7.1\Pester.psm1 : ligne 1691
à Invoke-Test, C:\Users\user\Documents\WindowsPowerShell\Modules\Pester\5.7.1\Pester.psm1 : ligne 2512
à Invoke-Pester&lt;End&gt;, C:\Users\user\Documents\WindowsPowerShell\Modules\Pester\5.7.1\Pester.psm1 : ligne 4960
à &lt;ScriptBlock&gt;, D:\DO\WEB\N8N_tests\PROJETS\EMAIL_SENDER_1\tools\scripts\roadmap-parser\module\Tests\Invoke-AllTests.ps1 : ligne 86
à &lt;ScriptBlock&gt;, &lt;Aucun fichier&gt; : ligne 1</stack-trace>
                    </failure>
                  </test-case>
                </results>
              </test-suite>
              <test-suite type="TestFixture" name="Test-DataType.Validation de type Decimal" executed="True" result="Failure" success="False" time="1.7743" asserts="0" description="Test-DataType.Validation de type Decimal">
                <results>
                  <test-case description="Devrait retourner True pour un nombre dÃ©cimal" name="Test-DataType.Validation de type Decimal.Devrait retourner True pour un nombre dÃ©cimal" time="0.234" asserts="0" success="False" result="Failure" executed="True">
                    <failure>
                      <message>CommandNotFoundException: Le terme « Test-DataType » n'est pas reconnu comme nom d'applet de commande, fonction, fichier de script ou programme exécutable. Vérifiez l'orthographe du nom, ou si un chemin d'accès existe, vérifiez que le chemin d'accès est correct et réessayez.</message>
                      <stack-trace>à &lt;ScriptBlock&gt;, D:\DO\WEB\N8N_tests\PROJETS\EMAIL_SENDER_1\tools\scripts\roadmap-parser\module\Tests\Validation\Test-DataType.Tests.ps1 : ligne 36
à &lt;ScriptBlock&gt;, C:\Users\user\Documents\WindowsPowerShell\Modules\Pester\5.7.1\Pester.psm1 : ligne 2024
à &lt;ScriptBlock&gt;, C:\Users\user\Documents\WindowsPowerShell\Modules\Pester\5.7.1\Pester.psm1 : ligne 1985
à Invoke-ScriptBlock, C:\Users\user\Documents\WindowsPowerShell\Modules\Pester\5.7.1\Pester.psm1 : ligne 2157
à Invoke-TestItem, C:\Users\user\Documents\WindowsPowerShell\Modules\Pester\5.7.1\Pester.psm1 : ligne 1199
à Invoke-Block, C:\Users\user\Documents\WindowsPowerShell\Modules\Pester\5.7.1\Pester.psm1 : ligne 835
à &lt;ScriptBlock&gt;, C:\Users\user\Documents\WindowsPowerShell\Modules\Pester\5.7.1\Pester.psm1 : ligne 893
à &lt;ScriptBlock&gt;, C:\Users\user\Documents\WindowsPowerShell\Modules\Pester\5.7.1\Pester.psm1 : ligne 2024
à &lt;ScriptBlock&gt;, C:\Users\user\Documents\WindowsPowerShell\Modules\Pester\5.7.1\Pester.psm1 : ligne 1985
à Invoke-ScriptBlock, C:\Users\user\Documents\WindowsPowerShell\Modules\Pester\5.7.1\Pester.psm1 : ligne 2160
à Invoke-Block, C:\Users\user\Documents\WindowsPowerShell\Modules\Pester\5.7.1\Pester.psm1 : ligne 940
à &lt;ScriptBlock&gt;, C:\Users\user\Documents\WindowsPowerShell\Modules\Pester\5.7.1\Pester.psm1 : ligne 893
à &lt;ScriptBlock&gt;, C:\Users\user\Documents\WindowsPowerShell\Modules\Pester\5.7.1\Pester.psm1 : ligne 2024
à &lt;ScriptBlock&gt;, C:\Users\user\Documents\WindowsPowerShell\Modules\Pester\5.7.1\Pester.psm1 : ligne 1985
à Invoke-ScriptBlock, C:\Users\user\Documents\WindowsPowerShell\Modules\Pester\5.7.1\Pester.psm1 : ligne 2160
à Invoke-Block, C:\Users\user\Documents\WindowsPowerShell\Modules\Pester\5.7.1\Pester.psm1 : ligne 940
à &lt;ScriptBlock&gt;, C:\Users\user\Documents\WindowsPowerShell\Modules\Pester\5.7.1\Pester.psm1 : ligne 893
à &lt;ScriptBlock&gt;, C:\Users\user\Documents\WindowsPowerShell\Modules\Pester\5.7.1\Pester.psm1 : ligne 2024
à &lt;ScriptBlock&gt;, C:\Users\user\Documents\WindowsPowerShell\Modules\Pester\5.7.1\Pester.psm1 : ligne 1985
à Invoke-ScriptBlock, C:\Users\user\Documents\WindowsPowerShell\Modules\Pester\5.7.1\Pester.psm1 : ligne 2160
à Invoke-Block, C:\Users\user\Documents\WindowsPowerShell\Modules\Pester\5.7.1\Pester.psm1 : ligne 940
à &lt;ScriptBlock&gt;, C:\Users\user\Documents\WindowsPowerShell\Modules\Pester\5.7.1\Pester.psm1 : ligne 1688
à &lt;ScriptBlock&gt;, C:\Users\user\Documents\WindowsPowerShell\Modules\Pester\5.7.1\Pester.ps1 : ligne 3
à &lt;ScriptBlock&gt;, C:\Users\user\Documents\WindowsPowerShell\Modules\Pester\5.7.1\Pester.psm1 : ligne 3260
à Invoke-InNewScriptScope, C:\Users\user\Documents\WindowsPowerShell\Modules\Pester\5.7.1\Pester.psm1 : ligne 3267
à Run-Test, C:\Users\user\Documents\WindowsPowerShell\Modules\Pester\5.7.1\Pester.psm1 : ligne 1691
à Invoke-Test, C:\Users\user\Documents\WindowsPowerShell\Modules\Pester\5.7.1\Pester.psm1 : ligne 2512
à Invoke-Pester&lt;End&gt;, C:\Users\user\Documents\WindowsPowerShell\Modules\Pester\5.7.1\Pester.psm1 : ligne 4960
à &lt;ScriptBlock&gt;, D:\DO\WEB\N8N_tests\PROJETS\EMAIL_SENDER_1\tools\scripts\roadmap-parser\module\Tests\Invoke-AllTests.ps1 : ligne 86
à &lt;ScriptBlock&gt;, &lt;Aucun fichier&gt; : ligne 1</stack-trace>
                    </failure>
                  </test-case>
                  <test-case description="Devrait retourner False pour une chaÃ®ne de caractÃ¨res" name="Test-DataType.Validation de type Decimal.Devrait retourner False pour une chaÃ®ne de caractÃ¨res" time="0.2145" asserts="0" success="False" result="Failure" executed="True">
                    <failure>
                      <message>CommandNotFoundException: Le terme « Test-DataType » n'est pas reconnu comme nom d'applet de commande, fonction, fichier de script ou programme exécutable. Vérifiez l'orthographe du nom, ou si un chemin d'accès existe, vérifiez que le chemin d'accès est correct et réessayez.</message>
                      <stack-trace>à &lt;ScriptBlock&gt;, D:\DO\WEB\N8N_tests\PROJETS\EMAIL_SENDER_1\tools\scripts\roadmap-parser\module\Tests\Validation\Test-DataType.Tests.ps1 : ligne 40
à &lt;ScriptBlock&gt;, C:\Users\user\Documents\WindowsPowerShell\Modules\Pester\5.7.1\Pester.psm1 : ligne 2024
à &lt;ScriptBlock&gt;, C:\Users\user\Documents\WindowsPowerShell\Modules\Pester\5.7.1\Pester.psm1 : ligne 1985
à Invoke-ScriptBlock, C:\Users\user\Documents\WindowsPowerShell\Modules\Pester\5.7.1\Pester.psm1 : ligne 2157
à Invoke-TestItem, C:\Users\user\Documents\WindowsPowerShell\Modules\Pester\5.7.1\Pester.psm1 : ligne 1199
à Invoke-Block, C:\Users\user\Documents\WindowsPowerShell\Modules\Pester\5.7.1\Pester.psm1 : ligne 835
à &lt;ScriptBlock&gt;, C:\Users\user\Documents\WindowsPowerShell\Modules\Pester\5.7.1\Pester.psm1 : ligne 893
à &lt;ScriptBlock&gt;, C:\Users\user\Documents\WindowsPowerShell\Modules\Pester\5.7.1\Pester.psm1 : ligne 2024
à &lt;ScriptBlock&gt;, C:\Users\user\Documents\WindowsPowerShell\Modules\Pester\5.7.1\Pester.psm1 : ligne 1985
à Invoke-ScriptBlock, C:\Users\user\Documents\WindowsPowerShell\Modules\Pester\5.7.1\Pester.psm1 : ligne 2160
à Invoke-Block, C:\Users\user\Documents\WindowsPowerShell\Modules\Pester\5.7.1\Pester.psm1 : ligne 940
à &lt;ScriptBlock&gt;, C:\Users\user\Documents\WindowsPowerShell\Modules\Pester\5.7.1\Pester.psm1 : ligne 893
à &lt;ScriptBlock&gt;, C:\Users\user\Documents\WindowsPowerShell\Modules\Pester\5.7.1\Pester.psm1 : ligne 2024
à &lt;ScriptBlock&gt;, C:\Users\user\Documents\WindowsPowerShell\Modules\Pester\5.7.1\Pester.psm1 : ligne 1985
à Invoke-ScriptBlock, C:\Users\user\Documents\WindowsPowerShell\Modules\Pester\5.7.1\Pester.psm1 : ligne 2160
à Invoke-Block, C:\Users\user\Documents\WindowsPowerShell\Modules\Pester\5.7.1\Pester.psm1 : ligne 940
à &lt;ScriptBlock&gt;, C:\Users\user\Documents\WindowsPowerShell\Modules\Pester\5.7.1\Pester.psm1 : ligne 893
à &lt;ScriptBlock&gt;, C:\Users\user\Documents\WindowsPowerShell\Modules\Pester\5.7.1\Pester.psm1 : ligne 2024
à &lt;ScriptBlock&gt;, C:\Users\user\Documents\WindowsPowerShell\Modules\Pester\5.7.1\Pester.psm1 : ligne 1985
à Invoke-ScriptBlock, C:\Users\user\Documents\WindowsPowerShell\Modules\Pester\5.7.1\Pester.psm1 : ligne 2160
à Invoke-Block, C:\Users\user\Documents\WindowsPowerShell\Modules\Pester\5.7.1\Pester.psm1 : ligne 940
à &lt;ScriptBlock&gt;, C:\Users\user\Documents\WindowsPowerShell\Modules\Pester\5.7.1\Pester.psm1 : ligne 1688
à &lt;ScriptBlock&gt;, C:\Users\user\Documents\WindowsPowerShell\Modules\Pester\5.7.1\Pester.ps1 : ligne 3
à &lt;ScriptBlock&gt;, C:\Users\user\Documents\WindowsPowerShell\Modules\Pester\5.7.1\Pester.psm1 : ligne 3260
à Invoke-InNewScriptScope, C:\Users\user\Documents\WindowsPowerShell\Modules\Pester\5.7.1\Pester.psm1 : ligne 3267
à Run-Test, C:\Users\user\Documents\WindowsPowerShell\Modules\Pester\5.7.1\Pester.psm1 : ligne 1691
à Invoke-Test, C:\Users\user\Documents\WindowsPowerShell\Modules\Pester\5.7.1\Pester.psm1 : ligne 2512
à Invoke-Pester&lt;End&gt;, C:\Users\user\Documents\WindowsPowerShell\Modules\Pester\5.7.1\Pester.psm1 : ligne 4960
à &lt;ScriptBlock&gt;, D:\DO\WEB\N8N_tests\PROJETS\EMAIL_SENDER_1\tools\scripts\roadmap-parser\module\Tests\Invoke-AllTests.ps1 : ligne 86
à &lt;ScriptBlock&gt;, &lt;Aucun fichier&gt; : ligne 1</stack-trace>
                    </failure>
                  </test-case>
                </results>
              </test-suite>
              <test-suite type="TestFixture" name="Test-DataType.Validation de type Boolean" executed="True" result="Failure" success="False" time="2.4265" asserts="0" description="Test-DataType.Validation de type Boolean">
                <results>
                  <test-case description="Devrait retourner True pour un boolÃ©en" name="Test-DataType.Validation de type Boolean.Devrait retourner True pour un boolÃ©en" time="0.2675" asserts="0" success="False" result="Failure" executed="True">
                    <failure>
                      <message>CommandNotFoundException: Le terme « Test-DataType » n'est pas reconnu comme nom d'applet de commande, fonction, fichier de script ou programme exécutable. Vérifiez l'orthographe du nom, ou si un chemin d'accès existe, vérifiez que le chemin d'accès est correct et réessayez.</message>
                      <stack-trace>à &lt;ScriptBlock&gt;, D:\DO\WEB\N8N_tests\PROJETS\EMAIL_SENDER_1\tools\scripts\roadmap-parser\module\Tests\Validation\Test-DataType.Tests.ps1 : ligne 46
à &lt;ScriptBlock&gt;, C:\Users\user\Documents\WindowsPowerShell\Modules\Pester\5.7.1\Pester.psm1 : ligne 2024
à &lt;ScriptBlock&gt;, C:\Users\user\Documents\WindowsPowerShell\Modules\Pester\5.7.1\Pester.psm1 : ligne 1985
à Invoke-ScriptBlock, C:\Users\user\Documents\WindowsPowerShell\Modules\Pester\5.7.1\Pester.psm1 : ligne 2157
à Invoke-TestItem, C:\Users\user\Documents\WindowsPowerShell\Modules\Pester\5.7.1\Pester.psm1 : ligne 1199
à Invoke-Block, C:\Users\user\Documents\WindowsPowerShell\Modules\Pester\5.7.1\Pester.psm1 : ligne 835
à &lt;ScriptBlock&gt;, C:\Users\user\Documents\WindowsPowerShell\Modules\Pester\5.7.1\Pester.psm1 : ligne 893
à &lt;ScriptBlock&gt;, C:\Users\user\Documents\WindowsPowerShell\Modules\Pester\5.7.1\Pester.psm1 : ligne 2024
à &lt;ScriptBlock&gt;, C:\Users\user\Documents\WindowsPowerShell\Modules\Pester\5.7.1\Pester.psm1 : ligne 1985
à Invoke-ScriptBlock, C:\Users\user\Documents\WindowsPowerShell\Modules\Pester\5.7.1\Pester.psm1 : ligne 2160
à Invoke-Block, C:\Users\user\Documents\WindowsPowerShell\Modules\Pester\5.7.1\Pester.psm1 : ligne 940
à &lt;ScriptBlock&gt;, C:\Users\user\Documents\WindowsPowerShell\Modules\Pester\5.7.1\Pester.psm1 : ligne 893
à &lt;ScriptBlock&gt;, C:\Users\user\Documents\WindowsPowerShell\Modules\Pester\5.7.1\Pester.psm1 : ligne 2024
à &lt;ScriptBlock&gt;, C:\Users\user\Documents\WindowsPowerShell\Modules\Pester\5.7.1\Pester.psm1 : ligne 1985
à Invoke-ScriptBlock, C:\Users\user\Documents\WindowsPowerShell\Modules\Pester\5.7.1\Pester.psm1 : ligne 2160
à Invoke-Block, C:\Users\user\Documents\WindowsPowerShell\Modules\Pester\5.7.1\Pester.psm1 : ligne 940
à &lt;ScriptBlock&gt;, C:\Users\user\Documents\WindowsPowerShell\Modules\Pester\5.7.1\Pester.psm1 : ligne 893
à &lt;ScriptBlock&gt;, C:\Users\user\Documents\WindowsPowerShell\Modules\Pester\5.7.1\Pester.psm1 : ligne 2024
à &lt;ScriptBlock&gt;, C:\Users\user\Documents\WindowsPowerShell\Modules\Pester\5.7.1\Pester.psm1 : ligne 1985
à Invoke-ScriptBlock, C:\Users\user\Documents\WindowsPowerShell\Modules\Pester\5.7.1\Pester.psm1 : ligne 2160
à Invoke-Block, C:\Users\user\Documents\WindowsPowerShell\Modules\Pester\5.7.1\Pester.psm1 : ligne 940
à &lt;ScriptBlock&gt;, C:\Users\user\Documents\WindowsPowerShell\Modules\Pester\5.7.1\Pester.psm1 : ligne 1688
à &lt;ScriptBlock&gt;, C:\Users\user\Documents\WindowsPowerShell\Modules\Pester\5.7.1\Pester.ps1 : ligne 3
à &lt;ScriptBlock&gt;, C:\Users\user\Documents\WindowsPowerShell\Modules\Pester\5.7.1\Pester.psm1 : ligne 3260
à Invoke-InNewScriptScope, C:\Users\user\Documents\WindowsPowerShell\Modules\Pester\5.7.1\Pester.psm1 : ligne 3267
à Run-Test, C:\Users\user\Documents\WindowsPowerShell\Modules\Pester\5.7.1\Pester.psm1 : ligne 1691
à Invoke-Test, C:\Users\user\Documents\WindowsPowerShell\Modules\Pester\5.7.1\Pester.psm1 : ligne 2512
à Invoke-Pester&lt;End&gt;, C:\Users\user\Documents\WindowsPowerShell\Modules\Pester\5.7.1\Pester.psm1 : ligne 4960
à &lt;ScriptBlock&gt;, D:\DO\WEB\N8N_tests\PROJETS\EMAIL_SENDER_1\tools\scripts\roadmap-parser\module\Tests\Invoke-AllTests.ps1 : ligne 86
à &lt;ScriptBlock&gt;, &lt;Aucun fichier&gt; : ligne 1</stack-trace>
                    </failure>
                  </test-case>
                  <test-case description="Devrait retourner False pour une chaÃ®ne de caractÃ¨res" name="Test-DataType.Validation de type Boolean.Devrait retourner False pour une chaÃ®ne de caractÃ¨res" time="0.2571" asserts="0" success="False" result="Failure" executed="True">
                    <failure>
                      <message>CommandNotFoundException: Le terme « Test-DataType » n'est pas reconnu comme nom d'applet de commande, fonction, fichier de script ou programme exécutable. Vérifiez l'orthographe du nom, ou si un chemin d'accès existe, vérifiez que le chemin d'accès est correct et réessayez.</message>
                      <stack-trace>à &lt;ScriptBlock&gt;, D:\DO\WEB\N8N_tests\PROJETS\EMAIL_SENDER_1\tools\scripts\roadmap-parser\module\Tests\Validation\Test-DataType.Tests.ps1 : ligne 50
à &lt;ScriptBlock&gt;, C:\Users\user\Documents\WindowsPowerShell\Modules\Pester\5.7.1\Pester.psm1 : ligne 2024
à &lt;ScriptBlock&gt;, C:\Users\user\Documents\WindowsPowerShell\Modules\Pester\5.7.1\Pester.psm1 : ligne 1985
à Invoke-ScriptBlock, C:\Users\user\Documents\WindowsPowerShell\Modules\Pester\5.7.1\Pester.psm1 : ligne 2157
à Invoke-TestItem, C:\Users\user\Documents\WindowsPowerShell\Modules\Pester\5.7.1\Pester.psm1 : ligne 1199
à Invoke-Block, C:\Users\user\Documents\WindowsPowerShell\Modules\Pester\5.7.1\Pester.psm1 : ligne 835
à &lt;ScriptBlock&gt;, C:\Users\user\Documents\WindowsPowerShell\Modules\Pester\5.7.1\Pester.psm1 : ligne 893
à &lt;ScriptBlock&gt;, C:\Users\user\Documents\WindowsPowerShell\Modules\Pester\5.7.1\Pester.psm1 : ligne 2024
à &lt;ScriptBlock&gt;, C:\Users\user\Documents\WindowsPowerShell\Modules\Pester\5.7.1\Pester.psm1 : ligne 1985
à Invoke-ScriptBlock, C:\Users\user\Documents\WindowsPowerShell\Modules\Pester\5.7.1\Pester.psm1 : ligne 2160
à Invoke-Block, C:\Users\user\Documents\WindowsPowerShell\Modules\Pester\5.7.1\Pester.psm1 : ligne 940
à &lt;ScriptBlock&gt;, C:\Users\user\Documents\WindowsPowerShell\Modules\Pester\5.7.1\Pester.psm1 : ligne 893
à &lt;ScriptBlock&gt;, C:\Users\user\Documents\WindowsPowerShell\Modules\Pester\5.7.1\Pester.psm1 : ligne 2024
à &lt;ScriptBlock&gt;, C:\Users\user\Documents\WindowsPowerShell\Modules\Pester\5.7.1\Pester.psm1 : ligne 1985
à Invoke-ScriptBlock, C:\Users\user\Documents\WindowsPowerShell\Modules\Pester\5.7.1\Pester.psm1 : ligne 2160
à Invoke-Block, C:\Users\user\Documents\WindowsPowerShell\Modules\Pester\5.7.1\Pester.psm1 : ligne 940
à &lt;ScriptBlock&gt;, C:\Users\user\Documents\WindowsPowerShell\Modules\Pester\5.7.1\Pester.psm1 : ligne 893
à &lt;ScriptBlock&gt;, C:\Users\user\Documents\WindowsPowerShell\Modules\Pester\5.7.1\Pester.psm1 : ligne 2024
à &lt;ScriptBlock&gt;, C:\Users\user\Documents\WindowsPowerShell\Modules\Pester\5.7.1\Pester.psm1 : ligne 1985
à Invoke-ScriptBlock, C:\Users\user\Documents\WindowsPowerShell\Modules\Pester\5.7.1\Pester.psm1 : ligne 2160
à Invoke-Block, C:\Users\user\Documents\WindowsPowerShell\Modules\Pester\5.7.1\Pester.psm1 : ligne 940
à &lt;ScriptBlock&gt;, C:\Users\user\Documents\WindowsPowerShell\Modules\Pester\5.7.1\Pester.psm1 : ligne 1688
à &lt;ScriptBlock&gt;, C:\Users\user\Documents\WindowsPowerShell\Modules\Pester\5.7.1\Pester.ps1 : ligne 3
à &lt;ScriptBlock&gt;, C:\Users\user\Documents\WindowsPowerShell\Modules\Pester\5.7.1\Pester.psm1 : ligne 3260
à Invoke-InNewScriptScope, C:\Users\user\Documents\WindowsPowerShell\Modules\Pester\5.7.1\Pester.psm1 : ligne 3267
à Run-Test, C:\Users\user\Documents\WindowsPowerShell\Modules\Pester\5.7.1\Pester.psm1 : ligne 1691
à Invoke-Test, C:\Users\user\Documents\WindowsPowerShell\Modules\Pester\5.7.1\Pester.psm1 : ligne 2512
à Invoke-Pester&lt;End&gt;, C:\Users\user\Documents\WindowsPowerShell\Modules\Pester\5.7.1\Pester.psm1 : ligne 4960
à &lt;ScriptBlock&gt;, D:\DO\WEB\N8N_tests\PROJETS\EMAIL_SENDER_1\tools\scripts\roadmap-parser\module\Tests\Invoke-AllTests.ps1 : ligne 86
à &lt;ScriptBlock&gt;, &lt;Aucun fichier&gt; : ligne 1</stack-trace>
                    </failure>
                  </test-case>
                </results>
              </test-suite>
              <test-suite type="TestFixture" name="Test-DataType.Validation de type DateTime" executed="True" result="Failure" success="False" time="3.0633" asserts="0" description="Test-DataType.Validation de type DateTime">
                <results>
                  <test-case description="Devrait retourner True pour une date/heure" name="Test-DataType.Validation de type DateTime.Devrait retourner True pour une date/heure" time="0.2798" asserts="0" success="False" result="Failure" executed="True">
                    <failure>
                      <message>CommandNotFoundException: Le terme « Test-DataType » n'est pas reconnu comme nom d'applet de commande, fonction, fichier de script ou programme exécutable. Vérifiez l'orthographe du nom, ou si un chemin d'accès existe, vérifiez que le chemin d'accès est correct et réessayez.</message>
                      <stack-trace>à &lt;ScriptBlock&gt;, D:\DO\WEB\N8N_tests\PROJETS\EMAIL_SENDER_1\tools\scripts\roadmap-parser\module\Tests\Validation\Test-DataType.Tests.ps1 : ligne 56
à &lt;ScriptBlock&gt;, C:\Users\user\Documents\WindowsPowerShell\Modules\Pester\5.7.1\Pester.psm1 : ligne 2024
à &lt;ScriptBlock&gt;, C:\Users\user\Documents\WindowsPowerShell\Modules\Pester\5.7.1\Pester.psm1 : ligne 1985
à Invoke-ScriptBlock, C:\Users\user\Documents\WindowsPowerShell\Modules\Pester\5.7.1\Pester.psm1 : ligne 2157
à Invoke-TestItem, C:\Users\user\Documents\WindowsPowerShell\Modules\Pester\5.7.1\Pester.psm1 : ligne 1199
à Invoke-Block, C:\Users\user\Documents\WindowsPowerShell\Modules\Pester\5.7.1\Pester.psm1 : ligne 835
à &lt;ScriptBlock&gt;, C:\Users\user\Documents\WindowsPowerShell\Modules\Pester\5.7.1\Pester.psm1 : ligne 893
à &lt;ScriptBlock&gt;, C:\Users\user\Documents\WindowsPowerShell\Modules\Pester\5.7.1\Pester.psm1 : ligne 2024
à &lt;ScriptBlock&gt;, C:\Users\user\Documents\WindowsPowerShell\Modules\Pester\5.7.1\Pester.psm1 : ligne 1985
à Invoke-ScriptBlock, C:\Users\user\Documents\WindowsPowerShell\Modules\Pester\5.7.1\Pester.psm1 : ligne 2160
à Invoke-Block, C:\Users\user\Documents\WindowsPowerShell\Modules\Pester\5.7.1\Pester.psm1 : ligne 940
à &lt;ScriptBlock&gt;, C:\Users\user\Documents\WindowsPowerShell\Modules\Pester\5.7.1\Pester.psm1 : ligne 893
à &lt;ScriptBlock&gt;, C:\Users\user\Documents\WindowsPowerShell\Modules\Pester\5.7.1\Pester.psm1 : ligne 2024
à &lt;ScriptBlock&gt;, C:\Users\user\Documents\WindowsPowerShell\Modules\Pester\5.7.1\Pester.psm1 : ligne 1985
à Invoke-ScriptBlock, C:\Users\user\Documents\WindowsPowerShell\Modules\Pester\5.7.1\Pester.psm1 : ligne 2160
à Invoke-Block, C:\Users\user\Documents\WindowsPowerShell\Modules\Pester\5.7.1\Pester.psm1 : ligne 940
à &lt;ScriptBlock&gt;, C:\Users\user\Documents\WindowsPowerShell\Modules\Pester\5.7.1\Pester.psm1 : ligne 893
à &lt;ScriptBlock&gt;, C:\Users\user\Documents\WindowsPowerShell\Modules\Pester\5.7.1\Pester.psm1 : ligne 2024
à &lt;ScriptBlock&gt;, C:\Users\user\Documents\WindowsPowerShell\Modules\Pester\5.7.1\Pester.psm1 : ligne 1985
à Invoke-ScriptBlock, C:\Users\user\Documents\WindowsPowerShell\Modules\Pester\5.7.1\Pester.psm1 : ligne 2160
à Invoke-Block, C:\Users\user\Documents\WindowsPowerShell\Modules\Pester\5.7.1\Pester.psm1 : ligne 940
à &lt;ScriptBlock&gt;, C:\Users\user\Documents\WindowsPowerShell\Modules\Pester\5.7.1\Pester.psm1 : ligne 1688
à &lt;ScriptBlock&gt;, C:\Users\user\Documents\WindowsPowerShell\Modules\Pester\5.7.1\Pester.ps1 : ligne 3
à &lt;ScriptBlock&gt;, C:\Users\user\Documents\WindowsPowerShell\Modules\Pester\5.7.1\Pester.psm1 : ligne 3260
à Invoke-InNewScriptScope, C:\Users\user\Documents\WindowsPowerShell\Modules\Pester\5.7.1\Pester.psm1 : ligne 3267
à Run-Test, C:\Users\user\Documents\WindowsPowerShell\Modules\Pester\5.7.1\Pester.psm1 : ligne 1691
à Invoke-Test, C:\Users\user\Documents\WindowsPowerShell\Modules\Pester\5.7.1\Pester.psm1 : ligne 2512
à Invoke-Pester&lt;End&gt;, C:\Users\user\Documents\WindowsPowerShell\Modules\Pester\5.7.1\Pester.psm1 : ligne 4960
à &lt;ScriptBlock&gt;, D:\DO\WEB\N8N_tests\PROJETS\EMAIL_SENDER_1\tools\scripts\roadmap-parser\module\Tests\Invoke-AllTests.ps1 : ligne 86
à &lt;ScriptBlock&gt;, &lt;Aucun fichier&gt; : ligne 1</stack-trace>
                    </failure>
                  </test-case>
                  <test-case description="Devrait retourner False pour une chaÃ®ne de caractÃ¨res" name="Test-DataType.Validation de type DateTime.Devrait retourner False pour une chaÃ®ne de caractÃ¨res" time="0.2258" asserts="0" success="False" result="Failure" executed="True">
                    <failure>
                      <message>CommandNotFoundException: Le terme « Test-DataType » n'est pas reconnu comme nom d'applet de commande, fonction, fichier de script ou programme exécutable. Vérifiez l'orthographe du nom, ou si un chemin d'accès existe, vérifiez que le chemin d'accès est correct et réessayez.</message>
                      <stack-trace>à &lt;ScriptBlock&gt;, D:\DO\WEB\N8N_tests\PROJETS\EMAIL_SENDER_1\tools\scripts\roadmap-parser\module\Tests\Validation\Test-DataType.Tests.ps1 : ligne 60
à &lt;ScriptBlock&gt;, C:\Users\user\Documents\WindowsPowerShell\Modules\Pester\5.7.1\Pester.psm1 : ligne 2024
à &lt;ScriptBlock&gt;, C:\Users\user\Documents\WindowsPowerShell\Modules\Pester\5.7.1\Pester.psm1 : ligne 1985
à Invoke-ScriptBlock, C:\Users\user\Documents\WindowsPowerShell\Modules\Pester\5.7.1\Pester.psm1 : ligne 2157
à Invoke-TestItem, C:\Users\user\Documents\WindowsPowerShell\Modules\Pester\5.7.1\Pester.psm1 : ligne 1199
à Invoke-Block, C:\Users\user\Documents\WindowsPowerShell\Modules\Pester\5.7.1\Pester.psm1 : ligne 835
à &lt;ScriptBlock&gt;, C:\Users\user\Documents\WindowsPowerShell\Modules\Pester\5.7.1\Pester.psm1 : ligne 893
à &lt;ScriptBlock&gt;, C:\Users\user\Documents\WindowsPowerShell\Modules\Pester\5.7.1\Pester.psm1 : ligne 2024
à &lt;ScriptBlock&gt;, C:\Users\user\Documents\WindowsPowerShell\Modules\Pester\5.7.1\Pester.psm1 : ligne 1985
à Invoke-ScriptBlock, C:\Users\user\Documents\WindowsPowerShell\Modules\Pester\5.7.1\Pester.psm1 : ligne 2160
à Invoke-Block, C:\Users\user\Documents\WindowsPowerShell\Modules\Pester\5.7.1\Pester.psm1 : ligne 940
à &lt;ScriptBlock&gt;, C:\Users\user\Documents\WindowsPowerShell\Modules\Pester\5.7.1\Pester.psm1 : ligne 893
à &lt;ScriptBlock&gt;, C:\Users\user\Documents\WindowsPowerShell\Modules\Pester\5.7.1\Pester.psm1 : ligne 2024
à &lt;ScriptBlock&gt;, C:\Users\user\Documents\WindowsPowerShell\Modules\Pester\5.7.1\Pester.psm1 : ligne 1985
à Invoke-ScriptBlock, C:\Users\user\Documents\WindowsPowerShell\Modules\Pester\5.7.1\Pester.psm1 : ligne 2160
à Invoke-Block, C:\Users\user\Documents\WindowsPowerShell\Modules\Pester\5.7.1\Pester.psm1 : ligne 940
à &lt;ScriptBlock&gt;, C:\Users\user\Documents\WindowsPowerShell\Modules\Pester\5.7.1\Pester.psm1 : ligne 893
à &lt;ScriptBlock&gt;, C:\Users\user\Documents\WindowsPowerShell\Modules\Pester\5.7.1\Pester.psm1 : ligne 2024
à &lt;ScriptBlock&gt;, C:\Users\user\Documents\WindowsPowerShell\Modules\Pester\5.7.1\Pester.psm1 : ligne 1985
à Invoke-ScriptBlock, C:\Users\user\Documents\WindowsPowerShell\Modules\Pester\5.7.1\Pester.psm1 : ligne 2160
à Invoke-Block, C:\Users\user\Documents\WindowsPowerShell\Modules\Pester\5.7.1\Pester.psm1 : ligne 940
à &lt;ScriptBlock&gt;, C:\Users\user\Documents\WindowsPowerShell\Modules\Pester\5.7.1\Pester.psm1 : ligne 1688
à &lt;ScriptBlock&gt;, C:\Users\user\Documents\WindowsPowerShell\Modules\Pester\5.7.1\Pester.ps1 : ligne 3
à &lt;ScriptBlock&gt;, C:\Users\user\Documents\WindowsPowerShell\Modules\Pester\5.7.1\Pester.psm1 : ligne 3260
à Invoke-InNewScriptScope, C:\Users\user\Documents\WindowsPowerShell\Modules\Pester\5.7.1\Pester.psm1 : ligne 3267
à Run-Test, C:\Users\user\Documents\WindowsPowerShell\Modules\Pester\5.7.1\Pester.psm1 : ligne 1691
à Invoke-Test, C:\Users\user\Documents\WindowsPowerShell\Modules\Pester\5.7.1\Pester.psm1 : ligne 2512
à Invoke-Pester&lt;End&gt;, C:\Users\user\Documents\WindowsPowerShell\Modules\Pester\5.7.1\Pester.psm1 : ligne 4960
à &lt;ScriptBlock&gt;, D:\DO\WEB\N8N_tests\PROJETS\EMAIL_SENDER_1\tools\scripts\roadmap-parser\module\Tests\Invoke-AllTests.ps1 : ligne 86
à &lt;ScriptBlock&gt;, &lt;Aucun fichier&gt; : ligne 1</stack-trace>
                    </failure>
                  </test-case>
                </results>
              </test-suite>
              <test-suite type="TestFixture" name="Test-DataType.Validation de type Array" executed="True" result="Failure" success="False" time="3.6582" asserts="0" description="Test-DataType.Validation de type Array">
                <results>
                  <test-case description="Devrait retourner True pour un tableau" name="Test-DataType.Validation de type Array.Devrait retourner True pour un tableau" time="0.25" asserts="0" success="False" result="Failure" executed="True">
                    <failure>
                      <message>CommandNotFoundException: Le terme « Test-DataType » n'est pas reconnu comme nom d'applet de commande, fonction, fichier de script ou programme exécutable. Vérifiez l'orthographe du nom, ou si un chemin d'accès existe, vérifiez que le chemin d'accès est correct et réessayez.</message>
                      <stack-trace>à &lt;ScriptBlock&gt;, D:\DO\WEB\N8N_tests\PROJETS\EMAIL_SENDER_1\tools\scripts\roadmap-parser\module\Tests\Validation\Test-DataType.Tests.ps1 : ligne 66
à &lt;ScriptBlock&gt;, C:\Users\user\Documents\WindowsPowerShell\Modules\Pester\5.7.1\Pester.psm1 : ligne 2024
à &lt;ScriptBlock&gt;, C:\Users\user\Documents\WindowsPowerShell\Modules\Pester\5.7.1\Pester.psm1 : ligne 1985
à Invoke-ScriptBlock, C:\Users\user\Documents\WindowsPowerShell\Modules\Pester\5.7.1\Pester.psm1 : ligne 2157
à Invoke-TestItem, C:\Users\user\Documents\WindowsPowerShell\Modules\Pester\5.7.1\Pester.psm1 : ligne 1199
à Invoke-Block, C:\Users\user\Documents\WindowsPowerShell\Modules\Pester\5.7.1\Pester.psm1 : ligne 835
à &lt;ScriptBlock&gt;, C:\Users\user\Documents\WindowsPowerShell\Modules\Pester\5.7.1\Pester.psm1 : ligne 893
à &lt;ScriptBlock&gt;, C:\Users\user\Documents\WindowsPowerShell\Modules\Pester\5.7.1\Pester.psm1 : ligne 2024
à &lt;ScriptBlock&gt;, C:\Users\user\Documents\WindowsPowerShell\Modules\Pester\5.7.1\Pester.psm1 : ligne 1985
à Invoke-ScriptBlock, C:\Users\user\Documents\WindowsPowerShell\Modules\Pester\5.7.1\Pester.psm1 : ligne 2160
à Invoke-Block, C:\Users\user\Documents\WindowsPowerShell\Modules\Pester\5.7.1\Pester.psm1 : ligne 940
à &lt;ScriptBlock&gt;, C:\Users\user\Documents\WindowsPowerShell\Modules\Pester\5.7.1\Pester.psm1 : ligne 893
à &lt;ScriptBlock&gt;, C:\Users\user\Documents\WindowsPowerShell\Modules\Pester\5.7.1\Pester.psm1 : ligne 2024
à &lt;ScriptBlock&gt;, C:\Users\user\Documents\WindowsPowerShell\Modules\Pester\5.7.1\Pester.psm1 : ligne 1985
à Invoke-ScriptBlock, C:\Users\user\Documents\WindowsPowerShell\Modules\Pester\5.7.1\Pester.psm1 : ligne 2160
à Invoke-Block, C:\Users\user\Documents\WindowsPowerShell\Modules\Pester\5.7.1\Pester.psm1 : ligne 940
à &lt;ScriptBlock&gt;, C:\Users\user\Documents\WindowsPowerShell\Modules\Pester\5.7.1\Pester.psm1 : ligne 893
à &lt;ScriptBlock&gt;, C:\Users\user\Documents\WindowsPowerShell\Modules\Pester\5.7.1\Pester.psm1 : ligne 2024
à &lt;ScriptBlock&gt;, C:\Users\user\Documents\WindowsPowerShell\Modules\Pester\5.7.1\Pester.psm1 : ligne 1985
à Invoke-ScriptBlock, C:\Users\user\Documents\WindowsPowerShell\Modules\Pester\5.7.1\Pester.psm1 : ligne 2160
à Invoke-Block, C:\Users\user\Documents\WindowsPowerShell\Modules\Pester\5.7.1\Pester.psm1 : ligne 940
à &lt;ScriptBlock&gt;, C:\Users\user\Documents\WindowsPowerShell\Modules\Pester\5.7.1\Pester.psm1 : ligne 1688
à &lt;ScriptBlock&gt;, C:\Users\user\Documents\WindowsPowerShell\Modules\Pester\5.7.1\Pester.ps1 : ligne 3
à &lt;ScriptBlock&gt;, C:\Users\user\Documents\WindowsPowerShell\Modules\Pester\5.7.1\Pester.psm1 : ligne 3260
à Invoke-InNewScriptScope, C:\Users\user\Documents\WindowsPowerShell\Modules\Pester\5.7.1\Pester.psm1 : ligne 3267
à Run-Test, C:\Users\user\Documents\WindowsPowerShell\Modules\Pester\5.7.1\Pester.psm1 : ligne 1691
à Invoke-Test, C:\Users\user\Documents\WindowsPowerShell\Modules\Pester\5.7.1\Pester.psm1 : ligne 2512
à Invoke-Pester&lt;End&gt;, C:\Users\user\Documents\WindowsPowerShell\Modules\Pester\5.7.1\Pester.psm1 : ligne 4960
à &lt;ScriptBlock&gt;, D:\DO\WEB\N8N_tests\PROJETS\EMAIL_SENDER_1\tools\scripts\roadmap-parser\module\Tests\Invoke-AllTests.ps1 : ligne 86
à &lt;ScriptBlock&gt;, &lt;Aucun fichier&gt; : ligne 1</stack-trace>
                    </failure>
                  </test-case>
                  <test-case description="Devrait retourner False pour une chaÃ®ne de caractÃ¨res" name="Test-DataType.Validation de type Array.Devrait retourner False pour une chaÃ®ne de caractÃ¨res" time="0.2355" asserts="0" success="False" result="Failure" executed="True">
                    <failure>
                      <message>CommandNotFoundException: Le terme « Test-DataType » n'est pas reconnu comme nom d'applet de commande, fonction, fichier de script ou programme exécutable. Vérifiez l'orthographe du nom, ou si un chemin d'accès existe, vérifiez que le chemin d'accès est correct et réessayez.</message>
                      <stack-trace>à &lt;ScriptBlock&gt;, D:\DO\WEB\N8N_tests\PROJETS\EMAIL_SENDER_1\tools\scripts\roadmap-parser\module\Tests\Validation\Test-DataType.Tests.ps1 : ligne 70
à &lt;ScriptBlock&gt;, C:\Users\user\Documents\WindowsPowerShell\Modules\Pester\5.7.1\Pester.psm1 : ligne 2024
à &lt;ScriptBlock&gt;, C:\Users\user\Documents\WindowsPowerShell\Modules\Pester\5.7.1\Pester.psm1 : ligne 1985
à Invoke-ScriptBlock, C:\Users\user\Documents\WindowsPowerShell\Modules\Pester\5.7.1\Pester.psm1 : ligne 2157
à Invoke-TestItem, C:\Users\user\Documents\WindowsPowerShell\Modules\Pester\5.7.1\Pester.psm1 : ligne 1199
à Invoke-Block, C:\Users\user\Documents\WindowsPowerShell\Modules\Pester\5.7.1\Pester.psm1 : ligne 835
à &lt;ScriptBlock&gt;, C:\Users\user\Documents\WindowsPowerShell\Modules\Pester\5.7.1\Pester.psm1 : ligne 893
à &lt;ScriptBlock&gt;, C:\Users\user\Documents\WindowsPowerShell\Modules\Pester\5.7.1\Pester.psm1 : ligne 2024
à &lt;ScriptBlock&gt;, C:\Users\user\Documents\WindowsPowerShell\Modules\Pester\5.7.1\Pester.psm1 : ligne 1985
à Invoke-ScriptBlock, C:\Users\user\Documents\WindowsPowerShell\Modules\Pester\5.7.1\Pester.psm1 : ligne 2160
à Invoke-Block, C:\Users\user\Documents\WindowsPowerShell\Modules\Pester\5.7.1\Pester.psm1 : ligne 940
à &lt;ScriptBlock&gt;, C:\Users\user\Documents\WindowsPowerShell\Modules\Pester\5.7.1\Pester.psm1 : ligne 893
à &lt;ScriptBlock&gt;, C:\Users\user\Documents\WindowsPowerShell\Modules\Pester\5.7.1\Pester.psm1 : ligne 2024
à &lt;ScriptBlock&gt;, C:\Users\user\Documents\WindowsPowerShell\Modules\Pester\5.7.1\Pester.psm1 : ligne 1985
à Invoke-ScriptBlock, C:\Users\user\Documents\WindowsPowerShell\Modules\Pester\5.7.1\Pester.psm1 : ligne 2160
à Invoke-Block, C:\Users\user\Documents\WindowsPowerShell\Modules\Pester\5.7.1\Pester.psm1 : ligne 940
à &lt;ScriptBlock&gt;, C:\Users\user\Documents\WindowsPowerShell\Modules\Pester\5.7.1\Pester.psm1 : ligne 893
à &lt;ScriptBlock&gt;, C:\Users\user\Documents\WindowsPowerShell\Modules\Pester\5.7.1\Pester.psm1 : ligne 2024
à &lt;ScriptBlock&gt;, C:\Users\user\Documents\WindowsPowerShell\Modules\Pester\5.7.1\Pester.psm1 : ligne 1985
à Invoke-ScriptBlock, C:\Users\user\Documents\WindowsPowerShell\Modules\Pester\5.7.1\Pester.psm1 : ligne 2160
à Invoke-Block, C:\Users\user\Documents\WindowsPowerShell\Modules\Pester\5.7.1\Pester.psm1 : ligne 940
à &lt;ScriptBlock&gt;, C:\Users\user\Documents\WindowsPowerShell\Modules\Pester\5.7.1\Pester.psm1 : ligne 1688
à &lt;ScriptBlock&gt;, C:\Users\user\Documents\WindowsPowerShell\Modules\Pester\5.7.1\Pester.ps1 : ligne 3
à &lt;ScriptBlock&gt;, C:\Users\user\Documents\WindowsPowerShell\Modules\Pester\5.7.1\Pester.psm1 : ligne 3260
à Invoke-InNewScriptScope, C:\Users\user\Documents\WindowsPowerShell\Modules\Pester\5.7.1\Pester.psm1 : ligne 3267
à Run-Test, C:\Users\user\Documents\WindowsPowerShell\Modules\Pester\5.7.1\Pester.psm1 : ligne 1691
à Invoke-Test, C:\Users\user\Documents\WindowsPowerShell\Modules\Pester\5.7.1\Pester.psm1 : ligne 2512
à Invoke-Pester&lt;End&gt;, C:\Users\user\Documents\WindowsPowerShell\Modules\Pester\5.7.1\Pester.psm1 : ligne 4960
à &lt;ScriptBlock&gt;, D:\DO\WEB\N8N_tests\PROJETS\EMAIL_SENDER_1\tools\scripts\roadmap-parser\module\Tests\Invoke-AllTests.ps1 : ligne 86
à &lt;ScriptBlock&gt;, &lt;Aucun fichier&gt; : ligne 1</stack-trace>
                    </failure>
                  </test-case>
                </results>
              </test-suite>
              <test-suite type="TestFixture" name="Test-DataType.Validation de type Hashtable" executed="True" result="Failure" success="False" time="4.2393" asserts="0" description="Test-DataType.Validation de type Hashtable">
                <results>
                  <test-case description="Devrait retourner True pour une table de hachage" name="Test-DataType.Validation de type Hashtable.Devrait retourner True pour une table de hachage" time="0.2366" asserts="0" success="False" result="Failure" executed="True">
                    <failure>
                      <message>CommandNotFoundException: Le terme « Test-DataType » n'est pas reconnu comme nom d'applet de commande, fonction, fichier de script ou programme exécutable. Vérifiez l'orthographe du nom, ou si un chemin d'accès existe, vérifiez que le chemin d'accès est correct et réessayez.</message>
                      <stack-trace>à &lt;ScriptBlock&gt;, D:\DO\WEB\N8N_tests\PROJETS\EMAIL_SENDER_1\tools\scripts\roadmap-parser\module\Tests\Validation\Test-DataType.Tests.ps1 : ligne 76
à &lt;ScriptBlock&gt;, C:\Users\user\Documents\WindowsPowerShell\Modules\Pester\5.7.1\Pester.psm1 : ligne 2024
à &lt;ScriptBlock&gt;, C:\Users\user\Documents\WindowsPowerShell\Modules\Pester\5.7.1\Pester.psm1 : ligne 1985
à Invoke-ScriptBlock, C:\Users\user\Documents\WindowsPowerShell\Modules\Pester\5.7.1\Pester.psm1 : ligne 2157
à Invoke-TestItem, C:\Users\user\Documents\WindowsPowerShell\Modules\Pester\5.7.1\Pester.psm1 : ligne 1199
à Invoke-Block, C:\Users\user\Documents\WindowsPowerShell\Modules\Pester\5.7.1\Pester.psm1 : ligne 835
à &lt;ScriptBlock&gt;, C:\Users\user\Documents\WindowsPowerShell\Modules\Pester\5.7.1\Pester.psm1 : ligne 893
à &lt;ScriptBlock&gt;, C:\Users\user\Documents\WindowsPowerShell\Modules\Pester\5.7.1\Pester.psm1 : ligne 2024
à &lt;ScriptBlock&gt;, C:\Users\user\Documents\WindowsPowerShell\Modules\Pester\5.7.1\Pester.psm1 : ligne 1985
à Invoke-ScriptBlock, C:\Users\user\Documents\WindowsPowerShell\Modules\Pester\5.7.1\Pester.psm1 : ligne 2160
à Invoke-Block, C:\Users\user\Documents\WindowsPowerShell\Modules\Pester\5.7.1\Pester.psm1 : ligne 940
à &lt;ScriptBlock&gt;, C:\Users\user\Documents\WindowsPowerShell\Modules\Pester\5.7.1\Pester.psm1 : ligne 893
à &lt;ScriptBlock&gt;, C:\Users\user\Documents\WindowsPowerShell\Modules\Pester\5.7.1\Pester.psm1 : ligne 2024
à &lt;ScriptBlock&gt;, C:\Users\user\Documents\WindowsPowerShell\Modules\Pester\5.7.1\Pester.psm1 : ligne 1985
à Invoke-ScriptBlock, C:\Users\user\Documents\WindowsPowerShell\Modules\Pester\5.7.1\Pester.psm1 : ligne 2160
à Invoke-Block, C:\Users\user\Documents\WindowsPowerShell\Modules\Pester\5.7.1\Pester.psm1 : ligne 940
à &lt;ScriptBlock&gt;, C:\Users\user\Documents\WindowsPowerShell\Modules\Pester\5.7.1\Pester.psm1 : ligne 893
à &lt;ScriptBlock&gt;, C:\Users\user\Documents\WindowsPowerShell\Modules\Pester\5.7.1\Pester.psm1 : ligne 2024
à &lt;ScriptBlock&gt;, C:\Users\user\Documents\WindowsPowerShell\Modules\Pester\5.7.1\Pester.psm1 : ligne 1985
à Invoke-ScriptBlock, C:\Users\user\Documents\WindowsPowerShell\Modules\Pester\5.7.1\Pester.psm1 : ligne 2160
à Invoke-Block, C:\Users\user\Documents\WindowsPowerShell\Modules\Pester\5.7.1\Pester.psm1 : ligne 940
à &lt;ScriptBlock&gt;, C:\Users\user\Documents\WindowsPowerShell\Modules\Pester\5.7.1\Pester.psm1 : ligne 1688
à &lt;ScriptBlock&gt;, C:\Users\user\Documents\WindowsPowerShell\Modules\Pester\5.7.1\Pester.ps1 : ligne 3
à &lt;ScriptBlock&gt;, C:\Users\user\Documents\WindowsPowerShell\Modules\Pester\5.7.1\Pester.psm1 : ligne 3260
à Invoke-InNewScriptScope, C:\Users\user\Documents\WindowsPowerShell\Modules\Pester\5.7.1\Pester.psm1 : ligne 3267
à Run-Test, C:\Users\user\Documents\WindowsPowerShell\Modules\Pester\5.7.1\Pester.psm1 : ligne 1691
à Invoke-Test, C:\Users\user\Documents\WindowsPowerShell\Modules\Pester\5.7.1\Pester.psm1 : ligne 2512
à Invoke-Pester&lt;End&gt;, C:\Users\user\Documents\WindowsPowerShell\Modules\Pester\5.7.1\Pester.psm1 : ligne 4960
à &lt;ScriptBlock&gt;, D:\DO\WEB\N8N_tests\PROJETS\EMAIL_SENDER_1\tools\scripts\roadmap-parser\module\Tests\Invoke-AllTests.ps1 : ligne 86
à &lt;ScriptBlock&gt;, &lt;Aucun fichier&gt; : ligne 1</stack-trace>
                    </failure>
                  </test-case>
                  <test-case description="Devrait retourner False pour une chaÃ®ne de caractÃ¨res" name="Test-DataType.Validation de type Hashtable.Devrait retourner False pour une chaÃ®ne de caractÃ¨res" time="0.2322" asserts="0" success="False" result="Failure" executed="True">
                    <failure>
                      <message>CommandNotFoundException: Le terme « Test-DataType » n'est pas reconnu comme nom d'applet de commande, fonction, fichier de script ou programme exécutable. Vérifiez l'orthographe du nom, ou si un chemin d'accès existe, vérifiez que le chemin d'accès est correct et réessayez.</message>
                      <stack-trace>à &lt;ScriptBlock&gt;, D:\DO\WEB\N8N_tests\PROJETS\EMAIL_SENDER_1\tools\scripts\roadmap-parser\module\Tests\Validation\Test-DataType.Tests.ps1 : ligne 80
à &lt;ScriptBlock&gt;, C:\Users\user\Documents\WindowsPowerShell\Modules\Pester\5.7.1\Pester.psm1 : ligne 2024
à &lt;ScriptBlock&gt;, C:\Users\user\Documents\WindowsPowerShell\Modules\Pester\5.7.1\Pester.psm1 : ligne 1985
à Invoke-ScriptBlock, C:\Users\user\Documents\WindowsPowerShell\Modules\Pester\5.7.1\Pester.psm1 : ligne 2157
à Invoke-TestItem, C:\Users\user\Documents\WindowsPowerShell\Modules\Pester\5.7.1\Pester.psm1 : ligne 1199
à Invoke-Block, C:\Users\user\Documents\WindowsPowerShell\Modules\Pester\5.7.1\Pester.psm1 : ligne 835
à &lt;ScriptBlock&gt;, C:\Users\user\Documents\WindowsPowerShell\Modules\Pester\5.7.1\Pester.psm1 : ligne 893
à &lt;ScriptBlock&gt;, C:\Users\user\Documents\WindowsPowerShell\Modules\Pester\5.7.1\Pester.psm1 : ligne 2024
à &lt;ScriptBlock&gt;, C:\Users\user\Documents\WindowsPowerShell\Modules\Pester\5.7.1\Pester.psm1 : ligne 1985
à Invoke-ScriptBlock, C:\Users\user\Documents\WindowsPowerShell\Modules\Pester\5.7.1\Pester.psm1 : ligne 2160
à Invoke-Block, C:\Users\user\Documents\WindowsPowerShell\Modules\Pester\5.7.1\Pester.psm1 : ligne 940
à &lt;ScriptBlock&gt;, C:\Users\user\Documents\WindowsPowerShell\Modules\Pester\5.7.1\Pester.psm1 : ligne 893
à &lt;ScriptBlock&gt;, C:\Users\user\Documents\WindowsPowerShell\Modules\Pester\5.7.1\Pester.psm1 : ligne 2024
à &lt;ScriptBlock&gt;, C:\Users\user\Documents\WindowsPowerShell\Modules\Pester\5.7.1\Pester.psm1 : ligne 1985
à Invoke-ScriptBlock, C:\Users\user\Documents\WindowsPowerShell\Modules\Pester\5.7.1\Pester.psm1 : ligne 2160
à Invoke-Block, C:\Users\user\Documents\WindowsPowerShell\Modules\Pester\5.7.1\Pester.psm1 : ligne 940
à &lt;ScriptBlock&gt;, C:\Users\user\Documents\WindowsPowerShell\Modules\Pester\5.7.1\Pester.psm1 : ligne 893
à &lt;ScriptBlock&gt;, C:\Users\user\Documents\WindowsPowerShell\Modules\Pester\5.7.1\Pester.psm1 : ligne 2024
à &lt;ScriptBlock&gt;, C:\Users\user\Documents\WindowsPowerShell\Modules\Pester\5.7.1\Pester.psm1 : ligne 1985
à Invoke-ScriptBlock, C:\Users\user\Documents\WindowsPowerShell\Modules\Pester\5.7.1\Pester.psm1 : ligne 2160
à Invoke-Block, C:\Users\user\Documents\WindowsPowerShell\Modules\Pester\5.7.1\Pester.psm1 : ligne 940
à &lt;ScriptBlock&gt;, C:\Users\user\Documents\WindowsPowerShell\Modules\Pester\5.7.1\Pester.psm1 : ligne 1688
à &lt;ScriptBlock&gt;, C:\Users\user\Documents\WindowsPowerShell\Modules\Pester\5.7.1\Pester.ps1 : ligne 3
à &lt;ScriptBlock&gt;, C:\Users\user\Documents\WindowsPowerShell\Modules\Pester\5.7.1\Pester.psm1 : ligne 3260
à Invoke-InNewScriptScope, C:\Users\user\Documents\WindowsPowerShell\Modules\Pester\5.7.1\Pester.psm1 : ligne 3267
à Run-Test, C:\Users\user\Documents\WindowsPowerShell\Modules\Pester\5.7.1\Pester.psm1 : ligne 1691
à Invoke-Test, C:\Users\user\Documents\WindowsPowerShell\Modules\Pester\5.7.1\Pester.psm1 : ligne 2512
à Invoke-Pester&lt;End&gt;, C:\Users\user\Documents\WindowsPowerShell\Modules\Pester\5.7.1\Pester.psm1 : ligne 4960
à &lt;ScriptBlock&gt;, D:\DO\WEB\N8N_tests\PROJETS\EMAIL_SENDER_1\tools\scripts\roadmap-parser\module\Tests\Invoke-AllTests.ps1 : ligne 86
à &lt;ScriptBlock&gt;, &lt;Aucun fichier&gt; : ligne 1</stack-trace>
                    </failure>
                  </test-case>
                </results>
              </test-suite>
              <test-suite type="TestFixture" name="Test-DataType.Validation de type PSObject" executed="True" result="Failure" success="False" time="4.8727" asserts="0" description="Test-DataType.Validation de type PSObject">
                <results>
                  <test-case description="Devrait retourner True pour un objet PowerShell" name="Test-DataType.Validation de type PSObject.Devrait retourner True pour un objet PowerShell" time="0.2354" asserts="0" success="False" result="Failure" executed="True">
                    <failure>
                      <message>CommandNotFoundException: Le terme « Test-DataType » n'est pas reconnu comme nom d'applet de commande, fonction, fichier de script ou programme exécutable. Vérifiez l'orthographe du nom, ou si un chemin d'accès existe, vérifiez que le chemin d'accès est correct et réessayez.</message>
                      <stack-trace>à &lt;ScriptBlock&gt;, D:\DO\WEB\N8N_tests\PROJETS\EMAIL_SENDER_1\tools\scripts\roadmap-parser\module\Tests\Validation\Test-DataType.Tests.ps1 : ligne 86
à &lt;ScriptBlock&gt;, C:\Users\user\Documents\WindowsPowerShell\Modules\Pester\5.7.1\Pester.psm1 : ligne 2024
à &lt;ScriptBlock&gt;, C:\Users\user\Documents\WindowsPowerShell\Modules\Pester\5.7.1\Pester.psm1 : ligne 1985
à Invoke-ScriptBlock, C:\Users\user\Documents\WindowsPowerShell\Modules\Pester\5.7.1\Pester.psm1 : ligne 2157
à Invoke-TestItem, C:\Users\user\Documents\WindowsPowerShell\Modules\Pester\5.7.1\Pester.psm1 : ligne 1199
à Invoke-Block, C:\Users\user\Documents\WindowsPowerShell\Modules\Pester\5.7.1\Pester.psm1 : ligne 835
à &lt;ScriptBlock&gt;, C:\Users\user\Documents\WindowsPowerShell\Modules\Pester\5.7.1\Pester.psm1 : ligne 893
à &lt;ScriptBlock&gt;, C:\Users\user\Documents\WindowsPowerShell\Modules\Pester\5.7.1\Pester.psm1 : ligne 2024
à &lt;ScriptBlock&gt;, C:\Users\user\Documents\WindowsPowerShell\Modules\Pester\5.7.1\Pester.psm1 : ligne 1985
à Invoke-ScriptBlock, C:\Users\user\Documents\WindowsPowerShell\Modules\Pester\5.7.1\Pester.psm1 : ligne 2160
à Invoke-Block, C:\Users\user\Documents\WindowsPowerShell\Modules\Pester\5.7.1\Pester.psm1 : ligne 940
à &lt;ScriptBlock&gt;, C:\Users\user\Documents\WindowsPowerShell\Modules\Pester\5.7.1\Pester.psm1 : ligne 893
à &lt;ScriptBlock&gt;, C:\Users\user\Documents\WindowsPowerShell\Modules\Pester\5.7.1\Pester.psm1 : ligne 2024
à &lt;ScriptBlock&gt;, C:\Users\user\Documents\WindowsPowerShell\Modules\Pester\5.7.1\Pester.psm1 : ligne 1985
à Invoke-ScriptBlock, C:\Users\user\Documents\WindowsPowerShell\Modules\Pester\5.7.1\Pester.psm1 : ligne 2160
à Invoke-Block, C:\Users\user\Documents\WindowsPowerShell\Modules\Pester\5.7.1\Pester.psm1 : ligne 940
à &lt;ScriptBlock&gt;, C:\Users\user\Documents\WindowsPowerShell\Modules\Pester\5.7.1\Pester.psm1 : ligne 893
à &lt;ScriptBlock&gt;, C:\Users\user\Documents\WindowsPowerShell\Modules\Pester\5.7.1\Pester.psm1 : ligne 2024
à &lt;ScriptBlock&gt;, C:\Users\user\Documents\WindowsPowerShell\Modules\Pester\5.7.1\Pester.psm1 : ligne 1985
à Invoke-ScriptBlock, C:\Users\user\Documents\WindowsPowerShell\Modules\Pester\5.7.1\Pester.psm1 : ligne 2160
à Invoke-Block, C:\Users\user\Documents\WindowsPowerShell\Modules\Pester\5.7.1\Pester.psm1 : ligne 940
à &lt;ScriptBlock&gt;, C:\Users\user\Documents\WindowsPowerShell\Modules\Pester\5.7.1\Pester.psm1 : ligne 1688
à &lt;ScriptBlock&gt;, C:\Users\user\Documents\WindowsPowerShell\Modules\Pester\5.7.1\Pester.ps1 : ligne 3
à &lt;ScriptBlock&gt;, C:\Users\user\Documents\WindowsPowerShell\Modules\Pester\5.7.1\Pester.psm1 : ligne 3260
à Invoke-InNewScriptScope, C:\Users\user\Documents\WindowsPowerShell\Modules\Pester\5.7.1\Pester.psm1 : ligne 3267
à Run-Test, C:\Users\user\Documents\WindowsPowerShell\Modules\Pester\5.7.1\Pester.psm1 : ligne 1691
à Invoke-Test, C:\Users\user\Documents\WindowsPowerShell\Modules\Pester\5.7.1\Pester.psm1 : ligne 2512
à Invoke-Pester&lt;End&gt;, C:\Users\user\Documents\WindowsPowerShell\Modules\Pester\5.7.1\Pester.psm1 : ligne 4960
à &lt;ScriptBlock&gt;, D:\DO\WEB\N8N_tests\PROJETS\EMAIL_SENDER_1\tools\scripts\roadmap-parser\module\Tests\Invoke-AllTests.ps1 : ligne 86
à &lt;ScriptBlock&gt;, &lt;Aucun fichier&gt; : ligne 1</stack-trace>
                    </failure>
                  </test-case>
                  <test-case description="Devrait retourner False pour une chaÃ®ne de caractÃ¨res" name="Test-DataType.Validation de type PSObject.Devrait retourner False pour une chaÃ®ne de caractÃ¨res" time="0.2879" asserts="0" success="False" result="Failure" executed="True">
                    <failure>
                      <message>CommandNotFoundException: Le terme « Test-DataType » n'est pas reconnu comme nom d'applet de commande, fonction, fichier de script ou programme exécutable. Vérifiez l'orthographe du nom, ou si un chemin d'accès existe, vérifiez que le chemin d'accès est correct et réessayez.</message>
                      <stack-trace>à &lt;ScriptBlock&gt;, D:\DO\WEB\N8N_tests\PROJETS\EMAIL_SENDER_1\tools\scripts\roadmap-parser\module\Tests\Validation\Test-DataType.Tests.ps1 : ligne 90
à &lt;ScriptBlock&gt;, C:\Users\user\Documents\WindowsPowerShell\Modules\Pester\5.7.1\Pester.psm1 : ligne 2024
à &lt;ScriptBlock&gt;, C:\Users\user\Documents\WindowsPowerShell\Modules\Pester\5.7.1\Pester.psm1 : ligne 1985
à Invoke-ScriptBlock, C:\Users\user\Documents\WindowsPowerShell\Modules\Pester\5.7.1\Pester.psm1 : ligne 2157
à Invoke-TestItem, C:\Users\user\Documents\WindowsPowerShell\Modules\Pester\5.7.1\Pester.psm1 : ligne 1199
à Invoke-Block, C:\Users\user\Documents\WindowsPowerShell\Modules\Pester\5.7.1\Pester.psm1 : ligne 835
à &lt;ScriptBlock&gt;, C:\Users\user\Documents\WindowsPowerShell\Modules\Pester\5.7.1\Pester.psm1 : ligne 893
à &lt;ScriptBlock&gt;, C:\Users\user\Documents\WindowsPowerShell\Modules\Pester\5.7.1\Pester.psm1 : ligne 2024
à &lt;ScriptBlock&gt;, C:\Users\user\Documents\WindowsPowerShell\Modules\Pester\5.7.1\Pester.psm1 : ligne 1985
à Invoke-ScriptBlock, C:\Users\user\Documents\WindowsPowerShell\Modules\Pester\5.7.1\Pester.psm1 : ligne 2160
à Invoke-Block, C:\Users\user\Documents\WindowsPowerShell\Modules\Pester\5.7.1\Pester.psm1 : ligne 940
à &lt;ScriptBlock&gt;, C:\Users\user\Documents\WindowsPowerShell\Modules\Pester\5.7.1\Pester.psm1 : ligne 893
à &lt;ScriptBlock&gt;, C:\Users\user\Documents\WindowsPowerShell\Modules\Pester\5.7.1\Pester.psm1 : ligne 2024
à &lt;ScriptBlock&gt;, C:\Users\user\Documents\WindowsPowerShell\Modules\Pester\5.7.1\Pester.psm1 : ligne 1985
à Invoke-ScriptBlock, C:\Users\user\Documents\WindowsPowerShell\Modules\Pester\5.7.1\Pester.psm1 : ligne 2160
à Invoke-Block, C:\Users\user\Documents\WindowsPowerShell\Modules\Pester\5.7.1\Pester.psm1 : ligne 940
à &lt;ScriptBlock&gt;, C:\Users\user\Documents\WindowsPowerShell\Modules\Pester\5.7.1\Pester.psm1 : ligne 893
à &lt;ScriptBlock&gt;, C:\Users\user\Documents\WindowsPowerShell\Modules\Pester\5.7.1\Pester.psm1 : ligne 2024
à &lt;ScriptBlock&gt;, C:\Users\user\Documents\WindowsPowerShell\Modules\Pester\5.7.1\Pester.psm1 : ligne 1985
à Invoke-ScriptBlock, C:\Users\user\Documents\WindowsPowerShell\Modules\Pester\5.7.1\Pester.psm1 : ligne 2160
à Invoke-Block, C:\Users\user\Documents\WindowsPowerShell\Modules\Pester\5.7.1\Pester.psm1 : ligne 940
à &lt;ScriptBlock&gt;, C:\Users\user\Documents\WindowsPowerShell\Modules\Pester\5.7.1\Pester.psm1 : ligne 1688
à &lt;ScriptBlock&gt;, C:\Users\user\Documents\WindowsPowerShell\Modules\Pester\5.7.1\Pester.ps1 : ligne 3
à &lt;ScriptBlock&gt;, C:\Users\user\Documents\WindowsPowerShell\Modules\Pester\5.7.1\Pester.psm1 : ligne 3260
à Invoke-InNewScriptScope, C:\Users\user\Documents\WindowsPowerShell\Modules\Pester\5.7.1\Pester.psm1 : ligne 3267
à Run-Test, C:\Users\user\Documents\WindowsPowerShell\Modules\Pester\5.7.1\Pester.psm1 : ligne 1691
à Invoke-Test, C:\Users\user\Documents\WindowsPowerShell\Modules\Pester\5.7.1\Pester.psm1 : ligne 2512
à Invoke-Pester&lt;End&gt;, C:\Users\user\Documents\WindowsPowerShell\Modules\Pester\5.7.1\Pester.psm1 : ligne 4960
à &lt;ScriptBlock&gt;, D:\DO\WEB\N8N_tests\PROJETS\EMAIL_SENDER_1\tools\scripts\roadmap-parser\module\Tests\Invoke-AllTests.ps1 : ligne 86
à &lt;ScriptBlock&gt;, &lt;Aucun fichier&gt; : ligne 1</stack-trace>
                    </failure>
                  </test-case>
                </results>
              </test-suite>
              <test-suite type="TestFixture" name="Test-DataType.Validation de type ScriptBlock" executed="True" result="Failure" success="False" time="5.4809" asserts="0" description="Test-DataType.Validation de type ScriptBlock">
                <results>
                  <test-case description="Devrait retourner True pour un bloc de script" name="Test-DataType.Validation de type ScriptBlock.Devrait retourner True pour un bloc de script" time="0.2606" asserts="0" success="False" result="Failure" executed="True">
                    <failure>
                      <message>CommandNotFoundException: Le terme « Test-DataType » n'est pas reconnu comme nom d'applet de commande, fonction, fichier de script ou programme exécutable. Vérifiez l'orthographe du nom, ou si un chemin d'accès existe, vérifiez que le chemin d'accès est correct et réessayez.</message>
                      <stack-trace>à &lt;ScriptBlock&gt;, D:\DO\WEB\N8N_tests\PROJETS\EMAIL_SENDER_1\tools\scripts\roadmap-parser\module\Tests\Validation\Test-DataType.Tests.ps1 : ligne 96
à &lt;ScriptBlock&gt;, C:\Users\user\Documents\WindowsPowerShell\Modules\Pester\5.7.1\Pester.psm1 : ligne 2024
à &lt;ScriptBlock&gt;, C:\Users\user\Documents\WindowsPowerShell\Modules\Pester\5.7.1\Pester.psm1 : ligne 1985
à Invoke-ScriptBlock, C:\Users\user\Documents\WindowsPowerShell\Modules\Pester\5.7.1\Pester.psm1 : ligne 2157
à Invoke-TestItem, C:\Users\user\Documents\WindowsPowerShell\Modules\Pester\5.7.1\Pester.psm1 : ligne 1199
à Invoke-Block, C:\Users\user\Documents\WindowsPowerShell\Modules\Pester\5.7.1\Pester.psm1 : ligne 835
à &lt;ScriptBlock&gt;, C:\Users\user\Documents\WindowsPowerShell\Modules\Pester\5.7.1\Pester.psm1 : ligne 893
à &lt;ScriptBlock&gt;, C:\Users\user\Documents\WindowsPowerShell\Modules\Pester\5.7.1\Pester.psm1 : ligne 2024
à &lt;ScriptBlock&gt;, C:\Users\user\Documents\WindowsPowerShell\Modules\Pester\5.7.1\Pester.psm1 : ligne 1985
à Invoke-ScriptBlock, C:\Users\user\Documents\WindowsPowerShell\Modules\Pester\5.7.1\Pester.psm1 : ligne 2160
à Invoke-Block, C:\Users\user\Documents\WindowsPowerShell\Modules\Pester\5.7.1\Pester.psm1 : ligne 940
à &lt;ScriptBlock&gt;, C:\Users\user\Documents\WindowsPowerShell\Modules\Pester\5.7.1\Pester.psm1 : ligne 893
à &lt;ScriptBlock&gt;, C:\Users\user\Documents\WindowsPowerShell\Modules\Pester\5.7.1\Pester.psm1 : ligne 2024
à &lt;ScriptBlock&gt;, C:\Users\user\Documents\WindowsPowerShell\Modules\Pester\5.7.1\Pester.psm1 : ligne 1985
à Invoke-ScriptBlock, C:\Users\user\Documents\WindowsPowerShell\Modules\Pester\5.7.1\Pester.psm1 : ligne 2160
à Invoke-Block, C:\Users\user\Documents\WindowsPowerShell\Modules\Pester\5.7.1\Pester.psm1 : ligne 940
à &lt;ScriptBlock&gt;, C:\Users\user\Documents\WindowsPowerShell\Modules\Pester\5.7.1\Pester.psm1 : ligne 893
à &lt;ScriptBlock&gt;, C:\Users\user\Documents\WindowsPowerShell\Modules\Pester\5.7.1\Pester.psm1 : ligne 2024
à &lt;ScriptBlock&gt;, C:\Users\user\Documents\WindowsPowerShell\Modules\Pester\5.7.1\Pester.psm1 : ligne 1985
à Invoke-ScriptBlock, C:\Users\user\Documents\WindowsPowerShell\Modules\Pester\5.7.1\Pester.psm1 : ligne 2160
à Invoke-Block, C:\Users\user\Documents\WindowsPowerShell\Modules\Pester\5.7.1\Pester.psm1 : ligne 940
à &lt;ScriptBlock&gt;, C:\Users\user\Documents\WindowsPowerShell\Modules\Pester\5.7.1\Pester.psm1 : ligne 1688
à &lt;ScriptBlock&gt;, C:\Users\user\Documents\WindowsPowerShell\Modules\Pester\5.7.1\Pester.ps1 : ligne 3
à &lt;ScriptBlock&gt;, C:\Users\user\Documents\WindowsPowerShell\Modules\Pester\5.7.1\Pester.psm1 : ligne 3260
à Invoke-InNewScriptScope, C:\Users\user\Documents\WindowsPowerShell\Modules\Pester\5.7.1\Pester.psm1 : ligne 3267
à Run-Test, C:\Users\user\Documents\WindowsPowerShell\Modules\Pester\5.7.1\Pester.psm1 : ligne 1691
à Invoke-Test, C:\Users\user\Documents\WindowsPowerShell\Modules\Pester\5.7.1\Pester.psm1 : ligne 2512
à Invoke-Pester&lt;End&gt;, C:\Users\user\Documents\WindowsPowerShell\Modules\Pester\5.7.1\Pester.psm1 : ligne 4960
à &lt;ScriptBlock&gt;, D:\DO\WEB\N8N_tests\PROJETS\EMAIL_SENDER_1\tools\scripts\roadmap-parser\module\Tests\Invoke-AllTests.ps1 : ligne 86
à &lt;ScriptBlock&gt;, &lt;Aucun fichier&gt; : ligne 1</stack-trace>
                    </failure>
                  </test-case>
                  <test-case description="Devrait retourner False pour une chaÃ®ne de caractÃ¨res" name="Test-DataType.Validation de type ScriptBlock.Devrait retourner False pour une chaÃ®ne de caractÃ¨res" time="0.2463" asserts="0" success="False" result="Failure" executed="True">
                    <failure>
                      <message>CommandNotFoundException: Le terme « Test-DataType » n'est pas reconnu comme nom d'applet de commande, fonction, fichier de script ou programme exécutable. Vérifiez l'orthographe du nom, ou si un chemin d'accès existe, vérifiez que le chemin d'accès est correct et réessayez.</message>
                      <stack-trace>à &lt;ScriptBlock&gt;, D:\DO\WEB\N8N_tests\PROJETS\EMAIL_SENDER_1\tools\scripts\roadmap-parser\module\Tests\Validation\Test-DataType.Tests.ps1 : ligne 100
à &lt;ScriptBlock&gt;, C:\Users\user\Documents\WindowsPowerShell\Modules\Pester\5.7.1\Pester.psm1 : ligne 2024
à &lt;ScriptBlock&gt;, C:\Users\user\Documents\WindowsPowerShell\Modules\Pester\5.7.1\Pester.psm1 : ligne 1985
à Invoke-ScriptBlock, C:\Users\user\Documents\WindowsPowerShell\Modules\Pester\5.7.1\Pester.psm1 : ligne 2157
à Invoke-TestItem, C:\Users\user\Documents\WindowsPowerShell\Modules\Pester\5.7.1\Pester.psm1 : ligne 1199
à Invoke-Block, C:\Users\user\Documents\WindowsPowerShell\Modules\Pester\5.7.1\Pester.psm1 : ligne 835
à &lt;ScriptBlock&gt;, C:\Users\user\Documents\WindowsPowerShell\Modules\Pester\5.7.1\Pester.psm1 : ligne 893
à &lt;ScriptBlock&gt;, C:\Users\user\Documents\WindowsPowerShell\Modules\Pester\5.7.1\Pester.psm1 : ligne 2024
à &lt;ScriptBlock&gt;, C:\Users\user\Documents\WindowsPowerShell\Modules\Pester\5.7.1\Pester.psm1 : ligne 1985
à Invoke-ScriptBlock, C:\Users\user\Documents\WindowsPowerShell\Modules\Pester\5.7.1\Pester.psm1 : ligne 2160
à Invoke-Block, C:\Users\user\Documents\WindowsPowerShell\Modules\Pester\5.7.1\Pester.psm1 : ligne 940
à &lt;ScriptBlock&gt;, C:\Users\user\Documents\WindowsPowerShell\Modules\Pester\5.7.1\Pester.psm1 : ligne 893
à &lt;ScriptBlock&gt;, C:\Users\user\Documents\WindowsPowerShell\Modules\Pester\5.7.1\Pester.psm1 : ligne 2024
à &lt;ScriptBlock&gt;, C:\Users\user\Documents\WindowsPowerShell\Modules\Pester\5.7.1\Pester.psm1 : ligne 1985
à Invoke-ScriptBlock, C:\Users\user\Documents\WindowsPowerShell\Modules\Pester\5.7.1\Pester.psm1 : ligne 2160
à Invoke-Block, C:\Users\user\Documents\WindowsPowerShell\Modules\Pester\5.7.1\Pester.psm1 : ligne 940
à &lt;ScriptBlock&gt;, C:\Users\user\Documents\WindowsPowerShell\Modules\Pester\5.7.1\Pester.psm1 : ligne 893
à &lt;ScriptBlock&gt;, C:\Users\user\Documents\WindowsPowerShell\Modules\Pester\5.7.1\Pester.psm1 : ligne 2024
à &lt;ScriptBlock&gt;, C:\Users\user\Documents\WindowsPowerShell\Modules\Pester\5.7.1\Pester.psm1 : ligne 1985
à Invoke-ScriptBlock, C:\Users\user\Documents\WindowsPowerShell\Modules\Pester\5.7.1\Pester.psm1 : ligne 2160
à Invoke-Block, C:\Users\user\Documents\WindowsPowerShell\Modules\Pester\5.7.1\Pester.psm1 : ligne 940
à &lt;ScriptBlock&gt;, C:\Users\user\Documents\WindowsPowerShell\Modules\Pester\5.7.1\Pester.psm1 : ligne 1688
à &lt;ScriptBlock&gt;, C:\Users\user\Documents\WindowsPowerShell\Modules\Pester\5.7.1\Pester.ps1 : ligne 3
à &lt;ScriptBlock&gt;, C:\Users\user\Documents\WindowsPowerShell\Modules\Pester\5.7.1\Pester.psm1 : ligne 3260
à Invoke-InNewScriptScope, C:\Users\user\Documents\WindowsPowerShell\Modules\Pester\5.7.1\Pester.psm1 : ligne 3267
à Run-Test, C:\Users\user\Documents\WindowsPowerShell\Modules\Pester\5.7.1\Pester.psm1 : ligne 1691
à Invoke-Test, C:\Users\user\Documents\WindowsPowerShell\Modules\Pester\5.7.1\Pester.psm1 : ligne 2512
à Invoke-Pester&lt;End&gt;, C:\Users\user\Documents\WindowsPowerShell\Modules\Pester\5.7.1\Pester.psm1 : ligne 4960
à &lt;ScriptBlock&gt;, D:\DO\WEB\N8N_tests\PROJETS\EMAIL_SENDER_1\tools\scripts\roadmap-parser\module\Tests\Invoke-AllTests.ps1 : ligne 86
à &lt;ScriptBlock&gt;, &lt;Aucun fichier&gt; : ligne 1</stack-trace>
                    </failure>
                  </test-case>
                </results>
              </test-suite>
              <test-suite type="TestFixture" name="Test-DataType.Validation de type Null" executed="True" result="Failure" success="False" time="6.2429" asserts="0" description="Test-DataType.Validation de type Null">
                <results>
                  <test-case description="Devrait retourner True pour null" name="Test-DataType.Validation de type Null.Devrait retourner True pour null" time="0.2458" asserts="0" success="False" result="Failure" executed="True">
                    <failure>
                      <message>CommandNotFoundException: Le terme « Test-DataType » n'est pas reconnu comme nom d'applet de commande, fonction, fichier de script ou programme exécutable. Vérifiez l'orthographe du nom, ou si un chemin d'accès existe, vérifiez que le chemin d'accès est correct et réessayez.</message>
                      <stack-trace>à &lt;ScriptBlock&gt;, D:\DO\WEB\N8N_tests\PROJETS\EMAIL_SENDER_1\tools\scripts\roadmap-parser\module\Tests\Validation\Test-DataType.Tests.ps1 : ligne 106
à &lt;ScriptBlock&gt;, C:\Users\user\Documents\WindowsPowerShell\Modules\Pester\5.7.1\Pester.psm1 : ligne 2024
à &lt;ScriptBlock&gt;, C:\Users\user\Documents\WindowsPowerShell\Modules\Pester\5.7.1\Pester.psm1 : ligne 1985
à Invoke-ScriptBlock, C:\Users\user\Documents\WindowsPowerShell\Modules\Pester\5.7.1\Pester.psm1 : ligne 2157
à Invoke-TestItem, C:\Users\user\Documents\WindowsPowerShell\Modules\Pester\5.7.1\Pester.psm1 : ligne 1199
à Invoke-Block, C:\Users\user\Documents\WindowsPowerShell\Modules\Pester\5.7.1\Pester.psm1 : ligne 835
à &lt;ScriptBlock&gt;, C:\Users\user\Documents\WindowsPowerShell\Modules\Pester\5.7.1\Pester.psm1 : ligne 893
à &lt;ScriptBlock&gt;, C:\Users\user\Documents\WindowsPowerShell\Modules\Pester\5.7.1\Pester.psm1 : ligne 2024
à &lt;ScriptBlock&gt;, C:\Users\user\Documents\WindowsPowerShell\Modules\Pester\5.7.1\Pester.psm1 : ligne 1985
à Invoke-ScriptBlock, C:\Users\user\Documents\WindowsPowerShell\Modules\Pester\5.7.1\Pester.psm1 : ligne 2160
à Invoke-Block, C:\Users\user\Documents\WindowsPowerShell\Modules\Pester\5.7.1\Pester.psm1 : ligne 940
à &lt;ScriptBlock&gt;, C:\Users\user\Documents\WindowsPowerShell\Modules\Pester\5.7.1\Pester.psm1 : ligne 893
à &lt;ScriptBlock&gt;, C:\Users\user\Documents\WindowsPowerShell\Modules\Pester\5.7.1\Pester.psm1 : ligne 2024
à &lt;ScriptBlock&gt;, C:\Users\user\Documents\WindowsPowerShell\Modules\Pester\5.7.1\Pester.psm1 : ligne 1985
à Invoke-ScriptBlock, C:\Users\user\Documents\WindowsPowerShell\Modules\Pester\5.7.1\Pester.psm1 : ligne 2160
à Invoke-Block, C:\Users\user\Documents\WindowsPowerShell\Modules\Pester\5.7.1\Pester.psm1 : ligne 940
à &lt;ScriptBlock&gt;, C:\Users\user\Documents\WindowsPowerShell\Modules\Pester\5.7.1\Pester.psm1 : ligne 893
à &lt;ScriptBlock&gt;, C:\Users\user\Documents\WindowsPowerShell\Modules\Pester\5.7.1\Pester.psm1 : ligne 2024
à &lt;ScriptBlock&gt;, C:\Users\user\Documents\WindowsPowerShell\Modules\Pester\5.7.1\Pester.psm1 : ligne 1985
à Invoke-ScriptBlock, C:\Users\user\Documents\WindowsPowerShell\Modules\Pester\5.7.1\Pester.psm1 : ligne 2160
à Invoke-Block, C:\Users\user\Documents\WindowsPowerShell\Modules\Pester\5.7.1\Pester.psm1 : ligne 940
à &lt;ScriptBlock&gt;, C:\Users\user\Documents\WindowsPowerShell\Modules\Pester\5.7.1\Pester.psm1 : ligne 1688
à &lt;ScriptBlock&gt;, C:\Users\user\Documents\WindowsPowerShell\Modules\Pester\5.7.1\Pester.ps1 : ligne 3
à &lt;ScriptBlock&gt;, C:\Users\user\Documents\WindowsPowerShell\Modules\Pester\5.7.1\Pester.psm1 : ligne 3260
à Invoke-InNewScriptScope, C:\Users\user\Documents\WindowsPowerShell\Modules\Pester\5.7.1\Pester.psm1 : ligne 3267
à Run-Test, C:\Users\user\Documents\WindowsPowerShell\Modules\Pester\5.7.1\Pester.psm1 : ligne 1691
à Invoke-Test, C:\Users\user\Documents\WindowsPowerShell\Modules\Pester\5.7.1\Pester.psm1 : ligne 2512
à Invoke-Pester&lt;End&gt;, C:\Users\user\Documents\WindowsPowerShell\Modules\Pester\5.7.1\Pester.psm1 : ligne 4960
à &lt;ScriptBlock&gt;, D:\DO\WEB\N8N_tests\PROJETS\EMAIL_SENDER_1\tools\scripts\roadmap-parser\module\Tests\Invoke-AllTests.ps1 : ligne 86
à &lt;ScriptBlock&gt;, &lt;Aucun fichier&gt; : ligne 1</stack-trace>
                    </failure>
                  </test-case>
                  <test-case description="Devrait retourner False pour une chaÃ®ne de caractÃ¨res" name="Test-DataType.Validation de type Null.Devrait retourner False pour une chaÃ®ne de caractÃ¨res" time="0.2808" asserts="0" success="False" result="Failure" executed="True">
                    <failure>
                      <message>CommandNotFoundException: Le terme « Test-DataType » n'est pas reconnu comme nom d'applet de commande, fonction, fichier de script ou programme exécutable. Vérifiez l'orthographe du nom, ou si un chemin d'accès existe, vérifiez que le chemin d'accès est correct et réessayez.</message>
                      <stack-trace>à &lt;ScriptBlock&gt;, D:\DO\WEB\N8N_tests\PROJETS\EMAIL_SENDER_1\tools\scripts\roadmap-parser\module\Tests\Validation\Test-DataType.Tests.ps1 : ligne 110
à &lt;ScriptBlock&gt;, C:\Users\user\Documents\WindowsPowerShell\Modules\Pester\5.7.1\Pester.psm1 : ligne 2024
à &lt;ScriptBlock&gt;, C:\Users\user\Documents\WindowsPowerShell\Modules\Pester\5.7.1\Pester.psm1 : ligne 1985
à Invoke-ScriptBlock, C:\Users\user\Documents\WindowsPowerShell\Modules\Pester\5.7.1\Pester.psm1 : ligne 2157
à Invoke-TestItem, C:\Users\user\Documents\WindowsPowerShell\Modules\Pester\5.7.1\Pester.psm1 : ligne 1199
à Invoke-Block, C:\Users\user\Documents\WindowsPowerShell\Modules\Pester\5.7.1\Pester.psm1 : ligne 835
à &lt;ScriptBlock&gt;, C:\Users\user\Documents\WindowsPowerShell\Modules\Pester\5.7.1\Pester.psm1 : ligne 893
à &lt;ScriptBlock&gt;, C:\Users\user\Documents\WindowsPowerShell\Modules\Pester\5.7.1\Pester.psm1 : ligne 2024
à &lt;ScriptBlock&gt;, C:\Users\user\Documents\WindowsPowerShell\Modules\Pester\5.7.1\Pester.psm1 : ligne 1985
à Invoke-ScriptBlock, C:\Users\user\Documents\WindowsPowerShell\Modules\Pester\5.7.1\Pester.psm1 : ligne 2160
à Invoke-Block, C:\Users\user\Documents\WindowsPowerShell\Modules\Pester\5.7.1\Pester.psm1 : ligne 940
à &lt;ScriptBlock&gt;, C:\Users\user\Documents\WindowsPowerShell\Modules\Pester\5.7.1\Pester.psm1 : ligne 893
à &lt;ScriptBlock&gt;, C:\Users\user\Documents\WindowsPowerShell\Modules\Pester\5.7.1\Pester.psm1 : ligne 2024
à &lt;ScriptBlock&gt;, C:\Users\user\Documents\WindowsPowerShell\Modules\Pester\5.7.1\Pester.psm1 : ligne 1985
à Invoke-ScriptBlock, C:\Users\user\Documents\WindowsPowerShell\Modules\Pester\5.7.1\Pester.psm1 : ligne 2160
à Invoke-Block, C:\Users\user\Documents\WindowsPowerShell\Modules\Pester\5.7.1\Pester.psm1 : ligne 940
à &lt;ScriptBlock&gt;, C:\Users\user\Documents\WindowsPowerShell\Modules\Pester\5.7.1\Pester.psm1 : ligne 893
à &lt;ScriptBlock&gt;, C:\Users\user\Documents\WindowsPowerShell\Modules\Pester\5.7.1\Pester.psm1 : ligne 2024
à &lt;ScriptBlock&gt;, C:\Users\user\Documents\WindowsPowerShell\Modules\Pester\5.7.1\Pester.psm1 : ligne 1985
à Invoke-ScriptBlock, C:\Users\user\Documents\WindowsPowerShell\Modules\Pester\5.7.1\Pester.psm1 : ligne 2160
à Invoke-Block, C:\Users\user\Documents\WindowsPowerShell\Modules\Pester\5.7.1\Pester.psm1 : ligne 940
à &lt;ScriptBlock&gt;, C:\Users\user\Documents\WindowsPowerShell\Modules\Pester\5.7.1\Pester.psm1 : ligne 1688
à &lt;ScriptBlock&gt;, C:\Users\user\Documents\WindowsPowerShell\Modules\Pester\5.7.1\Pester.ps1 : ligne 3
à &lt;ScriptBlock&gt;, C:\Users\user\Documents\WindowsPowerShell\Modules\Pester\5.7.1\Pester.psm1 : ligne 3260
à Invoke-InNewScriptScope, C:\Users\user\Documents\WindowsPowerShell\Modules\Pester\5.7.1\Pester.psm1 : ligne 3267
à Run-Test, C:\Users\user\Documents\WindowsPowerShell\Modules\Pester\5.7.1\Pester.psm1 : ligne 1691
à Invoke-Test, C:\Users\user\Documents\WindowsPowerShell\Modules\Pester\5.7.1\Pester.psm1 : ligne 2512
à Invoke-Pester&lt;End&gt;, C:\Users\user\Documents\WindowsPowerShell\Modules\Pester\5.7.1\Pester.psm1 : ligne 4960
à &lt;ScriptBlock&gt;, D:\DO\WEB\N8N_tests\PROJETS\EMAIL_SENDER_1\tools\scripts\roadmap-parser\module\Tests\Invoke-AllTests.ps1 : ligne 86
à &lt;ScriptBlock&gt;, &lt;Aucun fichier&gt; : ligne 1</stack-trace>
                    </failure>
                  </test-case>
                </results>
              </test-suite>
              <test-suite type="TestFixture" name="Test-DataType.Validation de type NotNull" executed="True" result="Failure" success="False" time="6.9696" asserts="0" description="Test-DataType.Validation de type NotNull">
                <results>
                  <test-case description="Devrait retourner True pour une valeur non null" name="Test-DataType.Validation de type NotNull.Devrait retourner True pour une valeur non null" time="0.2272" asserts="0" success="False" result="Failure" executed="True">
                    <failure>
                      <message>CommandNotFoundException: Le terme « Test-DataType » n'est pas reconnu comme nom d'applet de commande, fonction, fichier de script ou programme exécutable. Vérifiez l'orthographe du nom, ou si un chemin d'accès existe, vérifiez que le chemin d'accès est correct et réessayez.</message>
                      <stack-trace>à &lt;ScriptBlock&gt;, D:\DO\WEB\N8N_tests\PROJETS\EMAIL_SENDER_1\tools\scripts\roadmap-parser\module\Tests\Validation\Test-DataType.Tests.ps1 : ligne 116
à &lt;ScriptBlock&gt;, C:\Users\user\Documents\WindowsPowerShell\Modules\Pester\5.7.1\Pester.psm1 : ligne 2024
à &lt;ScriptBlock&gt;, C:\Users\user\Documents\WindowsPowerShell\Modules\Pester\5.7.1\Pester.psm1 : ligne 1985
à Invoke-ScriptBlock, C:\Users\user\Documents\WindowsPowerShell\Modules\Pester\5.7.1\Pester.psm1 : ligne 2157
à Invoke-TestItem, C:\Users\user\Documents\WindowsPowerShell\Modules\Pester\5.7.1\Pester.psm1 : ligne 1199
à Invoke-Block, C:\Users\user\Documents\WindowsPowerShell\Modules\Pester\5.7.1\Pester.psm1 : ligne 835
à &lt;ScriptBlock&gt;, C:\Users\user\Documents\WindowsPowerShell\Modules\Pester\5.7.1\Pester.psm1 : ligne 893
à &lt;ScriptBlock&gt;, C:\Users\user\Documents\WindowsPowerShell\Modules\Pester\5.7.1\Pester.psm1 : ligne 2024
à &lt;ScriptBlock&gt;, C:\Users\user\Documents\WindowsPowerShell\Modules\Pester\5.7.1\Pester.psm1 : ligne 1985
à Invoke-ScriptBlock, C:\Users\user\Documents\WindowsPowerShell\Modules\Pester\5.7.1\Pester.psm1 : ligne 2160
à Invoke-Block, C:\Users\user\Documents\WindowsPowerShell\Modules\Pester\5.7.1\Pester.psm1 : ligne 940
à &lt;ScriptBlock&gt;, C:\Users\user\Documents\WindowsPowerShell\Modules\Pester\5.7.1\Pester.psm1 : ligne 893
à &lt;ScriptBlock&gt;, C:\Users\user\Documents\WindowsPowerShell\Modules\Pester\5.7.1\Pester.psm1 : ligne 2024
à &lt;ScriptBlock&gt;, C:\Users\user\Documents\WindowsPowerShell\Modules\Pester\5.7.1\Pester.psm1 : ligne 1985
à Invoke-ScriptBlock, C:\Users\user\Documents\WindowsPowerShell\Modules\Pester\5.7.1\Pester.psm1 : ligne 2160
à Invoke-Block, C:\Users\user\Documents\WindowsPowerShell\Modules\Pester\5.7.1\Pester.psm1 : ligne 940
à &lt;ScriptBlock&gt;, C:\Users\user\Documents\WindowsPowerShell\Modules\Pester\5.7.1\Pester.psm1 : ligne 893
à &lt;ScriptBlock&gt;, C:\Users\user\Documents\WindowsPowerShell\Modules\Pester\5.7.1\Pester.psm1 : ligne 2024
à &lt;ScriptBlock&gt;, C:\Users\user\Documents\WindowsPowerShell\Modules\Pester\5.7.1\Pester.psm1 : ligne 1985
à Invoke-ScriptBlock, C:\Users\user\Documents\WindowsPowerShell\Modules\Pester\5.7.1\Pester.psm1 : ligne 2160
à Invoke-Block, C:\Users\user\Documents\WindowsPowerShell\Modules\Pester\5.7.1\Pester.psm1 : ligne 940
à &lt;ScriptBlock&gt;, C:\Users\user\Documents\WindowsPowerShell\Modules\Pester\5.7.1\Pester.psm1 : ligne 1688
à &lt;ScriptBlock&gt;, C:\Users\user\Documents\WindowsPowerShell\Modules\Pester\5.7.1\Pester.ps1 : ligne 3
à &lt;ScriptBlock&gt;, C:\Users\user\Documents\WindowsPowerShell\Modules\Pester\5.7.1\Pester.psm1 : ligne 3260
à Invoke-InNewScriptScope, C:\Users\user\Documents\WindowsPowerShell\Modules\Pester\5.7.1\Pester.psm1 : ligne 3267
à Run-Test, C:\Users\user\Documents\WindowsPowerShell\Modules\Pester\5.7.1\Pester.psm1 : ligne 1691
à Invoke-Test, C:\Users\user\Documents\WindowsPowerShell\Modules\Pester\5.7.1\Pester.psm1 : ligne 2512
à Invoke-Pester&lt;End&gt;, C:\Users\user\Documents\WindowsPowerShell\Modules\Pester\5.7.1\Pester.psm1 : ligne 4960
à &lt;ScriptBlock&gt;, D:\DO\WEB\N8N_tests\PROJETS\EMAIL_SENDER_1\tools\scripts\roadmap-parser\module\Tests\Invoke-AllTests.ps1 : ligne 86
à &lt;ScriptBlock&gt;, &lt;Aucun fichier&gt; : ligne 1</stack-trace>
                    </failure>
                  </test-case>
                  <test-case description="Devrait retourner False pour null" name="Test-DataType.Validation de type NotNull.Devrait retourner False pour null" time="0.2601" asserts="0" success="False" result="Failure" executed="True">
                    <failure>
                      <message>CommandNotFoundException: Le terme « Test-DataType » n'est pas reconnu comme nom d'applet de commande, fonction, fichier de script ou programme exécutable. Vérifiez l'orthographe du nom, ou si un chemin d'accès existe, vérifiez que le chemin d'accès est correct et réessayez.</message>
                      <stack-trace>à &lt;ScriptBlock&gt;, D:\DO\WEB\N8N_tests\PROJETS\EMAIL_SENDER_1\tools\scripts\roadmap-parser\module\Tests\Validation\Test-DataType.Tests.ps1 : ligne 120
à &lt;ScriptBlock&gt;, C:\Users\user\Documents\WindowsPowerShell\Modules\Pester\5.7.1\Pester.psm1 : ligne 2024
à &lt;ScriptBlock&gt;, C:\Users\user\Documents\WindowsPowerShell\Modules\Pester\5.7.1\Pester.psm1 : ligne 1985
à Invoke-ScriptBlock, C:\Users\user\Documents\WindowsPowerShell\Modules\Pester\5.7.1\Pester.psm1 : ligne 2157
à Invoke-TestItem, C:\Users\user\Documents\WindowsPowerShell\Modules\Pester\5.7.1\Pester.psm1 : ligne 1199
à Invoke-Block, C:\Users\user\Documents\WindowsPowerShell\Modules\Pester\5.7.1\Pester.psm1 : ligne 835
à &lt;ScriptBlock&gt;, C:\Users\user\Documents\WindowsPowerShell\Modules\Pester\5.7.1\Pester.psm1 : ligne 893
à &lt;ScriptBlock&gt;, C:\Users\user\Documents\WindowsPowerShell\Modules\Pester\5.7.1\Pester.psm1 : ligne 2024
à &lt;ScriptBlock&gt;, C:\Users\user\Documents\WindowsPowerShell\Modules\Pester\5.7.1\Pester.psm1 : ligne 1985
à Invoke-ScriptBlock, C:\Users\user\Documents\WindowsPowerShell\Modules\Pester\5.7.1\Pester.psm1 : ligne 2160
à Invoke-Block, C:\Users\user\Documents\WindowsPowerShell\Modules\Pester\5.7.1\Pester.psm1 : ligne 940
à &lt;ScriptBlock&gt;, C:\Users\user\Documents\WindowsPowerShell\Modules\Pester\5.7.1\Pester.psm1 : ligne 893
à &lt;ScriptBlock&gt;, C:\Users\user\Documents\WindowsPowerShell\Modules\Pester\5.7.1\Pester.psm1 : ligne 2024
à &lt;ScriptBlock&gt;, C:\Users\user\Documents\WindowsPowerShell\Modules\Pester\5.7.1\Pester.psm1 : ligne 1985
à Invoke-ScriptBlock, C:\Users\user\Documents\WindowsPowerShell\Modules\Pester\5.7.1\Pester.psm1 : ligne 2160
à Invoke-Block, C:\Users\user\Documents\WindowsPowerShell\Modules\Pester\5.7.1\Pester.psm1 : ligne 940
à &lt;ScriptBlock&gt;, C:\Users\user\Documents\WindowsPowerShell\Modules\Pester\5.7.1\Pester.psm1 : ligne 893
à &lt;ScriptBlock&gt;, C:\Users\user\Documents\WindowsPowerShell\Modules\Pester\5.7.1\Pester.psm1 : ligne 2024
à &lt;ScriptBlock&gt;, C:\Users\user\Documents\WindowsPowerShell\Modules\Pester\5.7.1\Pester.psm1 : ligne 1985
à Invoke-ScriptBlock, C:\Users\user\Documents\WindowsPowerShell\Modules\Pester\5.7.1\Pester.psm1 : ligne 2160
à Invoke-Block, C:\Users\user\Documents\WindowsPowerShell\Modules\Pester\5.7.1\Pester.psm1 : ligne 940
à &lt;ScriptBlock&gt;, C:\Users\user\Documents\WindowsPowerShell\Modules\Pester\5.7.1\Pester.psm1 : ligne 1688
à &lt;ScriptBlock&gt;, C:\Users\user\Documents\WindowsPowerShell\Modules\Pester\5.7.1\Pester.ps1 : ligne 3
à &lt;ScriptBlock&gt;, C:\Users\user\Documents\WindowsPowerShell\Modules\Pester\5.7.1\Pester.psm1 : ligne 3260
à Invoke-InNewScriptScope, C:\Users\user\Documents\WindowsPowerShell\Modules\Pester\5.7.1\Pester.psm1 : ligne 3267
à Run-Test, C:\Users\user\Documents\WindowsPowerShell\Modules\Pester\5.7.1\Pester.psm1 : ligne 1691
à Invoke-Test, C:\Users\user\Documents\WindowsPowerShell\Modules\Pester\5.7.1\Pester.psm1 : ligne 2512
à Invoke-Pester&lt;End&gt;, C:\Users\user\Documents\WindowsPowerShell\Modules\Pester\5.7.1\Pester.psm1 : ligne 4960
à &lt;ScriptBlock&gt;, D:\DO\WEB\N8N_tests\PROJETS\EMAIL_SENDER_1\tools\scripts\roadmap-parser\module\Tests\Invoke-AllTests.ps1 : ligne 86
à &lt;ScriptBlock&gt;, &lt;Aucun fichier&gt; : ligne 1</stack-trace>
                    </failure>
                  </test-case>
                </results>
              </test-suite>
              <test-suite type="TestFixture" name="Test-DataType.Validation de type Empty" executed="True" result="Failure" success="False" time="8.2855" asserts="0" description="Test-DataType.Validation de type Empty">
                <results>
                  <test-case description="Devrait retourner True pour une chaÃ®ne vide" name="Test-DataType.Validation de type Empty.Devrait retourner True pour une chaÃ®ne vide" time="0.2882" asserts="0" success="False" result="Failure" executed="True">
                    <failure>
                      <message>CommandNotFoundException: Le terme « Test-DataType » n'est pas reconnu comme nom d'applet de commande, fonction, fichier de script ou programme exécutable. Vérifiez l'orthographe du nom, ou si un chemin d'accès existe, vérifiez que le chemin d'accès est correct et réessayez.</message>
                      <stack-trace>à &lt;ScriptBlock&gt;, D:\DO\WEB\N8N_tests\PROJETS\EMAIL_SENDER_1\tools\scripts\roadmap-parser\module\Tests\Validation\Test-DataType.Tests.ps1 : ligne 126
à &lt;ScriptBlock&gt;, C:\Users\user\Documents\WindowsPowerShell\Modules\Pester\5.7.1\Pester.psm1 : ligne 2024
à &lt;ScriptBlock&gt;, C:\Users\user\Documents\WindowsPowerShell\Modules\Pester\5.7.1\Pester.psm1 : ligne 1985
à Invoke-ScriptBlock, C:\Users\user\Documents\WindowsPowerShell\Modules\Pester\5.7.1\Pester.psm1 : ligne 2157
à Invoke-TestItem, C:\Users\user\Documents\WindowsPowerShell\Modules\Pester\5.7.1\Pester.psm1 : ligne 1199
à Invoke-Block, C:\Users\user\Documents\WindowsPowerShell\Modules\Pester\5.7.1\Pester.psm1 : ligne 835
à &lt;ScriptBlock&gt;, C:\Users\user\Documents\WindowsPowerShell\Modules\Pester\5.7.1\Pester.psm1 : ligne 893
à &lt;ScriptBlock&gt;, C:\Users\user\Documents\WindowsPowerShell\Modules\Pester\5.7.1\Pester.psm1 : ligne 2024
à &lt;ScriptBlock&gt;, C:\Users\user\Documents\WindowsPowerShell\Modules\Pester\5.7.1\Pester.psm1 : ligne 1985
à Invoke-ScriptBlock, C:\Users\user\Documents\WindowsPowerShell\Modules\Pester\5.7.1\Pester.psm1 : ligne 2160
à Invoke-Block, C:\Users\user\Documents\WindowsPowerShell\Modules\Pester\5.7.1\Pester.psm1 : ligne 940
à &lt;ScriptBlock&gt;, C:\Users\user\Documents\WindowsPowerShell\Modules\Pester\5.7.1\Pester.psm1 : ligne 893
à &lt;ScriptBlock&gt;, C:\Users\user\Documents\WindowsPowerShell\Modules\Pester\5.7.1\Pester.psm1 : ligne 2024
à &lt;ScriptBlock&gt;, C:\Users\user\Documents\WindowsPowerShell\Modules\Pester\5.7.1\Pester.psm1 : ligne 1985
à Invoke-ScriptBlock, C:\Users\user\Documents\WindowsPowerShell\Modules\Pester\5.7.1\Pester.psm1 : ligne 2160
à Invoke-Block, C:\Users\user\Documents\WindowsPowerShell\Modules\Pester\5.7.1\Pester.psm1 : ligne 940
à &lt;ScriptBlock&gt;, C:\Users\user\Documents\WindowsPowerShell\Modules\Pester\5.7.1\Pester.psm1 : ligne 893
à &lt;ScriptBlock&gt;, C:\Users\user\Documents\WindowsPowerShell\Modules\Pester\5.7.1\Pester.psm1 : ligne 2024
à &lt;ScriptBlock&gt;, C:\Users\user\Documents\WindowsPowerShell\Modules\Pester\5.7.1\Pester.psm1 : ligne 1985
à Invoke-ScriptBlock, C:\Users\user\Documents\WindowsPowerShell\Modules\Pester\5.7.1\Pester.psm1 : ligne 2160
à Invoke-Block, C:\Users\user\Documents\WindowsPowerShell\Modules\Pester\5.7.1\Pester.psm1 : ligne 940
à &lt;ScriptBlock&gt;, C:\Users\user\Documents\WindowsPowerShell\Modules\Pester\5.7.1\Pester.psm1 : ligne 1688
à &lt;ScriptBlock&gt;, C:\Users\user\Documents\WindowsPowerShell\Modules\Pester\5.7.1\Pester.ps1 : ligne 3
à &lt;ScriptBlock&gt;, C:\Users\user\Documents\WindowsPowerShell\Modules\Pester\5.7.1\Pester.psm1 : ligne 3260
à Invoke-InNewScriptScope, C:\Users\user\Documents\WindowsPowerShell\Modules\Pester\5.7.1\Pester.psm1 : ligne 3267
à Run-Test, C:\Users\user\Documents\WindowsPowerShell\Modules\Pester\5.7.1\Pester.psm1 : ligne 1691
à Invoke-Test, C:\Users\user\Documents\WindowsPowerShell\Modules\Pester\5.7.1\Pester.psm1 : ligne 2512
à Invoke-Pester&lt;End&gt;, C:\Users\user\Documents\WindowsPowerShell\Modules\Pester\5.7.1\Pester.psm1 : ligne 4960
à &lt;ScriptBlock&gt;, D:\DO\WEB\N8N_tests\PROJETS\EMAIL_SENDER_1\tools\scripts\roadmap-parser\module\Tests\Invoke-AllTests.ps1 : ligne 86
à &lt;ScriptBlock&gt;, &lt;Aucun fichier&gt; : ligne 1</stack-trace>
                    </failure>
                  </test-case>
                  <test-case description="Devrait retourner True pour un tableau vide" name="Test-DataType.Validation de type Empty.Devrait retourner True pour un tableau vide" time="0.2673" asserts="0" success="False" result="Failure" executed="True">
                    <failure>
                      <message>CommandNotFoundException: Le terme « Test-DataType » n'est pas reconnu comme nom d'applet de commande, fonction, fichier de script ou programme exécutable. Vérifiez l'orthographe du nom, ou si un chemin d'accès existe, vérifiez que le chemin d'accès est correct et réessayez.</message>
                      <stack-trace>à &lt;ScriptBlock&gt;, D:\DO\WEB\N8N_tests\PROJETS\EMAIL_SENDER_1\tools\scripts\roadmap-parser\module\Tests\Validation\Test-DataType.Tests.ps1 : ligne 130
à &lt;ScriptBlock&gt;, C:\Users\user\Documents\WindowsPowerShell\Modules\Pester\5.7.1\Pester.psm1 : ligne 2024
à &lt;ScriptBlock&gt;, C:\Users\user\Documents\WindowsPowerShell\Modules\Pester\5.7.1\Pester.psm1 : ligne 1985
à Invoke-ScriptBlock, C:\Users\user\Documents\WindowsPowerShell\Modules\Pester\5.7.1\Pester.psm1 : ligne 2157
à Invoke-TestItem, C:\Users\user\Documents\WindowsPowerShell\Modules\Pester\5.7.1\Pester.psm1 : ligne 1199
à Invoke-Block, C:\Users\user\Documents\WindowsPowerShell\Modules\Pester\5.7.1\Pester.psm1 : ligne 835
à &lt;ScriptBlock&gt;, C:\Users\user\Documents\WindowsPowerShell\Modules\Pester\5.7.1\Pester.psm1 : ligne 893
à &lt;ScriptBlock&gt;, C:\Users\user\Documents\WindowsPowerShell\Modules\Pester\5.7.1\Pester.psm1 : ligne 2024
à &lt;ScriptBlock&gt;, C:\Users\user\Documents\WindowsPowerShell\Modules\Pester\5.7.1\Pester.psm1 : ligne 1985
à Invoke-ScriptBlock, C:\Users\user\Documents\WindowsPowerShell\Modules\Pester\5.7.1\Pester.psm1 : ligne 2160
à Invoke-Block, C:\Users\user\Documents\WindowsPowerShell\Modules\Pester\5.7.1\Pester.psm1 : ligne 940
à &lt;ScriptBlock&gt;, C:\Users\user\Documents\WindowsPowerShell\Modules\Pester\5.7.1\Pester.psm1 : ligne 893
à &lt;ScriptBlock&gt;, C:\Users\user\Documents\WindowsPowerShell\Modules\Pester\5.7.1\Pester.psm1 : ligne 2024
à &lt;ScriptBlock&gt;, C:\Users\user\Documents\WindowsPowerShell\Modules\Pester\5.7.1\Pester.psm1 : ligne 1985
à Invoke-ScriptBlock, C:\Users\user\Documents\WindowsPowerShell\Modules\Pester\5.7.1\Pester.psm1 : ligne 2160
à Invoke-Block, C:\Users\user\Documents\WindowsPowerShell\Modules\Pester\5.7.1\Pester.psm1 : ligne 940
à &lt;ScriptBlock&gt;, C:\Users\user\Documents\WindowsPowerShell\Modules\Pester\5.7.1\Pester.psm1 : ligne 893
à &lt;ScriptBlock&gt;, C:\Users\user\Documents\WindowsPowerShell\Modules\Pester\5.7.1\Pester.psm1 : ligne 2024
à &lt;ScriptBlock&gt;, C:\Users\user\Documents\WindowsPowerShell\Modules\Pester\5.7.1\Pester.psm1 : ligne 1985
à Invoke-ScriptBlock, C:\Users\user\Documents\WindowsPowerShell\Modules\Pester\5.7.1\Pester.psm1 : ligne 2160
à Invoke-Block, C:\Users\user\Documents\WindowsPowerShell\Modules\Pester\5.7.1\Pester.psm1 : ligne 940
à &lt;ScriptBlock&gt;, C:\Users\user\Documents\WindowsPowerShell\Modules\Pester\5.7.1\Pester.psm1 : ligne 1688
à &lt;ScriptBlock&gt;, C:\Users\user\Documents\WindowsPowerShell\Modules\Pester\5.7.1\Pester.ps1 : ligne 3
à &lt;ScriptBlock&gt;, C:\Users\user\Documents\WindowsPowerShell\Modules\Pester\5.7.1\Pester.psm1 : ligne 3260
à Invoke-InNewScriptScope, C:\Users\user\Documents\WindowsPowerShell\Modules\Pester\5.7.1\Pester.psm1 : ligne 3267
à Run-Test, C:\Users\user\Documents\WindowsPowerShell\Modules\Pester\5.7.1\Pester.psm1 : ligne 1691
à Invoke-Test, C:\Users\user\Documents\WindowsPowerShell\Modules\Pester\5.7.1\Pester.psm1 : ligne 2512
à Invoke-Pester&lt;End&gt;, C:\Users\user\Documents\WindowsPowerShell\Modules\Pester\5.7.1\Pester.psm1 : ligne 4960
à &lt;ScriptBlock&gt;, D:\DO\WEB\N8N_tests\PROJETS\EMAIL_SENDER_1\tools\scripts\roadmap-parser\module\Tests\Invoke-AllTests.ps1 : ligne 86
à &lt;ScriptBlock&gt;, &lt;Aucun fichier&gt; : ligne 1</stack-trace>
                    </failure>
                  </test-case>
                  <test-case description="Devrait retourner True pour une table de hachage vide" name="Test-DataType.Validation de type Empty.Devrait retourner True pour une table de hachage vide" time="0.2952" asserts="0" success="False" result="Failure" executed="True">
                    <failure>
                      <message>CommandNotFoundException: Le terme « Test-DataType » n'est pas reconnu comme nom d'applet de commande, fonction, fichier de script ou programme exécutable. Vérifiez l'orthographe du nom, ou si un chemin d'accès existe, vérifiez que le chemin d'accès est correct et réessayez.</message>
                      <stack-trace>à &lt;ScriptBlock&gt;, D:\DO\WEB\N8N_tests\PROJETS\EMAIL_SENDER_1\tools\scripts\roadmap-parser\module\Tests\Validation\Test-DataType.Tests.ps1 : ligne 134
à &lt;ScriptBlock&gt;, C:\Users\user\Documents\WindowsPowerShell\Modules\Pester\5.7.1\Pester.psm1 : ligne 2024
à &lt;ScriptBlock&gt;, C:\Users\user\Documents\WindowsPowerShell\Modules\Pester\5.7.1\Pester.psm1 : ligne 1985
à Invoke-ScriptBlock, C:\Users\user\Documents\WindowsPowerShell\Modules\Pester\5.7.1\Pester.psm1 : ligne 2157
à Invoke-TestItem, C:\Users\user\Documents\WindowsPowerShell\Modules\Pester\5.7.1\Pester.psm1 : ligne 1199
à Invoke-Block, C:\Users\user\Documents\WindowsPowerShell\Modules\Pester\5.7.1\Pester.psm1 : ligne 835
à &lt;ScriptBlock&gt;, C:\Users\user\Documents\WindowsPowerShell\Modules\Pester\5.7.1\Pester.psm1 : ligne 893
à &lt;ScriptBlock&gt;, C:\Users\user\Documents\WindowsPowerShell\Modules\Pester\5.7.1\Pester.psm1 : ligne 2024
à &lt;ScriptBlock&gt;, C:\Users\user\Documents\WindowsPowerShell\Modules\Pester\5.7.1\Pester.psm1 : ligne 1985
à Invoke-ScriptBlock, C:\Users\user\Documents\WindowsPowerShell\Modules\Pester\5.7.1\Pester.psm1 : ligne 2160
à Invoke-Block, C:\Users\user\Documents\WindowsPowerShell\Modules\Pester\5.7.1\Pester.psm1 : ligne 940
à &lt;ScriptBlock&gt;, C:\Users\user\Documents\WindowsPowerShell\Modules\Pester\5.7.1\Pester.psm1 : ligne 893
à &lt;ScriptBlock&gt;, C:\Users\user\Documents\WindowsPowerShell\Modules\Pester\5.7.1\Pester.psm1 : ligne 2024
à &lt;ScriptBlock&gt;, C:\Users\user\Documents\WindowsPowerShell\Modules\Pester\5.7.1\Pester.psm1 : ligne 1985
à Invoke-ScriptBlock, C:\Users\user\Documents\WindowsPowerShell\Modules\Pester\5.7.1\Pester.psm1 : ligne 2160
à Invoke-Block, C:\Users\user\Documents\WindowsPowerShell\Modules\Pester\5.7.1\Pester.psm1 : ligne 940
à &lt;ScriptBlock&gt;, C:\Users\user\Documents\WindowsPowerShell\Modules\Pester\5.7.1\Pester.psm1 : ligne 893
à &lt;ScriptBlock&gt;, C:\Users\user\Documents\WindowsPowerShell\Modules\Pester\5.7.1\Pester.psm1 : ligne 2024
à &lt;ScriptBlock&gt;, C:\Users\user\Documents\WindowsPowerShell\Modules\Pester\5.7.1\Pester.psm1 : ligne 1985
à Invoke-ScriptBlock, C:\Users\user\Documents\WindowsPowerShell\Modules\Pester\5.7.1\Pester.psm1 : ligne 2160
à Invoke-Block, C:\Users\user\Documents\WindowsPowerShell\Modules\Pester\5.7.1\Pester.psm1 : ligne 940
à &lt;ScriptBlock&gt;, C:\Users\user\Documents\WindowsPowerShell\Modules\Pester\5.7.1\Pester.psm1 : ligne 1688
à &lt;ScriptBlock&gt;, C:\Users\user\Documents\WindowsPowerShell\Modules\Pester\5.7.1\Pester.ps1 : ligne 3
à &lt;ScriptBlock&gt;, C:\Users\user\Documents\WindowsPowerShell\Modules\Pester\5.7.1\Pester.psm1 : ligne 3260
à Invoke-InNewScriptScope, C:\Users\user\Documents\WindowsPowerShell\Modules\Pester\5.7.1\Pester.psm1 : ligne 3267
à Run-Test, C:\Users\user\Documents\WindowsPowerShell\Modules\Pester\5.7.1\Pester.psm1 : ligne 1691
à Invoke-Test, C:\Users\user\Documents\WindowsPowerShell\Modules\Pester\5.7.1\Pester.psm1 : ligne 2512
à Invoke-Pester&lt;End&gt;, C:\Users\user\Documents\WindowsPowerShell\Modules\Pester\5.7.1\Pester.psm1 : ligne 4960
à &lt;ScriptBlock&gt;, D:\DO\WEB\N8N_tests\PROJETS\EMAIL_SENDER_1\tools\scripts\roadmap-parser\module\Tests\Invoke-AllTests.ps1 : ligne 86
à &lt;ScriptBlock&gt;, &lt;Aucun fichier&gt; : ligne 1</stack-trace>
                    </failure>
                  </test-case>
                  <test-case description="Devrait retourner False pour une chaÃ®ne non vide" name="Test-DataType.Validation de type Empty.Devrait retourner False pour une chaÃ®ne non vide" time="0.3248" asserts="0" success="False" result="Failure" executed="True">
                    <failure>
                      <message>CommandNotFoundException: Le terme « Test-DataType » n'est pas reconnu comme nom d'applet de commande, fonction, fichier de script ou programme exécutable. Vérifiez l'orthographe du nom, ou si un chemin d'accès existe, vérifiez que le chemin d'accès est correct et réessayez.</message>
                      <stack-trace>à &lt;ScriptBlock&gt;, D:\DO\WEB\N8N_tests\PROJETS\EMAIL_SENDER_1\tools\scripts\roadmap-parser\module\Tests\Validation\Test-DataType.Tests.ps1 : ligne 138
à &lt;ScriptBlock&gt;, C:\Users\user\Documents\WindowsPowerShell\Modules\Pester\5.7.1\Pester.psm1 : ligne 2024
à &lt;ScriptBlock&gt;, C:\Users\user\Documents\WindowsPowerShell\Modules\Pester\5.7.1\Pester.psm1 : ligne 1985
à Invoke-ScriptBlock, C:\Users\user\Documents\WindowsPowerShell\Modules\Pester\5.7.1\Pester.psm1 : ligne 2157
à Invoke-TestItem, C:\Users\user\Documents\WindowsPowerShell\Modules\Pester\5.7.1\Pester.psm1 : ligne 1199
à Invoke-Block, C:\Users\user\Documents\WindowsPowerShell\Modules\Pester\5.7.1\Pester.psm1 : ligne 835
à &lt;ScriptBlock&gt;, C:\Users\user\Documents\WindowsPowerShell\Modules\Pester\5.7.1\Pester.psm1 : ligne 893
à &lt;ScriptBlock&gt;, C:\Users\user\Documents\WindowsPowerShell\Modules\Pester\5.7.1\Pester.psm1 : ligne 2024
à &lt;ScriptBlock&gt;, C:\Users\user\Documents\WindowsPowerShell\Modules\Pester\5.7.1\Pester.psm1 : ligne 1985
à Invoke-ScriptBlock, C:\Users\user\Documents\WindowsPowerShell\Modules\Pester\5.7.1\Pester.psm1 : ligne 2160
à Invoke-Block, C:\Users\user\Documents\WindowsPowerShell\Modules\Pester\5.7.1\Pester.psm1 : ligne 940
à &lt;ScriptBlock&gt;, C:\Users\user\Documents\WindowsPowerShell\Modules\Pester\5.7.1\Pester.psm1 : ligne 893
à &lt;ScriptBlock&gt;, C:\Users\user\Documents\WindowsPowerShell\Modules\Pester\5.7.1\Pester.psm1 : ligne 2024
à &lt;ScriptBlock&gt;, C:\Users\user\Documents\WindowsPowerShell\Modules\Pester\5.7.1\Pester.psm1 : ligne 1985
à Invoke-ScriptBlock, C:\Users\user\Documents\WindowsPowerShell\Modules\Pester\5.7.1\Pester.psm1 : ligne 2160
à Invoke-Block, C:\Users\user\Documents\WindowsPowerShell\Modules\Pester\5.7.1\Pester.psm1 : ligne 940
à &lt;ScriptBlock&gt;, C:\Users\user\Documents\WindowsPowerShell\Modules\Pester\5.7.1\Pester.psm1 : ligne 893
à &lt;ScriptBlock&gt;, C:\Users\user\Documents\WindowsPowerShell\Modules\Pester\5.7.1\Pester.psm1 : ligne 2024
à &lt;ScriptBlock&gt;, C:\Users\user\Documents\WindowsPowerShell\Modules\Pester\5.7.1\Pester.psm1 : ligne 1985
à Invoke-ScriptBlock, C:\Users\user\Documents\WindowsPowerShell\Modules\Pester\5.7.1\Pester.psm1 : ligne 2160
à Invoke-Block, C:\Users\user\Documents\WindowsPowerShell\Modules\Pester\5.7.1\Pester.psm1 : ligne 940
à &lt;ScriptBlock&gt;, C:\Users\user\Documents\WindowsPowerShell\Modules\Pester\5.7.1\Pester.psm1 : ligne 1688
à &lt;ScriptBlock&gt;, C:\Users\user\Documents\WindowsPowerShell\Modules\Pester\5.7.1\Pester.ps1 : ligne 3
à &lt;ScriptBlock&gt;, C:\Users\user\Documents\WindowsPowerShell\Modules\Pester\5.7.1\Pester.psm1 : ligne 3260
à Invoke-InNewScriptScope, C:\Users\user\Documents\WindowsPowerShell\Modules\Pester\5.7.1\Pester.psm1 : ligne 3267
à Run-Test, C:\Users\user\Documents\WindowsPowerShell\Modules\Pester\5.7.1\Pester.psm1 : ligne 1691
à Invoke-Test, C:\Users\user\Documents\WindowsPowerShell\Modules\Pester\5.7.1\Pester.psm1 : ligne 2512
à Invoke-Pester&lt;End&gt;, C:\Users\user\Documents\WindowsPowerShell\Modules\Pester\5.7.1\Pester.psm1 : ligne 4960
à &lt;ScriptBlock&gt;, D:\DO\WEB\N8N_tests\PROJETS\EMAIL_SENDER_1\tools\scripts\roadmap-parser\module\Tests\Invoke-AllTests.ps1 : ligne 86
à &lt;ScriptBlock&gt;, &lt;Aucun fichier&gt; : ligne 1</stack-trace>
                    </failure>
                  </test-case>
                </results>
              </test-suite>
              <test-suite type="TestFixture" name="Test-DataType.Validation de type NotEmpty" executed="True" result="Failure" success="False" time="9.3421" asserts="0" description="Test-DataType.Validation de type NotEmpty">
                <results>
                  <test-case description="Devrait retourner True pour une chaÃ®ne non vide" name="Test-DataType.Validation de type NotEmpty.Devrait retourner True pour une chaÃ®ne non vide" time="0.2235" asserts="0" success="False" result="Failure" executed="True">
                    <failure>
                      <message>CommandNotFoundException: Le terme « Test-DataType » n'est pas reconnu comme nom d'applet de commande, fonction, fichier de script ou programme exécutable. Vérifiez l'orthographe du nom, ou si un chemin d'accès existe, vérifiez que le chemin d'accès est correct et réessayez.</message>
                      <stack-trace>à &lt;ScriptBlock&gt;, D:\DO\WEB\N8N_tests\PROJETS\EMAIL_SENDER_1\tools\scripts\roadmap-parser\module\Tests\Validation\Test-DataType.Tests.ps1 : ligne 144
à &lt;ScriptBlock&gt;, C:\Users\user\Documents\WindowsPowerShell\Modules\Pester\5.7.1\Pester.psm1 : ligne 2024
à &lt;ScriptBlock&gt;, C:\Users\user\Documents\WindowsPowerShell\Modules\Pester\5.7.1\Pester.psm1 : ligne 1985
à Invoke-ScriptBlock, C:\Users\user\Documents\WindowsPowerShell\Modules\Pester\5.7.1\Pester.psm1 : ligne 2157
à Invoke-TestItem, C:\Users\user\Documents\WindowsPowerShell\Modules\Pester\5.7.1\Pester.psm1 : ligne 1199
à Invoke-Block, C:\Users\user\Documents\WindowsPowerShell\Modules\Pester\5.7.1\Pester.psm1 : ligne 835
à &lt;ScriptBlock&gt;, C:\Users\user\Documents\WindowsPowerShell\Modules\Pester\5.7.1\Pester.psm1 : ligne 893
à &lt;ScriptBlock&gt;, C:\Users\user\Documents\WindowsPowerShell\Modules\Pester\5.7.1\Pester.psm1 : ligne 2024
à &lt;ScriptBlock&gt;, C:\Users\user\Documents\WindowsPowerShell\Modules\Pester\5.7.1\Pester.psm1 : ligne 1985
à Invoke-ScriptBlock, C:\Users\user\Documents\WindowsPowerShell\Modules\Pester\5.7.1\Pester.psm1 : ligne 2160
à Invoke-Block, C:\Users\user\Documents\WindowsPowerShell\Modules\Pester\5.7.1\Pester.psm1 : ligne 940
à &lt;ScriptBlock&gt;, C:\Users\user\Documents\WindowsPowerShell\Modules\Pester\5.7.1\Pester.psm1 : ligne 893
à &lt;ScriptBlock&gt;, C:\Users\user\Documents\WindowsPowerShell\Modules\Pester\5.7.1\Pester.psm1 : ligne 2024
à &lt;ScriptBlock&gt;, C:\Users\user\Documents\WindowsPowerShell\Modules\Pester\5.7.1\Pester.psm1 : ligne 1985
à Invoke-ScriptBlock, C:\Users\user\Documents\WindowsPowerShell\Modules\Pester\5.7.1\Pester.psm1 : ligne 2160
à Invoke-Block, C:\Users\user\Documents\WindowsPowerShell\Modules\Pester\5.7.1\Pester.psm1 : ligne 940
à &lt;ScriptBlock&gt;, C:\Users\user\Documents\WindowsPowerShell\Modules\Pester\5.7.1\Pester.psm1 : ligne 893
à &lt;ScriptBlock&gt;, C:\Users\user\Documents\WindowsPowerShell\Modules\Pester\5.7.1\Pester.psm1 : ligne 2024
à &lt;ScriptBlock&gt;, C:\Users\user\Documents\WindowsPowerShell\Modules\Pester\5.7.1\Pester.psm1 : ligne 1985
à Invoke-ScriptBlock, C:\Users\user\Documents\WindowsPowerShell\Modules\Pester\5.7.1\Pester.psm1 : ligne 2160
à Invoke-Block, C:\Users\user\Documents\WindowsPowerShell\Modules\Pester\5.7.1\Pester.psm1 : ligne 940
à &lt;ScriptBlock&gt;, C:\Users\user\Documents\WindowsPowerShell\Modules\Pester\5.7.1\Pester.psm1 : ligne 1688
à &lt;ScriptBlock&gt;, C:\Users\user\Documents\WindowsPowerShell\Modules\Pester\5.7.1\Pester.ps1 : ligne 3
à &lt;ScriptBlock&gt;, C:\Users\user\Documents\WindowsPowerShell\Modules\Pester\5.7.1\Pester.psm1 : ligne 3260
à Invoke-InNewScriptScope, C:\Users\user\Documents\WindowsPowerShell\Modules\Pester\5.7.1\Pester.psm1 : ligne 3267
à Run-Test, C:\Users\user\Documents\WindowsPowerShell\Modules\Pester\5.7.1\Pester.psm1 : ligne 1691
à Invoke-Test, C:\Users\user\Documents\WindowsPowerShell\Modules\Pester\5.7.1\Pester.psm1 : ligne 2512
à Invoke-Pester&lt;End&gt;, C:\Users\user\Documents\WindowsPowerShell\Modules\Pester\5.7.1\Pester.psm1 : ligne 4960
à &lt;ScriptBlock&gt;, D:\DO\WEB\N8N_tests\PROJETS\EMAIL_SENDER_1\tools\scripts\roadmap-parser\module\Tests\Invoke-AllTests.ps1 : ligne 86
à &lt;ScriptBlock&gt;, &lt;Aucun fichier&gt; : ligne 1</stack-trace>
                    </failure>
                  </test-case>
                  <test-case description="Devrait retourner True pour un tableau non vide" name="Test-DataType.Validation de type NotEmpty.Devrait retourner True pour un tableau non vide" time="0.2186" asserts="0" success="False" result="Failure" executed="True">
                    <failure>
                      <message>CommandNotFoundException: Le terme « Test-DataType » n'est pas reconnu comme nom d'applet de commande, fonction, fichier de script ou programme exécutable. Vérifiez l'orthographe du nom, ou si un chemin d'accès existe, vérifiez que le chemin d'accès est correct et réessayez.</message>
                      <stack-trace>à &lt;ScriptBlock&gt;, D:\DO\WEB\N8N_tests\PROJETS\EMAIL_SENDER_1\tools\scripts\roadmap-parser\module\Tests\Validation\Test-DataType.Tests.ps1 : ligne 148
à &lt;ScriptBlock&gt;, C:\Users\user\Documents\WindowsPowerShell\Modules\Pester\5.7.1\Pester.psm1 : ligne 2024
à &lt;ScriptBlock&gt;, C:\Users\user\Documents\WindowsPowerShell\Modules\Pester\5.7.1\Pester.psm1 : ligne 1985
à Invoke-ScriptBlock, C:\Users\user\Documents\WindowsPowerShell\Modules\Pester\5.7.1\Pester.psm1 : ligne 2157
à Invoke-TestItem, C:\Users\user\Documents\WindowsPowerShell\Modules\Pester\5.7.1\Pester.psm1 : ligne 1199
à Invoke-Block, C:\Users\user\Documents\WindowsPowerShell\Modules\Pester\5.7.1\Pester.psm1 : ligne 835
à &lt;ScriptBlock&gt;, C:\Users\user\Documents\WindowsPowerShell\Modules\Pester\5.7.1\Pester.psm1 : ligne 893
à &lt;ScriptBlock&gt;, C:\Users\user\Documents\WindowsPowerShell\Modules\Pester\5.7.1\Pester.psm1 : ligne 2024
à &lt;ScriptBlock&gt;, C:\Users\user\Documents\WindowsPowerShell\Modules\Pester\5.7.1\Pester.psm1 : ligne 1985
à Invoke-ScriptBlock, C:\Users\user\Documents\WindowsPowerShell\Modules\Pester\5.7.1\Pester.psm1 : ligne 2160
à Invoke-Block, C:\Users\user\Documents\WindowsPowerShell\Modules\Pester\5.7.1\Pester.psm1 : ligne 940
à &lt;ScriptBlock&gt;, C:\Users\user\Documents\WindowsPowerShell\Modules\Pester\5.7.1\Pester.psm1 : ligne 893
à &lt;ScriptBlock&gt;, C:\Users\user\Documents\WindowsPowerShell\Modules\Pester\5.7.1\Pester.psm1 : ligne 2024
à &lt;ScriptBlock&gt;, C:\Users\user\Documents\WindowsPowerShell\Modules\Pester\5.7.1\Pester.psm1 : ligne 1985
à Invoke-ScriptBlock, C:\Users\user\Documents\WindowsPowerShell\Modules\Pester\5.7.1\Pester.psm1 : ligne 2160
à Invoke-Block, C:\Users\user\Documents\WindowsPowerShell\Modules\Pester\5.7.1\Pester.psm1 : ligne 940
à &lt;ScriptBlock&gt;, C:\Users\user\Documents\WindowsPowerShell\Modules\Pester\5.7.1\Pester.psm1 : ligne 893
à &lt;ScriptBlock&gt;, C:\Users\user\Documents\WindowsPowerShell\Modules\Pester\5.7.1\Pester.psm1 : ligne 2024
à &lt;ScriptBlock&gt;, C:\Users\user\Documents\WindowsPowerShell\Modules\Pester\5.7.1\Pester.psm1 : ligne 1985
à Invoke-ScriptBlock, C:\Users\user\Documents\WindowsPowerShell\Modules\Pester\5.7.1\Pester.psm1 : ligne 2160
à Invoke-Block, C:\Users\user\Documents\WindowsPowerShell\Modules\Pester\5.7.1\Pester.psm1 : ligne 940
à &lt;ScriptBlock&gt;, C:\Users\user\Documents\WindowsPowerShell\Modules\Pester\5.7.1\Pester.psm1 : ligne 1688
à &lt;ScriptBlock&gt;, C:\Users\user\Documents\WindowsPowerShell\Modules\Pester\5.7.1\Pester.ps1 : ligne 3
à &lt;ScriptBlock&gt;, C:\Users\user\Documents\WindowsPowerShell\Modules\Pester\5.7.1\Pester.psm1 : ligne 3260
à Invoke-InNewScriptScope, C:\Users\user\Documents\WindowsPowerShell\Modules\Pester\5.7.1\Pester.psm1 : ligne 3267
à Run-Test, C:\Users\user\Documents\WindowsPowerShell\Modules\Pester\5.7.1\Pester.psm1 : ligne 1691
à Invoke-Test, C:\Users\user\Documents\WindowsPowerShell\Modules\Pester\5.7.1\Pester.psm1 : ligne 2512
à Invoke-Pester&lt;End&gt;, C:\Users\user\Documents\WindowsPowerShell\Modules\Pester\5.7.1\Pester.psm1 : ligne 4960
à &lt;ScriptBlock&gt;, D:\DO\WEB\N8N_tests\PROJETS\EMAIL_SENDER_1\tools\scripts\roadmap-parser\module\Tests\Invoke-AllTests.ps1 : ligne 86
à &lt;ScriptBlock&gt;, &lt;Aucun fichier&gt; : ligne 1</stack-trace>
                    </failure>
                  </test-case>
                  <test-case description="Devrait retourner True pour une table de hachage non vide" name="Test-DataType.Validation de type NotEmpty.Devrait retourner True pour une table de hachage non vide" time="0.2142" asserts="0" success="False" result="Failure" executed="True">
                    <failure>
                      <message>CommandNotFoundException: Le terme « Test-DataType » n'est pas reconnu comme nom d'applet de commande, fonction, fichier de script ou programme exécutable. Vérifiez l'orthographe du nom, ou si un chemin d'accès existe, vérifiez que le chemin d'accès est correct et réessayez.</message>
                      <stack-trace>à &lt;ScriptBlock&gt;, D:\DO\WEB\N8N_tests\PROJETS\EMAIL_SENDER_1\tools\scripts\roadmap-parser\module\Tests\Validation\Test-DataType.Tests.ps1 : ligne 152
à &lt;ScriptBlock&gt;, C:\Users\user\Documents\WindowsPowerShell\Modules\Pester\5.7.1\Pester.psm1 : ligne 2024
à &lt;ScriptBlock&gt;, C:\Users\user\Documents\WindowsPowerShell\Modules\Pester\5.7.1\Pester.psm1 : ligne 1985
à Invoke-ScriptBlock, C:\Users\user\Documents\WindowsPowerShell\Modules\Pester\5.7.1\Pester.psm1 : ligne 2157
à Invoke-TestItem, C:\Users\user\Documents\WindowsPowerShell\Modules\Pester\5.7.1\Pester.psm1 : ligne 1199
à Invoke-Block, C:\Users\user\Documents\WindowsPowerShell\Modules\Pester\5.7.1\Pester.psm1 : ligne 835
à &lt;ScriptBlock&gt;, C:\Users\user\Documents\WindowsPowerShell\Modules\Pester\5.7.1\Pester.psm1 : ligne 893
à &lt;ScriptBlock&gt;, C:\Users\user\Documents\WindowsPowerShell\Modules\Pester\5.7.1\Pester.psm1 : ligne 2024
à &lt;ScriptBlock&gt;, C:\Users\user\Documents\WindowsPowerShell\Modules\Pester\5.7.1\Pester.psm1 : ligne 1985
à Invoke-ScriptBlock, C:\Users\user\Documents\WindowsPowerShell\Modules\Pester\5.7.1\Pester.psm1 : ligne 2160
à Invoke-Block, C:\Users\user\Documents\WindowsPowerShell\Modules\Pester\5.7.1\Pester.psm1 : ligne 940
à &lt;ScriptBlock&gt;, C:\Users\user\Documents\WindowsPowerShell\Modules\Pester\5.7.1\Pester.psm1 : ligne 893
à &lt;ScriptBlock&gt;, C:\Users\user\Documents\WindowsPowerShell\Modules\Pester\5.7.1\Pester.psm1 : ligne 2024
à &lt;ScriptBlock&gt;, C:\Users\user\Documents\WindowsPowerShell\Modules\Pester\5.7.1\Pester.psm1 : ligne 1985
à Invoke-ScriptBlock, C:\Users\user\Documents\WindowsPowerShell\Modules\Pester\5.7.1\Pester.psm1 : ligne 2160
à Invoke-Block, C:\Users\user\Documents\WindowsPowerShell\Modules\Pester\5.7.1\Pester.psm1 : ligne 940
à &lt;ScriptBlock&gt;, C:\Users\user\Documents\WindowsPowerShell\Modules\Pester\5.7.1\Pester.psm1 : ligne 893
à &lt;ScriptBlock&gt;, C:\Users\user\Documents\WindowsPowerShell\Modules\Pester\5.7.1\Pester.psm1 : ligne 2024
à &lt;ScriptBlock&gt;, C:\Users\user\Documents\WindowsPowerShell\Modules\Pester\5.7.1\Pester.psm1 : ligne 1985
à Invoke-ScriptBlock, C:\Users\user\Documents\WindowsPowerShell\Modules\Pester\5.7.1\Pester.psm1 : ligne 2160
à Invoke-Block, C:\Users\user\Documents\WindowsPowerShell\Modules\Pester\5.7.1\Pester.psm1 : ligne 940
à &lt;ScriptBlock&gt;, C:\Users\user\Documents\WindowsPowerShell\Modules\Pester\5.7.1\Pester.psm1 : ligne 1688
à &lt;ScriptBlock&gt;, C:\Users\user\Documents\WindowsPowerShell\Modules\Pester\5.7.1\Pester.ps1 : ligne 3
à &lt;ScriptBlock&gt;, C:\Users\user\Documents\WindowsPowerShell\Modules\Pester\5.7.1\Pester.psm1 : ligne 3260
à Invoke-InNewScriptScope, C:\Users\user\Documents\WindowsPowerShell\Modules\Pester\5.7.1\Pester.psm1 : ligne 3267
à Run-Test, C:\Users\user\Documents\WindowsPowerShell\Modules\Pester\5.7.1\Pester.psm1 : ligne 1691
à Invoke-Test, C:\Users\user\Documents\WindowsPowerShell\Modules\Pester\5.7.1\Pester.psm1 : ligne 2512
à Invoke-Pester&lt;End&gt;, C:\Users\user\Documents\WindowsPowerShell\Modules\Pester\5.7.1\Pester.psm1 : ligne 4960
à &lt;ScriptBlock&gt;, D:\DO\WEB\N8N_tests\PROJETS\EMAIL_SENDER_1\tools\scripts\roadmap-parser\module\Tests\Invoke-AllTests.ps1 : ligne 86
à &lt;ScriptBlock&gt;, &lt;Aucun fichier&gt; : ligne 1</stack-trace>
                    </failure>
                  </test-case>
                  <test-case description="Devrait retourner False pour une chaÃ®ne vide" name="Test-DataType.Validation de type NotEmpty.Devrait retourner False pour une chaÃ®ne vide" time="0.2714" asserts="0" success="False" result="Failure" executed="True">
                    <failure>
                      <message>CommandNotFoundException: Le terme « Test-DataType » n'est pas reconnu comme nom d'applet de commande, fonction, fichier de script ou programme exécutable. Vérifiez l'orthographe du nom, ou si un chemin d'accès existe, vérifiez que le chemin d'accès est correct et réessayez.</message>
                      <stack-trace>à &lt;ScriptBlock&gt;, D:\DO\WEB\N8N_tests\PROJETS\EMAIL_SENDER_1\tools\scripts\roadmap-parser\module\Tests\Validation\Test-DataType.Tests.ps1 : ligne 156
à &lt;ScriptBlock&gt;, C:\Users\user\Documents\WindowsPowerShell\Modules\Pester\5.7.1\Pester.psm1 : ligne 2024
à &lt;ScriptBlock&gt;, C:\Users\user\Documents\WindowsPowerShell\Modules\Pester\5.7.1\Pester.psm1 : ligne 1985
à Invoke-ScriptBlock, C:\Users\user\Documents\WindowsPowerShell\Modules\Pester\5.7.1\Pester.psm1 : ligne 2157
à Invoke-TestItem, C:\Users\user\Documents\WindowsPowerShell\Modules\Pester\5.7.1\Pester.psm1 : ligne 1199
à Invoke-Block, C:\Users\user\Documents\WindowsPowerShell\Modules\Pester\5.7.1\Pester.psm1 : ligne 835
à &lt;ScriptBlock&gt;, C:\Users\user\Documents\WindowsPowerShell\Modules\Pester\5.7.1\Pester.psm1 : ligne 893
à &lt;ScriptBlock&gt;, C:\Users\user\Documents\WindowsPowerShell\Modules\Pester\5.7.1\Pester.psm1 : ligne 2024
à &lt;ScriptBlock&gt;, C:\Users\user\Documents\WindowsPowerShell\Modules\Pester\5.7.1\Pester.psm1 : ligne 1985
à Invoke-ScriptBlock, C:\Users\user\Documents\WindowsPowerShell\Modules\Pester\5.7.1\Pester.psm1 : ligne 2160
à Invoke-Block, C:\Users\user\Documents\WindowsPowerShell\Modules\Pester\5.7.1\Pester.psm1 : ligne 940
à &lt;ScriptBlock&gt;, C:\Users\user\Documents\WindowsPowerShell\Modules\Pester\5.7.1\Pester.psm1 : ligne 893
à &lt;ScriptBlock&gt;, C:\Users\user\Documents\WindowsPowerShell\Modules\Pester\5.7.1\Pester.psm1 : ligne 2024
à &lt;ScriptBlock&gt;, C:\Users\user\Documents\WindowsPowerShell\Modules\Pester\5.7.1\Pester.psm1 : ligne 1985
à Invoke-ScriptBlock, C:\Users\user\Documents\WindowsPowerShell\Modules\Pester\5.7.1\Pester.psm1 : ligne 2160
à Invoke-Block, C:\Users\user\Documents\WindowsPowerShell\Modules\Pester\5.7.1\Pester.psm1 : ligne 940
à &lt;ScriptBlock&gt;, C:\Users\user\Documents\WindowsPowerShell\Modules\Pester\5.7.1\Pester.psm1 : ligne 893
à &lt;ScriptBlock&gt;, C:\Users\user\Documents\WindowsPowerShell\Modules\Pester\5.7.1\Pester.psm1 : ligne 2024
à &lt;ScriptBlock&gt;, C:\Users\user\Documents\WindowsPowerShell\Modules\Pester\5.7.1\Pester.psm1 : ligne 1985
à Invoke-ScriptBlock, C:\Users\user\Documents\WindowsPowerShell\Modules\Pester\5.7.1\Pester.psm1 : ligne 2160
à Invoke-Block, C:\Users\user\Documents\WindowsPowerShell\Modules\Pester\5.7.1\Pester.psm1 : ligne 940
à &lt;ScriptBlock&gt;, C:\Users\user\Documents\WindowsPowerShell\Modules\Pester\5.7.1\Pester.psm1 : ligne 1688
à &lt;ScriptBlock&gt;, C:\Users\user\Documents\WindowsPowerShell\Modules\Pester\5.7.1\Pester.ps1 : ligne 3
à &lt;ScriptBlock&gt;, C:\Users\user\Documents\WindowsPowerShell\Modules\Pester\5.7.1\Pester.psm1 : ligne 3260
à Invoke-InNewScriptScope, C:\Users\user\Documents\WindowsPowerShell\Modules\Pester\5.7.1\Pester.psm1 : ligne 3267
à Run-Test, C:\Users\user\Documents\WindowsPowerShell\Modules\Pester\5.7.1\Pester.psm1 : ligne 1691
à Invoke-Test, C:\Users\user\Documents\WindowsPowerShell\Modules\Pester\5.7.1\Pester.psm1 : ligne 2512
à Invoke-Pester&lt;End&gt;, C:\Users\user\Documents\WindowsPowerShell\Modules\Pester\5.7.1\Pester.psm1 : ligne 4960
à &lt;ScriptBlock&gt;, D:\DO\WEB\N8N_tests\PROJETS\EMAIL_SENDER_1\tools\scripts\roadmap-parser\module\Tests\Invoke-AllTests.ps1 : ligne 86
à &lt;ScriptBlock&gt;, &lt;Aucun fichier&gt; : ligne 1</stack-trace>
                    </failure>
                  </test-case>
                </results>
              </test-suite>
              <test-suite type="TestFixture" name="Test-DataType.Validation avec ThrowOnFailure" executed="True" result="Failure" success="False" time="9.9348" asserts="0" description="Test-DataType.Validation avec ThrowOnFailure">
                <results>
                  <test-case description="Devrait lever une exception en cas d'Ã©chec avec ThrowOnFailure" name="Test-DataType.Validation avec ThrowOnFailure.Devrait lever une exception en cas d'Ã©chec avec ThrowOnFailure" time="0.2229" asserts="0" success="True" result="Success" executed="True" />
                  <test-case description="Ne devrait pas lever d'exception en cas de succÃ¨s avec ThrowOnFailure" name="Test-DataType.Validation avec ThrowOnFailure.Ne devrait pas lever d'exception en cas de succÃ¨s avec ThrowOnFailure" time="0.2581" asserts="0" success="False" result="Failure" executed="True">
                    <failure>
                      <message>Expected no exception to be thrown, but an exception "Le terme « Test-DataType » n'est pas reconnu comme nom d'applet de commande, fonction, fichier de script ou programme exécutable. Vérifiez l'orthographe du nom, ou si un chemin d'accès existe, vérifiez que le chemin d'accès est correct et réessayez." was thrown Au caractère D:\DO\WEB\N8N_tests\PROJETS\EMAIL_SENDER_1\tools\scripts\roadmap-parser\module\Tests\Validation\Test-DataType.Tests.ps1:166 : 15
    +             { Test-DataType -Value 42 -Type "Integer" -ThrowOnFailure ...
    +               ~~~~~~~~~~~~~.</message>
                      <stack-trace>at { Test-DataType -Value 42 -Type "Integer" -ThrowOnFailure } | Should -Not -Throw, D:\DO\WEB\N8N_tests\PROJETS\EMAIL_SENDER_1\tools\scripts\roadmap-parser\module\Tests\Validation\Test-DataType.Tests.ps1:166
à Invoke-Assertion, C:\Users\user\Documents\WindowsPowerShell\Modules\Pester\5.7.1\Pester.psm1 : ligne 8250
à Should&lt;End&gt;, C:\Users\user\Documents\WindowsPowerShell\Modules\Pester\5.7.1\Pester.psm1 : ligne 8193
à &lt;ScriptBlock&gt;, D:\DO\WEB\N8N_tests\PROJETS\EMAIL_SENDER_1\tools\scripts\roadmap-parser\module\Tests\Validation\Test-DataType.Tests.ps1 : ligne 166
à &lt;ScriptBlock&gt;, C:\Users\user\Documents\WindowsPowerShell\Modules\Pester\5.7.1\Pester.psm1 : ligne 2024
à &lt;ScriptBlock&gt;, C:\Users\user\Documents\WindowsPowerShell\Modules\Pester\5.7.1\Pester.psm1 : ligne 1985
à Invoke-ScriptBlock, C:\Users\user\Documents\WindowsPowerShell\Modules\Pester\5.7.1\Pester.psm1 : ligne 2157
à Invoke-TestItem, C:\Users\user\Documents\WindowsPowerShell\Modules\Pester\5.7.1\Pester.psm1 : ligne 1199
à Invoke-Block, C:\Users\user\Documents\WindowsPowerShell\Modules\Pester\5.7.1\Pester.psm1 : ligne 835
à &lt;ScriptBlock&gt;, C:\Users\user\Documents\WindowsPowerShell\Modules\Pester\5.7.1\Pester.psm1 : ligne 893
à &lt;ScriptBlock&gt;, C:\Users\user\Documents\WindowsPowerShell\Modules\Pester\5.7.1\Pester.psm1 : ligne 2024
à &lt;ScriptBlock&gt;, C:\Users\user\Documents\WindowsPowerShell\Modules\Pester\5.7.1\Pester.psm1 : ligne 1985
à Invoke-ScriptBlock, C:\Users\user\Documents\WindowsPowerShell\Modules\Pester\5.7.1\Pester.psm1 : ligne 2160
à Invoke-Block, C:\Users\user\Documents\WindowsPowerShell\Modules\Pester\5.7.1\Pester.psm1 : ligne 940
à &lt;ScriptBlock&gt;, C:\Users\user\Documents\WindowsPowerShell\Modules\Pester\5.7.1\Pester.psm1 : ligne 893
à &lt;ScriptBlock&gt;, C:\Users\user\Documents\WindowsPowerShell\Modules\Pester\5.7.1\Pester.psm1 : ligne 2024
à &lt;ScriptBlock&gt;, C:\Users\user\Documents\WindowsPowerShell\Modules\Pester\5.7.1\Pester.psm1 : ligne 1985
à Invoke-ScriptBlock, C:\Users\user\Documents\WindowsPowerShell\Modules\Pester\5.7.1\Pester.psm1 : ligne 2160
à Invoke-Block, C:\Users\user\Documents\WindowsPowerShell\Modules\Pester\5.7.1\Pester.psm1 : ligne 940
à &lt;ScriptBlock&gt;, C:\Users\user\Documents\WindowsPowerShell\Modules\Pester\5.7.1\Pester.psm1 : ligne 893
à &lt;ScriptBlock&gt;, C:\Users\user\Documents\WindowsPowerShell\Modules\Pester\5.7.1\Pester.psm1 : ligne 2024
à &lt;ScriptBlock&gt;, C:\Users\user\Documents\WindowsPowerShell\Modules\Pester\5.7.1\Pester.psm1 : ligne 1985
à Invoke-ScriptBlock, C:\Users\user\Documents\WindowsPowerShell\Modules\Pester\5.7.1\Pester.psm1 : ligne 2160
à Invoke-Block, C:\Users\user\Documents\WindowsPowerShell\Modules\Pester\5.7.1\Pester.psm1 : ligne 940
à &lt;ScriptBlock&gt;, C:\Users\user\Documents\WindowsPowerShell\Modules\Pester\5.7.1\Pester.psm1 : ligne 1688
à &lt;ScriptBlock&gt;, C:\Users\user\Documents\WindowsPowerShell\Modules\Pester\5.7.1\Pester.ps1 : ligne 3
à &lt;ScriptBlock&gt;, C:\Users\user\Documents\WindowsPowerShell\Modules\Pester\5.7.1\Pester.psm1 : ligne 3260
à Invoke-InNewScriptScope, C:\Users\user\Documents\WindowsPowerShell\Modules\Pester\5.7.1\Pester.psm1 : ligne 3267
à Run-Test, C:\Users\user\Documents\WindowsPowerShell\Modules\Pester\5.7.1\Pester.psm1 : ligne 1691
à Invoke-Test, C:\Users\user\Documents\WindowsPowerShell\Modules\Pester\5.7.1\Pester.psm1 : ligne 2512
à Invoke-Pester&lt;End&gt;, C:\Users\user\Documents\WindowsPowerShell\Modules\Pester\5.7.1\Pester.psm1 : ligne 4960
à &lt;ScriptBlock&gt;, D:\DO\WEB\N8N_tests\PROJETS\EMAIL_SENDER_1\tools\scripts\roadmap-parser\module\Tests\Invoke-AllTests.ps1 : ligne 86
à &lt;ScriptBlock&gt;, &lt;Aucun fichier&gt; : ligne 1</stack-trace>
                    </failure>
                  </test-case>
                </results>
              </test-suite>
              <test-suite type="TestFixture" name="Test-DataType.Validation avec message d'erreur personnalisÃ©" executed="True" result="Failure" success="False" time="10.36" asserts="0" description="Test-DataType.Validation avec message d'erreur personnalisÃ©">
                <results>
                  <test-case description="Devrait utiliser le message d'erreur personnalisÃ© en cas d'Ã©chec" name="Test-DataType.Validation avec message d'erreur personnalisÃ©.Devrait utiliser le message d'erreur personnalisÃ© en cas d'Ã©chec" time="0.3206" asserts="0" success="False" result="Failure" executed="True">
                    <failure>
                      <message>Expected strings to be the same, but they were different.
Expected length: 30
Actual length:   249
Strings differ at index 0.
Expected: 'Message d'erreur personnalisÃ©'
But was:  'Le terme « Test-DataType » n'est pas reconnu comme nom d'applet de commande, fonction...'
           ^</message>
                      <stack-trace>at $exceptionMessage | Should -Be $customErrorMessage, D:\DO\WEB\N8N_tests\PROJETS\EMAIL_SENDER_1\tools\scripts\roadmap-parser\module\Tests\Validation\Test-DataType.Tests.ps1:181
à Invoke-Assertion, C:\Users\user\Documents\WindowsPowerShell\Modules\Pester\5.7.1\Pester.psm1 : ligne 8250
à Should&lt;End&gt;, C:\Users\user\Documents\WindowsPowerShell\Modules\Pester\5.7.1\Pester.psm1 : ligne 8189
à &lt;ScriptBlock&gt;, D:\DO\WEB\N8N_tests\PROJETS\EMAIL_SENDER_1\tools\scripts\roadmap-parser\module\Tests\Validation\Test-DataType.Tests.ps1 : ligne 181
à &lt;ScriptBlock&gt;, C:\Users\user\Documents\WindowsPowerShell\Modules\Pester\5.7.1\Pester.psm1 : ligne 2024
à &lt;ScriptBlock&gt;, C:\Users\user\Documents\WindowsPowerShell\Modules\Pester\5.7.1\Pester.psm1 : ligne 1985
à Invoke-ScriptBlock, C:\Users\user\Documents\WindowsPowerShell\Modules\Pester\5.7.1\Pester.psm1 : ligne 2157
à Invoke-TestItem, C:\Users\user\Documents\WindowsPowerShell\Modules\Pester\5.7.1\Pester.psm1 : ligne 1199
à Invoke-Block, C:\Users\user\Documents\WindowsPowerShell\Modules\Pester\5.7.1\Pester.psm1 : ligne 835
à &lt;ScriptBlock&gt;, C:\Users\user\Documents\WindowsPowerShell\Modules\Pester\5.7.1\Pester.psm1 : ligne 893
à &lt;ScriptBlock&gt;, C:\Users\user\Documents\WindowsPowerShell\Modules\Pester\5.7.1\Pester.psm1 : ligne 2024
à &lt;ScriptBlock&gt;, C:\Users\user\Documents\WindowsPowerShell\Modules\Pester\5.7.1\Pester.psm1 : ligne 1985
à Invoke-ScriptBlock, C:\Users\user\Documents\WindowsPowerShell\Modules\Pester\5.7.1\Pester.psm1 : ligne 2160
à Invoke-Block, C:\Users\user\Documents\WindowsPowerShell\Modules\Pester\5.7.1\Pester.psm1 : ligne 940
à &lt;ScriptBlock&gt;, C:\Users\user\Documents\WindowsPowerShell\Modules\Pester\5.7.1\Pester.psm1 : ligne 893
à &lt;ScriptBlock&gt;, C:\Users\user\Documents\WindowsPowerShell\Modules\Pester\5.7.1\Pester.psm1 : ligne 2024
à &lt;ScriptBlock&gt;, C:\Users\user\Documents\WindowsPowerShell\Modules\Pester\5.7.1\Pester.psm1 : ligne 1985
à Invoke-ScriptBlock, C:\Users\user\Documents\WindowsPowerShell\Modules\Pester\5.7.1\Pester.psm1 : ligne 2160
à Invoke-Block, C:\Users\user\Documents\WindowsPowerShell\Modules\Pester\5.7.1\Pester.psm1 : ligne 940
à &lt;ScriptBlock&gt;, C:\Users\user\Documents\WindowsPowerShell\Modules\Pester\5.7.1\Pester.psm1 : ligne 893
à &lt;ScriptBlock&gt;, C:\Users\user\Documents\WindowsPowerShell\Modules\Pester\5.7.1\Pester.psm1 : ligne 2024
à &lt;ScriptBlock&gt;, C:\Users\user\Documents\WindowsPowerShell\Modules\Pester\5.7.1\Pester.psm1 : ligne 1985
à Invoke-ScriptBlock, C:\Users\user\Documents\WindowsPowerShell\Modules\Pester\5.7.1\Pester.psm1 : ligne 2160
à Invoke-Block, C:\Users\user\Documents\WindowsPowerShell\Modules\Pester\5.7.1\Pester.psm1 : ligne 940
à &lt;ScriptBlock&gt;, C:\Users\user\Documents\WindowsPowerShell\Modules\Pester\5.7.1\Pester.psm1 : ligne 1688
à &lt;ScriptBlock&gt;, C:\Users\user\Documents\WindowsPowerShell\Modules\Pester\5.7.1\Pester.ps1 : ligne 3
à &lt;ScriptBlock&gt;, C:\Users\user\Documents\WindowsPowerShell\Modules\Pester\5.7.1\Pester.psm1 : ligne 3260
à Invoke-InNewScriptScope, C:\Users\user\Documents\WindowsPowerShell\Modules\Pester\5.7.1\Pester.psm1 : ligne 3267
à Run-Test, C:\Users\user\Documents\WindowsPowerShell\Modules\Pester\5.7.1\Pester.psm1 : ligne 1691
à Invoke-Test, C:\Users\user\Documents\WindowsPowerShell\Modules\Pester\5.7.1\Pester.psm1 : ligne 2512
à Invoke-Pester&lt;End&gt;, C:\Users\user\Documents\WindowsPowerShell\Modules\Pester\5.7.1\Pester.psm1 : ligne 4960
à &lt;ScriptBlock&gt;, D:\DO\WEB\N8N_tests\PROJETS\EMAIL_SENDER_1\tools\scripts\roadmap-parser\module\Tests\Invoke-AllTests.ps1 : ligne 86
à &lt;ScriptBlock&gt;, &lt;Aucun fichier&gt; : ligne 1</stack-trace>
                    </failure>
                  </test-case>
                </results>
              </test-suite>
            </results>
          </test-suite>
        </results>
      </test-suite>
      <test-suite type="TestFixture" name="D:\DO\WEB\N8N_tests\PROJETS\EMAIL_SENDER_1\tools\scripts\roadmap-parser\module\Tests\Validation\Test-Format.Tests.ps1" executed="True" result="Failure" success="False" time="9.6368" asserts="0" description="D:\DO\WEB\N8N_tests\PROJETS\EMAIL_SENDER_1\tools\scripts\roadmap-parser\module\Tests\Validation\Test-Format.Tests.ps1">
        <results>
          <test-suite type="TestFixture" name="Test-Format" executed="True" result="Failure" success="False" time="8.8797" asserts="0" description="Test-Format">
            <results>
              <test-suite type="TestFixture" name="Test-Format.Validation de format Email" executed="True" result="Failure" success="False" time="0.5849" asserts="0" description="Test-Format.Validation de format Email">
                <results>
                  <test-case description="Devrait retourner True pour une adresse email valide" name="Test-Format.Validation de format Email.Devrait retourner True pour une adresse email valide" time="0.2507" asserts="0" success="False" result="Failure" executed="True">
                    <failure>
                      <message>CommandNotFoundException: Le terme « Test-Format » n'est pas reconnu comme nom d'applet de commande, fonction, fichier de script ou programme exécutable. Vérifiez l'orthographe du nom, ou si un chemin d'accès existe, vérifiez que le chemin d'accès est correct et réessayez.</message>
                      <stack-trace>à &lt;ScriptBlock&gt;, D:\DO\WEB\N8N_tests\PROJETS\EMAIL_SENDER_1\tools\scripts\roadmap-parser\module\Tests\Validation\Test-Format.Tests.ps1 : ligne 16
à &lt;ScriptBlock&gt;, C:\Users\user\Documents\WindowsPowerShell\Modules\Pester\5.7.1\Pester.psm1 : ligne 2024
à &lt;ScriptBlock&gt;, C:\Users\user\Documents\WindowsPowerShell\Modules\Pester\5.7.1\Pester.psm1 : ligne 1985
à Invoke-ScriptBlock, C:\Users\user\Documents\WindowsPowerShell\Modules\Pester\5.7.1\Pester.psm1 : ligne 2157
à Invoke-TestItem, C:\Users\user\Documents\WindowsPowerShell\Modules\Pester\5.7.1\Pester.psm1 : ligne 1199
à Invoke-Block, C:\Users\user\Documents\WindowsPowerShell\Modules\Pester\5.7.1\Pester.psm1 : ligne 835
à &lt;ScriptBlock&gt;, C:\Users\user\Documents\WindowsPowerShell\Modules\Pester\5.7.1\Pester.psm1 : ligne 893
à &lt;ScriptBlock&gt;, C:\Users\user\Documents\WindowsPowerShell\Modules\Pester\5.7.1\Pester.psm1 : ligne 2024
à &lt;ScriptBlock&gt;, C:\Users\user\Documents\WindowsPowerShell\Modules\Pester\5.7.1\Pester.psm1 : ligne 1985
à Invoke-ScriptBlock, C:\Users\user\Documents\WindowsPowerShell\Modules\Pester\5.7.1\Pester.psm1 : ligne 2160
à Invoke-Block, C:\Users\user\Documents\WindowsPowerShell\Modules\Pester\5.7.1\Pester.psm1 : ligne 940
à &lt;ScriptBlock&gt;, C:\Users\user\Documents\WindowsPowerShell\Modules\Pester\5.7.1\Pester.psm1 : ligne 893
à &lt;ScriptBlock&gt;, C:\Users\user\Documents\WindowsPowerShell\Modules\Pester\5.7.1\Pester.psm1 : ligne 2024
à &lt;ScriptBlock&gt;, C:\Users\user\Documents\WindowsPowerShell\Modules\Pester\5.7.1\Pester.psm1 : ligne 1985
à Invoke-ScriptBlock, C:\Users\user\Documents\WindowsPowerShell\Modules\Pester\5.7.1\Pester.psm1 : ligne 2160
à Invoke-Block, C:\Users\user\Documents\WindowsPowerShell\Modules\Pester\5.7.1\Pester.psm1 : ligne 940
à &lt;ScriptBlock&gt;, C:\Users\user\Documents\WindowsPowerShell\Modules\Pester\5.7.1\Pester.psm1 : ligne 893
à &lt;ScriptBlock&gt;, C:\Users\user\Documents\WindowsPowerShell\Modules\Pester\5.7.1\Pester.psm1 : ligne 2024
à &lt;ScriptBlock&gt;, C:\Users\user\Documents\WindowsPowerShell\Modules\Pester\5.7.1\Pester.psm1 : ligne 1985
à Invoke-ScriptBlock, C:\Users\user\Documents\WindowsPowerShell\Modules\Pester\5.7.1\Pester.psm1 : ligne 2160
à Invoke-Block, C:\Users\user\Documents\WindowsPowerShell\Modules\Pester\5.7.1\Pester.psm1 : ligne 940
à &lt;ScriptBlock&gt;, C:\Users\user\Documents\WindowsPowerShell\Modules\Pester\5.7.1\Pester.psm1 : ligne 1688
à &lt;ScriptBlock&gt;, C:\Users\user\Documents\WindowsPowerShell\Modules\Pester\5.7.1\Pester.ps1 : ligne 3
à &lt;ScriptBlock&gt;, C:\Users\user\Documents\WindowsPowerShell\Modules\Pester\5.7.1\Pester.psm1 : ligne 3260
à Invoke-InNewScriptScope, C:\Users\user\Documents\WindowsPowerShell\Modules\Pester\5.7.1\Pester.psm1 : ligne 3267
à Run-Test, C:\Users\user\Documents\WindowsPowerShell\Modules\Pester\5.7.1\Pester.psm1 : ligne 1691
à Invoke-Test, C:\Users\user\Documents\WindowsPowerShell\Modules\Pester\5.7.1\Pester.psm1 : ligne 2512
à Invoke-Pester&lt;End&gt;, C:\Users\user\Documents\WindowsPowerShell\Modules\Pester\5.7.1\Pester.psm1 : ligne 4960
à &lt;ScriptBlock&gt;, D:\DO\WEB\N8N_tests\PROJETS\EMAIL_SENDER_1\tools\scripts\roadmap-parser\module\Tests\Invoke-AllTests.ps1 : ligne 86
à &lt;ScriptBlock&gt;, &lt;Aucun fichier&gt; : ligne 1</stack-trace>
                    </failure>
                  </test-case>
                  <test-case description="Devrait retourner False pour une adresse email invalide" name="Test-Format.Validation de format Email.Devrait retourner False pour une adresse email invalide" time="0.2176" asserts="0" success="False" result="Failure" executed="True">
                    <failure>
                      <message>CommandNotFoundException: Le terme « Test-Format » n'est pas reconnu comme nom d'applet de commande, fonction, fichier de script ou programme exécutable. Vérifiez l'orthographe du nom, ou si un chemin d'accès existe, vérifiez que le chemin d'accès est correct et réessayez.</message>
                      <stack-trace>à &lt;ScriptBlock&gt;, D:\DO\WEB\N8N_tests\PROJETS\EMAIL_SENDER_1\tools\scripts\roadmap-parser\module\Tests\Validation\Test-Format.Tests.ps1 : ligne 20
à &lt;ScriptBlock&gt;, C:\Users\user\Documents\WindowsPowerShell\Modules\Pester\5.7.1\Pester.psm1 : ligne 2024
à &lt;ScriptBlock&gt;, C:\Users\user\Documents\WindowsPowerShell\Modules\Pester\5.7.1\Pester.psm1 : ligne 1985
à Invoke-ScriptBlock, C:\Users\user\Documents\WindowsPowerShell\Modules\Pester\5.7.1\Pester.psm1 : ligne 2157
à Invoke-TestItem, C:\Users\user\Documents\WindowsPowerShell\Modules\Pester\5.7.1\Pester.psm1 : ligne 1199
à Invoke-Block, C:\Users\user\Documents\WindowsPowerShell\Modules\Pester\5.7.1\Pester.psm1 : ligne 835
à &lt;ScriptBlock&gt;, C:\Users\user\Documents\WindowsPowerShell\Modules\Pester\5.7.1\Pester.psm1 : ligne 893
à &lt;ScriptBlock&gt;, C:\Users\user\Documents\WindowsPowerShell\Modules\Pester\5.7.1\Pester.psm1 : ligne 2024
à &lt;ScriptBlock&gt;, C:\Users\user\Documents\WindowsPowerShell\Modules\Pester\5.7.1\Pester.psm1 : ligne 1985
à Invoke-ScriptBlock, C:\Users\user\Documents\WindowsPowerShell\Modules\Pester\5.7.1\Pester.psm1 : ligne 2160
à Invoke-Block, C:\Users\user\Documents\WindowsPowerShell\Modules\Pester\5.7.1\Pester.psm1 : ligne 940
à &lt;ScriptBlock&gt;, C:\Users\user\Documents\WindowsPowerShell\Modules\Pester\5.7.1\Pester.psm1 : ligne 893
à &lt;ScriptBlock&gt;, C:\Users\user\Documents\WindowsPowerShell\Modules\Pester\5.7.1\Pester.psm1 : ligne 2024
à &lt;ScriptBlock&gt;, C:\Users\user\Documents\WindowsPowerShell\Modules\Pester\5.7.1\Pester.psm1 : ligne 1985
à Invoke-ScriptBlock, C:\Users\user\Documents\WindowsPowerShell\Modules\Pester\5.7.1\Pester.psm1 : ligne 2160
à Invoke-Block, C:\Users\user\Documents\WindowsPowerShell\Modules\Pester\5.7.1\Pester.psm1 : ligne 940
à &lt;ScriptBlock&gt;, C:\Users\user\Documents\WindowsPowerShell\Modules\Pester\5.7.1\Pester.psm1 : ligne 893
à &lt;ScriptBlock&gt;, C:\Users\user\Documents\WindowsPowerShell\Modules\Pester\5.7.1\Pester.psm1 : ligne 2024
à &lt;ScriptBlock&gt;, C:\Users\user\Documents\WindowsPowerShell\Modules\Pester\5.7.1\Pester.psm1 : ligne 1985
à Invoke-ScriptBlock, C:\Users\user\Documents\WindowsPowerShell\Modules\Pester\5.7.1\Pester.psm1 : ligne 2160
à Invoke-Block, C:\Users\user\Documents\WindowsPowerShell\Modules\Pester\5.7.1\Pester.psm1 : ligne 940
à &lt;ScriptBlock&gt;, C:\Users\user\Documents\WindowsPowerShell\Modules\Pester\5.7.1\Pester.psm1 : ligne 1688
à &lt;ScriptBlock&gt;, C:\Users\user\Documents\WindowsPowerShell\Modules\Pester\5.7.1\Pester.ps1 : ligne 3
à &lt;ScriptBlock&gt;, C:\Users\user\Documents\WindowsPowerShell\Modules\Pester\5.7.1\Pester.psm1 : ligne 3260
à Invoke-InNewScriptScope, C:\Users\user\Documents\WindowsPowerShell\Modules\Pester\5.7.1\Pester.psm1 : ligne 3267
à Run-Test, C:\Users\user\Documents\WindowsPowerShell\Modules\Pester\5.7.1\Pester.psm1 : ligne 1691
à Invoke-Test, C:\Users\user\Documents\WindowsPowerShell\Modules\Pester\5.7.1\Pester.psm1 : ligne 2512
à Invoke-Pester&lt;End&gt;, C:\Users\user\Documents\WindowsPowerShell\Modules\Pester\5.7.1\Pester.psm1 : ligne 4960
à &lt;ScriptBlock&gt;, D:\DO\WEB\N8N_tests\PROJETS\EMAIL_SENDER_1\tools\scripts\roadmap-parser\module\Tests\Invoke-AllTests.ps1 : ligne 86
à &lt;ScriptBlock&gt;, &lt;Aucun fichier&gt; : ligne 1</stack-trace>
                    </failure>
                  </test-case>
                </results>
              </test-suite>
              <test-suite type="TestFixture" name="Test-Format.Validation de format URL" executed="True" result="Failure" success="False" time="1.1817" asserts="0" description="Test-Format.Validation de format URL">
                <results>
                  <test-case description="Devrait retourner True pour une URL valide" name="Test-Format.Validation de format URL.Devrait retourner True pour une URL valide" time="0.2621" asserts="0" success="False" result="Failure" executed="True">
                    <failure>
                      <message>CommandNotFoundException: Le terme « Test-Format » n'est pas reconnu comme nom d'applet de commande, fonction, fichier de script ou programme exécutable. Vérifiez l'orthographe du nom, ou si un chemin d'accès existe, vérifiez que le chemin d'accès est correct et réessayez.</message>
                      <stack-trace>à &lt;ScriptBlock&gt;, D:\DO\WEB\N8N_tests\PROJETS\EMAIL_SENDER_1\tools\scripts\roadmap-parser\module\Tests\Validation\Test-Format.Tests.ps1 : ligne 26
à &lt;ScriptBlock&gt;, C:\Users\user\Documents\WindowsPowerShell\Modules\Pester\5.7.1\Pester.psm1 : ligne 2024
à &lt;ScriptBlock&gt;, C:\Users\user\Documents\WindowsPowerShell\Modules\Pester\5.7.1\Pester.psm1 : ligne 1985
à Invoke-ScriptBlock, C:\Users\user\Documents\WindowsPowerShell\Modules\Pester\5.7.1\Pester.psm1 : ligne 2157
à Invoke-TestItem, C:\Users\user\Documents\WindowsPowerShell\Modules\Pester\5.7.1\Pester.psm1 : ligne 1199
à Invoke-Block, C:\Users\user\Documents\WindowsPowerShell\Modules\Pester\5.7.1\Pester.psm1 : ligne 835
à &lt;ScriptBlock&gt;, C:\Users\user\Documents\WindowsPowerShell\Modules\Pester\5.7.1\Pester.psm1 : ligne 893
à &lt;ScriptBlock&gt;, C:\Users\user\Documents\WindowsPowerShell\Modules\Pester\5.7.1\Pester.psm1 : ligne 2024
à &lt;ScriptBlock&gt;, C:\Users\user\Documents\WindowsPowerShell\Modules\Pester\5.7.1\Pester.psm1 : ligne 1985
à Invoke-ScriptBlock, C:\Users\user\Documents\WindowsPowerShell\Modules\Pester\5.7.1\Pester.psm1 : ligne 2160
à Invoke-Block, C:\Users\user\Documents\WindowsPowerShell\Modules\Pester\5.7.1\Pester.psm1 : ligne 940
à &lt;ScriptBlock&gt;, C:\Users\user\Documents\WindowsPowerShell\Modules\Pester\5.7.1\Pester.psm1 : ligne 893
à &lt;ScriptBlock&gt;, C:\Users\user\Documents\WindowsPowerShell\Modules\Pester\5.7.1\Pester.psm1 : ligne 2024
à &lt;ScriptBlock&gt;, C:\Users\user\Documents\WindowsPowerShell\Modules\Pester\5.7.1\Pester.psm1 : ligne 1985
à Invoke-ScriptBlock, C:\Users\user\Documents\WindowsPowerShell\Modules\Pester\5.7.1\Pester.psm1 : ligne 2160
à Invoke-Block, C:\Users\user\Documents\WindowsPowerShell\Modules\Pester\5.7.1\Pester.psm1 : ligne 940
à &lt;ScriptBlock&gt;, C:\Users\user\Documents\WindowsPowerShell\Modules\Pester\5.7.1\Pester.psm1 : ligne 893
à &lt;ScriptBlock&gt;, C:\Users\user\Documents\WindowsPowerShell\Modules\Pester\5.7.1\Pester.psm1 : ligne 2024
à &lt;ScriptBlock&gt;, C:\Users\user\Documents\WindowsPowerShell\Modules\Pester\5.7.1\Pester.psm1 : ligne 1985
à Invoke-ScriptBlock, C:\Users\user\Documents\WindowsPowerShell\Modules\Pester\5.7.1\Pester.psm1 : ligne 2160
à Invoke-Block, C:\Users\user\Documents\WindowsPowerShell\Modules\Pester\5.7.1\Pester.psm1 : ligne 940
à &lt;ScriptBlock&gt;, C:\Users\user\Documents\WindowsPowerShell\Modules\Pester\5.7.1\Pester.psm1 : ligne 1688
à &lt;ScriptBlock&gt;, C:\Users\user\Documents\WindowsPowerShell\Modules\Pester\5.7.1\Pester.ps1 : ligne 3
à &lt;ScriptBlock&gt;, C:\Users\user\Documents\WindowsPowerShell\Modules\Pester\5.7.1\Pester.psm1 : ligne 3260
à Invoke-InNewScriptScope, C:\Users\user\Documents\WindowsPowerShell\Modules\Pester\5.7.1\Pester.psm1 : ligne 3267
à Run-Test, C:\Users\user\Documents\WindowsPowerShell\Modules\Pester\5.7.1\Pester.psm1 : ligne 1691
à Invoke-Test, C:\Users\user\Documents\WindowsPowerShell\Modules\Pester\5.7.1\Pester.psm1 : ligne 2512
à Invoke-Pester&lt;End&gt;, C:\Users\user\Documents\WindowsPowerShell\Modules\Pester\5.7.1\Pester.psm1 : ligne 4960
à &lt;ScriptBlock&gt;, D:\DO\WEB\N8N_tests\PROJETS\EMAIL_SENDER_1\tools\scripts\roadmap-parser\module\Tests\Invoke-AllTests.ps1 : ligne 86
à &lt;ScriptBlock&gt;, &lt;Aucun fichier&gt; : ligne 1</stack-trace>
                    </failure>
                  </test-case>
                  <test-case description="Devrait retourner False pour une URL invalide" name="Test-Format.Validation de format URL.Devrait retourner False pour une URL invalide" time="0.2208" asserts="0" success="False" result="Failure" executed="True">
                    <failure>
                      <message>CommandNotFoundException: Le terme « Test-Format » n'est pas reconnu comme nom d'applet de commande, fonction, fichier de script ou programme exécutable. Vérifiez l'orthographe du nom, ou si un chemin d'accès existe, vérifiez que le chemin d'accès est correct et réessayez.</message>
                      <stack-trace>à &lt;ScriptBlock&gt;, D:\DO\WEB\N8N_tests\PROJETS\EMAIL_SENDER_1\tools\scripts\roadmap-parser\module\Tests\Validation\Test-Format.Tests.ps1 : ligne 30
à &lt;ScriptBlock&gt;, C:\Users\user\Documents\WindowsPowerShell\Modules\Pester\5.7.1\Pester.psm1 : ligne 2024
à &lt;ScriptBlock&gt;, C:\Users\user\Documents\WindowsPowerShell\Modules\Pester\5.7.1\Pester.psm1 : ligne 1985
à Invoke-ScriptBlock, C:\Users\user\Documents\WindowsPowerShell\Modules\Pester\5.7.1\Pester.psm1 : ligne 2157
à Invoke-TestItem, C:\Users\user\Documents\WindowsPowerShell\Modules\Pester\5.7.1\Pester.psm1 : ligne 1199
à Invoke-Block, C:\Users\user\Documents\WindowsPowerShell\Modules\Pester\5.7.1\Pester.psm1 : ligne 835
à &lt;ScriptBlock&gt;, C:\Users\user\Documents\WindowsPowerShell\Modules\Pester\5.7.1\Pester.psm1 : ligne 893
à &lt;ScriptBlock&gt;, C:\Users\user\Documents\WindowsPowerShell\Modules\Pester\5.7.1\Pester.psm1 : ligne 2024
à &lt;ScriptBlock&gt;, C:\Users\user\Documents\WindowsPowerShell\Modules\Pester\5.7.1\Pester.psm1 : ligne 1985
à Invoke-ScriptBlock, C:\Users\user\Documents\WindowsPowerShell\Modules\Pester\5.7.1\Pester.psm1 : ligne 2160
à Invoke-Block, C:\Users\user\Documents\WindowsPowerShell\Modules\Pester\5.7.1\Pester.psm1 : ligne 940
à &lt;ScriptBlock&gt;, C:\Users\user\Documents\WindowsPowerShell\Modules\Pester\5.7.1\Pester.psm1 : ligne 893
à &lt;ScriptBlock&gt;, C:\Users\user\Documents\WindowsPowerShell\Modules\Pester\5.7.1\Pester.psm1 : ligne 2024
à &lt;ScriptBlock&gt;, C:\Users\user\Documents\WindowsPowerShell\Modules\Pester\5.7.1\Pester.psm1 : ligne 1985
à Invoke-ScriptBlock, C:\Users\user\Documents\WindowsPowerShell\Modules\Pester\5.7.1\Pester.psm1 : ligne 2160
à Invoke-Block, C:\Users\user\Documents\WindowsPowerShell\Modules\Pester\5.7.1\Pester.psm1 : ligne 940
à &lt;ScriptBlock&gt;, C:\Users\user\Documents\WindowsPowerShell\Modules\Pester\5.7.1\Pester.psm1 : ligne 893
à &lt;ScriptBlock&gt;, C:\Users\user\Documents\WindowsPowerShell\Modules\Pester\5.7.1\Pester.psm1 : ligne 2024
à &lt;ScriptBlock&gt;, C:\Users\user\Documents\WindowsPowerShell\Modules\Pester\5.7.1\Pester.psm1 : ligne 1985
à Invoke-ScriptBlock, C:\Users\user\Documents\WindowsPowerShell\Modules\Pester\5.7.1\Pester.psm1 : ligne 2160
à Invoke-Block, C:\Users\user\Documents\WindowsPowerShell\Modules\Pester\5.7.1\Pester.psm1 : ligne 940
à &lt;ScriptBlock&gt;, C:\Users\user\Documents\WindowsPowerShell\Modules\Pester\5.7.1\Pester.psm1 : ligne 1688
à &lt;ScriptBlock&gt;, C:\Users\user\Documents\WindowsPowerShell\Modules\Pester\5.7.1\Pester.ps1 : ligne 3
à &lt;ScriptBlock&gt;, C:\Users\user\Documents\WindowsPowerShell\Modules\Pester\5.7.1\Pester.psm1 : ligne 3260
à Invoke-InNewScriptScope, C:\Users\user\Documents\WindowsPowerShell\Modules\Pester\5.7.1\Pester.psm1 : ligne 3267
à Run-Test, C:\Users\user\Documents\WindowsPowerShell\Modules\Pester\5.7.1\Pester.psm1 : ligne 1691
à Invoke-Test, C:\Users\user\Documents\WindowsPowerShell\Modules\Pester\5.7.1\Pester.psm1 : ligne 2512
à Invoke-Pester&lt;End&gt;, C:\Users\user\Documents\WindowsPowerShell\Modules\Pester\5.7.1\Pester.psm1 : ligne 4960
à &lt;ScriptBlock&gt;, D:\DO\WEB\N8N_tests\PROJETS\EMAIL_SENDER_1\tools\scripts\roadmap-parser\module\Tests\Invoke-AllTests.ps1 : ligne 86
à &lt;ScriptBlock&gt;, &lt;Aucun fichier&gt; : ligne 1</stack-trace>
                    </failure>
                  </test-case>
                </results>
              </test-suite>
              <test-suite type="TestFixture" name="Test-Format.Validation de format IPAddress" executed="True" result="Failure" success="False" time="1.7522" asserts="0" description="Test-Format.Validation de format IPAddress">
                <results>
                  <test-case description="Devrait retourner True pour une adresse IP valide" name="Test-Format.Validation de format IPAddress.Devrait retourner True pour une adresse IP valide" time="0.232" asserts="0" success="False" result="Failure" executed="True">
                    <failure>
                      <message>CommandNotFoundException: Le terme « Test-Format » n'est pas reconnu comme nom d'applet de commande, fonction, fichier de script ou programme exécutable. Vérifiez l'orthographe du nom, ou si un chemin d'accès existe, vérifiez que le chemin d'accès est correct et réessayez.</message>
                      <stack-trace>à &lt;ScriptBlock&gt;, D:\DO\WEB\N8N_tests\PROJETS\EMAIL_SENDER_1\tools\scripts\roadmap-parser\module\Tests\Validation\Test-Format.Tests.ps1 : ligne 36
à &lt;ScriptBlock&gt;, C:\Users\user\Documents\WindowsPowerShell\Modules\Pester\5.7.1\Pester.psm1 : ligne 2024
à &lt;ScriptBlock&gt;, C:\Users\user\Documents\WindowsPowerShell\Modules\Pester\5.7.1\Pester.psm1 : ligne 1985
à Invoke-ScriptBlock, C:\Users\user\Documents\WindowsPowerShell\Modules\Pester\5.7.1\Pester.psm1 : ligne 2157
à Invoke-TestItem, C:\Users\user\Documents\WindowsPowerShell\Modules\Pester\5.7.1\Pester.psm1 : ligne 1199
à Invoke-Block, C:\Users\user\Documents\WindowsPowerShell\Modules\Pester\5.7.1\Pester.psm1 : ligne 835
à &lt;ScriptBlock&gt;, C:\Users\user\Documents\WindowsPowerShell\Modules\Pester\5.7.1\Pester.psm1 : ligne 893
à &lt;ScriptBlock&gt;, C:\Users\user\Documents\WindowsPowerShell\Modules\Pester\5.7.1\Pester.psm1 : ligne 2024
à &lt;ScriptBlock&gt;, C:\Users\user\Documents\WindowsPowerShell\Modules\Pester\5.7.1\Pester.psm1 : ligne 1985
à Invoke-ScriptBlock, C:\Users\user\Documents\WindowsPowerShell\Modules\Pester\5.7.1\Pester.psm1 : ligne 2160
à Invoke-Block, C:\Users\user\Documents\WindowsPowerShell\Modules\Pester\5.7.1\Pester.psm1 : ligne 940
à &lt;ScriptBlock&gt;, C:\Users\user\Documents\WindowsPowerShell\Modules\Pester\5.7.1\Pester.psm1 : ligne 893
à &lt;ScriptBlock&gt;, C:\Users\user\Documents\WindowsPowerShell\Modules\Pester\5.7.1\Pester.psm1 : ligne 2024
à &lt;ScriptBlock&gt;, C:\Users\user\Documents\WindowsPowerShell\Modules\Pester\5.7.1\Pester.psm1 : ligne 1985
à Invoke-ScriptBlock, C:\Users\user\Documents\WindowsPowerShell\Modules\Pester\5.7.1\Pester.psm1 : ligne 2160
à Invoke-Block, C:\Users\user\Documents\WindowsPowerShell\Modules\Pester\5.7.1\Pester.psm1 : ligne 940
à &lt;ScriptBlock&gt;, C:\Users\user\Documents\WindowsPowerShell\Modules\Pester\5.7.1\Pester.psm1 : ligne 893
à &lt;ScriptBlock&gt;, C:\Users\user\Documents\WindowsPowerShell\Modules\Pester\5.7.1\Pester.psm1 : ligne 2024
à &lt;ScriptBlock&gt;, C:\Users\user\Documents\WindowsPowerShell\Modules\Pester\5.7.1\Pester.psm1 : ligne 1985
à Invoke-ScriptBlock, C:\Users\user\Documents\WindowsPowerShell\Modules\Pester\5.7.1\Pester.psm1 : ligne 2160
à Invoke-Block, C:\Users\user\Documents\WindowsPowerShell\Modules\Pester\5.7.1\Pester.psm1 : ligne 940
à &lt;ScriptBlock&gt;, C:\Users\user\Documents\WindowsPowerShell\Modules\Pester\5.7.1\Pester.psm1 : ligne 1688
à &lt;ScriptBlock&gt;, C:\Users\user\Documents\WindowsPowerShell\Modules\Pester\5.7.1\Pester.ps1 : ligne 3
à &lt;ScriptBlock&gt;, C:\Users\user\Documents\WindowsPowerShell\Modules\Pester\5.7.1\Pester.psm1 : ligne 3260
à Invoke-InNewScriptScope, C:\Users\user\Documents\WindowsPowerShell\Modules\Pester\5.7.1\Pester.psm1 : ligne 3267
à Run-Test, C:\Users\user\Documents\WindowsPowerShell\Modules\Pester\5.7.1\Pester.psm1 : ligne 1691
à Invoke-Test, C:\Users\user\Documents\WindowsPowerShell\Modules\Pester\5.7.1\Pester.psm1 : ligne 2512
à Invoke-Pester&lt;End&gt;, C:\Users\user\Documents\WindowsPowerShell\Modules\Pester\5.7.1\Pester.psm1 : ligne 4960
à &lt;ScriptBlock&gt;, D:\DO\WEB\N8N_tests\PROJETS\EMAIL_SENDER_1\tools\scripts\roadmap-parser\module\Tests\Invoke-AllTests.ps1 : ligne 86
à &lt;ScriptBlock&gt;, &lt;Aucun fichier&gt; : ligne 1</stack-trace>
                    </failure>
                  </test-case>
                  <test-case description="Devrait retourner False pour une adresse IP invalide" name="Test-Format.Validation de format IPAddress.Devrait retourner False pour une adresse IP invalide" time="0.224" asserts="0" success="False" result="Failure" executed="True">
                    <failure>
                      <message>CommandNotFoundException: Le terme « Test-Format » n'est pas reconnu comme nom d'applet de commande, fonction, fichier de script ou programme exécutable. Vérifiez l'orthographe du nom, ou si un chemin d'accès existe, vérifiez que le chemin d'accès est correct et réessayez.</message>
                      <stack-trace>à &lt;ScriptBlock&gt;, D:\DO\WEB\N8N_tests\PROJETS\EMAIL_SENDER_1\tools\scripts\roadmap-parser\module\Tests\Validation\Test-Format.Tests.ps1 : ligne 40
à &lt;ScriptBlock&gt;, C:\Users\user\Documents\WindowsPowerShell\Modules\Pester\5.7.1\Pester.psm1 : ligne 2024
à &lt;ScriptBlock&gt;, C:\Users\user\Documents\WindowsPowerShell\Modules\Pester\5.7.1\Pester.psm1 : ligne 1985
à Invoke-ScriptBlock, C:\Users\user\Documents\WindowsPowerShell\Modules\Pester\5.7.1\Pester.psm1 : ligne 2157
à Invoke-TestItem, C:\Users\user\Documents\WindowsPowerShell\Modules\Pester\5.7.1\Pester.psm1 : ligne 1199
à Invoke-Block, C:\Users\user\Documents\WindowsPowerShell\Modules\Pester\5.7.1\Pester.psm1 : ligne 835
à &lt;ScriptBlock&gt;, C:\Users\user\Documents\WindowsPowerShell\Modules\Pester\5.7.1\Pester.psm1 : ligne 893
à &lt;ScriptBlock&gt;, C:\Users\user\Documents\WindowsPowerShell\Modules\Pester\5.7.1\Pester.psm1 : ligne 2024
à &lt;ScriptBlock&gt;, C:\Users\user\Documents\WindowsPowerShell\Modules\Pester\5.7.1\Pester.psm1 : ligne 1985
à Invoke-ScriptBlock, C:\Users\user\Documents\WindowsPowerShell\Modules\Pester\5.7.1\Pester.psm1 : ligne 2160
à Invoke-Block, C:\Users\user\Documents\WindowsPowerShell\Modules\Pester\5.7.1\Pester.psm1 : ligne 940
à &lt;ScriptBlock&gt;, C:\Users\user\Documents\WindowsPowerShell\Modules\Pester\5.7.1\Pester.psm1 : ligne 893
à &lt;ScriptBlock&gt;, C:\Users\user\Documents\WindowsPowerShell\Modules\Pester\5.7.1\Pester.psm1 : ligne 2024
à &lt;ScriptBlock&gt;, C:\Users\user\Documents\WindowsPowerShell\Modules\Pester\5.7.1\Pester.psm1 : ligne 1985
à Invoke-ScriptBlock, C:\Users\user\Documents\WindowsPowerShell\Modules\Pester\5.7.1\Pester.psm1 : ligne 2160
à Invoke-Block, C:\Users\user\Documents\WindowsPowerShell\Modules\Pester\5.7.1\Pester.psm1 : ligne 940
à &lt;ScriptBlock&gt;, C:\Users\user\Documents\WindowsPowerShell\Modules\Pester\5.7.1\Pester.psm1 : ligne 893
à &lt;ScriptBlock&gt;, C:\Users\user\Documents\WindowsPowerShell\Modules\Pester\5.7.1\Pester.psm1 : ligne 2024
à &lt;ScriptBlock&gt;, C:\Users\user\Documents\WindowsPowerShell\Modules\Pester\5.7.1\Pester.psm1 : ligne 1985
à Invoke-ScriptBlock, C:\Users\user\Documents\WindowsPowerShell\Modules\Pester\5.7.1\Pester.psm1 : ligne 2160
à Invoke-Block, C:\Users\user\Documents\WindowsPowerShell\Modules\Pester\5.7.1\Pester.psm1 : ligne 940
à &lt;ScriptBlock&gt;, C:\Users\user\Documents\WindowsPowerShell\Modules\Pester\5.7.1\Pester.psm1 : ligne 1688
à &lt;ScriptBlock&gt;, C:\Users\user\Documents\WindowsPowerShell\Modules\Pester\5.7.1\Pester.ps1 : ligne 3
à &lt;ScriptBlock&gt;, C:\Users\user\Documents\WindowsPowerShell\Modules\Pester\5.7.1\Pester.psm1 : ligne 3260
à Invoke-InNewScriptScope, C:\Users\user\Documents\WindowsPowerShell\Modules\Pester\5.7.1\Pester.psm1 : ligne 3267
à Run-Test, C:\Users\user\Documents\WindowsPowerShell\Modules\Pester\5.7.1\Pester.psm1 : ligne 1691
à Invoke-Test, C:\Users\user\Documents\WindowsPowerShell\Modules\Pester\5.7.1\Pester.psm1 : ligne 2512
à Invoke-Pester&lt;End&gt;, C:\Users\user\Documents\WindowsPowerShell\Modules\Pester\5.7.1\Pester.psm1 : ligne 4960
à &lt;ScriptBlock&gt;, D:\DO\WEB\N8N_tests\PROJETS\EMAIL_SENDER_1\tools\scripts\roadmap-parser\module\Tests\Invoke-AllTests.ps1 : ligne 86
à &lt;ScriptBlock&gt;, &lt;Aucun fichier&gt; : ligne 1</stack-trace>
                    </failure>
                  </test-case>
                </results>
              </test-suite>
              <test-suite type="TestFixture" name="Test-Format.Validation de format PhoneNumber" executed="True" result="Failure" success="False" time="2.3961" asserts="0" description="Test-Format.Validation de format PhoneNumber">
                <results>
                  <test-case description="Devrait retourner True pour un numÃ©ro de tÃ©lÃ©phone valide" name="Test-Format.Validation de format PhoneNumber.Devrait retourner True pour un numÃ©ro de tÃ©lÃ©phone valide" time="0.2671" asserts="0" success="False" result="Failure" executed="True">
                    <failure>
                      <message>CommandNotFoundException: Le terme « Test-Format » n'est pas reconnu comme nom d'applet de commande, fonction, fichier de script ou programme exécutable. Vérifiez l'orthographe du nom, ou si un chemin d'accès existe, vérifiez que le chemin d'accès est correct et réessayez.</message>
                      <stack-trace>à &lt;ScriptBlock&gt;, D:\DO\WEB\N8N_tests\PROJETS\EMAIL_SENDER_1\tools\scripts\roadmap-parser\module\Tests\Validation\Test-Format.Tests.ps1 : ligne 46
à &lt;ScriptBlock&gt;, C:\Users\user\Documents\WindowsPowerShell\Modules\Pester\5.7.1\Pester.psm1 : ligne 2024
à &lt;ScriptBlock&gt;, C:\Users\user\Documents\WindowsPowerShell\Modules\Pester\5.7.1\Pester.psm1 : ligne 1985
à Invoke-ScriptBlock, C:\Users\user\Documents\WindowsPowerShell\Modules\Pester\5.7.1\Pester.psm1 : ligne 2157
à Invoke-TestItem, C:\Users\user\Documents\WindowsPowerShell\Modules\Pester\5.7.1\Pester.psm1 : ligne 1199
à Invoke-Block, C:\Users\user\Documents\WindowsPowerShell\Modules\Pester\5.7.1\Pester.psm1 : ligne 835
à &lt;ScriptBlock&gt;, C:\Users\user\Documents\WindowsPowerShell\Modules\Pester\5.7.1\Pester.psm1 : ligne 893
à &lt;ScriptBlock&gt;, C:\Users\user\Documents\WindowsPowerShell\Modules\Pester\5.7.1\Pester.psm1 : ligne 2024
à &lt;ScriptBlock&gt;, C:\Users\user\Documents\WindowsPowerShell\Modules\Pester\5.7.1\Pester.psm1 : ligne 1985
à Invoke-ScriptBlock, C:\Users\user\Documents\WindowsPowerShell\Modules\Pester\5.7.1\Pester.psm1 : ligne 2160
à Invoke-Block, C:\Users\user\Documents\WindowsPowerShell\Modules\Pester\5.7.1\Pester.psm1 : ligne 940
à &lt;ScriptBlock&gt;, C:\Users\user\Documents\WindowsPowerShell\Modules\Pester\5.7.1\Pester.psm1 : ligne 893
à &lt;ScriptBlock&gt;, C:\Users\user\Documents\WindowsPowerShell\Modules\Pester\5.7.1\Pester.psm1 : ligne 2024
à &lt;ScriptBlock&gt;, C:\Users\user\Documents\WindowsPowerShell\Modules\Pester\5.7.1\Pester.psm1 : ligne 1985
à Invoke-ScriptBlock, C:\Users\user\Documents\WindowsPowerShell\Modules\Pester\5.7.1\Pester.psm1 : ligne 2160
à Invoke-Block, C:\Users\user\Documents\WindowsPowerShell\Modules\Pester\5.7.1\Pester.psm1 : ligne 940
à &lt;ScriptBlock&gt;, C:\Users\user\Documents\WindowsPowerShell\Modules\Pester\5.7.1\Pester.psm1 : ligne 893
à &lt;ScriptBlock&gt;, C:\Users\user\Documents\WindowsPowerShell\Modules\Pester\5.7.1\Pester.psm1 : ligne 2024
à &lt;ScriptBlock&gt;, C:\Users\user\Documents\WindowsPowerShell\Modules\Pester\5.7.1\Pester.psm1 : ligne 1985
à Invoke-ScriptBlock, C:\Users\user\Documents\WindowsPowerShell\Modules\Pester\5.7.1\Pester.psm1 : ligne 2160
à Invoke-Block, C:\Users\user\Documents\WindowsPowerShell\Modules\Pester\5.7.1\Pester.psm1 : ligne 940
à &lt;ScriptBlock&gt;, C:\Users\user\Documents\WindowsPowerShell\Modules\Pester\5.7.1\Pester.psm1 : ligne 1688
à &lt;ScriptBlock&gt;, C:\Users\user\Documents\WindowsPowerShell\Modules\Pester\5.7.1\Pester.ps1 : ligne 3
à &lt;ScriptBlock&gt;, C:\Users\user\Documents\WindowsPowerShell\Modules\Pester\5.7.1\Pester.psm1 : ligne 3260
à Invoke-InNewScriptScope, C:\Users\user\Documents\WindowsPowerShell\Modules\Pester\5.7.1\Pester.psm1 : ligne 3267
à Run-Test, C:\Users\user\Documents\WindowsPowerShell\Modules\Pester\5.7.1\Pester.psm1 : ligne 1691
à Invoke-Test, C:\Users\user\Documents\WindowsPowerShell\Modules\Pester\5.7.1\Pester.psm1 : ligne 2512
à Invoke-Pester&lt;End&gt;, C:\Users\user\Documents\WindowsPowerShell\Modules\Pester\5.7.1\Pester.psm1 : ligne 4960
à &lt;ScriptBlock&gt;, D:\DO\WEB\N8N_tests\PROJETS\EMAIL_SENDER_1\tools\scripts\roadmap-parser\module\Tests\Invoke-AllTests.ps1 : ligne 86
à &lt;ScriptBlock&gt;, &lt;Aucun fichier&gt; : ligne 1</stack-trace>
                    </failure>
                  </test-case>
                  <test-case description="Devrait retourner False pour un numÃ©ro de tÃ©lÃ©phone invalide" name="Test-Format.Validation de format PhoneNumber.Devrait retourner False pour un numÃ©ro de tÃ©lÃ©phone invalide" time="0.2576" asserts="0" success="False" result="Failure" executed="True">
                    <failure>
                      <message>CommandNotFoundException: Le terme « Test-Format » n'est pas reconnu comme nom d'applet de commande, fonction, fichier de script ou programme exécutable. Vérifiez l'orthographe du nom, ou si un chemin d'accès existe, vérifiez que le chemin d'accès est correct et réessayez.</message>
                      <stack-trace>à &lt;ScriptBlock&gt;, D:\DO\WEB\N8N_tests\PROJETS\EMAIL_SENDER_1\tools\scripts\roadmap-parser\module\Tests\Validation\Test-Format.Tests.ps1 : ligne 50
à &lt;ScriptBlock&gt;, C:\Users\user\Documents\WindowsPowerShell\Modules\Pester\5.7.1\Pester.psm1 : ligne 2024
à &lt;ScriptBlock&gt;, C:\Users\user\Documents\WindowsPowerShell\Modules\Pester\5.7.1\Pester.psm1 : ligne 1985
à Invoke-ScriptBlock, C:\Users\user\Documents\WindowsPowerShell\Modules\Pester\5.7.1\Pester.psm1 : ligne 2157
à Invoke-TestItem, C:\Users\user\Documents\WindowsPowerShell\Modules\Pester\5.7.1\Pester.psm1 : ligne 1199
à Invoke-Block, C:\Users\user\Documents\WindowsPowerShell\Modules\Pester\5.7.1\Pester.psm1 : ligne 835
à &lt;ScriptBlock&gt;, C:\Users\user\Documents\WindowsPowerShell\Modules\Pester\5.7.1\Pester.psm1 : ligne 893
à &lt;ScriptBlock&gt;, C:\Users\user\Documents\WindowsPowerShell\Modules\Pester\5.7.1\Pester.psm1 : ligne 2024
à &lt;ScriptBlock&gt;, C:\Users\user\Documents\WindowsPowerShell\Modules\Pester\5.7.1\Pester.psm1 : ligne 1985
à Invoke-ScriptBlock, C:\Users\user\Documents\WindowsPowerShell\Modules\Pester\5.7.1\Pester.psm1 : ligne 2160
à Invoke-Block, C:\Users\user\Documents\WindowsPowerShell\Modules\Pester\5.7.1\Pester.psm1 : ligne 940
à &lt;ScriptBlock&gt;, C:\Users\user\Documents\WindowsPowerShell\Modules\Pester\5.7.1\Pester.psm1 : ligne 893
à &lt;ScriptBlock&gt;, C:\Users\user\Documents\WindowsPowerShell\Modules\Pester\5.7.1\Pester.psm1 : ligne 2024
à &lt;ScriptBlock&gt;, C:\Users\user\Documents\WindowsPowerShell\Modules\Pester\5.7.1\Pester.psm1 : ligne 1985
à Invoke-ScriptBlock, C:\Users\user\Documents\WindowsPowerShell\Modules\Pester\5.7.1\Pester.psm1 : ligne 2160
à Invoke-Block, C:\Users\user\Documents\WindowsPowerShell\Modules\Pester\5.7.1\Pester.psm1 : ligne 940
à &lt;ScriptBlock&gt;, C:\Users\user\Documents\WindowsPowerShell\Modules\Pester\5.7.1\Pester.psm1 : ligne 893
à &lt;ScriptBlock&gt;, C:\Users\user\Documents\WindowsPowerShell\Modules\Pester\5.7.1\Pester.psm1 : ligne 2024
à &lt;ScriptBlock&gt;, C:\Users\user\Documents\WindowsPowerShell\Modules\Pester\5.7.1\Pester.psm1 : ligne 1985
à Invoke-ScriptBlock, C:\Users\user\Documents\WindowsPowerShell\Modules\Pester\5.7.1\Pester.psm1 : ligne 2160
à Invoke-Block, C:\Users\user\Documents\WindowsPowerShell\Modules\Pester\5.7.1\Pester.psm1 : ligne 940
à &lt;ScriptBlock&gt;, C:\Users\user\Documents\WindowsPowerShell\Modules\Pester\5.7.1\Pester.psm1 : ligne 1688
à &lt;ScriptBlock&gt;, C:\Users\user\Documents\WindowsPowerShell\Modules\Pester\5.7.1\Pester.ps1 : ligne 3
à &lt;ScriptBlock&gt;, C:\Users\user\Documents\WindowsPowerShell\Modules\Pester\5.7.1\Pester.psm1 : ligne 3260
à Invoke-InNewScriptScope, C:\Users\user\Documents\WindowsPowerShell\Modules\Pester\5.7.1\Pester.psm1 : ligne 3267
à Run-Test, C:\Users\user\Documents\WindowsPowerShell\Modules\Pester\5.7.1\Pester.psm1 : ligne 1691
à Invoke-Test, C:\Users\user\Documents\WindowsPowerShell\Modules\Pester\5.7.1\Pester.psm1 : ligne 2512
à Invoke-Pester&lt;End&gt;, C:\Users\user\Documents\WindowsPowerShell\Modules\Pester\5.7.1\Pester.psm1 : ligne 4960
à &lt;ScriptBlock&gt;, D:\DO\WEB\N8N_tests\PROJETS\EMAIL_SENDER_1\tools\scripts\roadmap-parser\module\Tests\Invoke-AllTests.ps1 : ligne 86
à &lt;ScriptBlock&gt;, &lt;Aucun fichier&gt; : ligne 1</stack-trace>
                    </failure>
                  </test-case>
                </results>
              </test-suite>
              <test-suite type="TestFixture" name="Test-Format.Validation de format ZipCode" executed="True" result="Failure" success="False" time="3.0048" asserts="0" description="Test-Format.Validation de format ZipCode">
                <results>
                  <test-case description="Devrait retourner True pour un code postal valide" name="Test-Format.Validation de format ZipCode.Devrait retourner True pour un code postal valide" time="0.2401" asserts="0" success="False" result="Failure" executed="True">
                    <failure>
                      <message>CommandNotFoundException: Le terme « Test-Format » n'est pas reconnu comme nom d'applet de commande, fonction, fichier de script ou programme exécutable. Vérifiez l'orthographe du nom, ou si un chemin d'accès existe, vérifiez que le chemin d'accès est correct et réessayez.</message>
                      <stack-trace>à &lt;ScriptBlock&gt;, D:\DO\WEB\N8N_tests\PROJETS\EMAIL_SENDER_1\tools\scripts\roadmap-parser\module\Tests\Validation\Test-Format.Tests.ps1 : ligne 56
à &lt;ScriptBlock&gt;, C:\Users\user\Documents\WindowsPowerShell\Modules\Pester\5.7.1\Pester.psm1 : ligne 2024
à &lt;ScriptBlock&gt;, C:\Users\user\Documents\WindowsPowerShell\Modules\Pester\5.7.1\Pester.psm1 : ligne 1985
à Invoke-ScriptBlock, C:\Users\user\Documents\WindowsPowerShell\Modules\Pester\5.7.1\Pester.psm1 : ligne 2157
à Invoke-TestItem, C:\Users\user\Documents\WindowsPowerShell\Modules\Pester\5.7.1\Pester.psm1 : ligne 1199
à Invoke-Block, C:\Users\user\Documents\WindowsPowerShell\Modules\Pester\5.7.1\Pester.psm1 : ligne 835
à &lt;ScriptBlock&gt;, C:\Users\user\Documents\WindowsPowerShell\Modules\Pester\5.7.1\Pester.psm1 : ligne 893
à &lt;ScriptBlock&gt;, C:\Users\user\Documents\WindowsPowerShell\Modules\Pester\5.7.1\Pester.psm1 : ligne 2024
à &lt;ScriptBlock&gt;, C:\Users\user\Documents\WindowsPowerShell\Modules\Pester\5.7.1\Pester.psm1 : ligne 1985
à Invoke-ScriptBlock, C:\Users\user\Documents\WindowsPowerShell\Modules\Pester\5.7.1\Pester.psm1 : ligne 2160
à Invoke-Block, C:\Users\user\Documents\WindowsPowerShell\Modules\Pester\5.7.1\Pester.psm1 : ligne 940
à &lt;ScriptBlock&gt;, C:\Users\user\Documents\WindowsPowerShell\Modules\Pester\5.7.1\Pester.psm1 : ligne 893
à &lt;ScriptBlock&gt;, C:\Users\user\Documents\WindowsPowerShell\Modules\Pester\5.7.1\Pester.psm1 : ligne 2024
à &lt;ScriptBlock&gt;, C:\Users\user\Documents\WindowsPowerShell\Modules\Pester\5.7.1\Pester.psm1 : ligne 1985
à Invoke-ScriptBlock, C:\Users\user\Documents\WindowsPowerShell\Modules\Pester\5.7.1\Pester.psm1 : ligne 2160
à Invoke-Block, C:\Users\user\Documents\WindowsPowerShell\Modules\Pester\5.7.1\Pester.psm1 : ligne 940
à &lt;ScriptBlock&gt;, C:\Users\user\Documents\WindowsPowerShell\Modules\Pester\5.7.1\Pester.psm1 : ligne 893
à &lt;ScriptBlock&gt;, C:\Users\user\Documents\WindowsPowerShell\Modules\Pester\5.7.1\Pester.psm1 : ligne 2024
à &lt;ScriptBlock&gt;, C:\Users\user\Documents\WindowsPowerShell\Modules\Pester\5.7.1\Pester.psm1 : ligne 1985
à Invoke-ScriptBlock, C:\Users\user\Documents\WindowsPowerShell\Modules\Pester\5.7.1\Pester.psm1 : ligne 2160
à Invoke-Block, C:\Users\user\Documents\WindowsPowerShell\Modules\Pester\5.7.1\Pester.psm1 : ligne 940
à &lt;ScriptBlock&gt;, C:\Users\user\Documents\WindowsPowerShell\Modules\Pester\5.7.1\Pester.psm1 : ligne 1688
à &lt;ScriptBlock&gt;, C:\Users\user\Documents\WindowsPowerShell\Modules\Pester\5.7.1\Pester.ps1 : ligne 3
à &lt;ScriptBlock&gt;, C:\Users\user\Documents\WindowsPowerShell\Modules\Pester\5.7.1\Pester.psm1 : ligne 3260
à Invoke-InNewScriptScope, C:\Users\user\Documents\WindowsPowerShell\Modules\Pester\5.7.1\Pester.psm1 : ligne 3267
à Run-Test, C:\Users\user\Documents\WindowsPowerShell\Modules\Pester\5.7.1\Pester.psm1 : ligne 1691
à Invoke-Test, C:\Users\user\Documents\WindowsPowerShell\Modules\Pester\5.7.1\Pester.psm1 : ligne 2512
à Invoke-Pester&lt;End&gt;, C:\Users\user\Documents\WindowsPowerShell\Modules\Pester\5.7.1\Pester.psm1 : ligne 4960
à &lt;ScriptBlock&gt;, D:\DO\WEB\N8N_tests\PROJETS\EMAIL_SENDER_1\tools\scripts\roadmap-parser\module\Tests\Invoke-AllTests.ps1 : ligne 86
à &lt;ScriptBlock&gt;, &lt;Aucun fichier&gt; : ligne 1</stack-trace>
                    </failure>
                  </test-case>
                  <test-case description="Devrait retourner False pour un code postal invalide" name="Test-Format.Validation de format ZipCode.Devrait retourner False pour un code postal invalide" time="0.2516" asserts="0" success="False" result="Failure" executed="True">
                    <failure>
                      <message>CommandNotFoundException: Le terme « Test-Format » n'est pas reconnu comme nom d'applet de commande, fonction, fichier de script ou programme exécutable. Vérifiez l'orthographe du nom, ou si un chemin d'accès existe, vérifiez que le chemin d'accès est correct et réessayez.</message>
                      <stack-trace>à &lt;ScriptBlock&gt;, D:\DO\WEB\N8N_tests\PROJETS\EMAIL_SENDER_1\tools\scripts\roadmap-parser\module\Tests\Validation\Test-Format.Tests.ps1 : ligne 60
à &lt;ScriptBlock&gt;, C:\Users\user\Documents\WindowsPowerShell\Modules\Pester\5.7.1\Pester.psm1 : ligne 2024
à &lt;ScriptBlock&gt;, C:\Users\user\Documents\WindowsPowerShell\Modules\Pester\5.7.1\Pester.psm1 : ligne 1985
à Invoke-ScriptBlock, C:\Users\user\Documents\WindowsPowerShell\Modules\Pester\5.7.1\Pester.psm1 : ligne 2157
à Invoke-TestItem, C:\Users\user\Documents\WindowsPowerShell\Modules\Pester\5.7.1\Pester.psm1 : ligne 1199
à Invoke-Block, C:\Users\user\Documents\WindowsPowerShell\Modules\Pester\5.7.1\Pester.psm1 : ligne 835
à &lt;ScriptBlock&gt;, C:\Users\user\Documents\WindowsPowerShell\Modules\Pester\5.7.1\Pester.psm1 : ligne 893
à &lt;ScriptBlock&gt;, C:\Users\user\Documents\WindowsPowerShell\Modules\Pester\5.7.1\Pester.psm1 : ligne 2024
à &lt;ScriptBlock&gt;, C:\Users\user\Documents\WindowsPowerShell\Modules\Pester\5.7.1\Pester.psm1 : ligne 1985
à Invoke-ScriptBlock, C:\Users\user\Documents\WindowsPowerShell\Modules\Pester\5.7.1\Pester.psm1 : ligne 2160
à Invoke-Block, C:\Users\user\Documents\WindowsPowerShell\Modules\Pester\5.7.1\Pester.psm1 : ligne 940
à &lt;ScriptBlock&gt;, C:\Users\user\Documents\WindowsPowerShell\Modules\Pester\5.7.1\Pester.psm1 : ligne 893
à &lt;ScriptBlock&gt;, C:\Users\user\Documents\WindowsPowerShell\Modules\Pester\5.7.1\Pester.psm1 : ligne 2024
à &lt;ScriptBlock&gt;, C:\Users\user\Documents\WindowsPowerShell\Modules\Pester\5.7.1\Pester.psm1 : ligne 1985
à Invoke-ScriptBlock, C:\Users\user\Documents\WindowsPowerShell\Modules\Pester\5.7.1\Pester.psm1 : ligne 2160
à Invoke-Block, C:\Users\user\Documents\WindowsPowerShell\Modules\Pester\5.7.1\Pester.psm1 : ligne 940
à &lt;ScriptBlock&gt;, C:\Users\user\Documents\WindowsPowerShell\Modules\Pester\5.7.1\Pester.psm1 : ligne 893
à &lt;ScriptBlock&gt;, C:\Users\user\Documents\WindowsPowerShell\Modules\Pester\5.7.1\Pester.psm1 : ligne 2024
à &lt;ScriptBlock&gt;, C:\Users\user\Documents\WindowsPowerShell\Modules\Pester\5.7.1\Pester.psm1 : ligne 1985
à Invoke-ScriptBlock, C:\Users\user\Documents\WindowsPowerShell\Modules\Pester\5.7.1\Pester.psm1 : ligne 2160
à Invoke-Block, C:\Users\user\Documents\WindowsPowerShell\Modules\Pester\5.7.1\Pester.psm1 : ligne 940
à &lt;ScriptBlock&gt;, C:\Users\user\Documents\WindowsPowerShell\Modules\Pester\5.7.1\Pester.psm1 : ligne 1688
à &lt;ScriptBlock&gt;, C:\Users\user\Documents\WindowsPowerShell\Modules\Pester\5.7.1\Pester.ps1 : ligne 3
à &lt;ScriptBlock&gt;, C:\Users\user\Documents\WindowsPowerShell\Modules\Pester\5.7.1\Pester.psm1 : ligne 3260
à Invoke-InNewScriptScope, C:\Users\user\Documents\WindowsPowerShell\Modules\Pester\5.7.1\Pester.psm1 : ligne 3267
à Run-Test, C:\Users\user\Documents\WindowsPowerShell\Modules\Pester\5.7.1\Pester.psm1 : ligne 1691
à Invoke-Test, C:\Users\user\Documents\WindowsPowerShell\Modules\Pester\5.7.1\Pester.psm1 : ligne 2512
à Invoke-Pester&lt;End&gt;, C:\Users\user\Documents\WindowsPowerShell\Modules\Pester\5.7.1\Pester.psm1 : ligne 4960
à &lt;ScriptBlock&gt;, D:\DO\WEB\N8N_tests\PROJETS\EMAIL_SENDER_1\tools\scripts\roadmap-parser\module\Tests\Invoke-AllTests.ps1 : ligne 86
à &lt;ScriptBlock&gt;, &lt;Aucun fichier&gt; : ligne 1</stack-trace>
                    </failure>
                  </test-case>
                </results>
              </test-suite>
              <test-suite type="TestFixture" name="Test-Format.Validation de format Date" executed="True" result="Failure" success="False" time="3.5786" asserts="0" description="Test-Format.Validation de format Date">
                <results>
                  <test-case description="Devrait retourner True pour une date valide" name="Test-Format.Validation de format Date.Devrait retourner True pour une date valide" time="0.2475" asserts="0" success="False" result="Failure" executed="True">
                    <failure>
                      <message>CommandNotFoundException: Le terme « Test-Format » n'est pas reconnu comme nom d'applet de commande, fonction, fichier de script ou programme exécutable. Vérifiez l'orthographe du nom, ou si un chemin d'accès existe, vérifiez que le chemin d'accès est correct et réessayez.</message>
                      <stack-trace>à &lt;ScriptBlock&gt;, D:\DO\WEB\N8N_tests\PROJETS\EMAIL_SENDER_1\tools\scripts\roadmap-parser\module\Tests\Validation\Test-Format.Tests.ps1 : ligne 66
à &lt;ScriptBlock&gt;, C:\Users\user\Documents\WindowsPowerShell\Modules\Pester\5.7.1\Pester.psm1 : ligne 2024
à &lt;ScriptBlock&gt;, C:\Users\user\Documents\WindowsPowerShell\Modules\Pester\5.7.1\Pester.psm1 : ligne 1985
à Invoke-ScriptBlock, C:\Users\user\Documents\WindowsPowerShell\Modules\Pester\5.7.1\Pester.psm1 : ligne 2157
à Invoke-TestItem, C:\Users\user\Documents\WindowsPowerShell\Modules\Pester\5.7.1\Pester.psm1 : ligne 1199
à Invoke-Block, C:\Users\user\Documents\WindowsPowerShell\Modules\Pester\5.7.1\Pester.psm1 : ligne 835
à &lt;ScriptBlock&gt;, C:\Users\user\Documents\WindowsPowerShell\Modules\Pester\5.7.1\Pester.psm1 : ligne 893
à &lt;ScriptBlock&gt;, C:\Users\user\Documents\WindowsPowerShell\Modules\Pester\5.7.1\Pester.psm1 : ligne 2024
à &lt;ScriptBlock&gt;, C:\Users\user\Documents\WindowsPowerShell\Modules\Pester\5.7.1\Pester.psm1 : ligne 1985
à Invoke-ScriptBlock, C:\Users\user\Documents\WindowsPowerShell\Modules\Pester\5.7.1\Pester.psm1 : ligne 2160
à Invoke-Block, C:\Users\user\Documents\WindowsPowerShell\Modules\Pester\5.7.1\Pester.psm1 : ligne 940
à &lt;ScriptBlock&gt;, C:\Users\user\Documents\WindowsPowerShell\Modules\Pester\5.7.1\Pester.psm1 : ligne 893
à &lt;ScriptBlock&gt;, C:\Users\user\Documents\WindowsPowerShell\Modules\Pester\5.7.1\Pester.psm1 : ligne 2024
à &lt;ScriptBlock&gt;, C:\Users\user\Documents\WindowsPowerShell\Modules\Pester\5.7.1\Pester.psm1 : ligne 1985
à Invoke-ScriptBlock, C:\Users\user\Documents\WindowsPowerShell\Modules\Pester\5.7.1\Pester.psm1 : ligne 2160
à Invoke-Block, C:\Users\user\Documents\WindowsPowerShell\Modules\Pester\5.7.1\Pester.psm1 : ligne 940
à &lt;ScriptBlock&gt;, C:\Users\user\Documents\WindowsPowerShell\Modules\Pester\5.7.1\Pester.psm1 : ligne 893
à &lt;ScriptBlock&gt;, C:\Users\user\Documents\WindowsPowerShell\Modules\Pester\5.7.1\Pester.psm1 : ligne 2024
à &lt;ScriptBlock&gt;, C:\Users\user\Documents\WindowsPowerShell\Modules\Pester\5.7.1\Pester.psm1 : ligne 1985
à Invoke-ScriptBlock, C:\Users\user\Documents\WindowsPowerShell\Modules\Pester\5.7.1\Pester.psm1 : ligne 2160
à Invoke-Block, C:\Users\user\Documents\WindowsPowerShell\Modules\Pester\5.7.1\Pester.psm1 : ligne 940
à &lt;ScriptBlock&gt;, C:\Users\user\Documents\WindowsPowerShell\Modules\Pester\5.7.1\Pester.psm1 : ligne 1688
à &lt;ScriptBlock&gt;, C:\Users\user\Documents\WindowsPowerShell\Modules\Pester\5.7.1\Pester.ps1 : ligne 3
à &lt;ScriptBlock&gt;, C:\Users\user\Documents\WindowsPowerShell\Modules\Pester\5.7.1\Pester.psm1 : ligne 3260
à Invoke-InNewScriptScope, C:\Users\user\Documents\WindowsPowerShell\Modules\Pester\5.7.1\Pester.psm1 : ligne 3267
à Run-Test, C:\Users\user\Documents\WindowsPowerShell\Modules\Pester\5.7.1\Pester.psm1 : ligne 1691
à Invoke-Test, C:\Users\user\Documents\WindowsPowerShell\Modules\Pester\5.7.1\Pester.psm1 : ligne 2512
à Invoke-Pester&lt;End&gt;, C:\Users\user\Documents\WindowsPowerShell\Modules\Pester\5.7.1\Pester.psm1 : ligne 4960
à &lt;ScriptBlock&gt;, D:\DO\WEB\N8N_tests\PROJETS\EMAIL_SENDER_1\tools\scripts\roadmap-parser\module\Tests\Invoke-AllTests.ps1 : ligne 86
à &lt;ScriptBlock&gt;, &lt;Aucun fichier&gt; : ligne 1</stack-trace>
                    </failure>
                  </test-case>
                  <test-case description="Devrait retourner False pour une date invalide" name="Test-Format.Validation de format Date.Devrait retourner False pour une date invalide" time="0.2159" asserts="0" success="False" result="Failure" executed="True">
                    <failure>
                      <message>CommandNotFoundException: Le terme « Test-Format » n'est pas reconnu comme nom d'applet de commande, fonction, fichier de script ou programme exécutable. Vérifiez l'orthographe du nom, ou si un chemin d'accès existe, vérifiez que le chemin d'accès est correct et réessayez.</message>
                      <stack-trace>à &lt;ScriptBlock&gt;, D:\DO\WEB\N8N_tests\PROJETS\EMAIL_SENDER_1\tools\scripts\roadmap-parser\module\Tests\Validation\Test-Format.Tests.ps1 : ligne 70
à &lt;ScriptBlock&gt;, C:\Users\user\Documents\WindowsPowerShell\Modules\Pester\5.7.1\Pester.psm1 : ligne 2024
à &lt;ScriptBlock&gt;, C:\Users\user\Documents\WindowsPowerShell\Modules\Pester\5.7.1\Pester.psm1 : ligne 1985
à Invoke-ScriptBlock, C:\Users\user\Documents\WindowsPowerShell\Modules\Pester\5.7.1\Pester.psm1 : ligne 2157
à Invoke-TestItem, C:\Users\user\Documents\WindowsPowerShell\Modules\Pester\5.7.1\Pester.psm1 : ligne 1199
à Invoke-Block, C:\Users\user\Documents\WindowsPowerShell\Modules\Pester\5.7.1\Pester.psm1 : ligne 835
à &lt;ScriptBlock&gt;, C:\Users\user\Documents\WindowsPowerShell\Modules\Pester\5.7.1\Pester.psm1 : ligne 893
à &lt;ScriptBlock&gt;, C:\Users\user\Documents\WindowsPowerShell\Modules\Pester\5.7.1\Pester.psm1 : ligne 2024
à &lt;ScriptBlock&gt;, C:\Users\user\Documents\WindowsPowerShell\Modules\Pester\5.7.1\Pester.psm1 : ligne 1985
à Invoke-ScriptBlock, C:\Users\user\Documents\WindowsPowerShell\Modules\Pester\5.7.1\Pester.psm1 : ligne 2160
à Invoke-Block, C:\Users\user\Documents\WindowsPowerShell\Modules\Pester\5.7.1\Pester.psm1 : ligne 940
à &lt;ScriptBlock&gt;, C:\Users\user\Documents\WindowsPowerShell\Modules\Pester\5.7.1\Pester.psm1 : ligne 893
à &lt;ScriptBlock&gt;, C:\Users\user\Documents\WindowsPowerShell\Modules\Pester\5.7.1\Pester.psm1 : ligne 2024
à &lt;ScriptBlock&gt;, C:\Users\user\Documents\WindowsPowerShell\Modules\Pester\5.7.1\Pester.psm1 : ligne 1985
à Invoke-ScriptBlock, C:\Users\user\Documents\WindowsPowerShell\Modules\Pester\5.7.1\Pester.psm1 : ligne 2160
à Invoke-Block, C:\Users\user\Documents\WindowsPowerShell\Modules\Pester\5.7.1\Pester.psm1 : ligne 940
à &lt;ScriptBlock&gt;, C:\Users\user\Documents\WindowsPowerShell\Modules\Pester\5.7.1\Pester.psm1 : ligne 893
à &lt;ScriptBlock&gt;, C:\Users\user\Documents\WindowsPowerShell\Modules\Pester\5.7.1\Pester.psm1 : ligne 2024
à &lt;ScriptBlock&gt;, C:\Users\user\Documents\WindowsPowerShell\Modules\Pester\5.7.1\Pester.psm1 : ligne 1985
à Invoke-ScriptBlock, C:\Users\user\Documents\WindowsPowerShell\Modules\Pester\5.7.1\Pester.psm1 : ligne 2160
à Invoke-Block, C:\Users\user\Documents\WindowsPowerShell\Modules\Pester\5.7.1\Pester.psm1 : ligne 940
à &lt;ScriptBlock&gt;, C:\Users\user\Documents\WindowsPowerShell\Modules\Pester\5.7.1\Pester.psm1 : ligne 1688
à &lt;ScriptBlock&gt;, C:\Users\user\Documents\WindowsPowerShell\Modules\Pester\5.7.1\Pester.ps1 : ligne 3
à &lt;ScriptBlock&gt;, C:\Users\user\Documents\WindowsPowerShell\Modules\Pester\5.7.1\Pester.psm1 : ligne 3260
à Invoke-InNewScriptScope, C:\Users\user\Documents\WindowsPowerShell\Modules\Pester\5.7.1\Pester.psm1 : ligne 3267
à Run-Test, C:\Users\user\Documents\WindowsPowerShell\Modules\Pester\5.7.1\Pester.psm1 : ligne 1691
à Invoke-Test, C:\Users\user\Documents\WindowsPowerShell\Modules\Pester\5.7.1\Pester.psm1 : ligne 2512
à Invoke-Pester&lt;End&gt;, C:\Users\user\Documents\WindowsPowerShell\Modules\Pester\5.7.1\Pester.psm1 : ligne 4960
à &lt;ScriptBlock&gt;, D:\DO\WEB\N8N_tests\PROJETS\EMAIL_SENDER_1\tools\scripts\roadmap-parser\module\Tests\Invoke-AllTests.ps1 : ligne 86
à &lt;ScriptBlock&gt;, &lt;Aucun fichier&gt; : ligne 1</stack-trace>
                    </failure>
                  </test-case>
                </results>
              </test-suite>
              <test-suite type="TestFixture" name="Test-Format.Validation de format Time" executed="True" result="Failure" success="False" time="4.1818" asserts="0" description="Test-Format.Validation de format Time">
                <results>
                  <test-case description="Devrait retourner True pour une heure valide" name="Test-Format.Validation de format Time.Devrait retourner True pour une heure valide" time="0.2426" asserts="0" success="False" result="Failure" executed="True">
                    <failure>
                      <message>CommandNotFoundException: Le terme « Test-Format » n'est pas reconnu comme nom d'applet de commande, fonction, fichier de script ou programme exécutable. Vérifiez l'orthographe du nom, ou si un chemin d'accès existe, vérifiez que le chemin d'accès est correct et réessayez.</message>
                      <stack-trace>à &lt;ScriptBlock&gt;, D:\DO\WEB\N8N_tests\PROJETS\EMAIL_SENDER_1\tools\scripts\roadmap-parser\module\Tests\Validation\Test-Format.Tests.ps1 : ligne 76
à &lt;ScriptBlock&gt;, C:\Users\user\Documents\WindowsPowerShell\Modules\Pester\5.7.1\Pester.psm1 : ligne 2024
à &lt;ScriptBlock&gt;, C:\Users\user\Documents\WindowsPowerShell\Modules\Pester\5.7.1\Pester.psm1 : ligne 1985
à Invoke-ScriptBlock, C:\Users\user\Documents\WindowsPowerShell\Modules\Pester\5.7.1\Pester.psm1 : ligne 2157
à Invoke-TestItem, C:\Users\user\Documents\WindowsPowerShell\Modules\Pester\5.7.1\Pester.psm1 : ligne 1199
à Invoke-Block, C:\Users\user\Documents\WindowsPowerShell\Modules\Pester\5.7.1\Pester.psm1 : ligne 835
à &lt;ScriptBlock&gt;, C:\Users\user\Documents\WindowsPowerShell\Modules\Pester\5.7.1\Pester.psm1 : ligne 893
à &lt;ScriptBlock&gt;, C:\Users\user\Documents\WindowsPowerShell\Modules\Pester\5.7.1\Pester.psm1 : ligne 2024
à &lt;ScriptBlock&gt;, C:\Users\user\Documents\WindowsPowerShell\Modules\Pester\5.7.1\Pester.psm1 : ligne 1985
à Invoke-ScriptBlock, C:\Users\user\Documents\WindowsPowerShell\Modules\Pester\5.7.1\Pester.psm1 : ligne 2160
à Invoke-Block, C:\Users\user\Documents\WindowsPowerShell\Modules\Pester\5.7.1\Pester.psm1 : ligne 940
à &lt;ScriptBlock&gt;, C:\Users\user\Documents\WindowsPowerShell\Modules\Pester\5.7.1\Pester.psm1 : ligne 893
à &lt;ScriptBlock&gt;, C:\Users\user\Documents\WindowsPowerShell\Modules\Pester\5.7.1\Pester.psm1 : ligne 2024
à &lt;ScriptBlock&gt;, C:\Users\user\Documents\WindowsPowerShell\Modules\Pester\5.7.1\Pester.psm1 : ligne 1985
à Invoke-ScriptBlock, C:\Users\user\Documents\WindowsPowerShell\Modules\Pester\5.7.1\Pester.psm1 : ligne 2160
à Invoke-Block, C:\Users\user\Documents\WindowsPowerShell\Modules\Pester\5.7.1\Pester.psm1 : ligne 940
à &lt;ScriptBlock&gt;, C:\Users\user\Documents\WindowsPowerShell\Modules\Pester\5.7.1\Pester.psm1 : ligne 893
à &lt;ScriptBlock&gt;, C:\Users\user\Documents\WindowsPowerShell\Modules\Pester\5.7.1\Pester.psm1 : ligne 2024
à &lt;ScriptBlock&gt;, C:\Users\user\Documents\WindowsPowerShell\Modules\Pester\5.7.1\Pester.psm1 : ligne 1985
à Invoke-ScriptBlock, C:\Users\user\Documents\WindowsPowerShell\Modules\Pester\5.7.1\Pester.psm1 : ligne 2160
à Invoke-Block, C:\Users\user\Documents\WindowsPowerShell\Modules\Pester\5.7.1\Pester.psm1 : ligne 940
à &lt;ScriptBlock&gt;, C:\Users\user\Documents\WindowsPowerShell\Modules\Pester\5.7.1\Pester.psm1 : ligne 1688
à &lt;ScriptBlock&gt;, C:\Users\user\Documents\WindowsPowerShell\Modules\Pester\5.7.1\Pester.ps1 : ligne 3
à &lt;ScriptBlock&gt;, C:\Users\user\Documents\WindowsPowerShell\Modules\Pester\5.7.1\Pester.psm1 : ligne 3260
à Invoke-InNewScriptScope, C:\Users\user\Documents\WindowsPowerShell\Modules\Pester\5.7.1\Pester.psm1 : ligne 3267
à Run-Test, C:\Users\user\Documents\WindowsPowerShell\Modules\Pester\5.7.1\Pester.psm1 : ligne 1691
à Invoke-Test, C:\Users\user\Documents\WindowsPowerShell\Modules\Pester\5.7.1\Pester.psm1 : ligne 2512
à Invoke-Pester&lt;End&gt;, C:\Users\user\Documents\WindowsPowerShell\Modules\Pester\5.7.1\Pester.psm1 : ligne 4960
à &lt;ScriptBlock&gt;, D:\DO\WEB\N8N_tests\PROJETS\EMAIL_SENDER_1\tools\scripts\roadmap-parser\module\Tests\Invoke-AllTests.ps1 : ligne 86
à &lt;ScriptBlock&gt;, &lt;Aucun fichier&gt; : ligne 1</stack-trace>
                    </failure>
                  </test-case>
                  <test-case description="Devrait retourner False pour une heure invalide" name="Test-Format.Validation de format Time.Devrait retourner False pour une heure invalide" time="0.231" asserts="0" success="False" result="Failure" executed="True">
                    <failure>
                      <message>CommandNotFoundException: Le terme « Test-Format » n'est pas reconnu comme nom d'applet de commande, fonction, fichier de script ou programme exécutable. Vérifiez l'orthographe du nom, ou si un chemin d'accès existe, vérifiez que le chemin d'accès est correct et réessayez.</message>
                      <stack-trace>à &lt;ScriptBlock&gt;, D:\DO\WEB\N8N_tests\PROJETS\EMAIL_SENDER_1\tools\scripts\roadmap-parser\module\Tests\Validation\Test-Format.Tests.ps1 : ligne 80
à &lt;ScriptBlock&gt;, C:\Users\user\Documents\WindowsPowerShell\Modules\Pester\5.7.1\Pester.psm1 : ligne 2024
à &lt;ScriptBlock&gt;, C:\Users\user\Documents\WindowsPowerShell\Modules\Pester\5.7.1\Pester.psm1 : ligne 1985
à Invoke-ScriptBlock, C:\Users\user\Documents\WindowsPowerShell\Modules\Pester\5.7.1\Pester.psm1 : ligne 2157
à Invoke-TestItem, C:\Users\user\Documents\WindowsPowerShell\Modules\Pester\5.7.1\Pester.psm1 : ligne 1199
à Invoke-Block, C:\Users\user\Documents\WindowsPowerShell\Modules\Pester\5.7.1\Pester.psm1 : ligne 835
à &lt;ScriptBlock&gt;, C:\Users\user\Documents\WindowsPowerShell\Modules\Pester\5.7.1\Pester.psm1 : ligne 893
à &lt;ScriptBlock&gt;, C:\Users\user\Documents\WindowsPowerShell\Modules\Pester\5.7.1\Pester.psm1 : ligne 2024
à &lt;ScriptBlock&gt;, C:\Users\user\Documents\WindowsPowerShell\Modules\Pester\5.7.1\Pester.psm1 : ligne 1985
à Invoke-ScriptBlock, C:\Users\user\Documents\WindowsPowerShell\Modules\Pester\5.7.1\Pester.psm1 : ligne 2160
à Invoke-Block, C:\Users\user\Documents\WindowsPowerShell\Modules\Pester\5.7.1\Pester.psm1 : ligne 940
à &lt;ScriptBlock&gt;, C:\Users\user\Documents\WindowsPowerShell\Modules\Pester\5.7.1\Pester.psm1 : ligne 893
à &lt;ScriptBlock&gt;, C:\Users\user\Documents\WindowsPowerShell\Modules\Pester\5.7.1\Pester.psm1 : ligne 2024
à &lt;ScriptBlock&gt;, C:\Users\user\Documents\WindowsPowerShell\Modules\Pester\5.7.1\Pester.psm1 : ligne 1985
à Invoke-ScriptBlock, C:\Users\user\Documents\WindowsPowerShell\Modules\Pester\5.7.1\Pester.psm1 : ligne 2160
à Invoke-Block, C:\Users\user\Documents\WindowsPowerShell\Modules\Pester\5.7.1\Pester.psm1 : ligne 940
à &lt;ScriptBlock&gt;, C:\Users\user\Documents\WindowsPowerShell\Modules\Pester\5.7.1\Pester.psm1 : ligne 893
à &lt;ScriptBlock&gt;, C:\Users\user\Documents\WindowsPowerShell\Modules\Pester\5.7.1\Pester.psm1 : ligne 2024
à &lt;ScriptBlock&gt;, C:\Users\user\Documents\WindowsPowerShell\Modules\Pester\5.7.1\Pester.psm1 : ligne 1985
à Invoke-ScriptBlock, C:\Users\user\Documents\WindowsPowerShell\Modules\Pester\5.7.1\Pester.psm1 : ligne 2160
à Invoke-Block, C:\Users\user\Documents\WindowsPowerShell\Modules\Pester\5.7.1\Pester.psm1 : ligne 940
à &lt;ScriptBlock&gt;, C:\Users\user\Documents\WindowsPowerShell\Modules\Pester\5.7.1\Pester.psm1 : ligne 1688
à &lt;ScriptBlock&gt;, C:\Users\user\Documents\WindowsPowerShell\Modules\Pester\5.7.1\Pester.ps1 : ligne 3
à &lt;ScriptBlock&gt;, C:\Users\user\Documents\WindowsPowerShell\Modules\Pester\5.7.1\Pester.psm1 : ligne 3260
à Invoke-InNewScriptScope, C:\Users\user\Documents\WindowsPowerShell\Modules\Pester\5.7.1\Pester.psm1 : ligne 3267
à Run-Test, C:\Users\user\Documents\WindowsPowerShell\Modules\Pester\5.7.1\Pester.psm1 : ligne 1691
à Invoke-Test, C:\Users\user\Documents\WindowsPowerShell\Modules\Pester\5.7.1\Pester.psm1 : ligne 2512
à Invoke-Pester&lt;End&gt;, C:\Users\user\Documents\WindowsPowerShell\Modules\Pester\5.7.1\Pester.psm1 : ligne 4960
à &lt;ScriptBlock&gt;, D:\DO\WEB\N8N_tests\PROJETS\EMAIL_SENDER_1\tools\scripts\roadmap-parser\module\Tests\Invoke-AllTests.ps1 : ligne 86
à &lt;ScriptBlock&gt;, &lt;Aucun fichier&gt; : ligne 1</stack-trace>
                    </failure>
                  </test-case>
                </results>
              </test-suite>
              <test-suite type="TestFixture" name="Test-Format.Validation de format DateTime" executed="True" result="Failure" success="False" time="4.8207" asserts="0" description="Test-Format.Validation de format DateTime">
                <results>
                  <test-case description="Devrait retourner True pour une date/heure valide" name="Test-Format.Validation de format DateTime.Devrait retourner True pour une date/heure valide" time="0.2549" asserts="0" success="False" result="Failure" executed="True">
                    <failure>
                      <message>CommandNotFoundException: Le terme « Test-Format » n'est pas reconnu comme nom d'applet de commande, fonction, fichier de script ou programme exécutable. Vérifiez l'orthographe du nom, ou si un chemin d'accès existe, vérifiez que le chemin d'accès est correct et réessayez.</message>
                      <stack-trace>à &lt;ScriptBlock&gt;, D:\DO\WEB\N8N_tests\PROJETS\EMAIL_SENDER_1\tools\scripts\roadmap-parser\module\Tests\Validation\Test-Format.Tests.ps1 : ligne 86
à &lt;ScriptBlock&gt;, C:\Users\user\Documents\WindowsPowerShell\Modules\Pester\5.7.1\Pester.psm1 : ligne 2024
à &lt;ScriptBlock&gt;, C:\Users\user\Documents\WindowsPowerShell\Modules\Pester\5.7.1\Pester.psm1 : ligne 1985
à Invoke-ScriptBlock, C:\Users\user\Documents\WindowsPowerShell\Modules\Pester\5.7.1\Pester.psm1 : ligne 2157
à Invoke-TestItem, C:\Users\user\Documents\WindowsPowerShell\Modules\Pester\5.7.1\Pester.psm1 : ligne 1199
à Invoke-Block, C:\Users\user\Documents\WindowsPowerShell\Modules\Pester\5.7.1\Pester.psm1 : ligne 835
à &lt;ScriptBlock&gt;, C:\Users\user\Documents\WindowsPowerShell\Modules\Pester\5.7.1\Pester.psm1 : ligne 893
à &lt;ScriptBlock&gt;, C:\Users\user\Documents\WindowsPowerShell\Modules\Pester\5.7.1\Pester.psm1 : ligne 2024
à &lt;ScriptBlock&gt;, C:\Users\user\Documents\WindowsPowerShell\Modules\Pester\5.7.1\Pester.psm1 : ligne 1985
à Invoke-ScriptBlock, C:\Users\user\Documents\WindowsPowerShell\Modules\Pester\5.7.1\Pester.psm1 : ligne 2160
à Invoke-Block, C:\Users\user\Documents\WindowsPowerShell\Modules\Pester\5.7.1\Pester.psm1 : ligne 940
à &lt;ScriptBlock&gt;, C:\Users\user\Documents\WindowsPowerShell\Modules\Pester\5.7.1\Pester.psm1 : ligne 893
à &lt;ScriptBlock&gt;, C:\Users\user\Documents\WindowsPowerShell\Modules\Pester\5.7.1\Pester.psm1 : ligne 2024
à &lt;ScriptBlock&gt;, C:\Users\user\Documents\WindowsPowerShell\Modules\Pester\5.7.1\Pester.psm1 : ligne 1985
à Invoke-ScriptBlock, C:\Users\user\Documents\WindowsPowerShell\Modules\Pester\5.7.1\Pester.psm1 : ligne 2160
à Invoke-Block, C:\Users\user\Documents\WindowsPowerShell\Modules\Pester\5.7.1\Pester.psm1 : ligne 940
à &lt;ScriptBlock&gt;, C:\Users\user\Documents\WindowsPowerShell\Modules\Pester\5.7.1\Pester.psm1 : ligne 893
à &lt;ScriptBlock&gt;, C:\Users\user\Documents\WindowsPowerShell\Modules\Pester\5.7.1\Pester.psm1 : ligne 2024
à &lt;ScriptBlock&gt;, C:\Users\user\Documents\WindowsPowerShell\Modules\Pester\5.7.1\Pester.psm1 : ligne 1985
à Invoke-ScriptBlock, C:\Users\user\Documents\WindowsPowerShell\Modules\Pester\5.7.1\Pester.psm1 : ligne 2160
à Invoke-Block, C:\Users\user\Documents\WindowsPowerShell\Modules\Pester\5.7.1\Pester.psm1 : ligne 940
à &lt;ScriptBlock&gt;, C:\Users\user\Documents\WindowsPowerShell\Modules\Pester\5.7.1\Pester.psm1 : ligne 1688
à &lt;ScriptBlock&gt;, C:\Users\user\Documents\WindowsPowerShell\Modules\Pester\5.7.1\Pester.ps1 : ligne 3
à &lt;ScriptBlock&gt;, C:\Users\user\Documents\WindowsPowerShell\Modules\Pester\5.7.1\Pester.psm1 : ligne 3260
à Invoke-InNewScriptScope, C:\Users\user\Documents\WindowsPowerShell\Modules\Pester\5.7.1\Pester.psm1 : ligne 3267
à Run-Test, C:\Users\user\Documents\WindowsPowerShell\Modules\Pester\5.7.1\Pester.psm1 : ligne 1691
à Invoke-Test, C:\Users\user\Documents\WindowsPowerShell\Modules\Pester\5.7.1\Pester.psm1 : ligne 2512
à Invoke-Pester&lt;End&gt;, C:\Users\user\Documents\WindowsPowerShell\Modules\Pester\5.7.1\Pester.psm1 : ligne 4960
à &lt;ScriptBlock&gt;, D:\DO\WEB\N8N_tests\PROJETS\EMAIL_SENDER_1\tools\scripts\roadmap-parser\module\Tests\Invoke-AllTests.ps1 : ligne 86
à &lt;ScriptBlock&gt;, &lt;Aucun fichier&gt; : ligne 1</stack-trace>
                    </failure>
                  </test-case>
                  <test-case description="Devrait retourner False pour une date/heure invalide" name="Test-Format.Validation de format DateTime.Devrait retourner False pour une date/heure invalide" time="0.2412" asserts="0" success="False" result="Failure" executed="True">
                    <failure>
                      <message>CommandNotFoundException: Le terme « Test-Format » n'est pas reconnu comme nom d'applet de commande, fonction, fichier de script ou programme exécutable. Vérifiez l'orthographe du nom, ou si un chemin d'accès existe, vérifiez que le chemin d'accès est correct et réessayez.</message>
                      <stack-trace>à &lt;ScriptBlock&gt;, D:\DO\WEB\N8N_tests\PROJETS\EMAIL_SENDER_1\tools\scripts\roadmap-parser\module\Tests\Validation\Test-Format.Tests.ps1 : ligne 90
à &lt;ScriptBlock&gt;, C:\Users\user\Documents\WindowsPowerShell\Modules\Pester\5.7.1\Pester.psm1 : ligne 2024
à &lt;ScriptBlock&gt;, C:\Users\user\Documents\WindowsPowerShell\Modules\Pester\5.7.1\Pester.psm1 : ligne 1985
à Invoke-ScriptBlock, C:\Users\user\Documents\WindowsPowerShell\Modules\Pester\5.7.1\Pester.psm1 : ligne 2157
à Invoke-TestItem, C:\Users\user\Documents\WindowsPowerShell\Modules\Pester\5.7.1\Pester.psm1 : ligne 1199
à Invoke-Block, C:\Users\user\Documents\WindowsPowerShell\Modules\Pester\5.7.1\Pester.psm1 : ligne 835
à &lt;ScriptBlock&gt;, C:\Users\user\Documents\WindowsPowerShell\Modules\Pester\5.7.1\Pester.psm1 : ligne 893
à &lt;ScriptBlock&gt;, C:\Users\user\Documents\WindowsPowerShell\Modules\Pester\5.7.1\Pester.psm1 : ligne 2024
à &lt;ScriptBlock&gt;, C:\Users\user\Documents\WindowsPowerShell\Modules\Pester\5.7.1\Pester.psm1 : ligne 1985
à Invoke-ScriptBlock, C:\Users\user\Documents\WindowsPowerShell\Modules\Pester\5.7.1\Pester.psm1 : ligne 2160
à Invoke-Block, C:\Users\user\Documents\WindowsPowerShell\Modules\Pester\5.7.1\Pester.psm1 : ligne 940
à &lt;ScriptBlock&gt;, C:\Users\user\Documents\WindowsPowerShell\Modules\Pester\5.7.1\Pester.psm1 : ligne 893
à &lt;ScriptBlock&gt;, C:\Users\user\Documents\WindowsPowerShell\Modules\Pester\5.7.1\Pester.psm1 : ligne 2024
à &lt;ScriptBlock&gt;, C:\Users\user\Documents\WindowsPowerShell\Modules\Pester\5.7.1\Pester.psm1 : ligne 1985
à Invoke-ScriptBlock, C:\Users\user\Documents\WindowsPowerShell\Modules\Pester\5.7.1\Pester.psm1 : ligne 2160
à Invoke-Block, C:\Users\user\Documents\WindowsPowerShell\Modules\Pester\5.7.1\Pester.psm1 : ligne 940
à &lt;ScriptBlock&gt;, C:\Users\user\Documents\WindowsPowerShell\Modules\Pester\5.7.1\Pester.psm1 : ligne 893
à &lt;ScriptBlock&gt;, C:\Users\user\Documents\WindowsPowerShell\Modules\Pester\5.7.1\Pester.psm1 : ligne 2024
à &lt;ScriptBlock&gt;, C:\Users\user\Documents\WindowsPowerShell\Modules\Pester\5.7.1\Pester.psm1 : ligne 1985
à Invoke-ScriptBlock, C:\Users\user\Documents\WindowsPowerShell\Modules\Pester\5.7.1\Pester.psm1 : ligne 2160
à Invoke-Block, C:\Users\user\Documents\WindowsPowerShell\Modules\Pester\5.7.1\Pester.psm1 : ligne 940
à &lt;ScriptBlock&gt;, C:\Users\user\Documents\WindowsPowerShell\Modules\Pester\5.7.1\Pester.psm1 : ligne 1688
à &lt;ScriptBlock&gt;, C:\Users\user\Documents\WindowsPowerShell\Modules\Pester\5.7.1\Pester.ps1 : ligne 3
à &lt;ScriptBlock&gt;, C:\Users\user\Documents\WindowsPowerShell\Modules\Pester\5.7.1\Pester.psm1 : ligne 3260
à Invoke-InNewScriptScope, C:\Users\user\Documents\WindowsPowerShell\Modules\Pester\5.7.1\Pester.psm1 : ligne 3267
à Run-Test, C:\Users\user\Documents\WindowsPowerShell\Modules\Pester\5.7.1\Pester.psm1 : ligne 1691
à Invoke-Test, C:\Users\user\Documents\WindowsPowerShell\Modules\Pester\5.7.1\Pester.psm1 : ligne 2512
à Invoke-Pester&lt;End&gt;, C:\Users\user\Documents\WindowsPowerShell\Modules\Pester\5.7.1\Pester.psm1 : ligne 4960
à &lt;ScriptBlock&gt;, D:\DO\WEB\N8N_tests\PROJETS\EMAIL_SENDER_1\tools\scripts\roadmap-parser\module\Tests\Invoke-AllTests.ps1 : ligne 86
à &lt;ScriptBlock&gt;, &lt;Aucun fichier&gt; : ligne 1</stack-trace>
                    </failure>
                  </test-case>
                </results>
              </test-suite>
              <test-suite type="TestFixture" name="Test-Format.Validation de format Guid" executed="True" result="Failure" success="False" time="5.5245" asserts="0" description="Test-Format.Validation de format Guid">
                <results>
                  <test-case description="Devrait retourner True pour un GUID valide" name="Test-Format.Validation de format Guid.Devrait retourner True pour un GUID valide" time="0.237" asserts="0" success="False" result="Failure" executed="True">
                    <failure>
                      <message>CommandNotFoundException: Le terme « Test-Format » n'est pas reconnu comme nom d'applet de commande, fonction, fichier de script ou programme exécutable. Vérifiez l'orthographe du nom, ou si un chemin d'accès existe, vérifiez que le chemin d'accès est correct et réessayez.</message>
                      <stack-trace>à &lt;ScriptBlock&gt;, D:\DO\WEB\N8N_tests\PROJETS\EMAIL_SENDER_1\tools\scripts\roadmap-parser\module\Tests\Validation\Test-Format.Tests.ps1 : ligne 96
à &lt;ScriptBlock&gt;, C:\Users\user\Documents\WindowsPowerShell\Modules\Pester\5.7.1\Pester.psm1 : ligne 2024
à &lt;ScriptBlock&gt;, C:\Users\user\Documents\WindowsPowerShell\Modules\Pester\5.7.1\Pester.psm1 : ligne 1985
à Invoke-ScriptBlock, C:\Users\user\Documents\WindowsPowerShell\Modules\Pester\5.7.1\Pester.psm1 : ligne 2157
à Invoke-TestItem, C:\Users\user\Documents\WindowsPowerShell\Modules\Pester\5.7.1\Pester.psm1 : ligne 1199
à Invoke-Block, C:\Users\user\Documents\WindowsPowerShell\Modules\Pester\5.7.1\Pester.psm1 : ligne 835
à &lt;ScriptBlock&gt;, C:\Users\user\Documents\WindowsPowerShell\Modules\Pester\5.7.1\Pester.psm1 : ligne 893
à &lt;ScriptBlock&gt;, C:\Users\user\Documents\WindowsPowerShell\Modules\Pester\5.7.1\Pester.psm1 : ligne 2024
à &lt;ScriptBlock&gt;, C:\Users\user\Documents\WindowsPowerShell\Modules\Pester\5.7.1\Pester.psm1 : ligne 1985
à Invoke-ScriptBlock, C:\Users\user\Documents\WindowsPowerShell\Modules\Pester\5.7.1\Pester.psm1 : ligne 2160
à Invoke-Block, C:\Users\user\Documents\WindowsPowerShell\Modules\Pester\5.7.1\Pester.psm1 : ligne 940
à &lt;ScriptBlock&gt;, C:\Users\user\Documents\WindowsPowerShell\Modules\Pester\5.7.1\Pester.psm1 : ligne 893
à &lt;ScriptBlock&gt;, C:\Users\user\Documents\WindowsPowerShell\Modules\Pester\5.7.1\Pester.psm1 : ligne 2024
à &lt;ScriptBlock&gt;, C:\Users\user\Documents\WindowsPowerShell\Modules\Pester\5.7.1\Pester.psm1 : ligne 1985
à Invoke-ScriptBlock, C:\Users\user\Documents\WindowsPowerShell\Modules\Pester\5.7.1\Pester.psm1 : ligne 2160
à Invoke-Block, C:\Users\user\Documents\WindowsPowerShell\Modules\Pester\5.7.1\Pester.psm1 : ligne 940
à &lt;ScriptBlock&gt;, C:\Users\user\Documents\WindowsPowerShell\Modules\Pester\5.7.1\Pester.psm1 : ligne 893
à &lt;ScriptBlock&gt;, C:\Users\user\Documents\WindowsPowerShell\Modules\Pester\5.7.1\Pester.psm1 : ligne 2024
à &lt;ScriptBlock&gt;, C:\Users\user\Documents\WindowsPowerShell\Modules\Pester\5.7.1\Pester.psm1 : ligne 1985
à Invoke-ScriptBlock, C:\Users\user\Documents\WindowsPowerShell\Modules\Pester\5.7.1\Pester.psm1 : ligne 2160
à Invoke-Block, C:\Users\user\Documents\WindowsPowerShell\Modules\Pester\5.7.1\Pester.psm1 : ligne 940
à &lt;ScriptBlock&gt;, C:\Users\user\Documents\WindowsPowerShell\Modules\Pester\5.7.1\Pester.psm1 : ligne 1688
à &lt;ScriptBlock&gt;, C:\Users\user\Documents\WindowsPowerShell\Modules\Pester\5.7.1\Pester.ps1 : ligne 3
à &lt;ScriptBlock&gt;, C:\Users\user\Documents\WindowsPowerShell\Modules\Pester\5.7.1\Pester.psm1 : ligne 3260
à Invoke-InNewScriptScope, C:\Users\user\Documents\WindowsPowerShell\Modules\Pester\5.7.1\Pester.psm1 : ligne 3267
à Run-Test, C:\Users\user\Documents\WindowsPowerShell\Modules\Pester\5.7.1\Pester.psm1 : ligne 1691
à Invoke-Test, C:\Users\user\Documents\WindowsPowerShell\Modules\Pester\5.7.1\Pester.psm1 : ligne 2512
à Invoke-Pester&lt;End&gt;, C:\Users\user\Documents\WindowsPowerShell\Modules\Pester\5.7.1\Pester.psm1 : ligne 4960
à &lt;ScriptBlock&gt;, D:\DO\WEB\N8N_tests\PROJETS\EMAIL_SENDER_1\tools\scripts\roadmap-parser\module\Tests\Invoke-AllTests.ps1 : ligne 86
à &lt;ScriptBlock&gt;, &lt;Aucun fichier&gt; : ligne 1</stack-trace>
                    </failure>
                  </test-case>
                  <test-case description="Devrait retourner False pour un GUID invalide" name="Test-Format.Validation de format Guid.Devrait retourner False pour un GUID invalide" time="0.3023" asserts="0" success="False" result="Failure" executed="True">
                    <failure>
                      <message>CommandNotFoundException: Le terme « Test-Format » n'est pas reconnu comme nom d'applet de commande, fonction, fichier de script ou programme exécutable. Vérifiez l'orthographe du nom, ou si un chemin d'accès existe, vérifiez que le chemin d'accès est correct et réessayez.</message>
                      <stack-trace>à &lt;ScriptBlock&gt;, D:\DO\WEB\N8N_tests\PROJETS\EMAIL_SENDER_1\tools\scripts\roadmap-parser\module\Tests\Validation\Test-Format.Tests.ps1 : ligne 100
à &lt;ScriptBlock&gt;, C:\Users\user\Documents\WindowsPowerShell\Modules\Pester\5.7.1\Pester.psm1 : ligne 2024
à &lt;ScriptBlock&gt;, C:\Users\user\Documents\WindowsPowerShell\Modules\Pester\5.7.1\Pester.psm1 : ligne 1985
à Invoke-ScriptBlock, C:\Users\user\Documents\WindowsPowerShell\Modules\Pester\5.7.1\Pester.psm1 : ligne 2157
à Invoke-TestItem, C:\Users\user\Documents\WindowsPowerShell\Modules\Pester\5.7.1\Pester.psm1 : ligne 1199
à Invoke-Block, C:\Users\user\Documents\WindowsPowerShell\Modules\Pester\5.7.1\Pester.psm1 : ligne 835
à &lt;ScriptBlock&gt;, C:\Users\user\Documents\WindowsPowerShell\Modules\Pester\5.7.1\Pester.psm1 : ligne 893
à &lt;ScriptBlock&gt;, C:\Users\user\Documents\WindowsPowerShell\Modules\Pester\5.7.1\Pester.psm1 : ligne 2024
à &lt;ScriptBlock&gt;, C:\Users\user\Documents\WindowsPowerShell\Modules\Pester\5.7.1\Pester.psm1 : ligne 1985
à Invoke-ScriptBlock, C:\Users\user\Documents\WindowsPowerShell\Modules\Pester\5.7.1\Pester.psm1 : ligne 2160
à Invoke-Block, C:\Users\user\Documents\WindowsPowerShell\Modules\Pester\5.7.1\Pester.psm1 : ligne 940
à &lt;ScriptBlock&gt;, C:\Users\user\Documents\WindowsPowerShell\Modules\Pester\5.7.1\Pester.psm1 : ligne 893
à &lt;ScriptBlock&gt;, C:\Users\user\Documents\WindowsPowerShell\Modules\Pester\5.7.1\Pester.psm1 : ligne 2024
à &lt;ScriptBlock&gt;, C:\Users\user\Documents\WindowsPowerShell\Modules\Pester\5.7.1\Pester.psm1 : ligne 1985
à Invoke-ScriptBlock, C:\Users\user\Documents\WindowsPowerShell\Modules\Pester\5.7.1\Pester.psm1 : ligne 2160
à Invoke-Block, C:\Users\user\Documents\WindowsPowerShell\Modules\Pester\5.7.1\Pester.psm1 : ligne 940
à &lt;ScriptBlock&gt;, C:\Users\user\Documents\WindowsPowerShell\Modules\Pester\5.7.1\Pester.psm1 : ligne 893
à &lt;ScriptBlock&gt;, C:\Users\user\Documents\WindowsPowerShell\Modules\Pester\5.7.1\Pester.psm1 : ligne 2024
à &lt;ScriptBlock&gt;, C:\Users\user\Documents\WindowsPowerShell\Modules\Pester\5.7.1\Pester.psm1 : ligne 1985
à Invoke-ScriptBlock, C:\Users\user\Documents\WindowsPowerShell\Modules\Pester\5.7.1\Pester.psm1 : ligne 2160
à Invoke-Block, C:\Users\user\Documents\WindowsPowerShell\Modules\Pester\5.7.1\Pester.psm1 : ligne 940
à &lt;ScriptBlock&gt;, C:\Users\user\Documents\WindowsPowerShell\Modules\Pester\5.7.1\Pester.psm1 : ligne 1688
à &lt;ScriptBlock&gt;, C:\Users\user\Documents\WindowsPowerShell\Modules\Pester\5.7.1\Pester.ps1 : ligne 3
à &lt;ScriptBlock&gt;, C:\Users\user\Documents\WindowsPowerShell\Modules\Pester\5.7.1\Pester.psm1 : ligne 3260
à Invoke-InNewScriptScope, C:\Users\user\Documents\WindowsPowerShell\Modules\Pester\5.7.1\Pester.psm1 : ligne 3267
à Run-Test, C:\Users\user\Documents\WindowsPowerShell\Modules\Pester\5.7.1\Pester.psm1 : ligne 1691
à Invoke-Test, C:\Users\user\Documents\WindowsPowerShell\Modules\Pester\5.7.1\Pester.psm1 : ligne 2512
à Invoke-Pester&lt;End&gt;, C:\Users\user\Documents\WindowsPowerShell\Modules\Pester\5.7.1\Pester.psm1 : ligne 4960
à &lt;ScriptBlock&gt;, D:\DO\WEB\N8N_tests\PROJETS\EMAIL_SENDER_1\tools\scripts\roadmap-parser\module\Tests\Invoke-AllTests.ps1 : ligne 86
à &lt;ScriptBlock&gt;, &lt;Aucun fichier&gt; : ligne 1</stack-trace>
                    </failure>
                  </test-case>
                </results>
              </test-suite>
              <test-suite type="TestFixture" name="Test-Format.Validation de format FilePath" executed="True" result="Failure" success="False" time="6.1761" asserts="0" description="Test-Format.Validation de format FilePath">
                <results>
                  <test-case description="Devrait retourner True pour un chemin de fichier valide" name="Test-Format.Validation de format FilePath.Devrait retourner True pour un chemin de fichier valide" time="0.282" asserts="0" success="False" result="Failure" executed="True">
                    <failure>
                      <message>CommandNotFoundException: Le terme « Test-Format » n'est pas reconnu comme nom d'applet de commande, fonction, fichier de script ou programme exécutable. Vérifiez l'orthographe du nom, ou si un chemin d'accès existe, vérifiez que le chemin d'accès est correct et réessayez.</message>
                      <stack-trace>à &lt;ScriptBlock&gt;, D:\DO\WEB\N8N_tests\PROJETS\EMAIL_SENDER_1\tools\scripts\roadmap-parser\module\Tests\Validation\Test-Format.Tests.ps1 : ligne 106
à &lt;ScriptBlock&gt;, C:\Users\user\Documents\WindowsPowerShell\Modules\Pester\5.7.1\Pester.psm1 : ligne 2024
à &lt;ScriptBlock&gt;, C:\Users\user\Documents\WindowsPowerShell\Modules\Pester\5.7.1\Pester.psm1 : ligne 1985
à Invoke-ScriptBlock, C:\Users\user\Documents\WindowsPowerShell\Modules\Pester\5.7.1\Pester.psm1 : ligne 2157
à Invoke-TestItem, C:\Users\user\Documents\WindowsPowerShell\Modules\Pester\5.7.1\Pester.psm1 : ligne 1199
à Invoke-Block, C:\Users\user\Documents\WindowsPowerShell\Modules\Pester\5.7.1\Pester.psm1 : ligne 835
à &lt;ScriptBlock&gt;, C:\Users\user\Documents\WindowsPowerShell\Modules\Pester\5.7.1\Pester.psm1 : ligne 893
à &lt;ScriptBlock&gt;, C:\Users\user\Documents\WindowsPowerShell\Modules\Pester\5.7.1\Pester.psm1 : ligne 2024
à &lt;ScriptBlock&gt;, C:\Users\user\Documents\WindowsPowerShell\Modules\Pester\5.7.1\Pester.psm1 : ligne 1985
à Invoke-ScriptBlock, C:\Users\user\Documents\WindowsPowerShell\Modules\Pester\5.7.1\Pester.psm1 : ligne 2160
à Invoke-Block, C:\Users\user\Documents\WindowsPowerShell\Modules\Pester\5.7.1\Pester.psm1 : ligne 940
à &lt;ScriptBlock&gt;, C:\Users\user\Documents\WindowsPowerShell\Modules\Pester\5.7.1\Pester.psm1 : ligne 893
à &lt;ScriptBlock&gt;, C:\Users\user\Documents\WindowsPowerShell\Modules\Pester\5.7.1\Pester.psm1 : ligne 2024
à &lt;ScriptBlock&gt;, C:\Users\user\Documents\WindowsPowerShell\Modules\Pester\5.7.1\Pester.psm1 : ligne 1985
à Invoke-ScriptBlock, C:\Users\user\Documents\WindowsPowerShell\Modules\Pester\5.7.1\Pester.psm1 : ligne 2160
à Invoke-Block, C:\Users\user\Documents\WindowsPowerShell\Modules\Pester\5.7.1\Pester.psm1 : ligne 940
à &lt;ScriptBlock&gt;, C:\Users\user\Documents\WindowsPowerShell\Modules\Pester\5.7.1\Pester.psm1 : ligne 893
à &lt;ScriptBlock&gt;, C:\Users\user\Documents\WindowsPowerShell\Modules\Pester\5.7.1\Pester.psm1 : ligne 2024
à &lt;ScriptBlock&gt;, C:\Users\user\Documents\WindowsPowerShell\Modules\Pester\5.7.1\Pester.psm1 : ligne 1985
à Invoke-ScriptBlock, C:\Users\user\Documents\WindowsPowerShell\Modules\Pester\5.7.1\Pester.psm1 : ligne 2160
à Invoke-Block, C:\Users\user\Documents\WindowsPowerShell\Modules\Pester\5.7.1\Pester.psm1 : ligne 940
à &lt;ScriptBlock&gt;, C:\Users\user\Documents\WindowsPowerShell\Modules\Pester\5.7.1\Pester.psm1 : ligne 1688
à &lt;ScriptBlock&gt;, C:\Users\user\Documents\WindowsPowerShell\Modules\Pester\5.7.1\Pester.ps1 : ligne 3
à &lt;ScriptBlock&gt;, C:\Users\user\Documents\WindowsPowerShell\Modules\Pester\5.7.1\Pester.psm1 : ligne 3260
à Invoke-InNewScriptScope, C:\Users\user\Documents\WindowsPowerShell\Modules\Pester\5.7.1\Pester.psm1 : ligne 3267
à Run-Test, C:\Users\user\Documents\WindowsPowerShell\Modules\Pester\5.7.1\Pester.psm1 : ligne 1691
à Invoke-Test, C:\Users\user\Documents\WindowsPowerShell\Modules\Pester\5.7.1\Pester.psm1 : ligne 2512
à Invoke-Pester&lt;End&gt;, C:\Users\user\Documents\WindowsPowerShell\Modules\Pester\5.7.1\Pester.psm1 : ligne 4960
à &lt;ScriptBlock&gt;, D:\DO\WEB\N8N_tests\PROJETS\EMAIL_SENDER_1\tools\scripts\roadmap-parser\module\Tests\Invoke-AllTests.ps1 : ligne 86
à &lt;ScriptBlock&gt;, &lt;Aucun fichier&gt; : ligne 1</stack-trace>
                    </failure>
                  </test-case>
                  <test-case description="Devrait retourner False pour un chemin de fichier invalide" name="Test-Format.Validation de format FilePath.Devrait retourner False pour un chemin de fichier invalide" time="0.2287" asserts="0" success="False" result="Failure" executed="True">
                    <failure>
                      <message>CommandNotFoundException: Le terme « Test-Format » n'est pas reconnu comme nom d'applet de commande, fonction, fichier de script ou programme exécutable. Vérifiez l'orthographe du nom, ou si un chemin d'accès existe, vérifiez que le chemin d'accès est correct et réessayez.</message>
                      <stack-trace>à &lt;ScriptBlock&gt;, D:\DO\WEB\N8N_tests\PROJETS\EMAIL_SENDER_1\tools\scripts\roadmap-parser\module\Tests\Validation\Test-Format.Tests.ps1 : ligne 110
à &lt;ScriptBlock&gt;, C:\Users\user\Documents\WindowsPowerShell\Modules\Pester\5.7.1\Pester.psm1 : ligne 2024
à &lt;ScriptBlock&gt;, C:\Users\user\Documents\WindowsPowerShell\Modules\Pester\5.7.1\Pester.psm1 : ligne 1985
à Invoke-ScriptBlock, C:\Users\user\Documents\WindowsPowerShell\Modules\Pester\5.7.1\Pester.psm1 : ligne 2157
à Invoke-TestItem, C:\Users\user\Documents\WindowsPowerShell\Modules\Pester\5.7.1\Pester.psm1 : ligne 1199
à Invoke-Block, C:\Users\user\Documents\WindowsPowerShell\Modules\Pester\5.7.1\Pester.psm1 : ligne 835
à &lt;ScriptBlock&gt;, C:\Users\user\Documents\WindowsPowerShell\Modules\Pester\5.7.1\Pester.psm1 : ligne 893
à &lt;ScriptBlock&gt;, C:\Users\user\Documents\WindowsPowerShell\Modules\Pester\5.7.1\Pester.psm1 : ligne 2024
à &lt;ScriptBlock&gt;, C:\Users\user\Documents\WindowsPowerShell\Modules\Pester\5.7.1\Pester.psm1 : ligne 1985
à Invoke-ScriptBlock, C:\Users\user\Documents\WindowsPowerShell\Modules\Pester\5.7.1\Pester.psm1 : ligne 2160
à Invoke-Block, C:\Users\user\Documents\WindowsPowerShell\Modules\Pester\5.7.1\Pester.psm1 : ligne 940
à &lt;ScriptBlock&gt;, C:\Users\user\Documents\WindowsPowerShell\Modules\Pester\5.7.1\Pester.psm1 : ligne 893
à &lt;ScriptBlock&gt;, C:\Users\user\Documents\WindowsPowerShell\Modules\Pester\5.7.1\Pester.psm1 : ligne 2024
à &lt;ScriptBlock&gt;, C:\Users\user\Documents\WindowsPowerShell\Modules\Pester\5.7.1\Pester.psm1 : ligne 1985
à Invoke-ScriptBlock, C:\Users\user\Documents\WindowsPowerShell\Modules\Pester\5.7.1\Pester.psm1 : ligne 2160
à Invoke-Block, C:\Users\user\Documents\WindowsPowerShell\Modules\Pester\5.7.1\Pester.psm1 : ligne 940
à &lt;ScriptBlock&gt;, C:\Users\user\Documents\WindowsPowerShell\Modules\Pester\5.7.1\Pester.psm1 : ligne 893
à &lt;ScriptBlock&gt;, C:\Users\user\Documents\WindowsPowerShell\Modules\Pester\5.7.1\Pester.psm1 : ligne 2024
à &lt;ScriptBlock&gt;, C:\Users\user\Documents\WindowsPowerShell\Modules\Pester\5.7.1\Pester.psm1 : ligne 1985
à Invoke-ScriptBlock, C:\Users\user\Documents\WindowsPowerShell\Modules\Pester\5.7.1\Pester.psm1 : ligne 2160
à Invoke-Block, C:\Users\user\Documents\WindowsPowerShell\Modules\Pester\5.7.1\Pester.psm1 : ligne 940
à &lt;ScriptBlock&gt;, C:\Users\user\Documents\WindowsPowerShell\Modules\Pester\5.7.1\Pester.psm1 : ligne 1688
à &lt;ScriptBlock&gt;, C:\Users\user\Documents\WindowsPowerShell\Modules\Pester\5.7.1\Pester.ps1 : ligne 3
à &lt;ScriptBlock&gt;, C:\Users\user\Documents\WindowsPowerShell\Modules\Pester\5.7.1\Pester.psm1 : ligne 3260
à Invoke-InNewScriptScope, C:\Users\user\Documents\WindowsPowerShell\Modules\Pester\5.7.1\Pester.psm1 : ligne 3267
à Run-Test, C:\Users\user\Documents\WindowsPowerShell\Modules\Pester\5.7.1\Pester.psm1 : ligne 1691
à Invoke-Test, C:\Users\user\Documents\WindowsPowerShell\Modules\Pester\5.7.1\Pester.psm1 : ligne 2512
à Invoke-Pester&lt;End&gt;, C:\Users\user\Documents\WindowsPowerShell\Modules\Pester\5.7.1\Pester.psm1 : ligne 4960
à &lt;ScriptBlock&gt;, D:\DO\WEB\N8N_tests\PROJETS\EMAIL_SENDER_1\tools\scripts\roadmap-parser\module\Tests\Invoke-AllTests.ps1 : ligne 86
à &lt;ScriptBlock&gt;, &lt;Aucun fichier&gt; : ligne 1</stack-trace>
                    </failure>
                  </test-case>
                </results>
              </test-suite>
              <test-suite type="TestFixture" name="Test-Format.Validation de format DirectoryPath" executed="True" result="Failure" success="False" time="6.81" asserts="0" description="Test-Format.Validation de format DirectoryPath">
                <results>
                  <test-case description="Devrait retourner True pour un chemin de rÃ©pertoire valide" name="Test-Format.Validation de format DirectoryPath.Devrait retourner True pour un chemin de rÃ©pertoire valide" time="0.2541" asserts="0" success="False" result="Failure" executed="True">
                    <failure>
                      <message>CommandNotFoundException: Le terme « Test-Format » n'est pas reconnu comme nom d'applet de commande, fonction, fichier de script ou programme exécutable. Vérifiez l'orthographe du nom, ou si un chemin d'accès existe, vérifiez que le chemin d'accès est correct et réessayez.</message>
                      <stack-trace>à &lt;ScriptBlock&gt;, D:\DO\WEB\N8N_tests\PROJETS\EMAIL_SENDER_1\tools\scripts\roadmap-parser\module\Tests\Validation\Test-Format.Tests.ps1 : ligne 116
à &lt;ScriptBlock&gt;, C:\Users\user\Documents\WindowsPowerShell\Modules\Pester\5.7.1\Pester.psm1 : ligne 2024
à &lt;ScriptBlock&gt;, C:\Users\user\Documents\WindowsPowerShell\Modules\Pester\5.7.1\Pester.psm1 : ligne 1985
à Invoke-ScriptBlock, C:\Users\user\Documents\WindowsPowerShell\Modules\Pester\5.7.1\Pester.psm1 : ligne 2157
à Invoke-TestItem, C:\Users\user\Documents\WindowsPowerShell\Modules\Pester\5.7.1\Pester.psm1 : ligne 1199
à Invoke-Block, C:\Users\user\Documents\WindowsPowerShell\Modules\Pester\5.7.1\Pester.psm1 : ligne 835
à &lt;ScriptBlock&gt;, C:\Users\user\Documents\WindowsPowerShell\Modules\Pester\5.7.1\Pester.psm1 : ligne 893
à &lt;ScriptBlock&gt;, C:\Users\user\Documents\WindowsPowerShell\Modules\Pester\5.7.1\Pester.psm1 : ligne 2024
à &lt;ScriptBlock&gt;, C:\Users\user\Documents\WindowsPowerShell\Modules\Pester\5.7.1\Pester.psm1 : ligne 1985
à Invoke-ScriptBlock, C:\Users\user\Documents\WindowsPowerShell\Modules\Pester\5.7.1\Pester.psm1 : ligne 2160
à Invoke-Block, C:\Users\user\Documents\WindowsPowerShell\Modules\Pester\5.7.1\Pester.psm1 : ligne 940
à &lt;ScriptBlock&gt;, C:\Users\user\Documents\WindowsPowerShell\Modules\Pester\5.7.1\Pester.psm1 : ligne 893
à &lt;ScriptBlock&gt;, C:\Users\user\Documents\WindowsPowerShell\Modules\Pester\5.7.1\Pester.psm1 : ligne 2024
à &lt;ScriptBlock&gt;, C:\Users\user\Documents\WindowsPowerShell\Modules\Pester\5.7.1\Pester.psm1 : ligne 1985
à Invoke-ScriptBlock, C:\Users\user\Documents\WindowsPowerShell\Modules\Pester\5.7.1\Pester.psm1 : ligne 2160
à Invoke-Block, C:\Users\user\Documents\WindowsPowerShell\Modules\Pester\5.7.1\Pester.psm1 : ligne 940
à &lt;ScriptBlock&gt;, C:\Users\user\Documents\WindowsPowerShell\Modules\Pester\5.7.1\Pester.psm1 : ligne 893
à &lt;ScriptBlock&gt;, C:\Users\user\Documents\WindowsPowerShell\Modules\Pester\5.7.1\Pester.psm1 : ligne 2024
à &lt;ScriptBlock&gt;, C:\Users\user\Documents\WindowsPowerShell\Modules\Pester\5.7.1\Pester.psm1 : ligne 1985
à Invoke-ScriptBlock, C:\Users\user\Documents\WindowsPowerShell\Modules\Pester\5.7.1\Pester.psm1 : ligne 2160
à Invoke-Block, C:\Users\user\Documents\WindowsPowerShell\Modules\Pester\5.7.1\Pester.psm1 : ligne 940
à &lt;ScriptBlock&gt;, C:\Users\user\Documents\WindowsPowerShell\Modules\Pester\5.7.1\Pester.psm1 : ligne 1688
à &lt;ScriptBlock&gt;, C:\Users\user\Documents\WindowsPowerShell\Modules\Pester\5.7.1\Pester.ps1 : ligne 3
à &lt;ScriptBlock&gt;, C:\Users\user\Documents\WindowsPowerShell\Modules\Pester\5.7.1\Pester.psm1 : ligne 3260
à Invoke-InNewScriptScope, C:\Users\user\Documents\WindowsPowerShell\Modules\Pester\5.7.1\Pester.psm1 : ligne 3267
à Run-Test, C:\Users\user\Documents\WindowsPowerShell\Modules\Pester\5.7.1\Pester.psm1 : ligne 1691
à Invoke-Test, C:\Users\user\Documents\WindowsPowerShell\Modules\Pester\5.7.1\Pester.psm1 : ligne 2512
à Invoke-Pester&lt;End&gt;, C:\Users\user\Documents\WindowsPowerShell\Modules\Pester\5.7.1\Pester.psm1 : ligne 4960
à &lt;ScriptBlock&gt;, D:\DO\WEB\N8N_tests\PROJETS\EMAIL_SENDER_1\tools\scripts\roadmap-parser\module\Tests\Invoke-AllTests.ps1 : ligne 86
à &lt;ScriptBlock&gt;, &lt;Aucun fichier&gt; : ligne 1</stack-trace>
                    </failure>
                  </test-case>
                  <test-case description="Devrait retourner False pour un chemin de rÃ©pertoire invalide" name="Test-Format.Validation de format DirectoryPath.Devrait retourner False pour un chemin de rÃ©pertoire invalide" time="0.2424" asserts="0" success="False" result="Failure" executed="True">
                    <failure>
                      <message>CommandNotFoundException: Le terme « Test-Format » n'est pas reconnu comme nom d'applet de commande, fonction, fichier de script ou programme exécutable. Vérifiez l'orthographe du nom, ou si un chemin d'accès existe, vérifiez que le chemin d'accès est correct et réessayez.</message>
                      <stack-trace>à &lt;ScriptBlock&gt;, D:\DO\WEB\N8N_tests\PROJETS\EMAIL_SENDER_1\tools\scripts\roadmap-parser\module\Tests\Validation\Test-Format.Tests.ps1 : ligne 120
à &lt;ScriptBlock&gt;, C:\Users\user\Documents\WindowsPowerShell\Modules\Pester\5.7.1\Pester.psm1 : ligne 2024
à &lt;ScriptBlock&gt;, C:\Users\user\Documents\WindowsPowerShell\Modules\Pester\5.7.1\Pester.psm1 : ligne 1985
à Invoke-ScriptBlock, C:\Users\user\Documents\WindowsPowerShell\Modules\Pester\5.7.1\Pester.psm1 : ligne 2157
à Invoke-TestItem, C:\Users\user\Documents\WindowsPowerShell\Modules\Pester\5.7.1\Pester.psm1 : ligne 1199
à Invoke-Block, C:\Users\user\Documents\WindowsPowerShell\Modules\Pester\5.7.1\Pester.psm1 : ligne 835
à &lt;ScriptBlock&gt;, C:\Users\user\Documents\WindowsPowerShell\Modules\Pester\5.7.1\Pester.psm1 : ligne 893
à &lt;ScriptBlock&gt;, C:\Users\user\Documents\WindowsPowerShell\Modules\Pester\5.7.1\Pester.psm1 : ligne 2024
à &lt;ScriptBlock&gt;, C:\Users\user\Documents\WindowsPowerShell\Modules\Pester\5.7.1\Pester.psm1 : ligne 1985
à Invoke-ScriptBlock, C:\Users\user\Documents\WindowsPowerShell\Modules\Pester\5.7.1\Pester.psm1 : ligne 2160
à Invoke-Block, C:\Users\user\Documents\WindowsPowerShell\Modules\Pester\5.7.1\Pester.psm1 : ligne 940
à &lt;ScriptBlock&gt;, C:\Users\user\Documents\WindowsPowerShell\Modules\Pester\5.7.1\Pester.psm1 : ligne 893
à &lt;ScriptBlock&gt;, C:\Users\user\Documents\WindowsPowerShell\Modules\Pester\5.7.1\Pester.psm1 : ligne 2024
à &lt;ScriptBlock&gt;, C:\Users\user\Documents\WindowsPowerShell\Modules\Pester\5.7.1\Pester.psm1 : ligne 1985
à Invoke-ScriptBlock, C:\Users\user\Documents\WindowsPowerShell\Modules\Pester\5.7.1\Pester.psm1 : ligne 2160
à Invoke-Block, C:\Users\user\Documents\WindowsPowerShell\Modules\Pester\5.7.1\Pester.psm1 : ligne 940
à &lt;ScriptBlock&gt;, C:\Users\user\Documents\WindowsPowerShell\Modules\Pester\5.7.1\Pester.psm1 : ligne 893
à &lt;ScriptBlock&gt;, C:\Users\user\Documents\WindowsPowerShell\Modules\Pester\5.7.1\Pester.psm1 : ligne 2024
à &lt;ScriptBlock&gt;, C:\Users\user\Documents\WindowsPowerShell\Modules\Pester\5.7.1\Pester.psm1 : ligne 1985
à Invoke-ScriptBlock, C:\Users\user\Documents\WindowsPowerShell\Modules\Pester\5.7.1\Pester.psm1 : ligne 2160
à Invoke-Block, C:\Users\user\Documents\WindowsPowerShell\Modules\Pester\5.7.1\Pester.psm1 : ligne 940
à &lt;ScriptBlock&gt;, C:\Users\user\Documents\WindowsPowerShell\Modules\Pester\5.7.1\Pester.psm1 : ligne 1688
à &lt;ScriptBlock&gt;, C:\Users\user\Documents\WindowsPowerShell\Modules\Pester\5.7.1\Pester.ps1 : ligne 3
à &lt;ScriptBlock&gt;, C:\Users\user\Documents\WindowsPowerShell\Modules\Pester\5.7.1\Pester.psm1 : ligne 3260
à Invoke-InNewScriptScope, C:\Users\user\Documents\WindowsPowerShell\Modules\Pester\5.7.1\Pester.psm1 : ligne 3267
à Run-Test, C:\Users\user\Documents\WindowsPowerShell\Modules\Pester\5.7.1\Pester.psm1 : ligne 1691
à Invoke-Test, C:\Users\user\Documents\WindowsPowerShell\Modules\Pester\5.7.1\Pester.psm1 : ligne 2512
à Invoke-Pester&lt;End&gt;, C:\Users\user\Documents\WindowsPowerShell\Modules\Pester\5.7.1\Pester.psm1 : ligne 4960
à &lt;ScriptBlock&gt;, D:\DO\WEB\N8N_tests\PROJETS\EMAIL_SENDER_1\tools\scripts\roadmap-parser\module\Tests\Invoke-AllTests.ps1 : ligne 86
à &lt;ScriptBlock&gt;, &lt;Aucun fichier&gt; : ligne 1</stack-trace>
                    </failure>
                  </test-case>
                </results>
              </test-suite>
              <test-suite type="TestFixture" name="Test-Format.Validation de format Custom" executed="True" result="Failure" success="False" time="7.5798" asserts="0" description="Test-Format.Validation de format Custom">
                <results>
                  <test-case description="Devrait retourner True pour une valeur correspondant au pattern personnalisÃ©" name="Test-Format.Validation de format Custom.Devrait retourner True pour une valeur correspondant au pattern personnalisÃ©" time="0.2298" asserts="0" success="False" result="Failure" executed="True">
                    <failure>
                      <message>CommandNotFoundException: Le terme « Test-Format » n'est pas reconnu comme nom d'applet de commande, fonction, fichier de script ou programme exécutable. Vérifiez l'orthographe du nom, ou si un chemin d'accès existe, vérifiez que le chemin d'accès est correct et réessayez.</message>
                      <stack-trace>à &lt;ScriptBlock&gt;, D:\DO\WEB\N8N_tests\PROJETS\EMAIL_SENDER_1\tools\scripts\roadmap-parser\module\Tests\Validation\Test-Format.Tests.ps1 : ligne 126
à &lt;ScriptBlock&gt;, C:\Users\user\Documents\WindowsPowerShell\Modules\Pester\5.7.1\Pester.psm1 : ligne 2024
à &lt;ScriptBlock&gt;, C:\Users\user\Documents\WindowsPowerShell\Modules\Pester\5.7.1\Pester.psm1 : ligne 1985
à Invoke-ScriptBlock, C:\Users\user\Documents\WindowsPowerShell\Modules\Pester\5.7.1\Pester.psm1 : ligne 2157
à Invoke-TestItem, C:\Users\user\Documents\WindowsPowerShell\Modules\Pester\5.7.1\Pester.psm1 : ligne 1199
à Invoke-Block, C:\Users\user\Documents\WindowsPowerShell\Modules\Pester\5.7.1\Pester.psm1 : ligne 835
à &lt;ScriptBlock&gt;, C:\Users\user\Documents\WindowsPowerShell\Modules\Pester\5.7.1\Pester.psm1 : ligne 893
à &lt;ScriptBlock&gt;, C:\Users\user\Documents\WindowsPowerShell\Modules\Pester\5.7.1\Pester.psm1 : ligne 2024
à &lt;ScriptBlock&gt;, C:\Users\user\Documents\WindowsPowerShell\Modules\Pester\5.7.1\Pester.psm1 : ligne 1985
à Invoke-ScriptBlock, C:\Users\user\Documents\WindowsPowerShell\Modules\Pester\5.7.1\Pester.psm1 : ligne 2160
à Invoke-Block, C:\Users\user\Documents\WindowsPowerShell\Modules\Pester\5.7.1\Pester.psm1 : ligne 940
à &lt;ScriptBlock&gt;, C:\Users\user\Documents\WindowsPowerShell\Modules\Pester\5.7.1\Pester.psm1 : ligne 893
à &lt;ScriptBlock&gt;, C:\Users\user\Documents\WindowsPowerShell\Modules\Pester\5.7.1\Pester.psm1 : ligne 2024
à &lt;ScriptBlock&gt;, C:\Users\user\Documents\WindowsPowerShell\Modules\Pester\5.7.1\Pester.psm1 : ligne 1985
à Invoke-ScriptBlock, C:\Users\user\Documents\WindowsPowerShell\Modules\Pester\5.7.1\Pester.psm1 : ligne 2160
à Invoke-Block, C:\Users\user\Documents\WindowsPowerShell\Modules\Pester\5.7.1\Pester.psm1 : ligne 940
à &lt;ScriptBlock&gt;, C:\Users\user\Documents\WindowsPowerShell\Modules\Pester\5.7.1\Pester.psm1 : ligne 893
à &lt;ScriptBlock&gt;, C:\Users\user\Documents\WindowsPowerShell\Modules\Pester\5.7.1\Pester.psm1 : ligne 2024
à &lt;ScriptBlock&gt;, C:\Users\user\Documents\WindowsPowerShell\Modules\Pester\5.7.1\Pester.psm1 : ligne 1985
à Invoke-ScriptBlock, C:\Users\user\Documents\WindowsPowerShell\Modules\Pester\5.7.1\Pester.psm1 : ligne 2160
à Invoke-Block, C:\Users\user\Documents\WindowsPowerShell\Modules\Pester\5.7.1\Pester.psm1 : ligne 940
à &lt;ScriptBlock&gt;, C:\Users\user\Documents\WindowsPowerShell\Modules\Pester\5.7.1\Pester.psm1 : ligne 1688
à &lt;ScriptBlock&gt;, C:\Users\user\Documents\WindowsPowerShell\Modules\Pester\5.7.1\Pester.ps1 : ligne 3
à &lt;ScriptBlock&gt;, C:\Users\user\Documents\WindowsPowerShell\Modules\Pester\5.7.1\Pester.psm1 : ligne 3260
à Invoke-InNewScriptScope, C:\Users\user\Documents\WindowsPowerShell\Modules\Pester\5.7.1\Pester.psm1 : ligne 3267
à Run-Test, C:\Users\user\Documents\WindowsPowerShell\Modules\Pester\5.7.1\Pester.psm1 : ligne 1691
à Invoke-Test, C:\Users\user\Documents\WindowsPowerShell\Modules\Pester\5.7.1\Pester.psm1 : ligne 2512
à Invoke-Pester&lt;End&gt;, C:\Users\user\Documents\WindowsPowerShell\Modules\Pester\5.7.1\Pester.psm1 : ligne 4960
à &lt;ScriptBlock&gt;, D:\DO\WEB\N8N_tests\PROJETS\EMAIL_SENDER_1\tools\scripts\roadmap-parser\module\Tests\Invoke-AllTests.ps1 : ligne 86
à &lt;ScriptBlock&gt;, &lt;Aucun fichier&gt; : ligne 1</stack-trace>
                    </failure>
                  </test-case>
                  <test-case description="Devrait retourner False pour une valeur ne correspondant pas au pattern personnalisÃ©" name="Test-Format.Validation de format Custom.Devrait retourner False pour une valeur ne correspondant pas au pattern personnalisÃ©" time="0.2253" asserts="0" success="False" result="Failure" executed="True">
                    <failure>
                      <message>CommandNotFoundException: Le terme « Test-Format » n'est pas reconnu comme nom d'applet de commande, fonction, fichier de script ou programme exécutable. Vérifiez l'orthographe du nom, ou si un chemin d'accès existe, vérifiez que le chemin d'accès est correct et réessayez.</message>
                      <stack-trace>à &lt;ScriptBlock&gt;, D:\DO\WEB\N8N_tests\PROJETS\EMAIL_SENDER_1\tools\scripts\roadmap-parser\module\Tests\Validation\Test-Format.Tests.ps1 : ligne 130
à &lt;ScriptBlock&gt;, C:\Users\user\Documents\WindowsPowerShell\Modules\Pester\5.7.1\Pester.psm1 : ligne 2024
à &lt;ScriptBlock&gt;, C:\Users\user\Documents\WindowsPowerShell\Modules\Pester\5.7.1\Pester.psm1 : ligne 1985
à Invoke-ScriptBlock, C:\Users\user\Documents\WindowsPowerShell\Modules\Pester\5.7.1\Pester.psm1 : ligne 2157
à Invoke-TestItem, C:\Users\user\Documents\WindowsPowerShell\Modules\Pester\5.7.1\Pester.psm1 : ligne 1199
à Invoke-Block, C:\Users\user\Documents\WindowsPowerShell\Modules\Pester\5.7.1\Pester.psm1 : ligne 835
à &lt;ScriptBlock&gt;, C:\Users\user\Documents\WindowsPowerShell\Modules\Pester\5.7.1\Pester.psm1 : ligne 893
à &lt;ScriptBlock&gt;, C:\Users\user\Documents\WindowsPowerShell\Modules\Pester\5.7.1\Pester.psm1 : ligne 2024
à &lt;ScriptBlock&gt;, C:\Users\user\Documents\WindowsPowerShell\Modules\Pester\5.7.1\Pester.psm1 : ligne 1985
à Invoke-ScriptBlock, C:\Users\user\Documents\WindowsPowerShell\Modules\Pester\5.7.1\Pester.psm1 : ligne 2160
à Invoke-Block, C:\Users\user\Documents\WindowsPowerShell\Modules\Pester\5.7.1\Pester.psm1 : ligne 940
à &lt;ScriptBlock&gt;, C:\Users\user\Documents\WindowsPowerShell\Modules\Pester\5.7.1\Pester.psm1 : ligne 893
à &lt;ScriptBlock&gt;, C:\Users\user\Documents\WindowsPowerShell\Modules\Pester\5.7.1\Pester.psm1 : ligne 2024
à &lt;ScriptBlock&gt;, C:\Users\user\Documents\WindowsPowerShell\Modules\Pester\5.7.1\Pester.psm1 : ligne 1985
à Invoke-ScriptBlock, C:\Users\user\Documents\WindowsPowerShell\Modules\Pester\5.7.1\Pester.psm1 : ligne 2160
à Invoke-Block, C:\Users\user\Documents\WindowsPowerShell\Modules\Pester\5.7.1\Pester.psm1 : ligne 940
à &lt;ScriptBlock&gt;, C:\Users\user\Documents\WindowsPowerShell\Modules\Pester\5.7.1\Pester.psm1 : ligne 893
à &lt;ScriptBlock&gt;, C:\Users\user\Documents\WindowsPowerShell\Modules\Pester\5.7.1\Pester.psm1 : ligne 2024
à &lt;ScriptBlock&gt;, C:\Users\user\Documents\WindowsPowerShell\Modules\Pester\5.7.1\Pester.psm1 : ligne 1985
à Invoke-ScriptBlock, C:\Users\user\Documents\WindowsPowerShell\Modules\Pester\5.7.1\Pester.psm1 : ligne 2160
à Invoke-Block, C:\Users\user\Documents\WindowsPowerShell\Modules\Pester\5.7.1\Pester.psm1 : ligne 940
à &lt;ScriptBlock&gt;, C:\Users\user\Documents\WindowsPowerShell\Modules\Pester\5.7.1\Pester.psm1 : ligne 1688
à &lt;ScriptBlock&gt;, C:\Users\user\Documents\WindowsPowerShell\Modules\Pester\5.7.1\Pester.ps1 : ligne 3
à &lt;ScriptBlock&gt;, C:\Users\user\Documents\WindowsPowerShell\Modules\Pester\5.7.1\Pester.psm1 : ligne 3260
à Invoke-InNewScriptScope, C:\Users\user\Documents\WindowsPowerShell\Modules\Pester\5.7.1\Pester.psm1 : ligne 3267
à Run-Test, C:\Users\user\Documents\WindowsPowerShell\Modules\Pester\5.7.1\Pester.psm1 : ligne 1691
à Invoke-Test, C:\Users\user\Documents\WindowsPowerShell\Modules\Pester\5.7.1\Pester.psm1 : ligne 2512
à Invoke-Pester&lt;End&gt;, C:\Users\user\Documents\WindowsPowerShell\Modules\Pester\5.7.1\Pester.psm1 : ligne 4960
à &lt;ScriptBlock&gt;, D:\DO\WEB\N8N_tests\PROJETS\EMAIL_SENDER_1\tools\scripts\roadmap-parser\module\Tests\Invoke-AllTests.ps1 : ligne 86
à &lt;ScriptBlock&gt;, &lt;Aucun fichier&gt; : ligne 1</stack-trace>
                    </failure>
                  </test-case>
                  <test-case description="Devrait lever une exception si le pattern n'est pas spÃ©cifiÃ©" name="Test-Format.Validation de format Custom.Devrait lever une exception si le pattern n'est pas spÃ©cifiÃ©" time="0.1922" asserts="0" success="True" result="Success" executed="True" />
                </results>
              </test-suite>
              <test-suite type="TestFixture" name="Test-Format.Validation avec ThrowOnFailure" executed="True" result="Failure" success="False" time="8.1745" asserts="0" description="Test-Format.Validation avec ThrowOnFailure">
                <results>
                  <test-case description="Devrait lever une exception en cas d'Ã©chec avec ThrowOnFailure" name="Test-Format.Validation avec ThrowOnFailure.Devrait lever une exception en cas d'Ã©chec avec ThrowOnFailure" time="0.2315" asserts="0" success="True" result="Success" executed="True" />
                  <test-case description="Ne devrait pas lever d'exception en cas de succÃ¨s avec ThrowOnFailure" name="Test-Format.Validation avec ThrowOnFailure.Ne devrait pas lever d'exception en cas de succÃ¨s avec ThrowOnFailure" time="0.2503" asserts="0" success="False" result="Failure" executed="True">
                    <failure>
                      <message>Expected no exception to be thrown, but an exception "Le terme « Test-Format » n'est pas reconnu comme nom d'applet de commande, fonction, fichier de script ou programme exécutable. Vérifiez l'orthographe du nom, ou si un chemin d'accès existe, vérifiez que le chemin d'accès est correct et réessayez." was thrown Au caractère D:\DO\WEB\N8N_tests\PROJETS\EMAIL_SENDER_1\tools\scripts\roadmap-parser\module\Tests\Validation\Test-Format.Tests.ps1:144 : 15
    +             { Test-Format -Value "user@example.com" -Format "Email" - ...
    +               ~~~~~~~~~~~.</message>
                      <stack-trace>at { Test-Format -Value "user@example.com" -Format "Email" -ThrowOnFailure } | Should -Not -Throw, D:\DO\WEB\N8N_tests\PROJETS\EMAIL_SENDER_1\tools\scripts\roadmap-parser\module\Tests\Validation\Test-Format.Tests.ps1:144
à Invoke-Assertion, C:\Users\user\Documents\WindowsPowerShell\Modules\Pester\5.7.1\Pester.psm1 : ligne 8250
à Should&lt;End&gt;, C:\Users\user\Documents\WindowsPowerShell\Modules\Pester\5.7.1\Pester.psm1 : ligne 8193
à &lt;ScriptBlock&gt;, D:\DO\WEB\N8N_tests\PROJETS\EMAIL_SENDER_1\tools\scripts\roadmap-parser\module\Tests\Validation\Test-Format.Tests.ps1 : ligne 144
à &lt;ScriptBlock&gt;, C:\Users\user\Documents\WindowsPowerShell\Modules\Pester\5.7.1\Pester.psm1 : ligne 2024
à &lt;ScriptBlock&gt;, C:\Users\user\Documents\WindowsPowerShell\Modules\Pester\5.7.1\Pester.psm1 : ligne 1985
à Invoke-ScriptBlock, C:\Users\user\Documents\WindowsPowerShell\Modules\Pester\5.7.1\Pester.psm1 : ligne 2157
à Invoke-TestItem, C:\Users\user\Documents\WindowsPowerShell\Modules\Pester\5.7.1\Pester.psm1 : ligne 1199
à Invoke-Block, C:\Users\user\Documents\WindowsPowerShell\Modules\Pester\5.7.1\Pester.psm1 : ligne 835
à &lt;ScriptBlock&gt;, C:\Users\user\Documents\WindowsPowerShell\Modules\Pester\5.7.1\Pester.psm1 : ligne 893
à &lt;ScriptBlock&gt;, C:\Users\user\Documents\WindowsPowerShell\Modules\Pester\5.7.1\Pester.psm1 : ligne 2024
à &lt;ScriptBlock&gt;, C:\Users\user\Documents\WindowsPowerShell\Modules\Pester\5.7.1\Pester.psm1 : ligne 1985
à Invoke-ScriptBlock, C:\Users\user\Documents\WindowsPowerShell\Modules\Pester\5.7.1\Pester.psm1 : ligne 2160
à Invoke-Block, C:\Users\user\Documents\WindowsPowerShell\Modules\Pester\5.7.1\Pester.psm1 : ligne 940
à &lt;ScriptBlock&gt;, C:\Users\user\Documents\WindowsPowerShell\Modules\Pester\5.7.1\Pester.psm1 : ligne 893
à &lt;ScriptBlock&gt;, C:\Users\user\Documents\WindowsPowerShell\Modules\Pester\5.7.1\Pester.psm1 : ligne 2024
à &lt;ScriptBlock&gt;, C:\Users\user\Documents\WindowsPowerShell\Modules\Pester\5.7.1\Pester.psm1 : ligne 1985
à Invoke-ScriptBlock, C:\Users\user\Documents\WindowsPowerShell\Modules\Pester\5.7.1\Pester.psm1 : ligne 2160
à Invoke-Block, C:\Users\user\Documents\WindowsPowerShell\Modules\Pester\5.7.1\Pester.psm1 : ligne 940
à &lt;ScriptBlock&gt;, C:\Users\user\Documents\WindowsPowerShell\Modules\Pester\5.7.1\Pester.psm1 : ligne 893
à &lt;ScriptBlock&gt;, C:\Users\user\Documents\WindowsPowerShell\Modules\Pester\5.7.1\Pester.psm1 : ligne 2024
à &lt;ScriptBlock&gt;, C:\Users\user\Documents\WindowsPowerShell\Modules\Pester\5.7.1\Pester.psm1 : ligne 1985
à Invoke-ScriptBlock, C:\Users\user\Documents\WindowsPowerShell\Modules\Pester\5.7.1\Pester.psm1 : ligne 2160
à Invoke-Block, C:\Users\user\Documents\WindowsPowerShell\Modules\Pester\5.7.1\Pester.psm1 : ligne 940
à &lt;ScriptBlock&gt;, C:\Users\user\Documents\WindowsPowerShell\Modules\Pester\5.7.1\Pester.psm1 : ligne 1688
à &lt;ScriptBlock&gt;, C:\Users\user\Documents\WindowsPowerShell\Modules\Pester\5.7.1\Pester.ps1 : ligne 3
à &lt;ScriptBlock&gt;, C:\Users\user\Documents\WindowsPowerShell\Modules\Pester\5.7.1\Pester.psm1 : ligne 3260
à Invoke-InNewScriptScope, C:\Users\user\Documents\WindowsPowerShell\Modules\Pester\5.7.1\Pester.psm1 : ligne 3267
à Run-Test, C:\Users\user\Documents\WindowsPowerShell\Modules\Pester\5.7.1\Pester.psm1 : ligne 1691
à Invoke-Test, C:\Users\user\Documents\WindowsPowerShell\Modules\Pester\5.7.1\Pester.psm1 : ligne 2512
à Invoke-Pester&lt;End&gt;, C:\Users\user\Documents\WindowsPowerShell\Modules\Pester\5.7.1\Pester.psm1 : ligne 4960
à &lt;ScriptBlock&gt;, D:\DO\WEB\N8N_tests\PROJETS\EMAIL_SENDER_1\tools\scripts\roadmap-parser\module\Tests\Invoke-AllTests.ps1 : ligne 86
à &lt;ScriptBlock&gt;, &lt;Aucun fichier&gt; : ligne 1</stack-trace>
                    </failure>
                  </test-case>
                </results>
              </test-suite>
              <test-suite type="TestFixture" name="Test-Format.Validation avec message d'erreur personnalisÃ©" executed="True" result="Failure" success="False" time="8.7688" asserts="0" description="Test-Format.Validation avec message d'erreur personnalisÃ©">
                <results>
                  <test-case description="Devrait utiliser le message d'erreur personnalisÃ© en cas d'Ã©chec" name="Test-Format.Validation avec message d'erreur personnalisÃ©.Devrait utiliser le message d'erreur personnalisÃ© en cas d'Ã©chec" time="0.4814" asserts="0" success="False" result="Failure" executed="True">
                    <failure>
                      <message>Expected strings to be the same, but they were different.
Expected length: 30
Actual length:   247
Strings differ at index 0.
Expected: 'Message d'erreur personnalisÃ©'
But was:  'Le terme « Test-Format » n'est pas reconnu comme nom d'applet de commande, fonction, ...'
           ^</message>
                      <stack-trace>at $exceptionMessage | Should -Be $customErrorMessage, D:\DO\WEB\N8N_tests\PROJETS\EMAIL_SENDER_1\tools\scripts\roadmap-parser\module\Tests\Validation\Test-Format.Tests.ps1:159
à Invoke-Assertion, C:\Users\user\Documents\WindowsPowerShell\Modules\Pester\5.7.1\Pester.psm1 : ligne 8250
à Should&lt;End&gt;, C:\Users\user\Documents\WindowsPowerShell\Modules\Pester\5.7.1\Pester.psm1 : ligne 8189
à &lt;ScriptBlock&gt;, D:\DO\WEB\N8N_tests\PROJETS\EMAIL_SENDER_1\tools\scripts\roadmap-parser\module\Tests\Validation\Test-Format.Tests.ps1 : ligne 159
à &lt;ScriptBlock&gt;, C:\Users\user\Documents\WindowsPowerShell\Modules\Pester\5.7.1\Pester.psm1 : ligne 2024
à &lt;ScriptBlock&gt;, C:\Users\user\Documents\WindowsPowerShell\Modules\Pester\5.7.1\Pester.psm1 : ligne 1985
à Invoke-ScriptBlock, C:\Users\user\Documents\WindowsPowerShell\Modules\Pester\5.7.1\Pester.psm1 : ligne 2157
à Invoke-TestItem, C:\Users\user\Documents\WindowsPowerShell\Modules\Pester\5.7.1\Pester.psm1 : ligne 1199
à Invoke-Block, C:\Users\user\Documents\WindowsPowerShell\Modules\Pester\5.7.1\Pester.psm1 : ligne 835
à &lt;ScriptBlock&gt;, C:\Users\user\Documents\WindowsPowerShell\Modules\Pester\5.7.1\Pester.psm1 : ligne 893
à &lt;ScriptBlock&gt;, C:\Users\user\Documents\WindowsPowerShell\Modules\Pester\5.7.1\Pester.psm1 : ligne 2024
à &lt;ScriptBlock&gt;, C:\Users\user\Documents\WindowsPowerShell\Modules\Pester\5.7.1\Pester.psm1 : ligne 1985
à Invoke-ScriptBlock, C:\Users\user\Documents\WindowsPowerShell\Modules\Pester\5.7.1\Pester.psm1 : ligne 2160
à Invoke-Block, C:\Users\user\Documents\WindowsPowerShell\Modules\Pester\5.7.1\Pester.psm1 : ligne 940
à &lt;ScriptBlock&gt;, C:\Users\user\Documents\WindowsPowerShell\Modules\Pester\5.7.1\Pester.psm1 : ligne 893
à &lt;ScriptBlock&gt;, C:\Users\user\Documents\WindowsPowerShell\Modules\Pester\5.7.1\Pester.psm1 : ligne 2024
à &lt;ScriptBlock&gt;, C:\Users\user\Documents\WindowsPowerShell\Modules\Pester\5.7.1\Pester.psm1 : ligne 1985
à Invoke-ScriptBlock, C:\Users\user\Documents\WindowsPowerShell\Modules\Pester\5.7.1\Pester.psm1 : ligne 2160
à Invoke-Block, C:\Users\user\Documents\WindowsPowerShell\Modules\Pester\5.7.1\Pester.psm1 : ligne 940
à &lt;ScriptBlock&gt;, C:\Users\user\Documents\WindowsPowerShell\Modules\Pester\5.7.1\Pester.psm1 : ligne 893
à &lt;ScriptBlock&gt;, C:\Users\user\Documents\WindowsPowerShell\Modules\Pester\5.7.1\Pester.psm1 : ligne 2024
à &lt;ScriptBlock&gt;, C:\Users\user\Documents\WindowsPowerShell\Modules\Pester\5.7.1\Pester.psm1 : ligne 1985
à Invoke-ScriptBlock, C:\Users\user\Documents\WindowsPowerShell\Modules\Pester\5.7.1\Pester.psm1 : ligne 2160
à Invoke-Block, C:\Users\user\Documents\WindowsPowerShell\Modules\Pester\5.7.1\Pester.psm1 : ligne 940
à &lt;ScriptBlock&gt;, C:\Users\user\Documents\WindowsPowerShell\Modules\Pester\5.7.1\Pester.psm1 : ligne 1688
à &lt;ScriptBlock&gt;, C:\Users\user\Documents\WindowsPowerShell\Modules\Pester\5.7.1\Pester.ps1 : ligne 3
à &lt;ScriptBlock&gt;, C:\Users\user\Documents\WindowsPowerShell\Modules\Pester\5.7.1\Pester.psm1 : ligne 3260
à Invoke-InNewScriptScope, C:\Users\user\Documents\WindowsPowerShell\Modules\Pester\5.7.1\Pester.psm1 : ligne 3267
à Run-Test, C:\Users\user\Documents\WindowsPowerShell\Modules\Pester\5.7.1\Pester.psm1 : ligne 1691
à Invoke-Test, C:\Users\user\Documents\WindowsPowerShell\Modules\Pester\5.7.1\Pester.psm1 : ligne 2512
à Invoke-Pester&lt;End&gt;, C:\Users\user\Documents\WindowsPowerShell\Modules\Pester\5.7.1\Pester.psm1 : ligne 4960
à &lt;ScriptBlock&gt;, D:\DO\WEB\N8N_tests\PROJETS\EMAIL_SENDER_1\tools\scripts\roadmap-parser\module\Tests\Invoke-AllTests.ps1 : ligne 86
à &lt;ScriptBlock&gt;, &lt;Aucun fichier&gt; : ligne 1</stack-trace>
                    </failure>
                  </test-case>
                </results>
              </test-suite>
            </results>
          </test-suite>
        </results>
      </test-suite>
      <test-suite type="TestFixture" name="D:\DO\WEB\N8N_tests\PROJETS\EMAIL_SENDER_1\tools\scripts\roadmap-parser\module\Tests\Validation\Test-Range.Tests.ps1" executed="True" result="Failure" success="False" time="11.2837" asserts="0" description="D:\DO\WEB\N8N_tests\PROJETS\EMAIL_SENDER_1\tools\scripts\roadmap-parser\module\Tests\Validation\Test-Range.Tests.ps1">
        <results>
          <test-suite type="TestFixture" name="Test-Range" executed="True" result="Failure" success="False" time="10.5558" asserts="0" description="Test-Range">
            <results>
              <test-suite type="TestFixture" name="Test-Range.Validation de plage de valeurs" executed="True" result="Failure" success="False" time="1.2966" asserts="0" description="Test-Range.Validation de plage de valeurs">
                <results>
                  <test-case description="Devrait retourner True pour une valeur dans la plage" name="Test-Range.Validation de plage de valeurs.Devrait retourner True pour une valeur dans la plage" time="0.2414" asserts="0" success="False" result="Failure" executed="True">
                    <failure>
                      <message>CommandNotFoundException: Le terme « Test-Range » n'est pas reconnu comme nom d'applet de commande, fonction, fichier de script ou programme exécutable. Vérifiez l'orthographe du nom, ou si un chemin d'accès existe, vérifiez que le chemin d'accès est correct et réessayez.</message>
                      <stack-trace>à &lt;ScriptBlock&gt;, D:\DO\WEB\N8N_tests\PROJETS\EMAIL_SENDER_1\tools\scripts\roadmap-parser\module\Tests\Validation\Test-Range.Tests.ps1 : ligne 16
à &lt;ScriptBlock&gt;, C:\Users\user\Documents\WindowsPowerShell\Modules\Pester\5.7.1\Pester.psm1 : ligne 2024
à &lt;ScriptBlock&gt;, C:\Users\user\Documents\WindowsPowerShell\Modules\Pester\5.7.1\Pester.psm1 : ligne 1985
à Invoke-ScriptBlock, C:\Users\user\Documents\WindowsPowerShell\Modules\Pester\5.7.1\Pester.psm1 : ligne 2157
à Invoke-TestItem, C:\Users\user\Documents\WindowsPowerShell\Modules\Pester\5.7.1\Pester.psm1 : ligne 1199
à Invoke-Block, C:\Users\user\Documents\WindowsPowerShell\Modules\Pester\5.7.1\Pester.psm1 : ligne 835
à &lt;ScriptBlock&gt;, C:\Users\user\Documents\WindowsPowerShell\Modules\Pester\5.7.1\Pester.psm1 : ligne 893
à &lt;ScriptBlock&gt;, C:\Users\user\Documents\WindowsPowerShell\Modules\Pester\5.7.1\Pester.psm1 : ligne 2024
à &lt;ScriptBlock&gt;, C:\Users\user\Documents\WindowsPowerShell\Modules\Pester\5.7.1\Pester.psm1 : ligne 1985
à Invoke-ScriptBlock, C:\Users\user\Documents\WindowsPowerShell\Modules\Pester\5.7.1\Pester.psm1 : ligne 2160
à Invoke-Block, C:\Users\user\Documents\WindowsPowerShell\Modules\Pester\5.7.1\Pester.psm1 : ligne 940
à &lt;ScriptBlock&gt;, C:\Users\user\Documents\WindowsPowerShell\Modules\Pester\5.7.1\Pester.psm1 : ligne 893
à &lt;ScriptBlock&gt;, C:\Users\user\Documents\WindowsPowerShell\Modules\Pester\5.7.1\Pester.psm1 : ligne 2024
à &lt;ScriptBlock&gt;, C:\Users\user\Documents\WindowsPowerShell\Modules\Pester\5.7.1\Pester.psm1 : ligne 1985
à Invoke-ScriptBlock, C:\Users\user\Documents\WindowsPowerShell\Modules\Pester\5.7.1\Pester.psm1 : ligne 2160
à Invoke-Block, C:\Users\user\Documents\WindowsPowerShell\Modules\Pester\5.7.1\Pester.psm1 : ligne 940
à &lt;ScriptBlock&gt;, C:\Users\user\Documents\WindowsPowerShell\Modules\Pester\5.7.1\Pester.psm1 : ligne 893
à &lt;ScriptBlock&gt;, C:\Users\user\Documents\WindowsPowerShell\Modules\Pester\5.7.1\Pester.psm1 : ligne 2024
à &lt;ScriptBlock&gt;, C:\Users\user\Documents\WindowsPowerShell\Modules\Pester\5.7.1\Pester.psm1 : ligne 1985
à Invoke-ScriptBlock, C:\Users\user\Documents\WindowsPowerShell\Modules\Pester\5.7.1\Pester.psm1 : ligne 2160
à Invoke-Block, C:\Users\user\Documents\WindowsPowerShell\Modules\Pester\5.7.1\Pester.psm1 : ligne 940
à &lt;ScriptBlock&gt;, C:\Users\user\Documents\WindowsPowerShell\Modules\Pester\5.7.1\Pester.psm1 : ligne 1688
à &lt;ScriptBlock&gt;, C:\Users\user\Documents\WindowsPowerShell\Modules\Pester\5.7.1\Pester.ps1 : ligne 3
à &lt;ScriptBlock&gt;, C:\Users\user\Documents\WindowsPowerShell\Modules\Pester\5.7.1\Pester.psm1 : ligne 3260
à Invoke-InNewScriptScope, C:\Users\user\Documents\WindowsPowerShell\Modules\Pester\5.7.1\Pester.psm1 : ligne 3267
à Run-Test, C:\Users\user\Documents\WindowsPowerShell\Modules\Pester\5.7.1\Pester.psm1 : ligne 1691
à Invoke-Test, C:\Users\user\Documents\WindowsPowerShell\Modules\Pester\5.7.1\Pester.psm1 : ligne 2512
à Invoke-Pester&lt;End&gt;, C:\Users\user\Documents\WindowsPowerShell\Modules\Pester\5.7.1\Pester.psm1 : ligne 4960
à &lt;ScriptBlock&gt;, D:\DO\WEB\N8N_tests\PROJETS\EMAIL_SENDER_1\tools\scripts\roadmap-parser\module\Tests\Invoke-AllTests.ps1 : ligne 86
à &lt;ScriptBlock&gt;, &lt;Aucun fichier&gt; : ligne 1</stack-trace>
                    </failure>
                  </test-case>
                  <test-case description="Devrait retourner True pour une valeur Ã©gale Ã  la borne infÃ©rieure" name="Test-Range.Validation de plage de valeurs.Devrait retourner True pour une valeur Ã©gale Ã  la borne infÃ©rieure" time="0.2485" asserts="0" success="False" result="Failure" executed="True">
                    <failure>
                      <message>CommandNotFoundException: Le terme « Test-Range » n'est pas reconnu comme nom d'applet de commande, fonction, fichier de script ou programme exécutable. Vérifiez l'orthographe du nom, ou si un chemin d'accès existe, vérifiez que le chemin d'accès est correct et réessayez.</message>
                      <stack-trace>à &lt;ScriptBlock&gt;, D:\DO\WEB\N8N_tests\PROJETS\EMAIL_SENDER_1\tools\scripts\roadmap-parser\module\Tests\Validation\Test-Range.Tests.ps1 : ligne 20
à &lt;ScriptBlock&gt;, C:\Users\user\Documents\WindowsPowerShell\Modules\Pester\5.7.1\Pester.psm1 : ligne 2024
à &lt;ScriptBlock&gt;, C:\Users\user\Documents\WindowsPowerShell\Modules\Pester\5.7.1\Pester.psm1 : ligne 1985
à Invoke-ScriptBlock, C:\Users\user\Documents\WindowsPowerShell\Modules\Pester\5.7.1\Pester.psm1 : ligne 2157
à Invoke-TestItem, C:\Users\user\Documents\WindowsPowerShell\Modules\Pester\5.7.1\Pester.psm1 : ligne 1199
à Invoke-Block, C:\Users\user\Documents\WindowsPowerShell\Modules\Pester\5.7.1\Pester.psm1 : ligne 835
à &lt;ScriptBlock&gt;, C:\Users\user\Documents\WindowsPowerShell\Modules\Pester\5.7.1\Pester.psm1 : ligne 893
à &lt;ScriptBlock&gt;, C:\Users\user\Documents\WindowsPowerShell\Modules\Pester\5.7.1\Pester.psm1 : ligne 2024
à &lt;ScriptBlock&gt;, C:\Users\user\Documents\WindowsPowerShell\Modules\Pester\5.7.1\Pester.psm1 : ligne 1985
à Invoke-ScriptBlock, C:\Users\user\Documents\WindowsPowerShell\Modules\Pester\5.7.1\Pester.psm1 : ligne 2160
à Invoke-Block, C:\Users\user\Documents\WindowsPowerShell\Modules\Pester\5.7.1\Pester.psm1 : ligne 940
à &lt;ScriptBlock&gt;, C:\Users\user\Documents\WindowsPowerShell\Modules\Pester\5.7.1\Pester.psm1 : ligne 893
à &lt;ScriptBlock&gt;, C:\Users\user\Documents\WindowsPowerShell\Modules\Pester\5.7.1\Pester.psm1 : ligne 2024
à &lt;ScriptBlock&gt;, C:\Users\user\Documents\WindowsPowerShell\Modules\Pester\5.7.1\Pester.psm1 : ligne 1985
à Invoke-ScriptBlock, C:\Users\user\Documents\WindowsPowerShell\Modules\Pester\5.7.1\Pester.psm1 : ligne 2160
à Invoke-Block, C:\Users\user\Documents\WindowsPowerShell\Modules\Pester\5.7.1\Pester.psm1 : ligne 940
à &lt;ScriptBlock&gt;, C:\Users\user\Documents\WindowsPowerShell\Modules\Pester\5.7.1\Pester.psm1 : ligne 893
à &lt;ScriptBlock&gt;, C:\Users\user\Documents\WindowsPowerShell\Modules\Pester\5.7.1\Pester.psm1 : ligne 2024
à &lt;ScriptBlock&gt;, C:\Users\user\Documents\WindowsPowerShell\Modules\Pester\5.7.1\Pester.psm1 : ligne 1985
à Invoke-ScriptBlock, C:\Users\user\Documents\WindowsPowerShell\Modules\Pester\5.7.1\Pester.psm1 : ligne 2160
à Invoke-Block, C:\Users\user\Documents\WindowsPowerShell\Modules\Pester\5.7.1\Pester.psm1 : ligne 940
à &lt;ScriptBlock&gt;, C:\Users\user\Documents\WindowsPowerShell\Modules\Pester\5.7.1\Pester.psm1 : ligne 1688
à &lt;ScriptBlock&gt;, C:\Users\user\Documents\WindowsPowerShell\Modules\Pester\5.7.1\Pester.ps1 : ligne 3
à &lt;ScriptBlock&gt;, C:\Users\user\Documents\WindowsPowerShell\Modules\Pester\5.7.1\Pester.psm1 : ligne 3260
à Invoke-InNewScriptScope, C:\Users\user\Documents\WindowsPowerShell\Modules\Pester\5.7.1\Pester.psm1 : ligne 3267
à Run-Test, C:\Users\user\Documents\WindowsPowerShell\Modules\Pester\5.7.1\Pester.psm1 : ligne 1691
à Invoke-Test, C:\Users\user\Documents\WindowsPowerShell\Modules\Pester\5.7.1\Pester.psm1 : ligne 2512
à Invoke-Pester&lt;End&gt;, C:\Users\user\Documents\WindowsPowerShell\Modules\Pester\5.7.1\Pester.psm1 : ligne 4960
à &lt;ScriptBlock&gt;, D:\DO\WEB\N8N_tests\PROJETS\EMAIL_SENDER_1\tools\scripts\roadmap-parser\module\Tests\Invoke-AllTests.ps1 : ligne 86
à &lt;ScriptBlock&gt;, &lt;Aucun fichier&gt; : ligne 1</stack-trace>
                    </failure>
                  </test-case>
                  <test-case description="Devrait retourner True pour une valeur Ã©gale Ã  la borne supÃ©rieure" name="Test-Range.Validation de plage de valeurs.Devrait retourner True pour une valeur Ã©gale Ã  la borne supÃ©rieure" time="0.2274" asserts="0" success="False" result="Failure" executed="True">
                    <failure>
                      <message>CommandNotFoundException: Le terme « Test-Range » n'est pas reconnu comme nom d'applet de commande, fonction, fichier de script ou programme exécutable. Vérifiez l'orthographe du nom, ou si un chemin d'accès existe, vérifiez que le chemin d'accès est correct et réessayez.</message>
                      <stack-trace>à &lt;ScriptBlock&gt;, D:\DO\WEB\N8N_tests\PROJETS\EMAIL_SENDER_1\tools\scripts\roadmap-parser\module\Tests\Validation\Test-Range.Tests.ps1 : ligne 24
à &lt;ScriptBlock&gt;, C:\Users\user\Documents\WindowsPowerShell\Modules\Pester\5.7.1\Pester.psm1 : ligne 2024
à &lt;ScriptBlock&gt;, C:\Users\user\Documents\WindowsPowerShell\Modules\Pester\5.7.1\Pester.psm1 : ligne 1985
à Invoke-ScriptBlock, C:\Users\user\Documents\WindowsPowerShell\Modules\Pester\5.7.1\Pester.psm1 : ligne 2157
à Invoke-TestItem, C:\Users\user\Documents\WindowsPowerShell\Modules\Pester\5.7.1\Pester.psm1 : ligne 1199
à Invoke-Block, C:\Users\user\Documents\WindowsPowerShell\Modules\Pester\5.7.1\Pester.psm1 : ligne 835
à &lt;ScriptBlock&gt;, C:\Users\user\Documents\WindowsPowerShell\Modules\Pester\5.7.1\Pester.psm1 : ligne 893
à &lt;ScriptBlock&gt;, C:\Users\user\Documents\WindowsPowerShell\Modules\Pester\5.7.1\Pester.psm1 : ligne 2024
à &lt;ScriptBlock&gt;, C:\Users\user\Documents\WindowsPowerShell\Modules\Pester\5.7.1\Pester.psm1 : ligne 1985
à Invoke-ScriptBlock, C:\Users\user\Documents\WindowsPowerShell\Modules\Pester\5.7.1\Pester.psm1 : ligne 2160
à Invoke-Block, C:\Users\user\Documents\WindowsPowerShell\Modules\Pester\5.7.1\Pester.psm1 : ligne 940
à &lt;ScriptBlock&gt;, C:\Users\user\Documents\WindowsPowerShell\Modules\Pester\5.7.1\Pester.psm1 : ligne 893
à &lt;ScriptBlock&gt;, C:\Users\user\Documents\WindowsPowerShell\Modules\Pester\5.7.1\Pester.psm1 : ligne 2024
à &lt;ScriptBlock&gt;, C:\Users\user\Documents\WindowsPowerShell\Modules\Pester\5.7.1\Pester.psm1 : ligne 1985
à Invoke-ScriptBlock, C:\Users\user\Documents\WindowsPowerShell\Modules\Pester\5.7.1\Pester.psm1 : ligne 2160
à Invoke-Block, C:\Users\user\Documents\WindowsPowerShell\Modules\Pester\5.7.1\Pester.psm1 : ligne 940
à &lt;ScriptBlock&gt;, C:\Users\user\Documents\WindowsPowerShell\Modules\Pester\5.7.1\Pester.psm1 : ligne 893
à &lt;ScriptBlock&gt;, C:\Users\user\Documents\WindowsPowerShell\Modules\Pester\5.7.1\Pester.psm1 : ligne 2024
à &lt;ScriptBlock&gt;, C:\Users\user\Documents\WindowsPowerShell\Modules\Pester\5.7.1\Pester.psm1 : ligne 1985
à Invoke-ScriptBlock, C:\Users\user\Documents\WindowsPowerShell\Modules\Pester\5.7.1\Pester.psm1 : ligne 2160
à Invoke-Block, C:\Users\user\Documents\WindowsPowerShell\Modules\Pester\5.7.1\Pester.psm1 : ligne 940
à &lt;ScriptBlock&gt;, C:\Users\user\Documents\WindowsPowerShell\Modules\Pester\5.7.1\Pester.psm1 : ligne 1688
à &lt;ScriptBlock&gt;, C:\Users\user\Documents\WindowsPowerShell\Modules\Pester\5.7.1\Pester.ps1 : ligne 3
à &lt;ScriptBlock&gt;, C:\Users\user\Documents\WindowsPowerShell\Modules\Pester\5.7.1\Pester.psm1 : ligne 3260
à Invoke-InNewScriptScope, C:\Users\user\Documents\WindowsPowerShell\Modules\Pester\5.7.1\Pester.psm1 : ligne 3267
à Run-Test, C:\Users\user\Documents\WindowsPowerShell\Modules\Pester\5.7.1\Pester.psm1 : ligne 1691
à Invoke-Test, C:\Users\user\Documents\WindowsPowerShell\Modules\Pester\5.7.1\Pester.psm1 : ligne 2512
à Invoke-Pester&lt;End&gt;, C:\Users\user\Documents\WindowsPowerShell\Modules\Pester\5.7.1\Pester.psm1 : ligne 4960
à &lt;ScriptBlock&gt;, D:\DO\WEB\N8N_tests\PROJETS\EMAIL_SENDER_1\tools\scripts\roadmap-parser\module\Tests\Invoke-AllTests.ps1 : ligne 86
à &lt;ScriptBlock&gt;, &lt;Aucun fichier&gt; : ligne 1</stack-trace>
                    </failure>
                  </test-case>
                  <test-case description="Devrait retourner False pour une valeur infÃ©rieure Ã  la borne infÃ©rieure" name="Test-Range.Validation de plage de valeurs.Devrait retourner False pour une valeur infÃ©rieure Ã  la borne infÃ©rieure" time="0.233" asserts="0" success="False" result="Failure" executed="True">
                    <failure>
                      <message>CommandNotFoundException: Le terme « Test-Range » n'est pas reconnu comme nom d'applet de commande, fonction, fichier de script ou programme exécutable. Vérifiez l'orthographe du nom, ou si un chemin d'accès existe, vérifiez que le chemin d'accès est correct et réessayez.</message>
                      <stack-trace>à &lt;ScriptBlock&gt;, D:\DO\WEB\N8N_tests\PROJETS\EMAIL_SENDER_1\tools\scripts\roadmap-parser\module\Tests\Validation\Test-Range.Tests.ps1 : ligne 28
à &lt;ScriptBlock&gt;, C:\Users\user\Documents\WindowsPowerShell\Modules\Pester\5.7.1\Pester.psm1 : ligne 2024
à &lt;ScriptBlock&gt;, C:\Users\user\Documents\WindowsPowerShell\Modules\Pester\5.7.1\Pester.psm1 : ligne 1985
à Invoke-ScriptBlock, C:\Users\user\Documents\WindowsPowerShell\Modules\Pester\5.7.1\Pester.psm1 : ligne 2157
à Invoke-TestItem, C:\Users\user\Documents\WindowsPowerShell\Modules\Pester\5.7.1\Pester.psm1 : ligne 1199
à Invoke-Block, C:\Users\user\Documents\WindowsPowerShell\Modules\Pester\5.7.1\Pester.psm1 : ligne 835
à &lt;ScriptBlock&gt;, C:\Users\user\Documents\WindowsPowerShell\Modules\Pester\5.7.1\Pester.psm1 : ligne 893
à &lt;ScriptBlock&gt;, C:\Users\user\Documents\WindowsPowerShell\Modules\Pester\5.7.1\Pester.psm1 : ligne 2024
à &lt;ScriptBlock&gt;, C:\Users\user\Documents\WindowsPowerShell\Modules\Pester\5.7.1\Pester.psm1 : ligne 1985
à Invoke-ScriptBlock, C:\Users\user\Documents\WindowsPowerShell\Modules\Pester\5.7.1\Pester.psm1 : ligne 2160
à Invoke-Block, C:\Users\user\Documents\WindowsPowerShell\Modules\Pester\5.7.1\Pester.psm1 : ligne 940
à &lt;ScriptBlock&gt;, C:\Users\user\Documents\WindowsPowerShell\Modules\Pester\5.7.1\Pester.psm1 : ligne 893
à &lt;ScriptBlock&gt;, C:\Users\user\Documents\WindowsPowerShell\Modules\Pester\5.7.1\Pester.psm1 : ligne 2024
à &lt;ScriptBlock&gt;, C:\Users\user\Documents\WindowsPowerShell\Modules\Pester\5.7.1\Pester.psm1 : ligne 1985
à Invoke-ScriptBlock, C:\Users\user\Documents\WindowsPowerShell\Modules\Pester\5.7.1\Pester.psm1 : ligne 2160
à Invoke-Block, C:\Users\user\Documents\WindowsPowerShell\Modules\Pester\5.7.1\Pester.psm1 : ligne 940
à &lt;ScriptBlock&gt;, C:\Users\user\Documents\WindowsPowerShell\Modules\Pester\5.7.1\Pester.psm1 : ligne 893
à &lt;ScriptBlock&gt;, C:\Users\user\Documents\WindowsPowerShell\Modules\Pester\5.7.1\Pester.psm1 : ligne 2024
à &lt;ScriptBlock&gt;, C:\Users\user\Documents\WindowsPowerShell\Modules\Pester\5.7.1\Pester.psm1 : ligne 1985
à Invoke-ScriptBlock, C:\Users\user\Documents\WindowsPowerShell\Modules\Pester\5.7.1\Pester.psm1 : ligne 2160
à Invoke-Block, C:\Users\user\Documents\WindowsPowerShell\Modules\Pester\5.7.1\Pester.psm1 : ligne 940
à &lt;ScriptBlock&gt;, C:\Users\user\Documents\WindowsPowerShell\Modules\Pester\5.7.1\Pester.psm1 : ligne 1688
à &lt;ScriptBlock&gt;, C:\Users\user\Documents\WindowsPowerShell\Modules\Pester\5.7.1\Pester.ps1 : ligne 3
à &lt;ScriptBlock&gt;, C:\Users\user\Documents\WindowsPowerShell\Modules\Pester\5.7.1\Pester.psm1 : ligne 3260
à Invoke-InNewScriptScope, C:\Users\user\Documents\WindowsPowerShell\Modules\Pester\5.7.1\Pester.psm1 : ligne 3267
à Run-Test, C:\Users\user\Documents\WindowsPowerShell\Modules\Pester\5.7.1\Pester.psm1 : ligne 1691
à Invoke-Test, C:\Users\user\Documents\WindowsPowerShell\Modules\Pester\5.7.1\Pester.psm1 : ligne 2512
à Invoke-Pester&lt;End&gt;, C:\Users\user\Documents\WindowsPowerShell\Modules\Pester\5.7.1\Pester.psm1 : ligne 4960
à &lt;ScriptBlock&gt;, D:\DO\WEB\N8N_tests\PROJETS\EMAIL_SENDER_1\tools\scripts\roadmap-parser\module\Tests\Invoke-AllTests.ps1 : ligne 86
à &lt;ScriptBlock&gt;, &lt;Aucun fichier&gt; : ligne 1</stack-trace>
                    </failure>
                  </test-case>
                  <test-case description="Devrait retourner False pour une valeur supÃ©rieure Ã  la borne supÃ©rieure" name="Test-Range.Validation de plage de valeurs.Devrait retourner False pour une valeur supÃ©rieure Ã  la borne supÃ©rieure" time="0.2292" asserts="0" success="False" result="Failure" executed="True">
                    <failure>
                      <message>CommandNotFoundException: Le terme « Test-Range » n'est pas reconnu comme nom d'applet de commande, fonction, fichier de script ou programme exécutable. Vérifiez l'orthographe du nom, ou si un chemin d'accès existe, vérifiez que le chemin d'accès est correct et réessayez.</message>
                      <stack-trace>à &lt;ScriptBlock&gt;, D:\DO\WEB\N8N_tests\PROJETS\EMAIL_SENDER_1\tools\scripts\roadmap-parser\module\Tests\Validation\Test-Range.Tests.ps1 : ligne 32
à &lt;ScriptBlock&gt;, C:\Users\user\Documents\WindowsPowerShell\Modules\Pester\5.7.1\Pester.psm1 : ligne 2024
à &lt;ScriptBlock&gt;, C:\Users\user\Documents\WindowsPowerShell\Modules\Pester\5.7.1\Pester.psm1 : ligne 1985
à Invoke-ScriptBlock, C:\Users\user\Documents\WindowsPowerShell\Modules\Pester\5.7.1\Pester.psm1 : ligne 2157
à Invoke-TestItem, C:\Users\user\Documents\WindowsPowerShell\Modules\Pester\5.7.1\Pester.psm1 : ligne 1199
à Invoke-Block, C:\Users\user\Documents\WindowsPowerShell\Modules\Pester\5.7.1\Pester.psm1 : ligne 835
à &lt;ScriptBlock&gt;, C:\Users\user\Documents\WindowsPowerShell\Modules\Pester\5.7.1\Pester.psm1 : ligne 893
à &lt;ScriptBlock&gt;, C:\Users\user\Documents\WindowsPowerShell\Modules\Pester\5.7.1\Pester.psm1 : ligne 2024
à &lt;ScriptBlock&gt;, C:\Users\user\Documents\WindowsPowerShell\Modules\Pester\5.7.1\Pester.psm1 : ligne 1985
à Invoke-ScriptBlock, C:\Users\user\Documents\WindowsPowerShell\Modules\Pester\5.7.1\Pester.psm1 : ligne 2160
à Invoke-Block, C:\Users\user\Documents\WindowsPowerShell\Modules\Pester\5.7.1\Pester.psm1 : ligne 940
à &lt;ScriptBlock&gt;, C:\Users\user\Documents\WindowsPowerShell\Modules\Pester\5.7.1\Pester.psm1 : ligne 893
à &lt;ScriptBlock&gt;, C:\Users\user\Documents\WindowsPowerShell\Modules\Pester\5.7.1\Pester.psm1 : ligne 2024
à &lt;ScriptBlock&gt;, C:\Users\user\Documents\WindowsPowerShell\Modules\Pester\5.7.1\Pester.psm1 : ligne 1985
à Invoke-ScriptBlock, C:\Users\user\Documents\WindowsPowerShell\Modules\Pester\5.7.1\Pester.psm1 : ligne 2160
à Invoke-Block, C:\Users\user\Documents\WindowsPowerShell\Modules\Pester\5.7.1\Pester.psm1 : ligne 940
à &lt;ScriptBlock&gt;, C:\Users\user\Documents\WindowsPowerShell\Modules\Pester\5.7.1\Pester.psm1 : ligne 893
à &lt;ScriptBlock&gt;, C:\Users\user\Documents\WindowsPowerShell\Modules\Pester\5.7.1\Pester.psm1 : ligne 2024
à &lt;ScriptBlock&gt;, C:\Users\user\Documents\WindowsPowerShell\Modules\Pester\5.7.1\Pester.psm1 : ligne 1985
à Invoke-ScriptBlock, C:\Users\user\Documents\WindowsPowerShell\Modules\Pester\5.7.1\Pester.psm1 : ligne 2160
à Invoke-Block, C:\Users\user\Documents\WindowsPowerShell\Modules\Pester\5.7.1\Pester.psm1 : ligne 940
à &lt;ScriptBlock&gt;, C:\Users\user\Documents\WindowsPowerShell\Modules\Pester\5.7.1\Pester.psm1 : ligne 1688
à &lt;ScriptBlock&gt;, C:\Users\user\Documents\WindowsPowerShell\Modules\Pester\5.7.1\Pester.ps1 : ligne 3
à &lt;ScriptBlock&gt;, C:\Users\user\Documents\WindowsPowerShell\Modules\Pester\5.7.1\Pester.psm1 : ligne 3260
à Invoke-InNewScriptScope, C:\Users\user\Documents\WindowsPowerShell\Modules\Pester\5.7.1\Pester.psm1 : ligne 3267
à Run-Test, C:\Users\user\Documents\WindowsPowerShell\Modules\Pester\5.7.1\Pester.psm1 : ligne 1691
à Invoke-Test, C:\Users\user\Documents\WindowsPowerShell\Modules\Pester\5.7.1\Pester.psm1 : ligne 2512
à Invoke-Pester&lt;End&gt;, C:\Users\user\Documents\WindowsPowerShell\Modules\Pester\5.7.1\Pester.psm1 : ligne 4960
à &lt;ScriptBlock&gt;, D:\DO\WEB\N8N_tests\PROJETS\EMAIL_SENDER_1\tools\scripts\roadmap-parser\module\Tests\Invoke-AllTests.ps1 : ligne 86
à &lt;ScriptBlock&gt;, &lt;Aucun fichier&gt; : ligne 1</stack-trace>
                    </failure>
                  </test-case>
                </results>
              </test-suite>
              <test-suite type="TestFixture" name="Test-Range.Validation de plage avec Min seulement" executed="True" result="Failure" success="False" time="2.1391" asserts="0" description="Test-Range.Validation de plage avec Min seulement">
                <results>
                  <test-case description="Devrait retourner True pour une valeur supÃ©rieure Ã  Min" name="Test-Range.Validation de plage avec Min seulement.Devrait retourner True pour une valeur supÃ©rieure Ã  Min" time="0.2362" asserts="0" success="False" result="Failure" executed="True">
                    <failure>
                      <message>CommandNotFoundException: Le terme « Test-Range » n'est pas reconnu comme nom d'applet de commande, fonction, fichier de script ou programme exécutable. Vérifiez l'orthographe du nom, ou si un chemin d'accès existe, vérifiez que le chemin d'accès est correct et réessayez.</message>
                      <stack-trace>à &lt;ScriptBlock&gt;, D:\DO\WEB\N8N_tests\PROJETS\EMAIL_SENDER_1\tools\scripts\roadmap-parser\module\Tests\Validation\Test-Range.Tests.ps1 : ligne 38
à &lt;ScriptBlock&gt;, C:\Users\user\Documents\WindowsPowerShell\Modules\Pester\5.7.1\Pester.psm1 : ligne 2024
à &lt;ScriptBlock&gt;, C:\Users\user\Documents\WindowsPowerShell\Modules\Pester\5.7.1\Pester.psm1 : ligne 1985
à Invoke-ScriptBlock, C:\Users\user\Documents\WindowsPowerShell\Modules\Pester\5.7.1\Pester.psm1 : ligne 2157
à Invoke-TestItem, C:\Users\user\Documents\WindowsPowerShell\Modules\Pester\5.7.1\Pester.psm1 : ligne 1199
à Invoke-Block, C:\Users\user\Documents\WindowsPowerShell\Modules\Pester\5.7.1\Pester.psm1 : ligne 835
à &lt;ScriptBlock&gt;, C:\Users\user\Documents\WindowsPowerShell\Modules\Pester\5.7.1\Pester.psm1 : ligne 893
à &lt;ScriptBlock&gt;, C:\Users\user\Documents\WindowsPowerShell\Modules\Pester\5.7.1\Pester.psm1 : ligne 2024
à &lt;ScriptBlock&gt;, C:\Users\user\Documents\WindowsPowerShell\Modules\Pester\5.7.1\Pester.psm1 : ligne 1985
à Invoke-ScriptBlock, C:\Users\user\Documents\WindowsPowerShell\Modules\Pester\5.7.1\Pester.psm1 : ligne 2160
à Invoke-Block, C:\Users\user\Documents\WindowsPowerShell\Modules\Pester\5.7.1\Pester.psm1 : ligne 940
à &lt;ScriptBlock&gt;, C:\Users\user\Documents\WindowsPowerShell\Modules\Pester\5.7.1\Pester.psm1 : ligne 893
à &lt;ScriptBlock&gt;, C:\Users\user\Documents\WindowsPowerShell\Modules\Pester\5.7.1\Pester.psm1 : ligne 2024
à &lt;ScriptBlock&gt;, C:\Users\user\Documents\WindowsPowerShell\Modules\Pester\5.7.1\Pester.psm1 : ligne 1985
à Invoke-ScriptBlock, C:\Users\user\Documents\WindowsPowerShell\Modules\Pester\5.7.1\Pester.psm1 : ligne 2160
à Invoke-Block, C:\Users\user\Documents\WindowsPowerShell\Modules\Pester\5.7.1\Pester.psm1 : ligne 940
à &lt;ScriptBlock&gt;, C:\Users\user\Documents\WindowsPowerShell\Modules\Pester\5.7.1\Pester.psm1 : ligne 893
à &lt;ScriptBlock&gt;, C:\Users\user\Documents\WindowsPowerShell\Modules\Pester\5.7.1\Pester.psm1 : ligne 2024
à &lt;ScriptBlock&gt;, C:\Users\user\Documents\WindowsPowerShell\Modules\Pester\5.7.1\Pester.psm1 : ligne 1985
à Invoke-ScriptBlock, C:\Users\user\Documents\WindowsPowerShell\Modules\Pester\5.7.1\Pester.psm1 : ligne 2160
à Invoke-Block, C:\Users\user\Documents\WindowsPowerShell\Modules\Pester\5.7.1\Pester.psm1 : ligne 940
à &lt;ScriptBlock&gt;, C:\Users\user\Documents\WindowsPowerShell\Modules\Pester\5.7.1\Pester.psm1 : ligne 1688
à &lt;ScriptBlock&gt;, C:\Users\user\Documents\WindowsPowerShell\Modules\Pester\5.7.1\Pester.ps1 : ligne 3
à &lt;ScriptBlock&gt;, C:\Users\user\Documents\WindowsPowerShell\Modules\Pester\5.7.1\Pester.psm1 : ligne 3260
à Invoke-InNewScriptScope, C:\Users\user\Documents\WindowsPowerShell\Modules\Pester\5.7.1\Pester.psm1 : ligne 3267
à Run-Test, C:\Users\user\Documents\WindowsPowerShell\Modules\Pester\5.7.1\Pester.psm1 : ligne 1691
à Invoke-Test, C:\Users\user\Documents\WindowsPowerShell\Modules\Pester\5.7.1\Pester.psm1 : ligne 2512
à Invoke-Pester&lt;End&gt;, C:\Users\user\Documents\WindowsPowerShell\Modules\Pester\5.7.1\Pester.psm1 : ligne 4960
à &lt;ScriptBlock&gt;, D:\DO\WEB\N8N_tests\PROJETS\EMAIL_SENDER_1\tools\scripts\roadmap-parser\module\Tests\Invoke-AllTests.ps1 : ligne 86
à &lt;ScriptBlock&gt;, &lt;Aucun fichier&gt; : ligne 1</stack-trace>
                    </failure>
                  </test-case>
                  <test-case description="Devrait retourner True pour une valeur Ã©gale Ã  Min" name="Test-Range.Validation de plage avec Min seulement.Devrait retourner True pour une valeur Ã©gale Ã  Min" time="0.2379" asserts="0" success="False" result="Failure" executed="True">
                    <failure>
                      <message>CommandNotFoundException: Le terme « Test-Range » n'est pas reconnu comme nom d'applet de commande, fonction, fichier de script ou programme exécutable. Vérifiez l'orthographe du nom, ou si un chemin d'accès existe, vérifiez que le chemin d'accès est correct et réessayez.</message>
                      <stack-trace>à &lt;ScriptBlock&gt;, D:\DO\WEB\N8N_tests\PROJETS\EMAIL_SENDER_1\tools\scripts\roadmap-parser\module\Tests\Validation\Test-Range.Tests.ps1 : ligne 42
à &lt;ScriptBlock&gt;, C:\Users\user\Documents\WindowsPowerShell\Modules\Pester\5.7.1\Pester.psm1 : ligne 2024
à &lt;ScriptBlock&gt;, C:\Users\user\Documents\WindowsPowerShell\Modules\Pester\5.7.1\Pester.psm1 : ligne 1985
à Invoke-ScriptBlock, C:\Users\user\Documents\WindowsPowerShell\Modules\Pester\5.7.1\Pester.psm1 : ligne 2157
à Invoke-TestItem, C:\Users\user\Documents\WindowsPowerShell\Modules\Pester\5.7.1\Pester.psm1 : ligne 1199
à Invoke-Block, C:\Users\user\Documents\WindowsPowerShell\Modules\Pester\5.7.1\Pester.psm1 : ligne 835
à &lt;ScriptBlock&gt;, C:\Users\user\Documents\WindowsPowerShell\Modules\Pester\5.7.1\Pester.psm1 : ligne 893
à &lt;ScriptBlock&gt;, C:\Users\user\Documents\WindowsPowerShell\Modules\Pester\5.7.1\Pester.psm1 : ligne 2024
à &lt;ScriptBlock&gt;, C:\Users\user\Documents\WindowsPowerShell\Modules\Pester\5.7.1\Pester.psm1 : ligne 1985
à Invoke-ScriptBlock, C:\Users\user\Documents\WindowsPowerShell\Modules\Pester\5.7.1\Pester.psm1 : ligne 2160
à Invoke-Block, C:\Users\user\Documents\WindowsPowerShell\Modules\Pester\5.7.1\Pester.psm1 : ligne 940
à &lt;ScriptBlock&gt;, C:\Users\user\Documents\WindowsPowerShell\Modules\Pester\5.7.1\Pester.psm1 : ligne 893
à &lt;ScriptBlock&gt;, C:\Users\user\Documents\WindowsPowerShell\Modules\Pester\5.7.1\Pester.psm1 : ligne 2024
à &lt;ScriptBlock&gt;, C:\Users\user\Documents\WindowsPowerShell\Modules\Pester\5.7.1\Pester.psm1 : ligne 1985
à Invoke-ScriptBlock, C:\Users\user\Documents\WindowsPowerShell\Modules\Pester\5.7.1\Pester.psm1 : ligne 2160
à Invoke-Block, C:\Users\user\Documents\WindowsPowerShell\Modules\Pester\5.7.1\Pester.psm1 : ligne 940
à &lt;ScriptBlock&gt;, C:\Users\user\Documents\WindowsPowerShell\Modules\Pester\5.7.1\Pester.psm1 : ligne 893
à &lt;ScriptBlock&gt;, C:\Users\user\Documents\WindowsPowerShell\Modules\Pester\5.7.1\Pester.psm1 : ligne 2024
à &lt;ScriptBlock&gt;, C:\Users\user\Documents\WindowsPowerShell\Modules\Pester\5.7.1\Pester.psm1 : ligne 1985
à Invoke-ScriptBlock, C:\Users\user\Documents\WindowsPowerShell\Modules\Pester\5.7.1\Pester.psm1 : ligne 2160
à Invoke-Block, C:\Users\user\Documents\WindowsPowerShell\Modules\Pester\5.7.1\Pester.psm1 : ligne 940
à &lt;ScriptBlock&gt;, C:\Users\user\Documents\WindowsPowerShell\Modules\Pester\5.7.1\Pester.psm1 : ligne 1688
à &lt;ScriptBlock&gt;, C:\Users\user\Documents\WindowsPowerShell\Modules\Pester\5.7.1\Pester.ps1 : ligne 3
à &lt;ScriptBlock&gt;, C:\Users\user\Documents\WindowsPowerShell\Modules\Pester\5.7.1\Pester.psm1 : ligne 3260
à Invoke-InNewScriptScope, C:\Users\user\Documents\WindowsPowerShell\Modules\Pester\5.7.1\Pester.psm1 : ligne 3267
à Run-Test, C:\Users\user\Documents\WindowsPowerShell\Modules\Pester\5.7.1\Pester.psm1 : ligne 1691
à Invoke-Test, C:\Users\user\Documents\WindowsPowerShell\Modules\Pester\5.7.1\Pester.psm1 : ligne 2512
à Invoke-Pester&lt;End&gt;, C:\Users\user\Documents\WindowsPowerShell\Modules\Pester\5.7.1\Pester.psm1 : ligne 4960
à &lt;ScriptBlock&gt;, D:\DO\WEB\N8N_tests\PROJETS\EMAIL_SENDER_1\tools\scripts\roadmap-parser\module\Tests\Invoke-AllTests.ps1 : ligne 86
à &lt;ScriptBlock&gt;, &lt;Aucun fichier&gt; : ligne 1</stack-trace>
                    </failure>
                  </test-case>
                  <test-case description="Devrait retourner False pour une valeur infÃ©rieure Ã  Min" name="Test-Range.Validation de plage avec Min seulement.Devrait retourner False pour une valeur infÃ©rieure Ã  Min" time="0.2619" asserts="0" success="False" result="Failure" executed="True">
                    <failure>
                      <message>CommandNotFoundException: Le terme « Test-Range » n'est pas reconnu comme nom d'applet de commande, fonction, fichier de script ou programme exécutable. Vérifiez l'orthographe du nom, ou si un chemin d'accès existe, vérifiez que le chemin d'accès est correct et réessayez.</message>
                      <stack-trace>à &lt;ScriptBlock&gt;, D:\DO\WEB\N8N_tests\PROJETS\EMAIL_SENDER_1\tools\scripts\roadmap-parser\module\Tests\Validation\Test-Range.Tests.ps1 : ligne 46
à &lt;ScriptBlock&gt;, C:\Users\user\Documents\WindowsPowerShell\Modules\Pester\5.7.1\Pester.psm1 : ligne 2024
à &lt;ScriptBlock&gt;, C:\Users\user\Documents\WindowsPowerShell\Modules\Pester\5.7.1\Pester.psm1 : ligne 1985
à Invoke-ScriptBlock, C:\Users\user\Documents\WindowsPowerShell\Modules\Pester\5.7.1\Pester.psm1 : ligne 2157
à Invoke-TestItem, C:\Users\user\Documents\WindowsPowerShell\Modules\Pester\5.7.1\Pester.psm1 : ligne 1199
à Invoke-Block, C:\Users\user\Documents\WindowsPowerShell\Modules\Pester\5.7.1\Pester.psm1 : ligne 835
à &lt;ScriptBlock&gt;, C:\Users\user\Documents\WindowsPowerShell\Modules\Pester\5.7.1\Pester.psm1 : ligne 893
à &lt;ScriptBlock&gt;, C:\Users\user\Documents\WindowsPowerShell\Modules\Pester\5.7.1\Pester.psm1 : ligne 2024
à &lt;ScriptBlock&gt;, C:\Users\user\Documents\WindowsPowerShell\Modules\Pester\5.7.1\Pester.psm1 : ligne 1985
à Invoke-ScriptBlock, C:\Users\user\Documents\WindowsPowerShell\Modules\Pester\5.7.1\Pester.psm1 : ligne 2160
à Invoke-Block, C:\Users\user\Documents\WindowsPowerShell\Modules\Pester\5.7.1\Pester.psm1 : ligne 940
à &lt;ScriptBlock&gt;, C:\Users\user\Documents\WindowsPowerShell\Modules\Pester\5.7.1\Pester.psm1 : ligne 893
à &lt;ScriptBlock&gt;, C:\Users\user\Documents\WindowsPowerShell\Modules\Pester\5.7.1\Pester.psm1 : ligne 2024
à &lt;ScriptBlock&gt;, C:\Users\user\Documents\WindowsPowerShell\Modules\Pester\5.7.1\Pester.psm1 : ligne 1985
à Invoke-ScriptBlock, C:\Users\user\Documents\WindowsPowerShell\Modules\Pester\5.7.1\Pester.psm1 : ligne 2160
à Invoke-Block, C:\Users\user\Documents\WindowsPowerShell\Modules\Pester\5.7.1\Pester.psm1 : ligne 940
à &lt;ScriptBlock&gt;, C:\Users\user\Documents\WindowsPowerShell\Modules\Pester\5.7.1\Pester.psm1 : ligne 893
à &lt;ScriptBlock&gt;, C:\Users\user\Documents\WindowsPowerShell\Modules\Pester\5.7.1\Pester.psm1 : ligne 2024
à &lt;ScriptBlock&gt;, C:\Users\user\Documents\WindowsPowerShell\Modules\Pester\5.7.1\Pester.psm1 : ligne 1985
à Invoke-ScriptBlock, C:\Users\user\Documents\WindowsPowerShell\Modules\Pester\5.7.1\Pester.psm1 : ligne 2160
à Invoke-Block, C:\Users\user\Documents\WindowsPowerShell\Modules\Pester\5.7.1\Pester.psm1 : ligne 940
à &lt;ScriptBlock&gt;, C:\Users\user\Documents\WindowsPowerShell\Modules\Pester\5.7.1\Pester.psm1 : ligne 1688
à &lt;ScriptBlock&gt;, C:\Users\user\Documents\WindowsPowerShell\Modules\Pester\5.7.1\Pester.ps1 : ligne 3
à &lt;ScriptBlock&gt;, C:\Users\user\Documents\WindowsPowerShell\Modules\Pester\5.7.1\Pester.psm1 : ligne 3260
à Invoke-InNewScriptScope, C:\Users\user\Documents\WindowsPowerShell\Modules\Pester\5.7.1\Pester.psm1 : ligne 3267
à Run-Test, C:\Users\user\Documents\WindowsPowerShell\Modules\Pester\5.7.1\Pester.psm1 : ligne 1691
à Invoke-Test, C:\Users\user\Documents\WindowsPowerShell\Modules\Pester\5.7.1\Pester.psm1 : ligne 2512
à Invoke-Pester&lt;End&gt;, C:\Users\user\Documents\WindowsPowerShell\Modules\Pester\5.7.1\Pester.psm1 : ligne 4960
à &lt;ScriptBlock&gt;, D:\DO\WEB\N8N_tests\PROJETS\EMAIL_SENDER_1\tools\scripts\roadmap-parser\module\Tests\Invoke-AllTests.ps1 : ligne 86
à &lt;ScriptBlock&gt;, &lt;Aucun fichier&gt; : ligne 1</stack-trace>
                    </failure>
                  </test-case>
                </results>
              </test-suite>
              <test-suite type="TestFixture" name="Test-Range.Validation de plage avec Max seulement" executed="True" result="Failure" success="False" time="2.9879" asserts="0" description="Test-Range.Validation de plage avec Max seulement">
                <results>
                  <test-case description="Devrait retourner True pour une valeur infÃ©rieure Ã  Max" name="Test-Range.Validation de plage avec Max seulement.Devrait retourner True pour une valeur infÃ©rieure Ã  Max" time="0.2356" asserts="0" success="False" result="Failure" executed="True">
                    <failure>
                      <message>CommandNotFoundException: Le terme « Test-Range » n'est pas reconnu comme nom d'applet de commande, fonction, fichier de script ou programme exécutable. Vérifiez l'orthographe du nom, ou si un chemin d'accès existe, vérifiez que le chemin d'accès est correct et réessayez.</message>
                      <stack-trace>à &lt;ScriptBlock&gt;, D:\DO\WEB\N8N_tests\PROJETS\EMAIL_SENDER_1\tools\scripts\roadmap-parser\module\Tests\Validation\Test-Range.Tests.ps1 : ligne 52
à &lt;ScriptBlock&gt;, C:\Users\user\Documents\WindowsPowerShell\Modules\Pester\5.7.1\Pester.psm1 : ligne 2024
à &lt;ScriptBlock&gt;, C:\Users\user\Documents\WindowsPowerShell\Modules\Pester\5.7.1\Pester.psm1 : ligne 1985
à Invoke-ScriptBlock, C:\Users\user\Documents\WindowsPowerShell\Modules\Pester\5.7.1\Pester.psm1 : ligne 2157
à Invoke-TestItem, C:\Users\user\Documents\WindowsPowerShell\Modules\Pester\5.7.1\Pester.psm1 : ligne 1199
à Invoke-Block, C:\Users\user\Documents\WindowsPowerShell\Modules\Pester\5.7.1\Pester.psm1 : ligne 835
à &lt;ScriptBlock&gt;, C:\Users\user\Documents\WindowsPowerShell\Modules\Pester\5.7.1\Pester.psm1 : ligne 893
à &lt;ScriptBlock&gt;, C:\Users\user\Documents\WindowsPowerShell\Modules\Pester\5.7.1\Pester.psm1 : ligne 2024
à &lt;ScriptBlock&gt;, C:\Users\user\Documents\WindowsPowerShell\Modules\Pester\5.7.1\Pester.psm1 : ligne 1985
à Invoke-ScriptBlock, C:\Users\user\Documents\WindowsPowerShell\Modules\Pester\5.7.1\Pester.psm1 : ligne 2160
à Invoke-Block, C:\Users\user\Documents\WindowsPowerShell\Modules\Pester\5.7.1\Pester.psm1 : ligne 940
à &lt;ScriptBlock&gt;, C:\Users\user\Documents\WindowsPowerShell\Modules\Pester\5.7.1\Pester.psm1 : ligne 893
à &lt;ScriptBlock&gt;, C:\Users\user\Documents\WindowsPowerShell\Modules\Pester\5.7.1\Pester.psm1 : ligne 2024
à &lt;ScriptBlock&gt;, C:\Users\user\Documents\WindowsPowerShell\Modules\Pester\5.7.1\Pester.psm1 : ligne 1985
à Invoke-ScriptBlock, C:\Users\user\Documents\WindowsPowerShell\Modules\Pester\5.7.1\Pester.psm1 : ligne 2160
à Invoke-Block, C:\Users\user\Documents\WindowsPowerShell\Modules\Pester\5.7.1\Pester.psm1 : ligne 940
à &lt;ScriptBlock&gt;, C:\Users\user\Documents\WindowsPowerShell\Modules\Pester\5.7.1\Pester.psm1 : ligne 893
à &lt;ScriptBlock&gt;, C:\Users\user\Documents\WindowsPowerShell\Modules\Pester\5.7.1\Pester.psm1 : ligne 2024
à &lt;ScriptBlock&gt;, C:\Users\user\Documents\WindowsPowerShell\Modules\Pester\5.7.1\Pester.psm1 : ligne 1985
à Invoke-ScriptBlock, C:\Users\user\Documents\WindowsPowerShell\Modules\Pester\5.7.1\Pester.psm1 : ligne 2160
à Invoke-Block, C:\Users\user\Documents\WindowsPowerShell\Modules\Pester\5.7.1\Pester.psm1 : ligne 940
à &lt;ScriptBlock&gt;, C:\Users\user\Documents\WindowsPowerShell\Modules\Pester\5.7.1\Pester.psm1 : ligne 1688
à &lt;ScriptBlock&gt;, C:\Users\user\Documents\WindowsPowerShell\Modules\Pester\5.7.1\Pester.ps1 : ligne 3
à &lt;ScriptBlock&gt;, C:\Users\user\Documents\WindowsPowerShell\Modules\Pester\5.7.1\Pester.psm1 : ligne 3260
à Invoke-InNewScriptScope, C:\Users\user\Documents\WindowsPowerShell\Modules\Pester\5.7.1\Pester.psm1 : ligne 3267
à Run-Test, C:\Users\user\Documents\WindowsPowerShell\Modules\Pester\5.7.1\Pester.psm1 : ligne 1691
à Invoke-Test, C:\Users\user\Documents\WindowsPowerShell\Modules\Pester\5.7.1\Pester.psm1 : ligne 2512
à Invoke-Pester&lt;End&gt;, C:\Users\user\Documents\WindowsPowerShell\Modules\Pester\5.7.1\Pester.psm1 : ligne 4960
à &lt;ScriptBlock&gt;, D:\DO\WEB\N8N_tests\PROJETS\EMAIL_SENDER_1\tools\scripts\roadmap-parser\module\Tests\Invoke-AllTests.ps1 : ligne 86
à &lt;ScriptBlock&gt;, &lt;Aucun fichier&gt; : ligne 1</stack-trace>
                    </failure>
                  </test-case>
                  <test-case description="Devrait retourner True pour une valeur Ã©gale Ã  Max" name="Test-Range.Validation de plage avec Max seulement.Devrait retourner True pour une valeur Ã©gale Ã  Max" time="0.2188" asserts="0" success="False" result="Failure" executed="True">
                    <failure>
                      <message>CommandNotFoundException: Le terme « Test-Range » n'est pas reconnu comme nom d'applet de commande, fonction, fichier de script ou programme exécutable. Vérifiez l'orthographe du nom, ou si un chemin d'accès existe, vérifiez que le chemin d'accès est correct et réessayez.</message>
                      <stack-trace>à &lt;ScriptBlock&gt;, D:\DO\WEB\N8N_tests\PROJETS\EMAIL_SENDER_1\tools\scripts\roadmap-parser\module\Tests\Validation\Test-Range.Tests.ps1 : ligne 56
à &lt;ScriptBlock&gt;, C:\Users\user\Documents\WindowsPowerShell\Modules\Pester\5.7.1\Pester.psm1 : ligne 2024
à &lt;ScriptBlock&gt;, C:\Users\user\Documents\WindowsPowerShell\Modules\Pester\5.7.1\Pester.psm1 : ligne 1985
à Invoke-ScriptBlock, C:\Users\user\Documents\WindowsPowerShell\Modules\Pester\5.7.1\Pester.psm1 : ligne 2157
à Invoke-TestItem, C:\Users\user\Documents\WindowsPowerShell\Modules\Pester\5.7.1\Pester.psm1 : ligne 1199
à Invoke-Block, C:\Users\user\Documents\WindowsPowerShell\Modules\Pester\5.7.1\Pester.psm1 : ligne 835
à &lt;ScriptBlock&gt;, C:\Users\user\Documents\WindowsPowerShell\Modules\Pester\5.7.1\Pester.psm1 : ligne 893
à &lt;ScriptBlock&gt;, C:\Users\user\Documents\WindowsPowerShell\Modules\Pester\5.7.1\Pester.psm1 : ligne 2024
à &lt;ScriptBlock&gt;, C:\Users\user\Documents\WindowsPowerShell\Modules\Pester\5.7.1\Pester.psm1 : ligne 1985
à Invoke-ScriptBlock, C:\Users\user\Documents\WindowsPowerShell\Modules\Pester\5.7.1\Pester.psm1 : ligne 2160
à Invoke-Block, C:\Users\user\Documents\WindowsPowerShell\Modules\Pester\5.7.1\Pester.psm1 : ligne 940
à &lt;ScriptBlock&gt;, C:\Users\user\Documents\WindowsPowerShell\Modules\Pester\5.7.1\Pester.psm1 : ligne 893
à &lt;ScriptBlock&gt;, C:\Users\user\Documents\WindowsPowerShell\Modules\Pester\5.7.1\Pester.psm1 : ligne 2024
à &lt;ScriptBlock&gt;, C:\Users\user\Documents\WindowsPowerShell\Modules\Pester\5.7.1\Pester.psm1 : ligne 1985
à Invoke-ScriptBlock, C:\Users\user\Documents\WindowsPowerShell\Modules\Pester\5.7.1\Pester.psm1 : ligne 2160
à Invoke-Block, C:\Users\user\Documents\WindowsPowerShell\Modules\Pester\5.7.1\Pester.psm1 : ligne 940
à &lt;ScriptBlock&gt;, C:\Users\user\Documents\WindowsPowerShell\Modules\Pester\5.7.1\Pester.psm1 : ligne 893
à &lt;ScriptBlock&gt;, C:\Users\user\Documents\WindowsPowerShell\Modules\Pester\5.7.1\Pester.psm1 : ligne 2024
à &lt;ScriptBlock&gt;, C:\Users\user\Documents\WindowsPowerShell\Modules\Pester\5.7.1\Pester.psm1 : ligne 1985
à Invoke-ScriptBlock, C:\Users\user\Documents\WindowsPowerShell\Modules\Pester\5.7.1\Pester.psm1 : ligne 2160
à Invoke-Block, C:\Users\user\Documents\WindowsPowerShell\Modules\Pester\5.7.1\Pester.psm1 : ligne 940
à &lt;ScriptBlock&gt;, C:\Users\user\Documents\WindowsPowerShell\Modules\Pester\5.7.1\Pester.psm1 : ligne 1688
à &lt;ScriptBlock&gt;, C:\Users\user\Documents\WindowsPowerShell\Modules\Pester\5.7.1\Pester.ps1 : ligne 3
à &lt;ScriptBlock&gt;, C:\Users\user\Documents\WindowsPowerShell\Modules\Pester\5.7.1\Pester.psm1 : ligne 3260
à Invoke-InNewScriptScope, C:\Users\user\Documents\WindowsPowerShell\Modules\Pester\5.7.1\Pester.psm1 : ligne 3267
à Run-Test, C:\Users\user\Documents\WindowsPowerShell\Modules\Pester\5.7.1\Pester.psm1 : ligne 1691
à Invoke-Test, C:\Users\user\Documents\WindowsPowerShell\Modules\Pester\5.7.1\Pester.psm1 : ligne 2512
à Invoke-Pester&lt;End&gt;, C:\Users\user\Documents\WindowsPowerShell\Modules\Pester\5.7.1\Pester.psm1 : ligne 4960
à &lt;ScriptBlock&gt;, D:\DO\WEB\N8N_tests\PROJETS\EMAIL_SENDER_1\tools\scripts\roadmap-parser\module\Tests\Invoke-AllTests.ps1 : ligne 86
à &lt;ScriptBlock&gt;, &lt;Aucun fichier&gt; : ligne 1</stack-trace>
                    </failure>
                  </test-case>
                  <test-case description="Devrait retourner False pour une valeur supÃ©rieure Ã  Max" name="Test-Range.Validation de plage avec Max seulement.Devrait retourner False pour une valeur supÃ©rieure Ã  Max" time="0.2596" asserts="0" success="False" result="Failure" executed="True">
                    <failure>
                      <message>CommandNotFoundException: Le terme « Test-Range » n'est pas reconnu comme nom d'applet de commande, fonction, fichier de script ou programme exécutable. Vérifiez l'orthographe du nom, ou si un chemin d'accès existe, vérifiez que le chemin d'accès est correct et réessayez.</message>
                      <stack-trace>à &lt;ScriptBlock&gt;, D:\DO\WEB\N8N_tests\PROJETS\EMAIL_SENDER_1\tools\scripts\roadmap-parser\module\Tests\Validation\Test-Range.Tests.ps1 : ligne 60
à &lt;ScriptBlock&gt;, C:\Users\user\Documents\WindowsPowerShell\Modules\Pester\5.7.1\Pester.psm1 : ligne 2024
à &lt;ScriptBlock&gt;, C:\Users\user\Documents\WindowsPowerShell\Modules\Pester\5.7.1\Pester.psm1 : ligne 1985
à Invoke-ScriptBlock, C:\Users\user\Documents\WindowsPowerShell\Modules\Pester\5.7.1\Pester.psm1 : ligne 2157
à Invoke-TestItem, C:\Users\user\Documents\WindowsPowerShell\Modules\Pester\5.7.1\Pester.psm1 : ligne 1199
à Invoke-Block, C:\Users\user\Documents\WindowsPowerShell\Modules\Pester\5.7.1\Pester.psm1 : ligne 835
à &lt;ScriptBlock&gt;, C:\Users\user\Documents\WindowsPowerShell\Modules\Pester\5.7.1\Pester.psm1 : ligne 893
à &lt;ScriptBlock&gt;, C:\Users\user\Documents\WindowsPowerShell\Modules\Pester\5.7.1\Pester.psm1 : ligne 2024
à &lt;ScriptBlock&gt;, C:\Users\user\Documents\WindowsPowerShell\Modules\Pester\5.7.1\Pester.psm1 : ligne 1985
à Invoke-ScriptBlock, C:\Users\user\Documents\WindowsPowerShell\Modules\Pester\5.7.1\Pester.psm1 : ligne 2160
à Invoke-Block, C:\Users\user\Documents\WindowsPowerShell\Modules\Pester\5.7.1\Pester.psm1 : ligne 940
à &lt;ScriptBlock&gt;, C:\Users\user\Documents\WindowsPowerShell\Modules\Pester\5.7.1\Pester.psm1 : ligne 893
à &lt;ScriptBlock&gt;, C:\Users\user\Documents\WindowsPowerShell\Modules\Pester\5.7.1\Pester.psm1 : ligne 2024
à &lt;ScriptBlock&gt;, C:\Users\user\Documents\WindowsPowerShell\Modules\Pester\5.7.1\Pester.psm1 : ligne 1985
à Invoke-ScriptBlock, C:\Users\user\Documents\WindowsPowerShell\Modules\Pester\5.7.1\Pester.psm1 : ligne 2160
à Invoke-Block, C:\Users\user\Documents\WindowsPowerShell\Modules\Pester\5.7.1\Pester.psm1 : ligne 940
à &lt;ScriptBlock&gt;, C:\Users\user\Documents\WindowsPowerShell\Modules\Pester\5.7.1\Pester.psm1 : ligne 893
à &lt;ScriptBlock&gt;, C:\Users\user\Documents\WindowsPowerShell\Modules\Pester\5.7.1\Pester.psm1 : ligne 2024
à &lt;ScriptBlock&gt;, C:\Users\user\Documents\WindowsPowerShell\Modules\Pester\5.7.1\Pester.psm1 : ligne 1985
à Invoke-ScriptBlock, C:\Users\user\Documents\WindowsPowerShell\Modules\Pester\5.7.1\Pester.psm1 : ligne 2160
à Invoke-Block, C:\Users\user\Documents\WindowsPowerShell\Modules\Pester\5.7.1\Pester.psm1 : ligne 940
à &lt;ScriptBlock&gt;, C:\Users\user\Documents\WindowsPowerShell\Modules\Pester\5.7.1\Pester.psm1 : ligne 1688
à &lt;ScriptBlock&gt;, C:\Users\user\Documents\WindowsPowerShell\Modules\Pester\5.7.1\Pester.ps1 : ligne 3
à &lt;ScriptBlock&gt;, C:\Users\user\Documents\WindowsPowerShell\Modules\Pester\5.7.1\Pester.psm1 : ligne 3260
à Invoke-InNewScriptScope, C:\Users\user\Documents\WindowsPowerShell\Modules\Pester\5.7.1\Pester.psm1 : ligne 3267
à Run-Test, C:\Users\user\Documents\WindowsPowerShell\Modules\Pester\5.7.1\Pester.psm1 : ligne 1691
à Invoke-Test, C:\Users\user\Documents\WindowsPowerShell\Modules\Pester\5.7.1\Pester.psm1 : ligne 2512
à Invoke-Pester&lt;End&gt;, C:\Users\user\Documents\WindowsPowerShell\Modules\Pester\5.7.1\Pester.psm1 : ligne 4960
à &lt;ScriptBlock&gt;, D:\DO\WEB\N8N_tests\PROJETS\EMAIL_SENDER_1\tools\scripts\roadmap-parser\module\Tests\Invoke-AllTests.ps1 : ligne 86
à &lt;ScriptBlock&gt;, &lt;Aucun fichier&gt; : ligne 1</stack-trace>
                    </failure>
                  </test-case>
                </results>
              </test-suite>
              <test-suite type="TestFixture" name="Test-Range.Validation de longueur" executed="True" result="Failure" success="False" time="4.2839" asserts="0" description="Test-Range.Validation de longueur">
                <results>
                  <test-case description="Devrait retourner True pour une chaÃ®ne de longueur valide" name="Test-Range.Validation de longueur.Devrait retourner True pour une chaÃ®ne de longueur valide" time="0.2421" asserts="0" success="False" result="Failure" executed="True">
                    <failure>
                      <message>CommandNotFoundException: Le terme « Test-Range » n'est pas reconnu comme nom d'applet de commande, fonction, fichier de script ou programme exécutable. Vérifiez l'orthographe du nom, ou si un chemin d'accès existe, vérifiez que le chemin d'accès est correct et réessayez.</message>
                      <stack-trace>à &lt;ScriptBlock&gt;, D:\DO\WEB\N8N_tests\PROJETS\EMAIL_SENDER_1\tools\scripts\roadmap-parser\module\Tests\Validation\Test-Range.Tests.ps1 : ligne 66
à &lt;ScriptBlock&gt;, C:\Users\user\Documents\WindowsPowerShell\Modules\Pester\5.7.1\Pester.psm1 : ligne 2024
à &lt;ScriptBlock&gt;, C:\Users\user\Documents\WindowsPowerShell\Modules\Pester\5.7.1\Pester.psm1 : ligne 1985
à Invoke-ScriptBlock, C:\Users\user\Documents\WindowsPowerShell\Modules\Pester\5.7.1\Pester.psm1 : ligne 2157
à Invoke-TestItem, C:\Users\user\Documents\WindowsPowerShell\Modules\Pester\5.7.1\Pester.psm1 : ligne 1199
à Invoke-Block, C:\Users\user\Documents\WindowsPowerShell\Modules\Pester\5.7.1\Pester.psm1 : ligne 835
à &lt;ScriptBlock&gt;, C:\Users\user\Documents\WindowsPowerShell\Modules\Pester\5.7.1\Pester.psm1 : ligne 893
à &lt;ScriptBlock&gt;, C:\Users\user\Documents\WindowsPowerShell\Modules\Pester\5.7.1\Pester.psm1 : ligne 2024
à &lt;ScriptBlock&gt;, C:\Users\user\Documents\WindowsPowerShell\Modules\Pester\5.7.1\Pester.psm1 : ligne 1985
à Invoke-ScriptBlock, C:\Users\user\Documents\WindowsPowerShell\Modules\Pester\5.7.1\Pester.psm1 : ligne 2160
à Invoke-Block, C:\Users\user\Documents\WindowsPowerShell\Modules\Pester\5.7.1\Pester.psm1 : ligne 940
à &lt;ScriptBlock&gt;, C:\Users\user\Documents\WindowsPowerShell\Modules\Pester\5.7.1\Pester.psm1 : ligne 893
à &lt;ScriptBlock&gt;, C:\Users\user\Documents\WindowsPowerShell\Modules\Pester\5.7.1\Pester.psm1 : ligne 2024
à &lt;ScriptBlock&gt;, C:\Users\user\Documents\WindowsPowerShell\Modules\Pester\5.7.1\Pester.psm1 : ligne 1985
à Invoke-ScriptBlock, C:\Users\user\Documents\WindowsPowerShell\Modules\Pester\5.7.1\Pester.psm1 : ligne 2160
à Invoke-Block, C:\Users\user\Documents\WindowsPowerShell\Modules\Pester\5.7.1\Pester.psm1 : ligne 940
à &lt;ScriptBlock&gt;, C:\Users\user\Documents\WindowsPowerShell\Modules\Pester\5.7.1\Pester.psm1 : ligne 893
à &lt;ScriptBlock&gt;, C:\Users\user\Documents\WindowsPowerShell\Modules\Pester\5.7.1\Pester.psm1 : ligne 2024
à &lt;ScriptBlock&gt;, C:\Users\user\Documents\WindowsPowerShell\Modules\Pester\5.7.1\Pester.psm1 : ligne 1985
à Invoke-ScriptBlock, C:\Users\user\Documents\WindowsPowerShell\Modules\Pester\5.7.1\Pester.psm1 : ligne 2160
à Invoke-Block, C:\Users\user\Documents\WindowsPowerShell\Modules\Pester\5.7.1\Pester.psm1 : ligne 940
à &lt;ScriptBlock&gt;, C:\Users\user\Documents\WindowsPowerShell\Modules\Pester\5.7.1\Pester.psm1 : ligne 1688
à &lt;ScriptBlock&gt;, C:\Users\user\Documents\WindowsPowerShell\Modules\Pester\5.7.1\Pester.ps1 : ligne 3
à &lt;ScriptBlock&gt;, C:\Users\user\Documents\WindowsPowerShell\Modules\Pester\5.7.1\Pester.psm1 : ligne 3260
à Invoke-InNewScriptScope, C:\Users\user\Documents\WindowsPowerShell\Modules\Pester\5.7.1\Pester.psm1 : ligne 3267
à Run-Test, C:\Users\user\Documents\WindowsPowerShell\Modules\Pester\5.7.1\Pester.psm1 : ligne 1691
à Invoke-Test, C:\Users\user\Documents\WindowsPowerShell\Modules\Pester\5.7.1\Pester.psm1 : ligne 2512
à Invoke-Pester&lt;End&gt;, C:\Users\user\Documents\WindowsPowerShell\Modules\Pester\5.7.1\Pester.psm1 : ligne 4960
à &lt;ScriptBlock&gt;, D:\DO\WEB\N8N_tests\PROJETS\EMAIL_SENDER_1\tools\scripts\roadmap-parser\module\Tests\Invoke-AllTests.ps1 : ligne 86
à &lt;ScriptBlock&gt;, &lt;Aucun fichier&gt; : ligne 1</stack-trace>
                    </failure>
                  </test-case>
                  <test-case description="Devrait retourner True pour une chaÃ®ne de longueur Ã©gale Ã  MinLength" name="Test-Range.Validation de longueur.Devrait retourner True pour une chaÃ®ne de longueur Ã©gale Ã  MinLength" time="0.2237" asserts="0" success="False" result="Failure" executed="True">
                    <failure>
                      <message>CommandNotFoundException: Le terme « Test-Range » n'est pas reconnu comme nom d'applet de commande, fonction, fichier de script ou programme exécutable. Vérifiez l'orthographe du nom, ou si un chemin d'accès existe, vérifiez que le chemin d'accès est correct et réessayez.</message>
                      <stack-trace>à &lt;ScriptBlock&gt;, D:\DO\WEB\N8N_tests\PROJETS\EMAIL_SENDER_1\tools\scripts\roadmap-parser\module\Tests\Validation\Test-Range.Tests.ps1 : ligne 70
à &lt;ScriptBlock&gt;, C:\Users\user\Documents\WindowsPowerShell\Modules\Pester\5.7.1\Pester.psm1 : ligne 2024
à &lt;ScriptBlock&gt;, C:\Users\user\Documents\WindowsPowerShell\Modules\Pester\5.7.1\Pester.psm1 : ligne 1985
à Invoke-ScriptBlock, C:\Users\user\Documents\WindowsPowerShell\Modules\Pester\5.7.1\Pester.psm1 : ligne 2157
à Invoke-TestItem, C:\Users\user\Documents\WindowsPowerShell\Modules\Pester\5.7.1\Pester.psm1 : ligne 1199
à Invoke-Block, C:\Users\user\Documents\WindowsPowerShell\Modules\Pester\5.7.1\Pester.psm1 : ligne 835
à &lt;ScriptBlock&gt;, C:\Users\user\Documents\WindowsPowerShell\Modules\Pester\5.7.1\Pester.psm1 : ligne 893
à &lt;ScriptBlock&gt;, C:\Users\user\Documents\WindowsPowerShell\Modules\Pester\5.7.1\Pester.psm1 : ligne 2024
à &lt;ScriptBlock&gt;, C:\Users\user\Documents\WindowsPowerShell\Modules\Pester\5.7.1\Pester.psm1 : ligne 1985
à Invoke-ScriptBlock, C:\Users\user\Documents\WindowsPowerShell\Modules\Pester\5.7.1\Pester.psm1 : ligne 2160
à Invoke-Block, C:\Users\user\Documents\WindowsPowerShell\Modules\Pester\5.7.1\Pester.psm1 : ligne 940
à &lt;ScriptBlock&gt;, C:\Users\user\Documents\WindowsPowerShell\Modules\Pester\5.7.1\Pester.psm1 : ligne 893
à &lt;ScriptBlock&gt;, C:\Users\user\Documents\WindowsPowerShell\Modules\Pester\5.7.1\Pester.psm1 : ligne 2024
à &lt;ScriptBlock&gt;, C:\Users\user\Documents\WindowsPowerShell\Modules\Pester\5.7.1\Pester.psm1 : ligne 1985
à Invoke-ScriptBlock, C:\Users\user\Documents\WindowsPowerShell\Modules\Pester\5.7.1\Pester.psm1 : ligne 2160
à Invoke-Block, C:\Users\user\Documents\WindowsPowerShell\Modules\Pester\5.7.1\Pester.psm1 : ligne 940
à &lt;ScriptBlock&gt;, C:\Users\user\Documents\WindowsPowerShell\Modules\Pester\5.7.1\Pester.psm1 : ligne 893
à &lt;ScriptBlock&gt;, C:\Users\user\Documents\WindowsPowerShell\Modules\Pester\5.7.1\Pester.psm1 : ligne 2024
à &lt;ScriptBlock&gt;, C:\Users\user\Documents\WindowsPowerShell\Modules\Pester\5.7.1\Pester.psm1 : ligne 1985
à Invoke-ScriptBlock, C:\Users\user\Documents\WindowsPowerShell\Modules\Pester\5.7.1\Pester.psm1 : ligne 2160
à Invoke-Block, C:\Users\user\Documents\WindowsPowerShell\Modules\Pester\5.7.1\Pester.psm1 : ligne 940
à &lt;ScriptBlock&gt;, C:\Users\user\Documents\WindowsPowerShell\Modules\Pester\5.7.1\Pester.psm1 : ligne 1688
à &lt;ScriptBlock&gt;, C:\Users\user\Documents\WindowsPowerShell\Modules\Pester\5.7.1\Pester.ps1 : ligne 3
à &lt;ScriptBlock&gt;, C:\Users\user\Documents\WindowsPowerShell\Modules\Pester\5.7.1\Pester.psm1 : ligne 3260
à Invoke-InNewScriptScope, C:\Users\user\Documents\WindowsPowerShell\Modules\Pester\5.7.1\Pester.psm1 : ligne 3267
à Run-Test, C:\Users\user\Documents\WindowsPowerShell\Modules\Pester\5.7.1\Pester.psm1 : ligne 1691
à Invoke-Test, C:\Users\user\Documents\WindowsPowerShell\Modules\Pester\5.7.1\Pester.psm1 : ligne 2512
à Invoke-Pester&lt;End&gt;, C:\Users\user\Documents\WindowsPowerShell\Modules\Pester\5.7.1\Pester.psm1 : ligne 4960
à &lt;ScriptBlock&gt;, D:\DO\WEB\N8N_tests\PROJETS\EMAIL_SENDER_1\tools\scripts\roadmap-parser\module\Tests\Invoke-AllTests.ps1 : ligne 86
à &lt;ScriptBlock&gt;, &lt;Aucun fichier&gt; : ligne 1</stack-trace>
                    </failure>
                  </test-case>
                  <test-case description="Devrait retourner True pour une chaÃ®ne de longueur Ã©gale Ã  MaxLength" name="Test-Range.Validation de longueur.Devrait retourner True pour une chaÃ®ne de longueur Ã©gale Ã  MaxLength" time="0.2415" asserts="0" success="False" result="Failure" executed="True">
                    <failure>
                      <message>CommandNotFoundException: Le terme « Test-Range » n'est pas reconnu comme nom d'applet de commande, fonction, fichier de script ou programme exécutable. Vérifiez l'orthographe du nom, ou si un chemin d'accès existe, vérifiez que le chemin d'accès est correct et réessayez.</message>
                      <stack-trace>à &lt;ScriptBlock&gt;, D:\DO\WEB\N8N_tests\PROJETS\EMAIL_SENDER_1\tools\scripts\roadmap-parser\module\Tests\Validation\Test-Range.Tests.ps1 : ligne 74
à &lt;ScriptBlock&gt;, C:\Users\user\Documents\WindowsPowerShell\Modules\Pester\5.7.1\Pester.psm1 : ligne 2024
à &lt;ScriptBlock&gt;, C:\Users\user\Documents\WindowsPowerShell\Modules\Pester\5.7.1\Pester.psm1 : ligne 1985
à Invoke-ScriptBlock, C:\Users\user\Documents\WindowsPowerShell\Modules\Pester\5.7.1\Pester.psm1 : ligne 2157
à Invoke-TestItem, C:\Users\user\Documents\WindowsPowerShell\Modules\Pester\5.7.1\Pester.psm1 : ligne 1199
à Invoke-Block, C:\Users\user\Documents\WindowsPowerShell\Modules\Pester\5.7.1\Pester.psm1 : ligne 835
à &lt;ScriptBlock&gt;, C:\Users\user\Documents\WindowsPowerShell\Modules\Pester\5.7.1\Pester.psm1 : ligne 893
à &lt;ScriptBlock&gt;, C:\Users\user\Documents\WindowsPowerShell\Modules\Pester\5.7.1\Pester.psm1 : ligne 2024
à &lt;ScriptBlock&gt;, C:\Users\user\Documents\WindowsPowerShell\Modules\Pester\5.7.1\Pester.psm1 : ligne 1985
à Invoke-ScriptBlock, C:\Users\user\Documents\WindowsPowerShell\Modules\Pester\5.7.1\Pester.psm1 : ligne 2160
à Invoke-Block, C:\Users\user\Documents\WindowsPowerShell\Modules\Pester\5.7.1\Pester.psm1 : ligne 940
à &lt;ScriptBlock&gt;, C:\Users\user\Documents\WindowsPowerShell\Modules\Pester\5.7.1\Pester.psm1 : ligne 893
à &lt;ScriptBlock&gt;, C:\Users\user\Documents\WindowsPowerShell\Modules\Pester\5.7.1\Pester.psm1 : ligne 2024
à &lt;ScriptBlock&gt;, C:\Users\user\Documents\WindowsPowerShell\Modules\Pester\5.7.1\Pester.psm1 : ligne 1985
à Invoke-ScriptBlock, C:\Users\user\Documents\WindowsPowerShell\Modules\Pester\5.7.1\Pester.psm1 : ligne 2160
à Invoke-Block, C:\Users\user\Documents\WindowsPowerShell\Modules\Pester\5.7.1\Pester.psm1 : ligne 940
à &lt;ScriptBlock&gt;, C:\Users\user\Documents\WindowsPowerShell\Modules\Pester\5.7.1\Pester.psm1 : ligne 893
à &lt;ScriptBlock&gt;, C:\Users\user\Documents\WindowsPowerShell\Modules\Pester\5.7.1\Pester.psm1 : ligne 2024
à &lt;ScriptBlock&gt;, C:\Users\user\Documents\WindowsPowerShell\Modules\Pester\5.7.1\Pester.psm1 : ligne 1985
à Invoke-ScriptBlock, C:\Users\user\Documents\WindowsPowerShell\Modules\Pester\5.7.1\Pester.psm1 : ligne 2160
à Invoke-Block, C:\Users\user\Documents\WindowsPowerShell\Modules\Pester\5.7.1\Pester.psm1 : ligne 940
à &lt;ScriptBlock&gt;, C:\Users\user\Documents\WindowsPowerShell\Modules\Pester\5.7.1\Pester.psm1 : ligne 1688
à &lt;ScriptBlock&gt;, C:\Users\user\Documents\WindowsPowerShell\Modules\Pester\5.7.1\Pester.ps1 : ligne 3
à &lt;ScriptBlock&gt;, C:\Users\user\Documents\WindowsPowerShell\Modules\Pester\5.7.1\Pester.psm1 : ligne 3260
à Invoke-InNewScriptScope, C:\Users\user\Documents\WindowsPowerShell\Modules\Pester\5.7.1\Pester.psm1 : ligne 3267
à Run-Test, C:\Users\user\Documents\WindowsPowerShell\Modules\Pester\5.7.1\Pester.psm1 : ligne 1691
à Invoke-Test, C:\Users\user\Documents\WindowsPowerShell\Modules\Pester\5.7.1\Pester.psm1 : ligne 2512
à Invoke-Pester&lt;End&gt;, C:\Users\user\Documents\WindowsPowerShell\Modules\Pester\5.7.1\Pester.psm1 : ligne 4960
à &lt;ScriptBlock&gt;, D:\DO\WEB\N8N_tests\PROJETS\EMAIL_SENDER_1\tools\scripts\roadmap-parser\module\Tests\Invoke-AllTests.ps1 : ligne 86
à &lt;ScriptBlock&gt;, &lt;Aucun fichier&gt; : ligne 1</stack-trace>
                    </failure>
                  </test-case>
                  <test-case description="Devrait retourner False pour une chaÃ®ne trop courte" name="Test-Range.Validation de longueur.Devrait retourner False pour une chaÃ®ne trop courte" time="0.2592" asserts="0" success="False" result="Failure" executed="True">
                    <failure>
                      <message>CommandNotFoundException: Le terme « Test-Range » n'est pas reconnu comme nom d'applet de commande, fonction, fichier de script ou programme exécutable. Vérifiez l'orthographe du nom, ou si un chemin d'accès existe, vérifiez que le chemin d'accès est correct et réessayez.</message>
                      <stack-trace>à &lt;ScriptBlock&gt;, D:\DO\WEB\N8N_tests\PROJETS\EMAIL_SENDER_1\tools\scripts\roadmap-parser\module\Tests\Validation\Test-Range.Tests.ps1 : ligne 78
à &lt;ScriptBlock&gt;, C:\Users\user\Documents\WindowsPowerShell\Modules\Pester\5.7.1\Pester.psm1 : ligne 2024
à &lt;ScriptBlock&gt;, C:\Users\user\Documents\WindowsPowerShell\Modules\Pester\5.7.1\Pester.psm1 : ligne 1985
à Invoke-ScriptBlock, C:\Users\user\Documents\WindowsPowerShell\Modules\Pester\5.7.1\Pester.psm1 : ligne 2157
à Invoke-TestItem, C:\Users\user\Documents\WindowsPowerShell\Modules\Pester\5.7.1\Pester.psm1 : ligne 1199
à Invoke-Block, C:\Users\user\Documents\WindowsPowerShell\Modules\Pester\5.7.1\Pester.psm1 : ligne 835
à &lt;ScriptBlock&gt;, C:\Users\user\Documents\WindowsPowerShell\Modules\Pester\5.7.1\Pester.psm1 : ligne 893
à &lt;ScriptBlock&gt;, C:\Users\user\Documents\WindowsPowerShell\Modules\Pester\5.7.1\Pester.psm1 : ligne 2024
à &lt;ScriptBlock&gt;, C:\Users\user\Documents\WindowsPowerShell\Modules\Pester\5.7.1\Pester.psm1 : ligne 1985
à Invoke-ScriptBlock, C:\Users\user\Documents\WindowsPowerShell\Modules\Pester\5.7.1\Pester.psm1 : ligne 2160
à Invoke-Block, C:\Users\user\Documents\WindowsPowerShell\Modules\Pester\5.7.1\Pester.psm1 : ligne 940
à &lt;ScriptBlock&gt;, C:\Users\user\Documents\WindowsPowerShell\Modules\Pester\5.7.1\Pester.psm1 : ligne 893
à &lt;ScriptBlock&gt;, C:\Users\user\Documents\WindowsPowerShell\Modules\Pester\5.7.1\Pester.psm1 : ligne 2024
à &lt;ScriptBlock&gt;, C:\Users\user\Documents\WindowsPowerShell\Modules\Pester\5.7.1\Pester.psm1 : ligne 1985
à Invoke-ScriptBlock, C:\Users\user\Documents\WindowsPowerShell\Modules\Pester\5.7.1\Pester.psm1 : ligne 2160
à Invoke-Block, C:\Users\user\Documents\WindowsPowerShell\Modules\Pester\5.7.1\Pester.psm1 : ligne 940
à &lt;ScriptBlock&gt;, C:\Users\user\Documents\WindowsPowerShell\Modules\Pester\5.7.1\Pester.psm1 : ligne 893
à &lt;ScriptBlock&gt;, C:\Users\user\Documents\WindowsPowerShell\Modules\Pester\5.7.1\Pester.psm1 : ligne 2024
à &lt;ScriptBlock&gt;, C:\Users\user\Documents\WindowsPowerShell\Modules\Pester\5.7.1\Pester.psm1 : ligne 1985
à Invoke-ScriptBlock, C:\Users\user\Documents\WindowsPowerShell\Modules\Pester\5.7.1\Pester.psm1 : ligne 2160
à Invoke-Block, C:\Users\user\Documents\WindowsPowerShell\Modules\Pester\5.7.1\Pester.psm1 : ligne 940
à &lt;ScriptBlock&gt;, C:\Users\user\Documents\WindowsPowerShell\Modules\Pester\5.7.1\Pester.psm1 : ligne 1688
à &lt;ScriptBlock&gt;, C:\Users\user\Documents\WindowsPowerShell\Modules\Pester\5.7.1\Pester.ps1 : ligne 3
à &lt;ScriptBlock&gt;, C:\Users\user\Documents\WindowsPowerShell\Modules\Pester\5.7.1\Pester.psm1 : ligne 3260
à Invoke-InNewScriptScope, C:\Users\user\Documents\WindowsPowerShell\Modules\Pester\5.7.1\Pester.psm1 : ligne 3267
à Run-Test, C:\Users\user\Documents\WindowsPowerShell\Modules\Pester\5.7.1\Pester.psm1 : ligne 1691
à Invoke-Test, C:\Users\user\Documents\WindowsPowerShell\Modules\Pester\5.7.1\Pester.psm1 : ligne 2512
à Invoke-Pester&lt;End&gt;, C:\Users\user\Documents\WindowsPowerShell\Modules\Pester\5.7.1\Pester.psm1 : ligne 4960
à &lt;ScriptBlock&gt;, D:\DO\WEB\N8N_tests\PROJETS\EMAIL_SENDER_1\tools\scripts\roadmap-parser\module\Tests\Invoke-AllTests.ps1 : ligne 86
à &lt;ScriptBlock&gt;, &lt;Aucun fichier&gt; : ligne 1</stack-trace>
                    </failure>
                  </test-case>
                  <test-case description="Devrait retourner False pour une chaÃ®ne trop longue" name="Test-Range.Validation de longueur.Devrait retourner False pour une chaÃ®ne trop longue" time="0.2186" asserts="0" success="False" result="Failure" executed="True">
                    <failure>
                      <message>CommandNotFoundException: Le terme « Test-Range » n'est pas reconnu comme nom d'applet de commande, fonction, fichier de script ou programme exécutable. Vérifiez l'orthographe du nom, ou si un chemin d'accès existe, vérifiez que le chemin d'accès est correct et réessayez.</message>
                      <stack-trace>à &lt;ScriptBlock&gt;, D:\DO\WEB\N8N_tests\PROJETS\EMAIL_SENDER_1\tools\scripts\roadmap-parser\module\Tests\Validation\Test-Range.Tests.ps1 : ligne 82
à &lt;ScriptBlock&gt;, C:\Users\user\Documents\WindowsPowerShell\Modules\Pester\5.7.1\Pester.psm1 : ligne 2024
à &lt;ScriptBlock&gt;, C:\Users\user\Documents\WindowsPowerShell\Modules\Pester\5.7.1\Pester.psm1 : ligne 1985
à Invoke-ScriptBlock, C:\Users\user\Documents\WindowsPowerShell\Modules\Pester\5.7.1\Pester.psm1 : ligne 2157
à Invoke-TestItem, C:\Users\user\Documents\WindowsPowerShell\Modules\Pester\5.7.1\Pester.psm1 : ligne 1199
à Invoke-Block, C:\Users\user\Documents\WindowsPowerShell\Modules\Pester\5.7.1\Pester.psm1 : ligne 835
à &lt;ScriptBlock&gt;, C:\Users\user\Documents\WindowsPowerShell\Modules\Pester\5.7.1\Pester.psm1 : ligne 893
à &lt;ScriptBlock&gt;, C:\Users\user\Documents\WindowsPowerShell\Modules\Pester\5.7.1\Pester.psm1 : ligne 2024
à &lt;ScriptBlock&gt;, C:\Users\user\Documents\WindowsPowerShell\Modules\Pester\5.7.1\Pester.psm1 : ligne 1985
à Invoke-ScriptBlock, C:\Users\user\Documents\WindowsPowerShell\Modules\Pester\5.7.1\Pester.psm1 : ligne 2160
à Invoke-Block, C:\Users\user\Documents\WindowsPowerShell\Modules\Pester\5.7.1\Pester.psm1 : ligne 940
à &lt;ScriptBlock&gt;, C:\Users\user\Documents\WindowsPowerShell\Modules\Pester\5.7.1\Pester.psm1 : ligne 893
à &lt;ScriptBlock&gt;, C:\Users\user\Documents\WindowsPowerShell\Modules\Pester\5.7.1\Pester.psm1 : ligne 2024
à &lt;ScriptBlock&gt;, C:\Users\user\Documents\WindowsPowerShell\Modules\Pester\5.7.1\Pester.psm1 : ligne 1985
à Invoke-ScriptBlock, C:\Users\user\Documents\WindowsPowerShell\Modules\Pester\5.7.1\Pester.psm1 : ligne 2160
à Invoke-Block, C:\Users\user\Documents\WindowsPowerShell\Modules\Pester\5.7.1\Pester.psm1 : ligne 940
à &lt;ScriptBlock&gt;, C:\Users\user\Documents\WindowsPowerShell\Modules\Pester\5.7.1\Pester.psm1 : ligne 893
à &lt;ScriptBlock&gt;, C:\Users\user\Documents\WindowsPowerShell\Modules\Pester\5.7.1\Pester.psm1 : ligne 2024
à &lt;ScriptBlock&gt;, C:\Users\user\Documents\WindowsPowerShell\Modules\Pester\5.7.1\Pester.psm1 : ligne 1985
à Invoke-ScriptBlock, C:\Users\user\Documents\WindowsPowerShell\Modules\Pester\5.7.1\Pester.psm1 : ligne 2160
à Invoke-Block, C:\Users\user\Documents\WindowsPowerShell\Modules\Pester\5.7.1\Pester.psm1 : ligne 940
à &lt;ScriptBlock&gt;, C:\Users\user\Documents\WindowsPowerShell\Modules\Pester\5.7.1\Pester.psm1 : ligne 1688
à &lt;ScriptBlock&gt;, C:\Users\user\Documents\WindowsPowerShell\Modules\Pester\5.7.1\Pester.ps1 : ligne 3
à &lt;ScriptBlock&gt;, C:\Users\user\Documents\WindowsPowerShell\Modules\Pester\5.7.1\Pester.psm1 : ligne 3260
à Invoke-InNewScriptScope, C:\Users\user\Documents\WindowsPowerShell\Modules\Pester\5.7.1\Pester.psm1 : ligne 3267
à Run-Test, C:\Users\user\Documents\WindowsPowerShell\Modules\Pester\5.7.1\Pester.psm1 : ligne 1691
à Invoke-Test, C:\Users\user\Documents\WindowsPowerShell\Modules\Pester\5.7.1\Pester.psm1 : ligne 2512
à Invoke-Pester&lt;End&gt;, C:\Users\user\Documents\WindowsPowerShell\Modules\Pester\5.7.1\Pester.psm1 : ligne 4960
à &lt;ScriptBlock&gt;, D:\DO\WEB\N8N_tests\PROJETS\EMAIL_SENDER_1\tools\scripts\roadmap-parser\module\Tests\Invoke-AllTests.ps1 : ligne 86
à &lt;ScriptBlock&gt;, &lt;Aucun fichier&gt; : ligne 1</stack-trace>
                    </failure>
                  </test-case>
                </results>
              </test-suite>
              <test-suite type="TestFixture" name="Test-Range.Validation de longueur avec MinLength seulement" executed="True" result="Failure" success="False" time="5.1872" asserts="0" description="Test-Range.Validation de longueur avec MinLength seulement">
                <results>
                  <test-case description="Devrait retourner True pour une chaÃ®ne plus longue que MinLength" name="Test-Range.Validation de longueur avec MinLength seulement.Devrait retourner True pour une chaÃ®ne plus longue que MinLength" time="0.2454" asserts="0" success="False" result="Failure" executed="True">
                    <failure>
                      <message>CommandNotFoundException: Le terme « Test-Range » n'est pas reconnu comme nom d'applet de commande, fonction, fichier de script ou programme exécutable. Vérifiez l'orthographe du nom, ou si un chemin d'accès existe, vérifiez que le chemin d'accès est correct et réessayez.</message>
                      <stack-trace>à &lt;ScriptBlock&gt;, D:\DO\WEB\N8N_tests\PROJETS\EMAIL_SENDER_1\tools\scripts\roadmap-parser\module\Tests\Validation\Test-Range.Tests.ps1 : ligne 88
à &lt;ScriptBlock&gt;, C:\Users\user\Documents\WindowsPowerShell\Modules\Pester\5.7.1\Pester.psm1 : ligne 2024
à &lt;ScriptBlock&gt;, C:\Users\user\Documents\WindowsPowerShell\Modules\Pester\5.7.1\Pester.psm1 : ligne 1985
à Invoke-ScriptBlock, C:\Users\user\Documents\WindowsPowerShell\Modules\Pester\5.7.1\Pester.psm1 : ligne 2157
à Invoke-TestItem, C:\Users\user\Documents\WindowsPowerShell\Modules\Pester\5.7.1\Pester.psm1 : ligne 1199
à Invoke-Block, C:\Users\user\Documents\WindowsPowerShell\Modules\Pester\5.7.1\Pester.psm1 : ligne 835
à &lt;ScriptBlock&gt;, C:\Users\user\Documents\WindowsPowerShell\Modules\Pester\5.7.1\Pester.psm1 : ligne 893
à &lt;ScriptBlock&gt;, C:\Users\user\Documents\WindowsPowerShell\Modules\Pester\5.7.1\Pester.psm1 : ligne 2024
à &lt;ScriptBlock&gt;, C:\Users\user\Documents\WindowsPowerShell\Modules\Pester\5.7.1\Pester.psm1 : ligne 1985
à Invoke-ScriptBlock, C:\Users\user\Documents\WindowsPowerShell\Modules\Pester\5.7.1\Pester.psm1 : ligne 2160
à Invoke-Block, C:\Users\user\Documents\WindowsPowerShell\Modules\Pester\5.7.1\Pester.psm1 : ligne 940
à &lt;ScriptBlock&gt;, C:\Users\user\Documents\WindowsPowerShell\Modules\Pester\5.7.1\Pester.psm1 : ligne 893
à &lt;ScriptBlock&gt;, C:\Users\user\Documents\WindowsPowerShell\Modules\Pester\5.7.1\Pester.psm1 : ligne 2024
à &lt;ScriptBlock&gt;, C:\Users\user\Documents\WindowsPowerShell\Modules\Pester\5.7.1\Pester.psm1 : ligne 1985
à Invoke-ScriptBlock, C:\Users\user\Documents\WindowsPowerShell\Modules\Pester\5.7.1\Pester.psm1 : ligne 2160
à Invoke-Block, C:\Users\user\Documents\WindowsPowerShell\Modules\Pester\5.7.1\Pester.psm1 : ligne 940
à &lt;ScriptBlock&gt;, C:\Users\user\Documents\WindowsPowerShell\Modules\Pester\5.7.1\Pester.psm1 : ligne 893
à &lt;ScriptBlock&gt;, C:\Users\user\Documents\WindowsPowerShell\Modules\Pester\5.7.1\Pester.psm1 : ligne 2024
à &lt;ScriptBlock&gt;, C:\Users\user\Documents\WindowsPowerShell\Modules\Pester\5.7.1\Pester.psm1 : ligne 1985
à Invoke-ScriptBlock, C:\Users\user\Documents\WindowsPowerShell\Modules\Pester\5.7.1\Pester.psm1 : ligne 2160
à Invoke-Block, C:\Users\user\Documents\WindowsPowerShell\Modules\Pester\5.7.1\Pester.psm1 : ligne 940
à &lt;ScriptBlock&gt;, C:\Users\user\Documents\WindowsPowerShell\Modules\Pester\5.7.1\Pester.psm1 : ligne 1688
à &lt;ScriptBlock&gt;, C:\Users\user\Documents\WindowsPowerShell\Modules\Pester\5.7.1\Pester.ps1 : ligne 3
à &lt;ScriptBlock&gt;, C:\Users\user\Documents\WindowsPowerShell\Modules\Pester\5.7.1\Pester.psm1 : ligne 3260
à Invoke-InNewScriptScope, C:\Users\user\Documents\WindowsPowerShell\Modules\Pester\5.7.1\Pester.psm1 : ligne 3267
à Run-Test, C:\Users\user\Documents\WindowsPowerShell\Modules\Pester\5.7.1\Pester.psm1 : ligne 1691
à Invoke-Test, C:\Users\user\Documents\WindowsPowerShell\Modules\Pester\5.7.1\Pester.psm1 : ligne 2512
à Invoke-Pester&lt;End&gt;, C:\Users\user\Documents\WindowsPowerShell\Modules\Pester\5.7.1\Pester.psm1 : ligne 4960
à &lt;ScriptBlock&gt;, D:\DO\WEB\N8N_tests\PROJETS\EMAIL_SENDER_1\tools\scripts\roadmap-parser\module\Tests\Invoke-AllTests.ps1 : ligne 86
à &lt;ScriptBlock&gt;, &lt;Aucun fichier&gt; : ligne 1</stack-trace>
                    </failure>
                  </test-case>
                  <test-case description="Devrait retourner True pour une chaÃ®ne de longueur Ã©gale Ã  MinLength" name="Test-Range.Validation de longueur avec MinLength seulement.Devrait retourner True pour une chaÃ®ne de longueur Ã©gale Ã  MinLength" time="0.2238" asserts="0" success="False" result="Failure" executed="True">
                    <failure>
                      <message>CommandNotFoundException: Le terme « Test-Range » n'est pas reconnu comme nom d'applet de commande, fonction, fichier de script ou programme exécutable. Vérifiez l'orthographe du nom, ou si un chemin d'accès existe, vérifiez que le chemin d'accès est correct et réessayez.</message>
                      <stack-trace>à &lt;ScriptBlock&gt;, D:\DO\WEB\N8N_tests\PROJETS\EMAIL_SENDER_1\tools\scripts\roadmap-parser\module\Tests\Validation\Test-Range.Tests.ps1 : ligne 92
à &lt;ScriptBlock&gt;, C:\Users\user\Documents\WindowsPowerShell\Modules\Pester\5.7.1\Pester.psm1 : ligne 2024
à &lt;ScriptBlock&gt;, C:\Users\user\Documents\WindowsPowerShell\Modules\Pester\5.7.1\Pester.psm1 : ligne 1985
à Invoke-ScriptBlock, C:\Users\user\Documents\WindowsPowerShell\Modules\Pester\5.7.1\Pester.psm1 : ligne 2157
à Invoke-TestItem, C:\Users\user\Documents\WindowsPowerShell\Modules\Pester\5.7.1\Pester.psm1 : ligne 1199
à Invoke-Block, C:\Users\user\Documents\WindowsPowerShell\Modules\Pester\5.7.1\Pester.psm1 : ligne 835
à &lt;ScriptBlock&gt;, C:\Users\user\Documents\WindowsPowerShell\Modules\Pester\5.7.1\Pester.psm1 : ligne 893
à &lt;ScriptBlock&gt;, C:\Users\user\Documents\WindowsPowerShell\Modules\Pester\5.7.1\Pester.psm1 : ligne 2024
à &lt;ScriptBlock&gt;, C:\Users\user\Documents\WindowsPowerShell\Modules\Pester\5.7.1\Pester.psm1 : ligne 1985
à Invoke-ScriptBlock, C:\Users\user\Documents\WindowsPowerShell\Modules\Pester\5.7.1\Pester.psm1 : ligne 2160
à Invoke-Block, C:\Users\user\Documents\WindowsPowerShell\Modules\Pester\5.7.1\Pester.psm1 : ligne 940
à &lt;ScriptBlock&gt;, C:\Users\user\Documents\WindowsPowerShell\Modules\Pester\5.7.1\Pester.psm1 : ligne 893
à &lt;ScriptBlock&gt;, C:\Users\user\Documents\WindowsPowerShell\Modules\Pester\5.7.1\Pester.psm1 : ligne 2024
à &lt;ScriptBlock&gt;, C:\Users\user\Documents\WindowsPowerShell\Modules\Pester\5.7.1\Pester.psm1 : ligne 1985
à Invoke-ScriptBlock, C:\Users\user\Documents\WindowsPowerShell\Modules\Pester\5.7.1\Pester.psm1 : ligne 2160
à Invoke-Block, C:\Users\user\Documents\WindowsPowerShell\Modules\Pester\5.7.1\Pester.psm1 : ligne 940
à &lt;ScriptBlock&gt;, C:\Users\user\Documents\WindowsPowerShell\Modules\Pester\5.7.1\Pester.psm1 : ligne 893
à &lt;ScriptBlock&gt;, C:\Users\user\Documents\WindowsPowerShell\Modules\Pester\5.7.1\Pester.psm1 : ligne 2024
à &lt;ScriptBlock&gt;, C:\Users\user\Documents\WindowsPowerShell\Modules\Pester\5.7.1\Pester.psm1 : ligne 1985
à Invoke-ScriptBlock, C:\Users\user\Documents\WindowsPowerShell\Modules\Pester\5.7.1\Pester.psm1 : ligne 2160
à Invoke-Block, C:\Users\user\Documents\WindowsPowerShell\Modules\Pester\5.7.1\Pester.psm1 : ligne 940
à &lt;ScriptBlock&gt;, C:\Users\user\Documents\WindowsPowerShell\Modules\Pester\5.7.1\Pester.psm1 : ligne 1688
à &lt;ScriptBlock&gt;, C:\Users\user\Documents\WindowsPowerShell\Modules\Pester\5.7.1\Pester.ps1 : ligne 3
à &lt;ScriptBlock&gt;, C:\Users\user\Documents\WindowsPowerShell\Modules\Pester\5.7.1\Pester.psm1 : ligne 3260
à Invoke-InNewScriptScope, C:\Users\user\Documents\WindowsPowerShell\Modules\Pester\5.7.1\Pester.psm1 : ligne 3267
à Run-Test, C:\Users\user\Documents\WindowsPowerShell\Modules\Pester\5.7.1\Pester.psm1 : ligne 1691
à Invoke-Test, C:\Users\user\Documents\WindowsPowerShell\Modules\Pester\5.7.1\Pester.psm1 : ligne 2512
à Invoke-Pester&lt;End&gt;, C:\Users\user\Documents\WindowsPowerShell\Modules\Pester\5.7.1\Pester.psm1 : ligne 4960
à &lt;ScriptBlock&gt;, D:\DO\WEB\N8N_tests\PROJETS\EMAIL_SENDER_1\tools\scripts\roadmap-parser\module\Tests\Invoke-AllTests.ps1 : ligne 86
à &lt;ScriptBlock&gt;, &lt;Aucun fichier&gt; : ligne 1</stack-trace>
                    </failure>
                  </test-case>
                  <test-case description="Devrait retourner False pour une chaÃ®ne plus courte que MinLength" name="Test-Range.Validation de longueur avec MinLength seulement.Devrait retourner False pour une chaÃ®ne plus courte que MinLength" time="0.2829" asserts="0" success="False" result="Failure" executed="True">
                    <failure>
                      <message>CommandNotFoundException: Le terme « Test-Range » n'est pas reconnu comme nom d'applet de commande, fonction, fichier de script ou programme exécutable. Vérifiez l'orthographe du nom, ou si un chemin d'accès existe, vérifiez que le chemin d'accès est correct et réessayez.</message>
                      <stack-trace>à &lt;ScriptBlock&gt;, D:\DO\WEB\N8N_tests\PROJETS\EMAIL_SENDER_1\tools\scripts\roadmap-parser\module\Tests\Validation\Test-Range.Tests.ps1 : ligne 96
à &lt;ScriptBlock&gt;, C:\Users\user\Documents\WindowsPowerShell\Modules\Pester\5.7.1\Pester.psm1 : ligne 2024
à &lt;ScriptBlock&gt;, C:\Users\user\Documents\WindowsPowerShell\Modules\Pester\5.7.1\Pester.psm1 : ligne 1985
à Invoke-ScriptBlock, C:\Users\user\Documents\WindowsPowerShell\Modules\Pester\5.7.1\Pester.psm1 : ligne 2157
à Invoke-TestItem, C:\Users\user\Documents\WindowsPowerShell\Modules\Pester\5.7.1\Pester.psm1 : ligne 1199
à Invoke-Block, C:\Users\user\Documents\WindowsPowerShell\Modules\Pester\5.7.1\Pester.psm1 : ligne 835
à &lt;ScriptBlock&gt;, C:\Users\user\Documents\WindowsPowerShell\Modules\Pester\5.7.1\Pester.psm1 : ligne 893
à &lt;ScriptBlock&gt;, C:\Users\user\Documents\WindowsPowerShell\Modules\Pester\5.7.1\Pester.psm1 : ligne 2024
à &lt;ScriptBlock&gt;, C:\Users\user\Documents\WindowsPowerShell\Modules\Pester\5.7.1\Pester.psm1 : ligne 1985
à Invoke-ScriptBlock, C:\Users\user\Documents\WindowsPowerShell\Modules\Pester\5.7.1\Pester.psm1 : ligne 2160
à Invoke-Block, C:\Users\user\Documents\WindowsPowerShell\Modules\Pester\5.7.1\Pester.psm1 : ligne 940
à &lt;ScriptBlock&gt;, C:\Users\user\Documents\WindowsPowerShell\Modules\Pester\5.7.1\Pester.psm1 : ligne 893
à &lt;ScriptBlock&gt;, C:\Users\user\Documents\WindowsPowerShell\Modules\Pester\5.7.1\Pester.psm1 : ligne 2024
à &lt;ScriptBlock&gt;, C:\Users\user\Documents\WindowsPowerShell\Modules\Pester\5.7.1\Pester.psm1 : ligne 1985
à Invoke-ScriptBlock, C:\Users\user\Documents\WindowsPowerShell\Modules\Pester\5.7.1\Pester.psm1 : ligne 2160
à Invoke-Block, C:\Users\user\Documents\WindowsPowerShell\Modules\Pester\5.7.1\Pester.psm1 : ligne 940
à &lt;ScriptBlock&gt;, C:\Users\user\Documents\WindowsPowerShell\Modules\Pester\5.7.1\Pester.psm1 : ligne 893
à &lt;ScriptBlock&gt;, C:\Users\user\Documents\WindowsPowerShell\Modules\Pester\5.7.1\Pester.psm1 : ligne 2024
à &lt;ScriptBlock&gt;, C:\Users\user\Documents\WindowsPowerShell\Modules\Pester\5.7.1\Pester.psm1 : ligne 1985
à Invoke-ScriptBlock, C:\Users\user\Documents\WindowsPowerShell\Modules\Pester\5.7.1\Pester.psm1 : ligne 2160
à Invoke-Block, C:\Users\user\Documents\WindowsPowerShell\Modules\Pester\5.7.1\Pester.psm1 : ligne 940
à &lt;ScriptBlock&gt;, C:\Users\user\Documents\WindowsPowerShell\Modules\Pester\5.7.1\Pester.psm1 : ligne 1688
à &lt;ScriptBlock&gt;, C:\Users\user\Documents\WindowsPowerShell\Modules\Pester\5.7.1\Pester.ps1 : ligne 3
à &lt;ScriptBlock&gt;, C:\Users\user\Documents\WindowsPowerShell\Modules\Pester\5.7.1\Pester.psm1 : ligne 3260
à Invoke-InNewScriptScope, C:\Users\user\Documents\WindowsPowerShell\Modules\Pester\5.7.1\Pester.psm1 : ligne 3267
à Run-Test, C:\Users\user\Documents\WindowsPowerShell\Modules\Pester\5.7.1\Pester.psm1 : ligne 1691
à Invoke-Test, C:\Users\user\Documents\WindowsPowerShell\Modules\Pester\5.7.1\Pester.psm1 : ligne 2512
à Invoke-Pester&lt;End&gt;, C:\Users\user\Documents\WindowsPowerShell\Modules\Pester\5.7.1\Pester.psm1 : ligne 4960
à &lt;ScriptBlock&gt;, D:\DO\WEB\N8N_tests\PROJETS\EMAIL_SENDER_1\tools\scripts\roadmap-parser\module\Tests\Invoke-AllTests.ps1 : ligne 86
à &lt;ScriptBlock&gt;, &lt;Aucun fichier&gt; : ligne 1</stack-trace>
                    </failure>
                  </test-case>
                </results>
              </test-suite>
              <test-suite type="TestFixture" name="Test-Range.Validation de longueur avec MaxLength seulement" executed="True" result="Failure" success="False" time="6.0479" asserts="0" description="Test-Range.Validation de longueur avec MaxLength seulement">
                <results>
                  <test-case description="Devrait retourner True pour une chaÃ®ne plus courte que MaxLength" name="Test-Range.Validation de longueur avec MaxLength seulement.Devrait retourner True pour une chaÃ®ne plus courte que MaxLength" time="0.2646" asserts="0" success="False" result="Failure" executed="True">
                    <failure>
                      <message>CommandNotFoundException: Le terme « Test-Range » n'est pas reconnu comme nom d'applet de commande, fonction, fichier de script ou programme exécutable. Vérifiez l'orthographe du nom, ou si un chemin d'accès existe, vérifiez que le chemin d'accès est correct et réessayez.</message>
                      <stack-trace>à &lt;ScriptBlock&gt;, D:\DO\WEB\N8N_tests\PROJETS\EMAIL_SENDER_1\tools\scripts\roadmap-parser\module\Tests\Validation\Test-Range.Tests.ps1 : ligne 102
à &lt;ScriptBlock&gt;, C:\Users\user\Documents\WindowsPowerShell\Modules\Pester\5.7.1\Pester.psm1 : ligne 2024
à &lt;ScriptBlock&gt;, C:\Users\user\Documents\WindowsPowerShell\Modules\Pester\5.7.1\Pester.psm1 : ligne 1985
à Invoke-ScriptBlock, C:\Users\user\Documents\WindowsPowerShell\Modules\Pester\5.7.1\Pester.psm1 : ligne 2157
à Invoke-TestItem, C:\Users\user\Documents\WindowsPowerShell\Modules\Pester\5.7.1\Pester.psm1 : ligne 1199
à Invoke-Block, C:\Users\user\Documents\WindowsPowerShell\Modules\Pester\5.7.1\Pester.psm1 : ligne 835
à &lt;ScriptBlock&gt;, C:\Users\user\Documents\WindowsPowerShell\Modules\Pester\5.7.1\Pester.psm1 : ligne 893
à &lt;ScriptBlock&gt;, C:\Users\user\Documents\WindowsPowerShell\Modules\Pester\5.7.1\Pester.psm1 : ligne 2024
à &lt;ScriptBlock&gt;, C:\Users\user\Documents\WindowsPowerShell\Modules\Pester\5.7.1\Pester.psm1 : ligne 1985
à Invoke-ScriptBlock, C:\Users\user\Documents\WindowsPowerShell\Modules\Pester\5.7.1\Pester.psm1 : ligne 2160
à Invoke-Block, C:\Users\user\Documents\WindowsPowerShell\Modules\Pester\5.7.1\Pester.psm1 : ligne 940
à &lt;ScriptBlock&gt;, C:\Users\user\Documents\WindowsPowerShell\Modules\Pester\5.7.1\Pester.psm1 : ligne 893
à &lt;ScriptBlock&gt;, C:\Users\user\Documents\WindowsPowerShell\Modules\Pester\5.7.1\Pester.psm1 : ligne 2024
à &lt;ScriptBlock&gt;, C:\Users\user\Documents\WindowsPowerShell\Modules\Pester\5.7.1\Pester.psm1 : ligne 1985
à Invoke-ScriptBlock, C:\Users\user\Documents\WindowsPowerShell\Modules\Pester\5.7.1\Pester.psm1 : ligne 2160
à Invoke-Block, C:\Users\user\Documents\WindowsPowerShell\Modules\Pester\5.7.1\Pester.psm1 : ligne 940
à &lt;ScriptBlock&gt;, C:\Users\user\Documents\WindowsPowerShell\Modules\Pester\5.7.1\Pester.psm1 : ligne 893
à &lt;ScriptBlock&gt;, C:\Users\user\Documents\WindowsPowerShell\Modules\Pester\5.7.1\Pester.psm1 : ligne 2024
à &lt;ScriptBlock&gt;, C:\Users\user\Documents\WindowsPowerShell\Modules\Pester\5.7.1\Pester.psm1 : ligne 1985
à Invoke-ScriptBlock, C:\Users\user\Documents\WindowsPowerShell\Modules\Pester\5.7.1\Pester.psm1 : ligne 2160
à Invoke-Block, C:\Users\user\Documents\WindowsPowerShell\Modules\Pester\5.7.1\Pester.psm1 : ligne 940
à &lt;ScriptBlock&gt;, C:\Users\user\Documents\WindowsPowerShell\Modules\Pester\5.7.1\Pester.psm1 : ligne 1688
à &lt;ScriptBlock&gt;, C:\Users\user\Documents\WindowsPowerShell\Modules\Pester\5.7.1\Pester.ps1 : ligne 3
à &lt;ScriptBlock&gt;, C:\Users\user\Documents\WindowsPowerShell\Modules\Pester\5.7.1\Pester.psm1 : ligne 3260
à Invoke-InNewScriptScope, C:\Users\user\Documents\WindowsPowerShell\Modules\Pester\5.7.1\Pester.psm1 : ligne 3267
à Run-Test, C:\Users\user\Documents\WindowsPowerShell\Modules\Pester\5.7.1\Pester.psm1 : ligne 1691
à Invoke-Test, C:\Users\user\Documents\WindowsPowerShell\Modules\Pester\5.7.1\Pester.psm1 : ligne 2512
à Invoke-Pester&lt;End&gt;, C:\Users\user\Documents\WindowsPowerShell\Modules\Pester\5.7.1\Pester.psm1 : ligne 4960
à &lt;ScriptBlock&gt;, D:\DO\WEB\N8N_tests\PROJETS\EMAIL_SENDER_1\tools\scripts\roadmap-parser\module\Tests\Invoke-AllTests.ps1 : ligne 86
à &lt;ScriptBlock&gt;, &lt;Aucun fichier&gt; : ligne 1</stack-trace>
                    </failure>
                  </test-case>
                  <test-case description="Devrait retourner True pour une chaÃ®ne de longueur Ã©gale Ã  MaxLength" name="Test-Range.Validation de longueur avec MaxLength seulement.Devrait retourner True pour une chaÃ®ne de longueur Ã©gale Ã  MaxLength" time="0.2261" asserts="0" success="False" result="Failure" executed="True">
                    <failure>
                      <message>CommandNotFoundException: Le terme « Test-Range » n'est pas reconnu comme nom d'applet de commande, fonction, fichier de script ou programme exécutable. Vérifiez l'orthographe du nom, ou si un chemin d'accès existe, vérifiez que le chemin d'accès est correct et réessayez.</message>
                      <stack-trace>à &lt;ScriptBlock&gt;, D:\DO\WEB\N8N_tests\PROJETS\EMAIL_SENDER_1\tools\scripts\roadmap-parser\module\Tests\Validation\Test-Range.Tests.ps1 : ligne 106
à &lt;ScriptBlock&gt;, C:\Users\user\Documents\WindowsPowerShell\Modules\Pester\5.7.1\Pester.psm1 : ligne 2024
à &lt;ScriptBlock&gt;, C:\Users\user\Documents\WindowsPowerShell\Modules\Pester\5.7.1\Pester.psm1 : ligne 1985
à Invoke-ScriptBlock, C:\Users\user\Documents\WindowsPowerShell\Modules\Pester\5.7.1\Pester.psm1 : ligne 2157
à Invoke-TestItem, C:\Users\user\Documents\WindowsPowerShell\Modules\Pester\5.7.1\Pester.psm1 : ligne 1199
à Invoke-Block, C:\Users\user\Documents\WindowsPowerShell\Modules\Pester\5.7.1\Pester.psm1 : ligne 835
à &lt;ScriptBlock&gt;, C:\Users\user\Documents\WindowsPowerShell\Modules\Pester\5.7.1\Pester.psm1 : ligne 893
à &lt;ScriptBlock&gt;, C:\Users\user\Documents\WindowsPowerShell\Modules\Pester\5.7.1\Pester.psm1 : ligne 2024
à &lt;ScriptBlock&gt;, C:\Users\user\Documents\WindowsPowerShell\Modules\Pester\5.7.1\Pester.psm1 : ligne 1985
à Invoke-ScriptBlock, C:\Users\user\Documents\WindowsPowerShell\Modules\Pester\5.7.1\Pester.psm1 : ligne 2160
à Invoke-Block, C:\Users\user\Documents\WindowsPowerShell\Modules\Pester\5.7.1\Pester.psm1 : ligne 940
à &lt;ScriptBlock&gt;, C:\Users\user\Documents\WindowsPowerShell\Modules\Pester\5.7.1\Pester.psm1 : ligne 893
à &lt;ScriptBlock&gt;, C:\Users\user\Documents\WindowsPowerShell\Modules\Pester\5.7.1\Pester.psm1 : ligne 2024
à &lt;ScriptBlock&gt;, C:\Users\user\Documents\WindowsPowerShell\Modules\Pester\5.7.1\Pester.psm1 : ligne 1985
à Invoke-ScriptBlock, C:\Users\user\Documents\WindowsPowerShell\Modules\Pester\5.7.1\Pester.psm1 : ligne 2160
à Invoke-Block, C:\Users\user\Documents\WindowsPowerShell\Modules\Pester\5.7.1\Pester.psm1 : ligne 940
à &lt;ScriptBlock&gt;, C:\Users\user\Documents\WindowsPowerShell\Modules\Pester\5.7.1\Pester.psm1 : ligne 893
à &lt;ScriptBlock&gt;, C:\Users\user\Documents\WindowsPowerShell\Modules\Pester\5.7.1\Pester.psm1 : ligne 2024
à &lt;ScriptBlock&gt;, C:\Users\user\Documents\WindowsPowerShell\Modules\Pester\5.7.1\Pester.psm1 : ligne 1985
à Invoke-ScriptBlock, C:\Users\user\Documents\WindowsPowerShell\Modules\Pester\5.7.1\Pester.psm1 : ligne 2160
à Invoke-Block, C:\Users\user\Documents\WindowsPowerShell\Modules\Pester\5.7.1\Pester.psm1 : ligne 940
à &lt;ScriptBlock&gt;, C:\Users\user\Documents\WindowsPowerShell\Modules\Pester\5.7.1\Pester.psm1 : ligne 1688
à &lt;ScriptBlock&gt;, C:\Users\user\Documents\WindowsPowerShell\Modules\Pester\5.7.1\Pester.ps1 : ligne 3
à &lt;ScriptBlock&gt;, C:\Users\user\Documents\WindowsPowerShell\Modules\Pester\5.7.1\Pester.psm1 : ligne 3260
à Invoke-InNewScriptScope, C:\Users\user\Documents\WindowsPowerShell\Modules\Pester\5.7.1\Pester.psm1 : ligne 3267
à Run-Test, C:\Users\user\Documents\WindowsPowerShell\Modules\Pester\5.7.1\Pester.psm1 : ligne 1691
à Invoke-Test, C:\Users\user\Documents\WindowsPowerShell\Modules\Pester\5.7.1\Pester.psm1 : ligne 2512
à Invoke-Pester&lt;End&gt;, C:\Users\user\Documents\WindowsPowerShell\Modules\Pester\5.7.1\Pester.psm1 : ligne 4960
à &lt;ScriptBlock&gt;, D:\DO\WEB\N8N_tests\PROJETS\EMAIL_SENDER_1\tools\scripts\roadmap-parser\module\Tests\Invoke-AllTests.ps1 : ligne 86
à &lt;ScriptBlock&gt;, &lt;Aucun fichier&gt; : ligne 1</stack-trace>
                    </failure>
                  </test-case>
                  <test-case description="Devrait retourner False pour une chaÃ®ne plus longue que MaxLength" name="Test-Range.Validation de longueur avec MaxLength seulement.Devrait retourner False pour une chaÃ®ne plus longue que MaxLength" time="0.2342" asserts="0" success="False" result="Failure" executed="True">
                    <failure>
                      <message>CommandNotFoundException: Le terme « Test-Range » n'est pas reconnu comme nom d'applet de commande, fonction, fichier de script ou programme exécutable. Vérifiez l'orthographe du nom, ou si un chemin d'accès existe, vérifiez que le chemin d'accès est correct et réessayez.</message>
                      <stack-trace>à &lt;ScriptBlock&gt;, D:\DO\WEB\N8N_tests\PROJETS\EMAIL_SENDER_1\tools\scripts\roadmap-parser\module\Tests\Validation\Test-Range.Tests.ps1 : ligne 110
à &lt;ScriptBlock&gt;, C:\Users\user\Documents\WindowsPowerShell\Modules\Pester\5.7.1\Pester.psm1 : ligne 2024
à &lt;ScriptBlock&gt;, C:\Users\user\Documents\WindowsPowerShell\Modules\Pester\5.7.1\Pester.psm1 : ligne 1985
à Invoke-ScriptBlock, C:\Users\user\Documents\WindowsPowerShell\Modules\Pester\5.7.1\Pester.psm1 : ligne 2157
à Invoke-TestItem, C:\Users\user\Documents\WindowsPowerShell\Modules\Pester\5.7.1\Pester.psm1 : ligne 1199
à Invoke-Block, C:\Users\user\Documents\WindowsPowerShell\Modules\Pester\5.7.1\Pester.psm1 : ligne 835
à &lt;ScriptBlock&gt;, C:\Users\user\Documents\WindowsPowerShell\Modules\Pester\5.7.1\Pester.psm1 : ligne 893
à &lt;ScriptBlock&gt;, C:\Users\user\Documents\WindowsPowerShell\Modules\Pester\5.7.1\Pester.psm1 : ligne 2024
à &lt;ScriptBlock&gt;, C:\Users\user\Documents\WindowsPowerShell\Modules\Pester\5.7.1\Pester.psm1 : ligne 1985
à Invoke-ScriptBlock, C:\Users\user\Documents\WindowsPowerShell\Modules\Pester\5.7.1\Pester.psm1 : ligne 2160
à Invoke-Block, C:\Users\user\Documents\WindowsPowerShell\Modules\Pester\5.7.1\Pester.psm1 : ligne 940
à &lt;ScriptBlock&gt;, C:\Users\user\Documents\WindowsPowerShell\Modules\Pester\5.7.1\Pester.psm1 : ligne 893
à &lt;ScriptBlock&gt;, C:\Users\user\Documents\WindowsPowerShell\Modules\Pester\5.7.1\Pester.psm1 : ligne 2024
à &lt;ScriptBlock&gt;, C:\Users\user\Documents\WindowsPowerShell\Modules\Pester\5.7.1\Pester.psm1 : ligne 1985
à Invoke-ScriptBlock, C:\Users\user\Documents\WindowsPowerShell\Modules\Pester\5.7.1\Pester.psm1 : ligne 2160
à Invoke-Block, C:\Users\user\Documents\WindowsPowerShell\Modules\Pester\5.7.1\Pester.psm1 : ligne 940
à &lt;ScriptBlock&gt;, C:\Users\user\Documents\WindowsPowerShell\Modules\Pester\5.7.1\Pester.psm1 : ligne 893
à &lt;ScriptBlock&gt;, C:\Users\user\Documents\WindowsPowerShell\Modules\Pester\5.7.1\Pester.psm1 : ligne 2024
à &lt;ScriptBlock&gt;, C:\Users\user\Documents\WindowsPowerShell\Modules\Pester\5.7.1\Pester.psm1 : ligne 1985
à Invoke-ScriptBlock, C:\Users\user\Documents\WindowsPowerShell\Modules\Pester\5.7.1\Pester.psm1 : ligne 2160
à Invoke-Block, C:\Users\user\Documents\WindowsPowerShell\Modules\Pester\5.7.1\Pester.psm1 : ligne 940
à &lt;ScriptBlock&gt;, C:\Users\user\Documents\WindowsPowerShell\Modules\Pester\5.7.1\Pester.psm1 : ligne 1688
à &lt;ScriptBlock&gt;, C:\Users\user\Documents\WindowsPowerShell\Modules\Pester\5.7.1\Pester.ps1 : ligne 3
à &lt;ScriptBlock&gt;, C:\Users\user\Documents\WindowsPowerShell\Modules\Pester\5.7.1\Pester.psm1 : ligne 3260
à Invoke-InNewScriptScope, C:\Users\user\Documents\WindowsPowerShell\Modules\Pester\5.7.1\Pester.psm1 : ligne 3267
à Run-Test, C:\Users\user\Documents\WindowsPowerShell\Modules\Pester\5.7.1\Pester.psm1 : ligne 1691
à Invoke-Test, C:\Users\user\Documents\WindowsPowerShell\Modules\Pester\5.7.1\Pester.psm1 : ligne 2512
à Invoke-Pester&lt;End&gt;, C:\Users\user\Documents\WindowsPowerShell\Modules\Pester\5.7.1\Pester.psm1 : ligne 4960
à &lt;ScriptBlock&gt;, D:\DO\WEB\N8N_tests\PROJETS\EMAIL_SENDER_1\tools\scripts\roadmap-parser\module\Tests\Invoke-AllTests.ps1 : ligne 86
à &lt;ScriptBlock&gt;, &lt;Aucun fichier&gt; : ligne 1</stack-trace>
                    </failure>
                  </test-case>
                </results>
              </test-suite>
              <test-suite type="TestFixture" name="Test-Range.Validation de nombre d'Ã©lÃ©ments" executed="True" result="Failure" success="False" time="7.344" asserts="0" description="Test-Range.Validation de nombre d'Ã©lÃ©ments">
                <results>
                  <test-case description="Devrait retourner True pour un tableau avec un nombre d'Ã©lÃ©ments valide" name="Test-Range.Validation de nombre d'Ã©lÃ©ments.Devrait retourner True pour un tableau avec un nombre d'Ã©lÃ©ments valide" time="0.2434" asserts="0" success="False" result="Failure" executed="True">
                    <failure>
                      <message>CommandNotFoundException: Le terme « Test-Range » n'est pas reconnu comme nom d'applet de commande, fonction, fichier de script ou programme exécutable. Vérifiez l'orthographe du nom, ou si un chemin d'accès existe, vérifiez que le chemin d'accès est correct et réessayez.</message>
                      <stack-trace>à &lt;ScriptBlock&gt;, D:\DO\WEB\N8N_tests\PROJETS\EMAIL_SENDER_1\tools\scripts\roadmap-parser\module\Tests\Validation\Test-Range.Tests.ps1 : ligne 116
à &lt;ScriptBlock&gt;, C:\Users\user\Documents\WindowsPowerShell\Modules\Pester\5.7.1\Pester.psm1 : ligne 2024
à &lt;ScriptBlock&gt;, C:\Users\user\Documents\WindowsPowerShell\Modules\Pester\5.7.1\Pester.psm1 : ligne 1985
à Invoke-ScriptBlock, C:\Users\user\Documents\WindowsPowerShell\Modules\Pester\5.7.1\Pester.psm1 : ligne 2157
à Invoke-TestItem, C:\Users\user\Documents\WindowsPowerShell\Modules\Pester\5.7.1\Pester.psm1 : ligne 1199
à Invoke-Block, C:\Users\user\Documents\WindowsPowerShell\Modules\Pester\5.7.1\Pester.psm1 : ligne 835
à &lt;ScriptBlock&gt;, C:\Users\user\Documents\WindowsPowerShell\Modules\Pester\5.7.1\Pester.psm1 : ligne 893
à &lt;ScriptBlock&gt;, C:\Users\user\Documents\WindowsPowerShell\Modules\Pester\5.7.1\Pester.psm1 : ligne 2024
à &lt;ScriptBlock&gt;, C:\Users\user\Documents\WindowsPowerShell\Modules\Pester\5.7.1\Pester.psm1 : ligne 1985
à Invoke-ScriptBlock, C:\Users\user\Documents\WindowsPowerShell\Modules\Pester\5.7.1\Pester.psm1 : ligne 2160
à Invoke-Block, C:\Users\user\Documents\WindowsPowerShell\Modules\Pester\5.7.1\Pester.psm1 : ligne 940
à &lt;ScriptBlock&gt;, C:\Users\user\Documents\WindowsPowerShell\Modules\Pester\5.7.1\Pester.psm1 : ligne 893
à &lt;ScriptBlock&gt;, C:\Users\user\Documents\WindowsPowerShell\Modules\Pester\5.7.1\Pester.psm1 : ligne 2024
à &lt;ScriptBlock&gt;, C:\Users\user\Documents\WindowsPowerShell\Modules\Pester\5.7.1\Pester.psm1 : ligne 1985
à Invoke-ScriptBlock, C:\Users\user\Documents\WindowsPowerShell\Modules\Pester\5.7.1\Pester.psm1 : ligne 2160
à Invoke-Block, C:\Users\user\Documents\WindowsPowerShell\Modules\Pester\5.7.1\Pester.psm1 : ligne 940
à &lt;ScriptBlock&gt;, C:\Users\user\Documents\WindowsPowerShell\Modules\Pester\5.7.1\Pester.psm1 : ligne 893
à &lt;ScriptBlock&gt;, C:\Users\user\Documents\WindowsPowerShell\Modules\Pester\5.7.1\Pester.psm1 : ligne 2024
à &lt;ScriptBlock&gt;, C:\Users\user\Documents\WindowsPowerShell\Modules\Pester\5.7.1\Pester.psm1 : ligne 1985
à Invoke-ScriptBlock, C:\Users\user\Documents\WindowsPowerShell\Modules\Pester\5.7.1\Pester.psm1 : ligne 2160
à Invoke-Block, C:\Users\user\Documents\WindowsPowerShell\Modules\Pester\5.7.1\Pester.psm1 : ligne 940
à &lt;ScriptBlock&gt;, C:\Users\user\Documents\WindowsPowerShell\Modules\Pester\5.7.1\Pester.psm1 : ligne 1688
à &lt;ScriptBlock&gt;, C:\Users\user\Documents\WindowsPowerShell\Modules\Pester\5.7.1\Pester.ps1 : ligne 3
à &lt;ScriptBlock&gt;, C:\Users\user\Documents\WindowsPowerShell\Modules\Pester\5.7.1\Pester.psm1 : ligne 3260
à Invoke-InNewScriptScope, C:\Users\user\Documents\WindowsPowerShell\Modules\Pester\5.7.1\Pester.psm1 : ligne 3267
à Run-Test, C:\Users\user\Documents\WindowsPowerShell\Modules\Pester\5.7.1\Pester.psm1 : ligne 1691
à Invoke-Test, C:\Users\user\Documents\WindowsPowerShell\Modules\Pester\5.7.1\Pester.psm1 : ligne 2512
à Invoke-Pester&lt;End&gt;, C:\Users\user\Documents\WindowsPowerShell\Modules\Pester\5.7.1\Pester.psm1 : ligne 4960
à &lt;ScriptBlock&gt;, D:\DO\WEB\N8N_tests\PROJETS\EMAIL_SENDER_1\tools\scripts\roadmap-parser\module\Tests\Invoke-AllTests.ps1 : ligne 86
à &lt;ScriptBlock&gt;, &lt;Aucun fichier&gt; : ligne 1</stack-trace>
                    </failure>
                  </test-case>
                  <test-case description="Devrait retourner True pour un tableau avec un nombre d'Ã©lÃ©ments Ã©gal Ã  MinCount" name="Test-Range.Validation de nombre d'Ã©lÃ©ments.Devrait retourner True pour un tableau avec un nombre d'Ã©lÃ©ments Ã©gal Ã  MinCount" time="0.2449" asserts="0" success="False" result="Failure" executed="True">
                    <failure>
                      <message>CommandNotFoundException: Le terme « Test-Range » n'est pas reconnu comme nom d'applet de commande, fonction, fichier de script ou programme exécutable. Vérifiez l'orthographe du nom, ou si un chemin d'accès existe, vérifiez que le chemin d'accès est correct et réessayez.</message>
                      <stack-trace>à &lt;ScriptBlock&gt;, D:\DO\WEB\N8N_tests\PROJETS\EMAIL_SENDER_1\tools\scripts\roadmap-parser\module\Tests\Validation\Test-Range.Tests.ps1 : ligne 120
à &lt;ScriptBlock&gt;, C:\Users\user\Documents\WindowsPowerShell\Modules\Pester\5.7.1\Pester.psm1 : ligne 2024
à &lt;ScriptBlock&gt;, C:\Users\user\Documents\WindowsPowerShell\Modules\Pester\5.7.1\Pester.psm1 : ligne 1985
à Invoke-ScriptBlock, C:\Users\user\Documents\WindowsPowerShell\Modules\Pester\5.7.1\Pester.psm1 : ligne 2157
à Invoke-TestItem, C:\Users\user\Documents\WindowsPowerShell\Modules\Pester\5.7.1\Pester.psm1 : ligne 1199
à Invoke-Block, C:\Users\user\Documents\WindowsPowerShell\Modules\Pester\5.7.1\Pester.psm1 : ligne 835
à &lt;ScriptBlock&gt;, C:\Users\user\Documents\WindowsPowerShell\Modules\Pester\5.7.1\Pester.psm1 : ligne 893
à &lt;ScriptBlock&gt;, C:\Users\user\Documents\WindowsPowerShell\Modules\Pester\5.7.1\Pester.psm1 : ligne 2024
à &lt;ScriptBlock&gt;, C:\Users\user\Documents\WindowsPowerShell\Modules\Pester\5.7.1\Pester.psm1 : ligne 1985
à Invoke-ScriptBlock, C:\Users\user\Documents\WindowsPowerShell\Modules\Pester\5.7.1\Pester.psm1 : ligne 2160
à Invoke-Block, C:\Users\user\Documents\WindowsPowerShell\Modules\Pester\5.7.1\Pester.psm1 : ligne 940
à &lt;ScriptBlock&gt;, C:\Users\user\Documents\WindowsPowerShell\Modules\Pester\5.7.1\Pester.psm1 : ligne 893
à &lt;ScriptBlock&gt;, C:\Users\user\Documents\WindowsPowerShell\Modules\Pester\5.7.1\Pester.psm1 : ligne 2024
à &lt;ScriptBlock&gt;, C:\Users\user\Documents\WindowsPowerShell\Modules\Pester\5.7.1\Pester.psm1 : ligne 1985
à Invoke-ScriptBlock, C:\Users\user\Documents\WindowsPowerShell\Modules\Pester\5.7.1\Pester.psm1 : ligne 2160
à Invoke-Block, C:\Users\user\Documents\WindowsPowerShell\Modules\Pester\5.7.1\Pester.psm1 : ligne 940
à &lt;ScriptBlock&gt;, C:\Users\user\Documents\WindowsPowerShell\Modules\Pester\5.7.1\Pester.psm1 : ligne 893
à &lt;ScriptBlock&gt;, C:\Users\user\Documents\WindowsPowerShell\Modules\Pester\5.7.1\Pester.psm1 : ligne 2024
à &lt;ScriptBlock&gt;, C:\Users\user\Documents\WindowsPowerShell\Modules\Pester\5.7.1\Pester.psm1 : ligne 1985
à Invoke-ScriptBlock, C:\Users\user\Documents\WindowsPowerShell\Modules\Pester\5.7.1\Pester.psm1 : ligne 2160
à Invoke-Block, C:\Users\user\Documents\WindowsPowerShell\Modules\Pester\5.7.1\Pester.psm1 : ligne 940
à &lt;ScriptBlock&gt;, C:\Users\user\Documents\WindowsPowerShell\Modules\Pester\5.7.1\Pester.psm1 : ligne 1688
à &lt;ScriptBlock&gt;, C:\Users\user\Documents\WindowsPowerShell\Modules\Pester\5.7.1\Pester.ps1 : ligne 3
à &lt;ScriptBlock&gt;, C:\Users\user\Documents\WindowsPowerShell\Modules\Pester\5.7.1\Pester.psm1 : ligne 3260
à Invoke-InNewScriptScope, C:\Users\user\Documents\WindowsPowerShell\Modules\Pester\5.7.1\Pester.psm1 : ligne 3267
à Run-Test, C:\Users\user\Documents\WindowsPowerShell\Modules\Pester\5.7.1\Pester.psm1 : ligne 1691
à Invoke-Test, C:\Users\user\Documents\WindowsPowerShell\Modules\Pester\5.7.1\Pester.psm1 : ligne 2512
à Invoke-Pester&lt;End&gt;, C:\Users\user\Documents\WindowsPowerShell\Modules\Pester\5.7.1\Pester.psm1 : ligne 4960
à &lt;ScriptBlock&gt;, D:\DO\WEB\N8N_tests\PROJETS\EMAIL_SENDER_1\tools\scripts\roadmap-parser\module\Tests\Invoke-AllTests.ps1 : ligne 86
à &lt;ScriptBlock&gt;, &lt;Aucun fichier&gt; : ligne 1</stack-trace>
                    </failure>
                  </test-case>
                  <test-case description="Devrait retourner True pour un tableau avec un nombre d'Ã©lÃ©ments Ã©gal Ã  MaxCount" name="Test-Range.Validation de nombre d'Ã©lÃ©ments.Devrait retourner True pour un tableau avec un nombre d'Ã©lÃ©ments Ã©gal Ã  MaxCount" time="0.2313" asserts="0" success="False" result="Failure" executed="True">
                    <failure>
                      <message>CommandNotFoundException: Le terme « Test-Range » n'est pas reconnu comme nom d'applet de commande, fonction, fichier de script ou programme exécutable. Vérifiez l'orthographe du nom, ou si un chemin d'accès existe, vérifiez que le chemin d'accès est correct et réessayez.</message>
                      <stack-trace>à &lt;ScriptBlock&gt;, D:\DO\WEB\N8N_tests\PROJETS\EMAIL_SENDER_1\tools\scripts\roadmap-parser\module\Tests\Validation\Test-Range.Tests.ps1 : ligne 124
à &lt;ScriptBlock&gt;, C:\Users\user\Documents\WindowsPowerShell\Modules\Pester\5.7.1\Pester.psm1 : ligne 2024
à &lt;ScriptBlock&gt;, C:\Users\user\Documents\WindowsPowerShell\Modules\Pester\5.7.1\Pester.psm1 : ligne 1985
à Invoke-ScriptBlock, C:\Users\user\Documents\WindowsPowerShell\Modules\Pester\5.7.1\Pester.psm1 : ligne 2157
à Invoke-TestItem, C:\Users\user\Documents\WindowsPowerShell\Modules\Pester\5.7.1\Pester.psm1 : ligne 1199
à Invoke-Block, C:\Users\user\Documents\WindowsPowerShell\Modules\Pester\5.7.1\Pester.psm1 : ligne 835
à &lt;ScriptBlock&gt;, C:\Users\user\Documents\WindowsPowerShell\Modules\Pester\5.7.1\Pester.psm1 : ligne 893
à &lt;ScriptBlock&gt;, C:\Users\user\Documents\WindowsPowerShell\Modules\Pester\5.7.1\Pester.psm1 : ligne 2024
à &lt;ScriptBlock&gt;, C:\Users\user\Documents\WindowsPowerShell\Modules\Pester\5.7.1\Pester.psm1 : ligne 1985
à Invoke-ScriptBlock, C:\Users\user\Documents\WindowsPowerShell\Modules\Pester\5.7.1\Pester.psm1 : ligne 2160
à Invoke-Block, C:\Users\user\Documents\WindowsPowerShell\Modules\Pester\5.7.1\Pester.psm1 : ligne 940
à &lt;ScriptBlock&gt;, C:\Users\user\Documents\WindowsPowerShell\Modules\Pester\5.7.1\Pester.psm1 : ligne 893
à &lt;ScriptBlock&gt;, C:\Users\user\Documents\WindowsPowerShell\Modules\Pester\5.7.1\Pester.psm1 : ligne 2024
à &lt;ScriptBlock&gt;, C:\Users\user\Documents\WindowsPowerShell\Modules\Pester\5.7.1\Pester.psm1 : ligne 1985
à Invoke-ScriptBlock, C:\Users\user\Documents\WindowsPowerShell\Modules\Pester\5.7.1\Pester.psm1 : ligne 2160
à Invoke-Block, C:\Users\user\Documents\WindowsPowerShell\Modules\Pester\5.7.1\Pester.psm1 : ligne 940
à &lt;ScriptBlock&gt;, C:\Users\user\Documents\WindowsPowerShell\Modules\Pester\5.7.1\Pester.psm1 : ligne 893
à &lt;ScriptBlock&gt;, C:\Users\user\Documents\WindowsPowerShell\Modules\Pester\5.7.1\Pester.psm1 : ligne 2024
à &lt;ScriptBlock&gt;, C:\Users\user\Documents\WindowsPowerShell\Modules\Pester\5.7.1\Pester.psm1 : ligne 1985
à Invoke-ScriptBlock, C:\Users\user\Documents\WindowsPowerShell\Modules\Pester\5.7.1\Pester.psm1 : ligne 2160
à Invoke-Block, C:\Users\user\Documents\WindowsPowerShell\Modules\Pester\5.7.1\Pester.psm1 : ligne 940
à &lt;ScriptBlock&gt;, C:\Users\user\Documents\WindowsPowerShell\Modules\Pester\5.7.1\Pester.psm1 : ligne 1688
à &lt;ScriptBlock&gt;, C:\Users\user\Documents\WindowsPowerShell\Modules\Pester\5.7.1\Pester.ps1 : ligne 3
à &lt;ScriptBlock&gt;, C:\Users\user\Documents\WindowsPowerShell\Modules\Pester\5.7.1\Pester.psm1 : ligne 3260
à Invoke-InNewScriptScope, C:\Users\user\Documents\WindowsPowerShell\Modules\Pester\5.7.1\Pester.psm1 : ligne 3267
à Run-Test, C:\Users\user\Documents\WindowsPowerShell\Modules\Pester\5.7.1\Pester.psm1 : ligne 1691
à Invoke-Test, C:\Users\user\Documents\WindowsPowerShell\Modules\Pester\5.7.1\Pester.psm1 : ligne 2512
à Invoke-Pester&lt;End&gt;, C:\Users\user\Documents\WindowsPowerShell\Modules\Pester\5.7.1\Pester.psm1 : ligne 4960
à &lt;ScriptBlock&gt;, D:\DO\WEB\N8N_tests\PROJETS\EMAIL_SENDER_1\tools\scripts\roadmap-parser\module\Tests\Invoke-AllTests.ps1 : ligne 86
à &lt;ScriptBlock&gt;, &lt;Aucun fichier&gt; : ligne 1</stack-trace>
                    </failure>
                  </test-case>
                  <test-case description="Devrait retourner False pour un tableau avec trop peu d'Ã©lÃ©ments" name="Test-Range.Validation de nombre d'Ã©lÃ©ments.Devrait retourner False pour un tableau avec trop peu d'Ã©lÃ©ments" time="0.2425" asserts="0" success="False" result="Failure" executed="True">
                    <failure>
                      <message>CommandNotFoundException: Le terme « Test-Range » n'est pas reconnu comme nom d'applet de commande, fonction, fichier de script ou programme exécutable. Vérifiez l'orthographe du nom, ou si un chemin d'accès existe, vérifiez que le chemin d'accès est correct et réessayez.</message>
                      <stack-trace>à &lt;ScriptBlock&gt;, D:\DO\WEB\N8N_tests\PROJETS\EMAIL_SENDER_1\tools\scripts\roadmap-parser\module\Tests\Validation\Test-Range.Tests.ps1 : ligne 128
à &lt;ScriptBlock&gt;, C:\Users\user\Documents\WindowsPowerShell\Modules\Pester\5.7.1\Pester.psm1 : ligne 2024
à &lt;ScriptBlock&gt;, C:\Users\user\Documents\WindowsPowerShell\Modules\Pester\5.7.1\Pester.psm1 : ligne 1985
à Invoke-ScriptBlock, C:\Users\user\Documents\WindowsPowerShell\Modules\Pester\5.7.1\Pester.psm1 : ligne 2157
à Invoke-TestItem, C:\Users\user\Documents\WindowsPowerShell\Modules\Pester\5.7.1\Pester.psm1 : ligne 1199
à Invoke-Block, C:\Users\user\Documents\WindowsPowerShell\Modules\Pester\5.7.1\Pester.psm1 : ligne 835
à &lt;ScriptBlock&gt;, C:\Users\user\Documents\WindowsPowerShell\Modules\Pester\5.7.1\Pester.psm1 : ligne 893
à &lt;ScriptBlock&gt;, C:\Users\user\Documents\WindowsPowerShell\Modules\Pester\5.7.1\Pester.psm1 : ligne 2024
à &lt;ScriptBlock&gt;, C:\Users\user\Documents\WindowsPowerShell\Modules\Pester\5.7.1\Pester.psm1 : ligne 1985
à Invoke-ScriptBlock, C:\Users\user\Documents\WindowsPowerShell\Modules\Pester\5.7.1\Pester.psm1 : ligne 2160
à Invoke-Block, C:\Users\user\Documents\WindowsPowerShell\Modules\Pester\5.7.1\Pester.psm1 : ligne 940
à &lt;ScriptBlock&gt;, C:\Users\user\Documents\WindowsPowerShell\Modules\Pester\5.7.1\Pester.psm1 : ligne 893
à &lt;ScriptBlock&gt;, C:\Users\user\Documents\WindowsPowerShell\Modules\Pester\5.7.1\Pester.psm1 : ligne 2024
à &lt;ScriptBlock&gt;, C:\Users\user\Documents\WindowsPowerShell\Modules\Pester\5.7.1\Pester.psm1 : ligne 1985
à Invoke-ScriptBlock, C:\Users\user\Documents\WindowsPowerShell\Modules\Pester\5.7.1\Pester.psm1 : ligne 2160
à Invoke-Block, C:\Users\user\Documents\WindowsPowerShell\Modules\Pester\5.7.1\Pester.psm1 : ligne 940
à &lt;ScriptBlock&gt;, C:\Users\user\Documents\WindowsPowerShell\Modules\Pester\5.7.1\Pester.psm1 : ligne 893
à &lt;ScriptBlock&gt;, C:\Users\user\Documents\WindowsPowerShell\Modules\Pester\5.7.1\Pester.psm1 : ligne 2024
à &lt;ScriptBlock&gt;, C:\Users\user\Documents\WindowsPowerShell\Modules\Pester\5.7.1\Pester.psm1 : ligne 1985
à Invoke-ScriptBlock, C:\Users\user\Documents\WindowsPowerShell\Modules\Pester\5.7.1\Pester.psm1 : ligne 2160
à Invoke-Block, C:\Users\user\Documents\WindowsPowerShell\Modules\Pester\5.7.1\Pester.psm1 : ligne 940
à &lt;ScriptBlock&gt;, C:\Users\user\Documents\WindowsPowerShell\Modules\Pester\5.7.1\Pester.psm1 : ligne 1688
à &lt;ScriptBlock&gt;, C:\Users\user\Documents\WindowsPowerShell\Modules\Pester\5.7.1\Pester.ps1 : ligne 3
à &lt;ScriptBlock&gt;, C:\Users\user\Documents\WindowsPowerShell\Modules\Pester\5.7.1\Pester.psm1 : ligne 3260
à Invoke-InNewScriptScope, C:\Users\user\Documents\WindowsPowerShell\Modules\Pester\5.7.1\Pester.psm1 : ligne 3267
à Run-Test, C:\Users\user\Documents\WindowsPowerShell\Modules\Pester\5.7.1\Pester.psm1 : ligne 1691
à Invoke-Test, C:\Users\user\Documents\WindowsPowerShell\Modules\Pester\5.7.1\Pester.psm1 : ligne 2512
à Invoke-Pester&lt;End&gt;, C:\Users\user\Documents\WindowsPowerShell\Modules\Pester\5.7.1\Pester.psm1 : ligne 4960
à &lt;ScriptBlock&gt;, D:\DO\WEB\N8N_tests\PROJETS\EMAIL_SENDER_1\tools\scripts\roadmap-parser\module\Tests\Invoke-AllTests.ps1 : ligne 86
à &lt;ScriptBlock&gt;, &lt;Aucun fichier&gt; : ligne 1</stack-trace>
                    </failure>
                  </test-case>
                  <test-case description="Devrait retourner False pour un tableau avec trop d'Ã©lÃ©ments" name="Test-Range.Validation de nombre d'Ã©lÃ©ments.Devrait retourner False pour un tableau avec trop d'Ã©lÃ©ments" time="0.2242" asserts="0" success="False" result="Failure" executed="True">
                    <failure>
                      <message>CommandNotFoundException: Le terme « Test-Range » n'est pas reconnu comme nom d'applet de commande, fonction, fichier de script ou programme exécutable. Vérifiez l'orthographe du nom, ou si un chemin d'accès existe, vérifiez que le chemin d'accès est correct et réessayez.</message>
                      <stack-trace>à &lt;ScriptBlock&gt;, D:\DO\WEB\N8N_tests\PROJETS\EMAIL_SENDER_1\tools\scripts\roadmap-parser\module\Tests\Validation\Test-Range.Tests.ps1 : ligne 132
à &lt;ScriptBlock&gt;, C:\Users\user\Documents\WindowsPowerShell\Modules\Pester\5.7.1\Pester.psm1 : ligne 2024
à &lt;ScriptBlock&gt;, C:\Users\user\Documents\WindowsPowerShell\Modules\Pester\5.7.1\Pester.psm1 : ligne 1985
à Invoke-ScriptBlock, C:\Users\user\Documents\WindowsPowerShell\Modules\Pester\5.7.1\Pester.psm1 : ligne 2157
à Invoke-TestItem, C:\Users\user\Documents\WindowsPowerShell\Modules\Pester\5.7.1\Pester.psm1 : ligne 1199
à Invoke-Block, C:\Users\user\Documents\WindowsPowerShell\Modules\Pester\5.7.1\Pester.psm1 : ligne 835
à &lt;ScriptBlock&gt;, C:\Users\user\Documents\WindowsPowerShell\Modules\Pester\5.7.1\Pester.psm1 : ligne 893
à &lt;ScriptBlock&gt;, C:\Users\user\Documents\WindowsPowerShell\Modules\Pester\5.7.1\Pester.psm1 : ligne 2024
à &lt;ScriptBlock&gt;, C:\Users\user\Documents\WindowsPowerShell\Modules\Pester\5.7.1\Pester.psm1 : ligne 1985
à Invoke-ScriptBlock, C:\Users\user\Documents\WindowsPowerShell\Modules\Pester\5.7.1\Pester.psm1 : ligne 2160
à Invoke-Block, C:\Users\user\Documents\WindowsPowerShell\Modules\Pester\5.7.1\Pester.psm1 : ligne 940
à &lt;ScriptBlock&gt;, C:\Users\user\Documents\WindowsPowerShell\Modules\Pester\5.7.1\Pester.psm1 : ligne 893
à &lt;ScriptBlock&gt;, C:\Users\user\Documents\WindowsPowerShell\Modules\Pester\5.7.1\Pester.psm1 : ligne 2024
à &lt;ScriptBlock&gt;, C:\Users\user\Documents\WindowsPowerShell\Modules\Pester\5.7.1\Pester.psm1 : ligne 1985
à Invoke-ScriptBlock, C:\Users\user\Documents\WindowsPowerShell\Modules\Pester\5.7.1\Pester.psm1 : ligne 2160
à Invoke-Block, C:\Users\user\Documents\WindowsPowerShell\Modules\Pester\5.7.1\Pester.psm1 : ligne 940
à &lt;ScriptBlock&gt;, C:\Users\user\Documents\WindowsPowerShell\Modules\Pester\5.7.1\Pester.psm1 : ligne 893
à &lt;ScriptBlock&gt;, C:\Users\user\Documents\WindowsPowerShell\Modules\Pester\5.7.1\Pester.psm1 : ligne 2024
à &lt;ScriptBlock&gt;, C:\Users\user\Documents\WindowsPowerShell\Modules\Pester\5.7.1\Pester.psm1 : ligne 1985
à Invoke-ScriptBlock, C:\Users\user\Documents\WindowsPowerShell\Modules\Pester\5.7.1\Pester.psm1 : ligne 2160
à Invoke-Block, C:\Users\user\Documents\WindowsPowerShell\Modules\Pester\5.7.1\Pester.psm1 : ligne 940
à &lt;ScriptBlock&gt;, C:\Users\user\Documents\WindowsPowerShell\Modules\Pester\5.7.1\Pester.psm1 : ligne 1688
à &lt;ScriptBlock&gt;, C:\Users\user\Documents\WindowsPowerShell\Modules\Pester\5.7.1\Pester.ps1 : ligne 3
à &lt;ScriptBlock&gt;, C:\Users\user\Documents\WindowsPowerShell\Modules\Pester\5.7.1\Pester.psm1 : ligne 3260
à Invoke-InNewScriptScope, C:\Users\user\Documents\WindowsPowerShell\Modules\Pester\5.7.1\Pester.psm1 : ligne 3267
à Run-Test, C:\Users\user\Documents\WindowsPowerShell\Modules\Pester\5.7.1\Pester.psm1 : ligne 1691
à Invoke-Test, C:\Users\user\Documents\WindowsPowerShell\Modules\Pester\5.7.1\Pester.psm1 : ligne 2512
à Invoke-Pester&lt;End&gt;, C:\Users\user\Documents\WindowsPowerShell\Modules\Pester\5.7.1\Pester.psm1 : ligne 4960
à &lt;ScriptBlock&gt;, D:\DO\WEB\N8N_tests\PROJETS\EMAIL_SENDER_1\tools\scripts\roadmap-parser\module\Tests\Invoke-AllTests.ps1 : ligne 86
à &lt;ScriptBlock&gt;, &lt;Aucun fichier&gt; : ligne 1</stack-trace>
                    </failure>
                  </test-case>
                </results>
              </test-suite>
              <test-suite type="TestFixture" name="Test-Range.Validation de nombre d'Ã©lÃ©ments avec MinCount seulement" executed="True" result="Failure" success="False" time="8.3541" asserts="0" description="Test-Range.Validation de nombre d'Ã©lÃ©ments avec MinCount seulement">
                <results>
                  <test-case description="Devrait retourner True pour un tableau avec plus d'Ã©lÃ©ments que MinCount" name="Test-Range.Validation de nombre d'Ã©lÃ©ments avec MinCount seulement.Devrait retourner True pour un tableau avec plus d'Ã©lÃ©ments que MinCount" time="0.3918" asserts="0" success="False" result="Failure" executed="True">
                    <failure>
                      <message>CommandNotFoundException: Le terme « Test-Range » n'est pas reconnu comme nom d'applet de commande, fonction, fichier de script ou programme exécutable. Vérifiez l'orthographe du nom, ou si un chemin d'accès existe, vérifiez que le chemin d'accès est correct et réessayez.</message>
                      <stack-trace>à &lt;ScriptBlock&gt;, D:\DO\WEB\N8N_tests\PROJETS\EMAIL_SENDER_1\tools\scripts\roadmap-parser\module\Tests\Validation\Test-Range.Tests.ps1 : ligne 138
à &lt;ScriptBlock&gt;, C:\Users\user\Documents\WindowsPowerShell\Modules\Pester\5.7.1\Pester.psm1 : ligne 2024
à &lt;ScriptBlock&gt;, C:\Users\user\Documents\WindowsPowerShell\Modules\Pester\5.7.1\Pester.psm1 : ligne 1985
à Invoke-ScriptBlock, C:\Users\user\Documents\WindowsPowerShell\Modules\Pester\5.7.1\Pester.psm1 : ligne 2157
à Invoke-TestItem, C:\Users\user\Documents\WindowsPowerShell\Modules\Pester\5.7.1\Pester.psm1 : ligne 1199
à Invoke-Block, C:\Users\user\Documents\WindowsPowerShell\Modules\Pester\5.7.1\Pester.psm1 : ligne 835
à &lt;ScriptBlock&gt;, C:\Users\user\Documents\WindowsPowerShell\Modules\Pester\5.7.1\Pester.psm1 : ligne 893
à &lt;ScriptBlock&gt;, C:\Users\user\Documents\WindowsPowerShell\Modules\Pester\5.7.1\Pester.psm1 : ligne 2024
à &lt;ScriptBlock&gt;, C:\Users\user\Documents\WindowsPowerShell\Modules\Pester\5.7.1\Pester.psm1 : ligne 1985
à Invoke-ScriptBlock, C:\Users\user\Documents\WindowsPowerShell\Modules\Pester\5.7.1\Pester.psm1 : ligne 2160
à Invoke-Block, C:\Users\user\Documents\WindowsPowerShell\Modules\Pester\5.7.1\Pester.psm1 : ligne 940
à &lt;ScriptBlock&gt;, C:\Users\user\Documents\WindowsPowerShell\Modules\Pester\5.7.1\Pester.psm1 : ligne 893
à &lt;ScriptBlock&gt;, C:\Users\user\Documents\WindowsPowerShell\Modules\Pester\5.7.1\Pester.psm1 : ligne 2024
à &lt;ScriptBlock&gt;, C:\Users\user\Documents\WindowsPowerShell\Modules\Pester\5.7.1\Pester.psm1 : ligne 1985
à Invoke-ScriptBlock, C:\Users\user\Documents\WindowsPowerShell\Modules\Pester\5.7.1\Pester.psm1 : ligne 2160
à Invoke-Block, C:\Users\user\Documents\WindowsPowerShell\Modules\Pester\5.7.1\Pester.psm1 : ligne 940
à &lt;ScriptBlock&gt;, C:\Users\user\Documents\WindowsPowerShell\Modules\Pester\5.7.1\Pester.psm1 : ligne 893
à &lt;ScriptBlock&gt;, C:\Users\user\Documents\WindowsPowerShell\Modules\Pester\5.7.1\Pester.psm1 : ligne 2024
à &lt;ScriptBlock&gt;, C:\Users\user\Documents\WindowsPowerShell\Modules\Pester\5.7.1\Pester.psm1 : ligne 1985
à Invoke-ScriptBlock, C:\Users\user\Documents\WindowsPowerShell\Modules\Pester\5.7.1\Pester.psm1 : ligne 2160
à Invoke-Block, C:\Users\user\Documents\WindowsPowerShell\Modules\Pester\5.7.1\Pester.psm1 : ligne 940
à &lt;ScriptBlock&gt;, C:\Users\user\Documents\WindowsPowerShell\Modules\Pester\5.7.1\Pester.psm1 : ligne 1688
à &lt;ScriptBlock&gt;, C:\Users\user\Documents\WindowsPowerShell\Modules\Pester\5.7.1\Pester.ps1 : ligne 3
à &lt;ScriptBlock&gt;, C:\Users\user\Documents\WindowsPowerShell\Modules\Pester\5.7.1\Pester.psm1 : ligne 3260
à Invoke-InNewScriptScope, C:\Users\user\Documents\WindowsPowerShell\Modules\Pester\5.7.1\Pester.psm1 : ligne 3267
à Run-Test, C:\Users\user\Documents\WindowsPowerShell\Modules\Pester\5.7.1\Pester.psm1 : ligne 1691
à Invoke-Test, C:\Users\user\Documents\WindowsPowerShell\Modules\Pester\5.7.1\Pester.psm1 : ligne 2512
à Invoke-Pester&lt;End&gt;, C:\Users\user\Documents\WindowsPowerShell\Modules\Pester\5.7.1\Pester.psm1 : ligne 4960
à &lt;ScriptBlock&gt;, D:\DO\WEB\N8N_tests\PROJETS\EMAIL_SENDER_1\tools\scripts\roadmap-parser\module\Tests\Invoke-AllTests.ps1 : ligne 86
à &lt;ScriptBlock&gt;, &lt;Aucun fichier&gt; : ligne 1</stack-trace>
                    </failure>
                  </test-case>
                  <test-case description="Devrait retourner True pour un tableau avec un nombre d'Ã©lÃ©ments Ã©gal Ã  MinCount" name="Test-Range.Validation de nombre d'Ã©lÃ©ments avec MinCount seulement.Devrait retourner True pour un tableau avec un nombre d'Ã©lÃ©ments Ã©gal Ã  MinCount" time="0.2425" asserts="0" success="False" result="Failure" executed="True">
                    <failure>
                      <message>CommandNotFoundException: Le terme « Test-Range » n'est pas reconnu comme nom d'applet de commande, fonction, fichier de script ou programme exécutable. Vérifiez l'orthographe du nom, ou si un chemin d'accès existe, vérifiez que le chemin d'accès est correct et réessayez.</message>
                      <stack-trace>à &lt;ScriptBlock&gt;, D:\DO\WEB\N8N_tests\PROJETS\EMAIL_SENDER_1\tools\scripts\roadmap-parser\module\Tests\Validation\Test-Range.Tests.ps1 : ligne 142
à &lt;ScriptBlock&gt;, C:\Users\user\Documents\WindowsPowerShell\Modules\Pester\5.7.1\Pester.psm1 : ligne 2024
à &lt;ScriptBlock&gt;, C:\Users\user\Documents\WindowsPowerShell\Modules\Pester\5.7.1\Pester.psm1 : ligne 1985
à Invoke-ScriptBlock, C:\Users\user\Documents\WindowsPowerShell\Modules\Pester\5.7.1\Pester.psm1 : ligne 2157
à Invoke-TestItem, C:\Users\user\Documents\WindowsPowerShell\Modules\Pester\5.7.1\Pester.psm1 : ligne 1199
à Invoke-Block, C:\Users\user\Documents\WindowsPowerShell\Modules\Pester\5.7.1\Pester.psm1 : ligne 835
à &lt;ScriptBlock&gt;, C:\Users\user\Documents\WindowsPowerShell\Modules\Pester\5.7.1\Pester.psm1 : ligne 893
à &lt;ScriptBlock&gt;, C:\Users\user\Documents\WindowsPowerShell\Modules\Pester\5.7.1\Pester.psm1 : ligne 2024
à &lt;ScriptBlock&gt;, C:\Users\user\Documents\WindowsPowerShell\Modules\Pester\5.7.1\Pester.psm1 : ligne 1985
à Invoke-ScriptBlock, C:\Users\user\Documents\WindowsPowerShell\Modules\Pester\5.7.1\Pester.psm1 : ligne 2160
à Invoke-Block, C:\Users\user\Documents\WindowsPowerShell\Modules\Pester\5.7.1\Pester.psm1 : ligne 940
à &lt;ScriptBlock&gt;, C:\Users\user\Documents\WindowsPowerShell\Modules\Pester\5.7.1\Pester.psm1 : ligne 893
à &lt;ScriptBlock&gt;, C:\Users\user\Documents\WindowsPowerShell\Modules\Pester\5.7.1\Pester.psm1 : ligne 2024
à &lt;ScriptBlock&gt;, C:\Users\user\Documents\WindowsPowerShell\Modules\Pester\5.7.1\Pester.psm1 : ligne 1985
à Invoke-ScriptBlock, C:\Users\user\Documents\WindowsPowerShell\Modules\Pester\5.7.1\Pester.psm1 : ligne 2160
à Invoke-Block, C:\Users\user\Documents\WindowsPowerShell\Modules\Pester\5.7.1\Pester.psm1 : ligne 940
à &lt;ScriptBlock&gt;, C:\Users\user\Documents\WindowsPowerShell\Modules\Pester\5.7.1\Pester.psm1 : ligne 893
à &lt;ScriptBlock&gt;, C:\Users\user\Documents\WindowsPowerShell\Modules\Pester\5.7.1\Pester.psm1 : ligne 2024
à &lt;ScriptBlock&gt;, C:\Users\user\Documents\WindowsPowerShell\Modules\Pester\5.7.1\Pester.psm1 : ligne 1985
à Invoke-ScriptBlock, C:\Users\user\Documents\WindowsPowerShell\Modules\Pester\5.7.1\Pester.psm1 : ligne 2160
à Invoke-Block, C:\Users\user\Documents\WindowsPowerShell\Modules\Pester\5.7.1\Pester.psm1 : ligne 940
à &lt;ScriptBlock&gt;, C:\Users\user\Documents\WindowsPowerShell\Modules\Pester\5.7.1\Pester.psm1 : ligne 1688
à &lt;ScriptBlock&gt;, C:\Users\user\Documents\WindowsPowerShell\Modules\Pester\5.7.1\Pester.ps1 : ligne 3
à &lt;ScriptBlock&gt;, C:\Users\user\Documents\WindowsPowerShell\Modules\Pester\5.7.1\Pester.psm1 : ligne 3260
à Invoke-InNewScriptScope, C:\Users\user\Documents\WindowsPowerShell\Modules\Pester\5.7.1\Pester.psm1 : ligne 3267
à Run-Test, C:\Users\user\Documents\WindowsPowerShell\Modules\Pester\5.7.1\Pester.psm1 : ligne 1691
à Invoke-Test, C:\Users\user\Documents\WindowsPowerShell\Modules\Pester\5.7.1\Pester.psm1 : ligne 2512
à Invoke-Pester&lt;End&gt;, C:\Users\user\Documents\WindowsPowerShell\Modules\Pester\5.7.1\Pester.psm1 : ligne 4960
à &lt;ScriptBlock&gt;, D:\DO\WEB\N8N_tests\PROJETS\EMAIL_SENDER_1\tools\scripts\roadmap-parser\module\Tests\Invoke-AllTests.ps1 : ligne 86
à &lt;ScriptBlock&gt;, &lt;Aucun fichier&gt; : ligne 1</stack-trace>
                    </failure>
                  </test-case>
                  <test-case description="Devrait retourner False pour un tableau avec moins d'Ã©lÃ©ments que MinCount" name="Test-Range.Validation de nombre d'Ã©lÃ©ments avec MinCount seulement.Devrait retourner False pour un tableau avec moins d'Ã©lÃ©ments que MinCount" time="0.2617" asserts="0" success="False" result="Failure" executed="True">
                    <failure>
                      <message>CommandNotFoundException: Le terme « Test-Range » n'est pas reconnu comme nom d'applet de commande, fonction, fichier de script ou programme exécutable. Vérifiez l'orthographe du nom, ou si un chemin d'accès existe, vérifiez que le chemin d'accès est correct et réessayez.</message>
                      <stack-trace>à &lt;ScriptBlock&gt;, D:\DO\WEB\N8N_tests\PROJETS\EMAIL_SENDER_1\tools\scripts\roadmap-parser\module\Tests\Validation\Test-Range.Tests.ps1 : ligne 146
à &lt;ScriptBlock&gt;, C:\Users\user\Documents\WindowsPowerShell\Modules\Pester\5.7.1\Pester.psm1 : ligne 2024
à &lt;ScriptBlock&gt;, C:\Users\user\Documents\WindowsPowerShell\Modules\Pester\5.7.1\Pester.psm1 : ligne 1985
à Invoke-ScriptBlock, C:\Users\user\Documents\WindowsPowerShell\Modules\Pester\5.7.1\Pester.psm1 : ligne 2157
à Invoke-TestItem, C:\Users\user\Documents\WindowsPowerShell\Modules\Pester\5.7.1\Pester.psm1 : ligne 1199
à Invoke-Block, C:\Users\user\Documents\WindowsPowerShell\Modules\Pester\5.7.1\Pester.psm1 : ligne 835
à &lt;ScriptBlock&gt;, C:\Users\user\Documents\WindowsPowerShell\Modules\Pester\5.7.1\Pester.psm1 : ligne 893
à &lt;ScriptBlock&gt;, C:\Users\user\Documents\WindowsPowerShell\Modules\Pester\5.7.1\Pester.psm1 : ligne 2024
à &lt;ScriptBlock&gt;, C:\Users\user\Documents\WindowsPowerShell\Modules\Pester\5.7.1\Pester.psm1 : ligne 1985
à Invoke-ScriptBlock, C:\Users\user\Documents\WindowsPowerShell\Modules\Pester\5.7.1\Pester.psm1 : ligne 2160
à Invoke-Block, C:\Users\user\Documents\WindowsPowerShell\Modules\Pester\5.7.1\Pester.psm1 : ligne 940
à &lt;ScriptBlock&gt;, C:\Users\user\Documents\WindowsPowerShell\Modules\Pester\5.7.1\Pester.psm1 : ligne 893
à &lt;ScriptBlock&gt;, C:\Users\user\Documents\WindowsPowerShell\Modules\Pester\5.7.1\Pester.psm1 : ligne 2024
à &lt;ScriptBlock&gt;, C:\Users\user\Documents\WindowsPowerShell\Modules\Pester\5.7.1\Pester.psm1 : ligne 1985
à Invoke-ScriptBlock, C:\Users\user\Documents\WindowsPowerShell\Modules\Pester\5.7.1\Pester.psm1 : ligne 2160
à Invoke-Block, C:\Users\user\Documents\WindowsPowerShell\Modules\Pester\5.7.1\Pester.psm1 : ligne 940
à &lt;ScriptBlock&gt;, C:\Users\user\Documents\WindowsPowerShell\Modules\Pester\5.7.1\Pester.psm1 : ligne 893
à &lt;ScriptBlock&gt;, C:\Users\user\Documents\WindowsPowerShell\Modules\Pester\5.7.1\Pester.psm1 : ligne 2024
à &lt;ScriptBlock&gt;, C:\Users\user\Documents\WindowsPowerShell\Modules\Pester\5.7.1\Pester.psm1 : ligne 1985
à Invoke-ScriptBlock, C:\Users\user\Documents\WindowsPowerShell\Modules\Pester\5.7.1\Pester.psm1 : ligne 2160
à Invoke-Block, C:\Users\user\Documents\WindowsPowerShell\Modules\Pester\5.7.1\Pester.psm1 : ligne 940
à &lt;ScriptBlock&gt;, C:\Users\user\Documents\WindowsPowerShell\Modules\Pester\5.7.1\Pester.psm1 : ligne 1688
à &lt;ScriptBlock&gt;, C:\Users\user\Documents\WindowsPowerShell\Modules\Pester\5.7.1\Pester.ps1 : ligne 3
à &lt;ScriptBlock&gt;, C:\Users\user\Documents\WindowsPowerShell\Modules\Pester\5.7.1\Pester.psm1 : ligne 3260
à Invoke-InNewScriptScope, C:\Users\user\Documents\WindowsPowerShell\Modules\Pester\5.7.1\Pester.psm1 : ligne 3267
à Run-Test, C:\Users\user\Documents\WindowsPowerShell\Modules\Pester\5.7.1\Pester.psm1 : ligne 1691
à Invoke-Test, C:\Users\user\Documents\WindowsPowerShell\Modules\Pester\5.7.1\Pester.psm1 : ligne 2512
à Invoke-Pester&lt;End&gt;, C:\Users\user\Documents\WindowsPowerShell\Modules\Pester\5.7.1\Pester.psm1 : ligne 4960
à &lt;ScriptBlock&gt;, D:\DO\WEB\N8N_tests\PROJETS\EMAIL_SENDER_1\tools\scripts\roadmap-parser\module\Tests\Invoke-AllTests.ps1 : ligne 86
à &lt;ScriptBlock&gt;, &lt;Aucun fichier&gt; : ligne 1</stack-trace>
                    </failure>
                  </test-case>
                </results>
              </test-suite>
              <test-suite type="TestFixture" name="Test-Range.Validation de nombre d'Ã©lÃ©ments avec MaxCount seulement" executed="True" result="Failure" success="False" time="9.3507" asserts="0" description="Test-Range.Validation de nombre d'Ã©lÃ©ments avec MaxCount seulement">
                <results>
                  <test-case description="Devrait retourner True pour un tableau avec moins d'Ã©lÃ©ments que MaxCount" name="Test-Range.Validation de nombre d'Ã©lÃ©ments avec MaxCount seulement.Devrait retourner True pour un tableau avec moins d'Ã©lÃ©ments que MaxCount" time="0.2387" asserts="0" success="False" result="Failure" executed="True">
                    <failure>
                      <message>CommandNotFoundException: Le terme « Test-Range » n'est pas reconnu comme nom d'applet de commande, fonction, fichier de script ou programme exécutable. Vérifiez l'orthographe du nom, ou si un chemin d'accès existe, vérifiez que le chemin d'accès est correct et réessayez.</message>
                      <stack-trace>à &lt;ScriptBlock&gt;, D:\DO\WEB\N8N_tests\PROJETS\EMAIL_SENDER_1\tools\scripts\roadmap-parser\module\Tests\Validation\Test-Range.Tests.ps1 : ligne 152
à &lt;ScriptBlock&gt;, C:\Users\user\Documents\WindowsPowerShell\Modules\Pester\5.7.1\Pester.psm1 : ligne 2024
à &lt;ScriptBlock&gt;, C:\Users\user\Documents\WindowsPowerShell\Modules\Pester\5.7.1\Pester.psm1 : ligne 1985
à Invoke-ScriptBlock, C:\Users\user\Documents\WindowsPowerShell\Modules\Pester\5.7.1\Pester.psm1 : ligne 2157
à Invoke-TestItem, C:\Users\user\Documents\WindowsPowerShell\Modules\Pester\5.7.1\Pester.psm1 : ligne 1199
à Invoke-Block, C:\Users\user\Documents\WindowsPowerShell\Modules\Pester\5.7.1\Pester.psm1 : ligne 835
à &lt;ScriptBlock&gt;, C:\Users\user\Documents\WindowsPowerShell\Modules\Pester\5.7.1\Pester.psm1 : ligne 893
à &lt;ScriptBlock&gt;, C:\Users\user\Documents\WindowsPowerShell\Modules\Pester\5.7.1\Pester.psm1 : ligne 2024
à &lt;ScriptBlock&gt;, C:\Users\user\Documents\WindowsPowerShell\Modules\Pester\5.7.1\Pester.psm1 : ligne 1985
à Invoke-ScriptBlock, C:\Users\user\Documents\WindowsPowerShell\Modules\Pester\5.7.1\Pester.psm1 : ligne 2160
à Invoke-Block, C:\Users\user\Documents\WindowsPowerShell\Modules\Pester\5.7.1\Pester.psm1 : ligne 940
à &lt;ScriptBlock&gt;, C:\Users\user\Documents\WindowsPowerShell\Modules\Pester\5.7.1\Pester.psm1 : ligne 893
à &lt;ScriptBlock&gt;, C:\Users\user\Documents\WindowsPowerShell\Modules\Pester\5.7.1\Pester.psm1 : ligne 2024
à &lt;ScriptBlock&gt;, C:\Users\user\Documents\WindowsPowerShell\Modules\Pester\5.7.1\Pester.psm1 : ligne 1985
à Invoke-ScriptBlock, C:\Users\user\Documents\WindowsPowerShell\Modules\Pester\5.7.1\Pester.psm1 : ligne 2160
à Invoke-Block, C:\Users\user\Documents\WindowsPowerShell\Modules\Pester\5.7.1\Pester.psm1 : ligne 940
à &lt;ScriptBlock&gt;, C:\Users\user\Documents\WindowsPowerShell\Modules\Pester\5.7.1\Pester.psm1 : ligne 893
à &lt;ScriptBlock&gt;, C:\Users\user\Documents\WindowsPowerShell\Modules\Pester\5.7.1\Pester.psm1 : ligne 2024
à &lt;ScriptBlock&gt;, C:\Users\user\Documents\WindowsPowerShell\Modules\Pester\5.7.1\Pester.psm1 : ligne 1985
à Invoke-ScriptBlock, C:\Users\user\Documents\WindowsPowerShell\Modules\Pester\5.7.1\Pester.psm1 : ligne 2160
à Invoke-Block, C:\Users\user\Documents\WindowsPowerShell\Modules\Pester\5.7.1\Pester.psm1 : ligne 940
à &lt;ScriptBlock&gt;, C:\Users\user\Documents\WindowsPowerShell\Modules\Pester\5.7.1\Pester.psm1 : ligne 1688
à &lt;ScriptBlock&gt;, C:\Users\user\Documents\WindowsPowerShell\Modules\Pester\5.7.1\Pester.ps1 : ligne 3
à &lt;ScriptBlock&gt;, C:\Users\user\Documents\WindowsPowerShell\Modules\Pester\5.7.1\Pester.psm1 : ligne 3260
à Invoke-InNewScriptScope, C:\Users\user\Documents\WindowsPowerShell\Modules\Pester\5.7.1\Pester.psm1 : ligne 3267
à Run-Test, C:\Users\user\Documents\WindowsPowerShell\Modules\Pester\5.7.1\Pester.psm1 : ligne 1691
à Invoke-Test, C:\Users\user\Documents\WindowsPowerShell\Modules\Pester\5.7.1\Pester.psm1 : ligne 2512
à Invoke-Pester&lt;End&gt;, C:\Users\user\Documents\WindowsPowerShell\Modules\Pester\5.7.1\Pester.psm1 : ligne 4960
à &lt;ScriptBlock&gt;, D:\DO\WEB\N8N_tests\PROJETS\EMAIL_SENDER_1\tools\scripts\roadmap-parser\module\Tests\Invoke-AllTests.ps1 : ligne 86
à &lt;ScriptBlock&gt;, &lt;Aucun fichier&gt; : ligne 1</stack-trace>
                    </failure>
                  </test-case>
                  <test-case description="Devrait retourner True pour un tableau avec un nombre d'Ã©lÃ©ments Ã©gal Ã  MaxCount" name="Test-Range.Validation de nombre d'Ã©lÃ©ments avec MaxCount seulement.Devrait retourner True pour un tableau avec un nombre d'Ã©lÃ©ments Ã©gal Ã  MaxCount" time="0.2141" asserts="0" success="False" result="Failure" executed="True">
                    <failure>
                      <message>CommandNotFoundException: Le terme « Test-Range » n'est pas reconnu comme nom d'applet de commande, fonction, fichier de script ou programme exécutable. Vérifiez l'orthographe du nom, ou si un chemin d'accès existe, vérifiez que le chemin d'accès est correct et réessayez.</message>
                      <stack-trace>à &lt;ScriptBlock&gt;, D:\DO\WEB\N8N_tests\PROJETS\EMAIL_SENDER_1\tools\scripts\roadmap-parser\module\Tests\Validation\Test-Range.Tests.ps1 : ligne 156
à &lt;ScriptBlock&gt;, C:\Users\user\Documents\WindowsPowerShell\Modules\Pester\5.7.1\Pester.psm1 : ligne 2024
à &lt;ScriptBlock&gt;, C:\Users\user\Documents\WindowsPowerShell\Modules\Pester\5.7.1\Pester.psm1 : ligne 1985
à Invoke-ScriptBlock, C:\Users\user\Documents\WindowsPowerShell\Modules\Pester\5.7.1\Pester.psm1 : ligne 2157
à Invoke-TestItem, C:\Users\user\Documents\WindowsPowerShell\Modules\Pester\5.7.1\Pester.psm1 : ligne 1199
à Invoke-Block, C:\Users\user\Documents\WindowsPowerShell\Modules\Pester\5.7.1\Pester.psm1 : ligne 835
à &lt;ScriptBlock&gt;, C:\Users\user\Documents\WindowsPowerShell\Modules\Pester\5.7.1\Pester.psm1 : ligne 893
à &lt;ScriptBlock&gt;, C:\Users\user\Documents\WindowsPowerShell\Modules\Pester\5.7.1\Pester.psm1 : ligne 2024
à &lt;ScriptBlock&gt;, C:\Users\user\Documents\WindowsPowerShell\Modules\Pester\5.7.1\Pester.psm1 : ligne 1985
à Invoke-ScriptBlock, C:\Users\user\Documents\WindowsPowerShell\Modules\Pester\5.7.1\Pester.psm1 : ligne 2160
à Invoke-Block, C:\Users\user\Documents\WindowsPowerShell\Modules\Pester\5.7.1\Pester.psm1 : ligne 940
à &lt;ScriptBlock&gt;, C:\Users\user\Documents\WindowsPowerShell\Modules\Pester\5.7.1\Pester.psm1 : ligne 893
à &lt;ScriptBlock&gt;, C:\Users\user\Documents\WindowsPowerShell\Modules\Pester\5.7.1\Pester.psm1 : ligne 2024
à &lt;ScriptBlock&gt;, C:\Users\user\Documents\WindowsPowerShell\Modules\Pester\5.7.1\Pester.psm1 : ligne 1985
à Invoke-ScriptBlock, C:\Users\user\Documents\WindowsPowerShell\Modules\Pester\5.7.1\Pester.psm1 : ligne 2160
à Invoke-Block, C:\Users\user\Documents\WindowsPowerShell\Modules\Pester\5.7.1\Pester.psm1 : ligne 940
à &lt;ScriptBlock&gt;, C:\Users\user\Documents\WindowsPowerShell\Modules\Pester\5.7.1\Pester.psm1 : ligne 893
à &lt;ScriptBlock&gt;, C:\Users\user\Documents\WindowsPowerShell\Modules\Pester\5.7.1\Pester.psm1 : ligne 2024
à &lt;ScriptBlock&gt;, C:\Users\user\Documents\WindowsPowerShell\Modules\Pester\5.7.1\Pester.psm1 : ligne 1985
à Invoke-ScriptBlock, C:\Users\user\Documents\WindowsPowerShell\Modules\Pester\5.7.1\Pester.psm1 : ligne 2160
à Invoke-Block, C:\Users\user\Documents\WindowsPowerShell\Modules\Pester\5.7.1\Pester.psm1 : ligne 940
à &lt;ScriptBlock&gt;, C:\Users\user\Documents\WindowsPowerShell\Modules\Pester\5.7.1\Pester.psm1 : ligne 1688
à &lt;ScriptBlock&gt;, C:\Users\user\Documents\WindowsPowerShell\Modules\Pester\5.7.1\Pester.ps1 : ligne 3
à &lt;ScriptBlock&gt;, C:\Users\user\Documents\WindowsPowerShell\Modules\Pester\5.7.1\Pester.psm1 : ligne 3260
à Invoke-InNewScriptScope, C:\Users\user\Documents\WindowsPowerShell\Modules\Pester\5.7.1\Pester.psm1 : ligne 3267
à Run-Test, C:\Users\user\Documents\WindowsPowerShell\Modules\Pester\5.7.1\Pester.psm1 : ligne 1691
à Invoke-Test, C:\Users\user\Documents\WindowsPowerShell\Modules\Pester\5.7.1\Pester.psm1 : ligne 2512
à Invoke-Pester&lt;End&gt;, C:\Users\user\Documents\WindowsPowerShell\Modules\Pester\5.7.1\Pester.psm1 : ligne 4960
à &lt;ScriptBlock&gt;, D:\DO\WEB\N8N_tests\PROJETS\EMAIL_SENDER_1\tools\scripts\roadmap-parser\module\Tests\Invoke-AllTests.ps1 : ligne 86
à &lt;ScriptBlock&gt;, &lt;Aucun fichier&gt; : ligne 1</stack-trace>
                    </failure>
                  </test-case>
                  <test-case description="Devrait retourner False pour un tableau avec plus d'Ã©lÃ©ments que MaxCount" name="Test-Range.Validation de nombre d'Ã©lÃ©ments avec MaxCount seulement.Devrait retourner False pour un tableau avec plus d'Ã©lÃ©ments que MaxCount" time="0.4051" asserts="0" success="False" result="Failure" executed="True">
                    <failure>
                      <message>CommandNotFoundException: Le terme « Test-Range » n'est pas reconnu comme nom d'applet de commande, fonction, fichier de script ou programme exécutable. Vérifiez l'orthographe du nom, ou si un chemin d'accès existe, vérifiez que le chemin d'accès est correct et réessayez.</message>
                      <stack-trace>à &lt;ScriptBlock&gt;, D:\DO\WEB\N8N_tests\PROJETS\EMAIL_SENDER_1\tools\scripts\roadmap-parser\module\Tests\Validation\Test-Range.Tests.ps1 : ligne 160
à &lt;ScriptBlock&gt;, C:\Users\user\Documents\WindowsPowerShell\Modules\Pester\5.7.1\Pester.psm1 : ligne 2024
à &lt;ScriptBlock&gt;, C:\Users\user\Documents\WindowsPowerShell\Modules\Pester\5.7.1\Pester.psm1 : ligne 1985
à Invoke-ScriptBlock, C:\Users\user\Documents\WindowsPowerShell\Modules\Pester\5.7.1\Pester.psm1 : ligne 2157
à Invoke-TestItem, C:\Users\user\Documents\WindowsPowerShell\Modules\Pester\5.7.1\Pester.psm1 : ligne 1199
à Invoke-Block, C:\Users\user\Documents\WindowsPowerShell\Modules\Pester\5.7.1\Pester.psm1 : ligne 835
à &lt;ScriptBlock&gt;, C:\Users\user\Documents\WindowsPowerShell\Modules\Pester\5.7.1\Pester.psm1 : ligne 893
à &lt;ScriptBlock&gt;, C:\Users\user\Documents\WindowsPowerShell\Modules\Pester\5.7.1\Pester.psm1 : ligne 2024
à &lt;ScriptBlock&gt;, C:\Users\user\Documents\WindowsPowerShell\Modules\Pester\5.7.1\Pester.psm1 : ligne 1985
à Invoke-ScriptBlock, C:\Users\user\Documents\WindowsPowerShell\Modules\Pester\5.7.1\Pester.psm1 : ligne 2160
à Invoke-Block, C:\Users\user\Documents\WindowsPowerShell\Modules\Pester\5.7.1\Pester.psm1 : ligne 940
à &lt;ScriptBlock&gt;, C:\Users\user\Documents\WindowsPowerShell\Modules\Pester\5.7.1\Pester.psm1 : ligne 893
à &lt;ScriptBlock&gt;, C:\Users\user\Documents\WindowsPowerShell\Modules\Pester\5.7.1\Pester.psm1 : ligne 2024
à &lt;ScriptBlock&gt;, C:\Users\user\Documents\WindowsPowerShell\Modules\Pester\5.7.1\Pester.psm1 : ligne 1985
à Invoke-ScriptBlock, C:\Users\user\Documents\WindowsPowerShell\Modules\Pester\5.7.1\Pester.psm1 : ligne 2160
à Invoke-Block, C:\Users\user\Documents\WindowsPowerShell\Modules\Pester\5.7.1\Pester.psm1 : ligne 940
à &lt;ScriptBlock&gt;, C:\Users\user\Documents\WindowsPowerShell\Modules\Pester\5.7.1\Pester.psm1 : ligne 893
à &lt;ScriptBlock&gt;, C:\Users\user\Documents\WindowsPowerShell\Modules\Pester\5.7.1\Pester.psm1 : ligne 2024
à &lt;ScriptBlock&gt;, C:\Users\user\Documents\WindowsPowerShell\Modules\Pester\5.7.1\Pester.psm1 : ligne 1985
à Invoke-ScriptBlock, C:\Users\user\Documents\WindowsPowerShell\Modules\Pester\5.7.1\Pester.psm1 : ligne 2160
à Invoke-Block, C:\Users\user\Documents\WindowsPowerShell\Modules\Pester\5.7.1\Pester.psm1 : ligne 940
à &lt;ScriptBlock&gt;, C:\Users\user\Documents\WindowsPowerShell\Modules\Pester\5.7.1\Pester.psm1 : ligne 1688
à &lt;ScriptBlock&gt;, C:\Users\user\Documents\WindowsPowerShell\Modules\Pester\5.7.1\Pester.ps1 : ligne 3
à &lt;ScriptBlock&gt;, C:\Users\user\Documents\WindowsPowerShell\Modules\Pester\5.7.1\Pester.psm1 : ligne 3260
à Invoke-InNewScriptScope, C:\Users\user\Documents\WindowsPowerShell\Modules\Pester\5.7.1\Pester.psm1 : ligne 3267
à Run-Test, C:\Users\user\Documents\WindowsPowerShell\Modules\Pester\5.7.1\Pester.psm1 : ligne 1691
à Invoke-Test, C:\Users\user\Documents\WindowsPowerShell\Modules\Pester\5.7.1\Pester.psm1 : ligne 2512
à Invoke-Pester&lt;End&gt;, C:\Users\user\Documents\WindowsPowerShell\Modules\Pester\5.7.1\Pester.psm1 : ligne 4960
à &lt;ScriptBlock&gt;, D:\DO\WEB\N8N_tests\PROJETS\EMAIL_SENDER_1\tools\scripts\roadmap-parser\module\Tests\Invoke-AllTests.ps1 : ligne 86
à &lt;ScriptBlock&gt;, &lt;Aucun fichier&gt; : ligne 1</stack-trace>
                    </failure>
                  </test-case>
                </results>
              </test-suite>
              <test-suite type="TestFixture" name="Test-Range.Validation avec ThrowOnFailure" executed="True" result="Failure" success="False" time="9.9608" asserts="0" description="Test-Range.Validation avec ThrowOnFailure">
                <results>
                  <test-case description="Devrait lever une exception en cas d'Ã©chec avec ThrowOnFailure" name="Test-Range.Validation avec ThrowOnFailure.Devrait lever une exception en cas d'Ã©chec avec ThrowOnFailure" time="0.2168" asserts="0" success="True" result="Success" executed="True" />
                  <test-case description="Ne devrait pas lever d'exception en cas de succÃ¨s avec ThrowOnFailure" name="Test-Range.Validation avec ThrowOnFailure.Ne devrait pas lever d'exception en cas de succÃ¨s avec ThrowOnFailure" time="0.2656" asserts="0" success="False" result="Failure" executed="True">
                    <failure>
                      <message>Expected no exception to be thrown, but an exception "Le terme « Test-Range » n'est pas reconnu comme nom d'applet de commande, fonction, fichier de script ou programme exécutable. Vérifiez l'orthographe du nom, ou si un chemin d'accès existe, vérifiez que le chemin d'accès est correct et réessayez." was thrown Au caractère D:\DO\WEB\N8N_tests\PROJETS\EMAIL_SENDER_1\tools\scripts\roadmap-parser\module\Tests\Validation\Test-Range.Tests.ps1:170 : 15
    +             { Test-Range -Value 42 -Min 0 -Max 100 -ThrowOnFailure }  ...
    +               ~~~~~~~~~~.</message>
                      <stack-trace>at { Test-Range -Value 42 -Min 0 -Max 100 -ThrowOnFailure } | Should -Not -Throw, D:\DO\WEB\N8N_tests\PROJETS\EMAIL_SENDER_1\tools\scripts\roadmap-parser\module\Tests\Validation\Test-Range.Tests.ps1:170
à Invoke-Assertion, C:\Users\user\Documents\WindowsPowerShell\Modules\Pester\5.7.1\Pester.psm1 : ligne 8250
à Should&lt;End&gt;, C:\Users\user\Documents\WindowsPowerShell\Modules\Pester\5.7.1\Pester.psm1 : ligne 8193
à &lt;ScriptBlock&gt;, D:\DO\WEB\N8N_tests\PROJETS\EMAIL_SENDER_1\tools\scripts\roadmap-parser\module\Tests\Validation\Test-Range.Tests.ps1 : ligne 170
à &lt;ScriptBlock&gt;, C:\Users\user\Documents\WindowsPowerShell\Modules\Pester\5.7.1\Pester.psm1 : ligne 2024
à &lt;ScriptBlock&gt;, C:\Users\user\Documents\WindowsPowerShell\Modules\Pester\5.7.1\Pester.psm1 : ligne 1985
à Invoke-ScriptBlock, C:\Users\user\Documents\WindowsPowerShell\Modules\Pester\5.7.1\Pester.psm1 : ligne 2157
à Invoke-TestItem, C:\Users\user\Documents\WindowsPowerShell\Modules\Pester\5.7.1\Pester.psm1 : ligne 1199
à Invoke-Block, C:\Users\user\Documents\WindowsPowerShell\Modules\Pester\5.7.1\Pester.psm1 : ligne 835
à &lt;ScriptBlock&gt;, C:\Users\user\Documents\WindowsPowerShell\Modules\Pester\5.7.1\Pester.psm1 : ligne 893
à &lt;ScriptBlock&gt;, C:\Users\user\Documents\WindowsPowerShell\Modules\Pester\5.7.1\Pester.psm1 : ligne 2024
à &lt;ScriptBlock&gt;, C:\Users\user\Documents\WindowsPowerShell\Modules\Pester\5.7.1\Pester.psm1 : ligne 1985
à Invoke-ScriptBlock, C:\Users\user\Documents\WindowsPowerShell\Modules\Pester\5.7.1\Pester.psm1 : ligne 2160
à Invoke-Block, C:\Users\user\Documents\WindowsPowerShell\Modules\Pester\5.7.1\Pester.psm1 : ligne 940
à &lt;ScriptBlock&gt;, C:\Users\user\Documents\WindowsPowerShell\Modules\Pester\5.7.1\Pester.psm1 : ligne 893
à &lt;ScriptBlock&gt;, C:\Users\user\Documents\WindowsPowerShell\Modules\Pester\5.7.1\Pester.psm1 : ligne 2024
à &lt;ScriptBlock&gt;, C:\Users\user\Documents\WindowsPowerShell\Modules\Pester\5.7.1\Pester.psm1 : ligne 1985
à Invoke-ScriptBlock, C:\Users\user\Documents\WindowsPowerShell\Modules\Pester\5.7.1\Pester.psm1 : ligne 2160
à Invoke-Block, C:\Users\user\Documents\WindowsPowerShell\Modules\Pester\5.7.1\Pester.psm1 : ligne 940
à &lt;ScriptBlock&gt;, C:\Users\user\Documents\WindowsPowerShell\Modules\Pester\5.7.1\Pester.psm1 : ligne 893
à &lt;ScriptBlock&gt;, C:\Users\user\Documents\WindowsPowerShell\Modules\Pester\5.7.1\Pester.psm1 : ligne 2024
à &lt;ScriptBlock&gt;, C:\Users\user\Documents\WindowsPowerShell\Modules\Pester\5.7.1\Pester.psm1 : ligne 1985
à Invoke-ScriptBlock, C:\Users\user\Documents\WindowsPowerShell\Modules\Pester\5.7.1\Pester.psm1 : ligne 2160
à Invoke-Block, C:\Users\user\Documents\WindowsPowerShell\Modules\Pester\5.7.1\Pester.psm1 : ligne 940
à &lt;ScriptBlock&gt;, C:\Users\user\Documents\WindowsPowerShell\Modules\Pester\5.7.1\Pester.psm1 : ligne 1688
à &lt;ScriptBlock&gt;, C:\Users\user\Documents\WindowsPowerShell\Modules\Pester\5.7.1\Pester.ps1 : ligne 3
à &lt;ScriptBlock&gt;, C:\Users\user\Documents\WindowsPowerShell\Modules\Pester\5.7.1\Pester.psm1 : ligne 3260
à Invoke-InNewScriptScope, C:\Users\user\Documents\WindowsPowerShell\Modules\Pester\5.7.1\Pester.psm1 : ligne 3267
à Run-Test, C:\Users\user\Documents\WindowsPowerShell\Modules\Pester\5.7.1\Pester.psm1 : ligne 1691
à Invoke-Test, C:\Users\user\Documents\WindowsPowerShell\Modules\Pester\5.7.1\Pester.psm1 : ligne 2512
à Invoke-Pester&lt;End&gt;, C:\Users\user\Documents\WindowsPowerShell\Modules\Pester\5.7.1\Pester.psm1 : ligne 4960
à &lt;ScriptBlock&gt;, D:\DO\WEB\N8N_tests\PROJETS\EMAIL_SENDER_1\tools\scripts\roadmap-parser\module\Tests\Invoke-AllTests.ps1 : ligne 86
à &lt;ScriptBlock&gt;, &lt;Aucun fichier&gt; : ligne 1</stack-trace>
                    </failure>
                  </test-case>
                </results>
              </test-suite>
              <test-suite type="TestFixture" name="Test-Range.Validation avec message d'erreur personnalisÃ©" executed="True" result="Failure" success="False" time="10.4001" asserts="0" description="Test-Range.Validation avec message d'erreur personnalisÃ©">
                <results>
                  <test-case description="Devrait utiliser le message d'erreur personnalisÃ© en cas d'Ã©chec" name="Test-Range.Validation avec message d'erreur personnalisÃ©.Devrait utiliser le message d'erreur personnalisÃ© en cas d'Ã©chec" time="0.3132" asserts="0" success="False" result="Failure" executed="True">
                    <failure>
                      <message>Expected strings to be the same, but they were different.
Expected length: 30
Actual length:   246
Strings differ at index 0.
Expected: 'Message d'erreur personnalisÃ©'
But was:  'Le terme « Test-Range » n'est pas reconnu comme nom d'applet de commande, fonction, f...'
           ^</message>
                      <stack-trace>at $exceptionMessage | Should -Be $customErrorMessage, D:\DO\WEB\N8N_tests\PROJETS\EMAIL_SENDER_1\tools\scripts\roadmap-parser\module\Tests\Validation\Test-Range.Tests.ps1:185
à Invoke-Assertion, C:\Users\user\Documents\WindowsPowerShell\Modules\Pester\5.7.1\Pester.psm1 : ligne 8250
à Should&lt;End&gt;, C:\Users\user\Documents\WindowsPowerShell\Modules\Pester\5.7.1\Pester.psm1 : ligne 8189
à &lt;ScriptBlock&gt;, D:\DO\WEB\N8N_tests\PROJETS\EMAIL_SENDER_1\tools\scripts\roadmap-parser\module\Tests\Validation\Test-Range.Tests.ps1 : ligne 185
à &lt;ScriptBlock&gt;, C:\Users\user\Documents\WindowsPowerShell\Modules\Pester\5.7.1\Pester.psm1 : ligne 2024
à &lt;ScriptBlock&gt;, C:\Users\user\Documents\WindowsPowerShell\Modules\Pester\5.7.1\Pester.psm1 : ligne 1985
à Invoke-ScriptBlock, C:\Users\user\Documents\WindowsPowerShell\Modules\Pester\5.7.1\Pester.psm1 : ligne 2157
à Invoke-TestItem, C:\Users\user\Documents\WindowsPowerShell\Modules\Pester\5.7.1\Pester.psm1 : ligne 1199
à Invoke-Block, C:\Users\user\Documents\WindowsPowerShell\Modules\Pester\5.7.1\Pester.psm1 : ligne 835
à &lt;ScriptBlock&gt;, C:\Users\user\Documents\WindowsPowerShell\Modules\Pester\5.7.1\Pester.psm1 : ligne 893
à &lt;ScriptBlock&gt;, C:\Users\user\Documents\WindowsPowerShell\Modules\Pester\5.7.1\Pester.psm1 : ligne 2024
à &lt;ScriptBlock&gt;, C:\Users\user\Documents\WindowsPowerShell\Modules\Pester\5.7.1\Pester.psm1 : ligne 1985
à Invoke-ScriptBlock, C:\Users\user\Documents\WindowsPowerShell\Modules\Pester\5.7.1\Pester.psm1 : ligne 2160
à Invoke-Block, C:\Users\user\Documents\WindowsPowerShell\Modules\Pester\5.7.1\Pester.psm1 : ligne 940
à &lt;ScriptBlock&gt;, C:\Users\user\Documents\WindowsPowerShell\Modules\Pester\5.7.1\Pester.psm1 : ligne 893
à &lt;ScriptBlock&gt;, C:\Users\user\Documents\WindowsPowerShell\Modules\Pester\5.7.1\Pester.psm1 : ligne 2024
à &lt;ScriptBlock&gt;, C:\Users\user\Documents\WindowsPowerShell\Modules\Pester\5.7.1\Pester.psm1 : ligne 1985
à Invoke-ScriptBlock, C:\Users\user\Documents\WindowsPowerShell\Modules\Pester\5.7.1\Pester.psm1 : ligne 2160
à Invoke-Block, C:\Users\user\Documents\WindowsPowerShell\Modules\Pester\5.7.1\Pester.psm1 : ligne 940
à &lt;ScriptBlock&gt;, C:\Users\user\Documents\WindowsPowerShell\Modules\Pester\5.7.1\Pester.psm1 : ligne 893
à &lt;ScriptBlock&gt;, C:\Users\user\Documents\WindowsPowerShell\Modules\Pester\5.7.1\Pester.psm1 : ligne 2024
à &lt;ScriptBlock&gt;, C:\Users\user\Documents\WindowsPowerShell\Modules\Pester\5.7.1\Pester.psm1 : ligne 1985
à Invoke-ScriptBlock, C:\Users\user\Documents\WindowsPowerShell\Modules\Pester\5.7.1\Pester.psm1 : ligne 2160
à Invoke-Block, C:\Users\user\Documents\WindowsPowerShell\Modules\Pester\5.7.1\Pester.psm1 : ligne 940
à &lt;ScriptBlock&gt;, C:\Users\user\Documents\WindowsPowerShell\Modules\Pester\5.7.1\Pester.psm1 : ligne 1688
à &lt;ScriptBlock&gt;, C:\Users\user\Documents\WindowsPowerShell\Modules\Pester\5.7.1\Pester.ps1 : ligne 3
à &lt;ScriptBlock&gt;, C:\Users\user\Documents\WindowsPowerShell\Modules\Pester\5.7.1\Pester.psm1 : ligne 3260
à Invoke-InNewScriptScope, C:\Users\user\Documents\WindowsPowerShell\Modules\Pester\5.7.1\Pester.psm1 : ligne 3267
à Run-Test, C:\Users\user\Documents\WindowsPowerShell\Modules\Pester\5.7.1\Pester.psm1 : ligne 1691
à Invoke-Test, C:\Users\user\Documents\WindowsPowerShell\Modules\Pester\5.7.1\Pester.psm1 : ligne 2512
à Invoke-Pester&lt;End&gt;, C:\Users\user\Documents\WindowsPowerShell\Modules\Pester\5.7.1\Pester.psm1 : ligne 4960
à &lt;ScriptBlock&gt;, D:\DO\WEB\N8N_tests\PROJETS\EMAIL_SENDER_1\tools\scripts\roadmap-parser\module\Tests\Invoke-AllTests.ps1 : ligne 86
à &lt;ScriptBlock&gt;, &lt;Aucun fichier&gt; : ligne 1</stack-trace>
                    </failure>
                  </test-case>
                </results>
              </test-suite>
            </results>
          </test-suite>
        </results>
      </test-suite>
      <test-suite type="TestFixture" name="D:\DO\WEB\N8N_tests\PROJETS\EMAIL_SENDER_1\tools\scripts\roadmap-parser\module\Tests\Validation\Test-RoadmapInput.Tests.ps1" executed="True" result="Failure" success="False" time="6.0012" asserts="0" description="D:\DO\WEB\N8N_tests\PROJETS\EMAIL_SENDER_1\tools\scripts\roadmap-parser\module\Tests\Validation\Test-RoadmapInput.Tests.ps1">
        <results>
          <test-suite type="TestFixture" name="Test-RoadmapInput" executed="True" result="Failure" success="False" time="5.3666" asserts="0" description="Test-RoadmapInput">
            <results>
              <test-suite type="TestFixture" name="Test-RoadmapInput.Validation de type de donnÃ©es" executed="True" result="Failure" success="False" time="0.5969" asserts="0" description="Test-RoadmapInput.Validation de type de donnÃ©es">
                <results>
                  <test-case description="Devrait retourner True pour une chaÃ®ne de caractÃ¨res" name="Test-RoadmapInput.Validation de type de donnÃ©es.Devrait retourner True pour une chaÃ®ne de caractÃ¨res" time="0.2613" asserts="0" success="False" result="Failure" executed="True">
                    <failure>
                      <message>CommandNotFoundException: Le terme « Test-RoadmapInput » n'est pas reconnu comme nom d'applet de commande, fonction, fichier de script ou programme exécutable. Vérifiez l'orthographe du nom, ou si un chemin d'accès existe, vérifiez que le chemin d'accès est correct et réessayez.</message>
                      <stack-trace>à &lt;ScriptBlock&gt;, D:\DO\WEB\N8N_tests\PROJETS\EMAIL_SENDER_1\tools\scripts\roadmap-parser\module\Tests\Validation\Test-RoadmapInput.Tests.ps1 : ligne 28
à &lt;ScriptBlock&gt;, C:\Users\user\Documents\WindowsPowerShell\Modules\Pester\5.7.1\Pester.psm1 : ligne 2024
à &lt;ScriptBlock&gt;, C:\Users\user\Documents\WindowsPowerShell\Modules\Pester\5.7.1\Pester.psm1 : ligne 1985
à Invoke-ScriptBlock, C:\Users\user\Documents\WindowsPowerShell\Modules\Pester\5.7.1\Pester.psm1 : ligne 2157
à Invoke-TestItem, C:\Users\user\Documents\WindowsPowerShell\Modules\Pester\5.7.1\Pester.psm1 : ligne 1199
à Invoke-Block, C:\Users\user\Documents\WindowsPowerShell\Modules\Pester\5.7.1\Pester.psm1 : ligne 835
à &lt;ScriptBlock&gt;, C:\Users\user\Documents\WindowsPowerShell\Modules\Pester\5.7.1\Pester.psm1 : ligne 893
à &lt;ScriptBlock&gt;, C:\Users\user\Documents\WindowsPowerShell\Modules\Pester\5.7.1\Pester.psm1 : ligne 2024
à &lt;ScriptBlock&gt;, C:\Users\user\Documents\WindowsPowerShell\Modules\Pester\5.7.1\Pester.psm1 : ligne 1985
à Invoke-ScriptBlock, C:\Users\user\Documents\WindowsPowerShell\Modules\Pester\5.7.1\Pester.psm1 : ligne 2160
à Invoke-Block, C:\Users\user\Documents\WindowsPowerShell\Modules\Pester\5.7.1\Pester.psm1 : ligne 940
à &lt;ScriptBlock&gt;, C:\Users\user\Documents\WindowsPowerShell\Modules\Pester\5.7.1\Pester.psm1 : ligne 893
à &lt;ScriptBlock&gt;, C:\Users\user\Documents\WindowsPowerShell\Modules\Pester\5.7.1\Pester.psm1 : ligne 2024
à &lt;ScriptBlock&gt;, C:\Users\user\Documents\WindowsPowerShell\Modules\Pester\5.7.1\Pester.psm1 : ligne 1985
à Invoke-ScriptBlock, C:\Users\user\Documents\WindowsPowerShell\Modules\Pester\5.7.1\Pester.psm1 : ligne 2160
à Invoke-Block, C:\Users\user\Documents\WindowsPowerShell\Modules\Pester\5.7.1\Pester.psm1 : ligne 940
à &lt;ScriptBlock&gt;, C:\Users\user\Documents\WindowsPowerShell\Modules\Pester\5.7.1\Pester.psm1 : ligne 893
à &lt;ScriptBlock&gt;, C:\Users\user\Documents\WindowsPowerShell\Modules\Pester\5.7.1\Pester.psm1 : ligne 2024
à &lt;ScriptBlock&gt;, C:\Users\user\Documents\WindowsPowerShell\Modules\Pester\5.7.1\Pester.psm1 : ligne 1985
à Invoke-ScriptBlock, C:\Users\user\Documents\WindowsPowerShell\Modules\Pester\5.7.1\Pester.psm1 : ligne 2160
à Invoke-Block, C:\Users\user\Documents\WindowsPowerShell\Modules\Pester\5.7.1\Pester.psm1 : ligne 940
à &lt;ScriptBlock&gt;, C:\Users\user\Documents\WindowsPowerShell\Modules\Pester\5.7.1\Pester.psm1 : ligne 1688
à &lt;ScriptBlock&gt;, C:\Users\user\Documents\WindowsPowerShell\Modules\Pester\5.7.1\Pester.ps1 : ligne 3
à &lt;ScriptBlock&gt;, C:\Users\user\Documents\WindowsPowerShell\Modules\Pester\5.7.1\Pester.psm1 : ligne 3260
à Invoke-InNewScriptScope, C:\Users\user\Documents\WindowsPowerShell\Modules\Pester\5.7.1\Pester.psm1 : ligne 3267
à Run-Test, C:\Users\user\Documents\WindowsPowerShell\Modules\Pester\5.7.1\Pester.psm1 : ligne 1691
à Invoke-Test, C:\Users\user\Documents\WindowsPowerShell\Modules\Pester\5.7.1\Pester.psm1 : ligne 2512
à Invoke-Pester&lt;End&gt;, C:\Users\user\Documents\WindowsPowerShell\Modules\Pester\5.7.1\Pester.psm1 : ligne 4960
à &lt;ScriptBlock&gt;, D:\DO\WEB\N8N_tests\PROJETS\EMAIL_SENDER_1\tools\scripts\roadmap-parser\module\Tests\Invoke-AllTests.ps1 : ligne 86
à &lt;ScriptBlock&gt;, &lt;Aucun fichier&gt; : ligne 1</stack-trace>
                    </failure>
                  </test-case>
                  <test-case description="Devrait retourner False pour un entier lorsque le type attendu est String" name="Test-RoadmapInput.Validation de type de donnÃ©es.Devrait retourner False pour un entier lorsque le type attendu est String" time="0.2218" asserts="0" success="False" result="Failure" executed="True">
                    <failure>
                      <message>CommandNotFoundException: Le terme « Test-RoadmapInput » n'est pas reconnu comme nom d'applet de commande, fonction, fichier de script ou programme exécutable. Vérifiez l'orthographe du nom, ou si un chemin d'accès existe, vérifiez que le chemin d'accès est correct et réessayez.</message>
                      <stack-trace>à &lt;ScriptBlock&gt;, D:\DO\WEB\N8N_tests\PROJETS\EMAIL_SENDER_1\tools\scripts\roadmap-parser\module\Tests\Validation\Test-RoadmapInput.Tests.ps1 : ligne 32
à &lt;ScriptBlock&gt;, C:\Users\user\Documents\WindowsPowerShell\Modules\Pester\5.7.1\Pester.psm1 : ligne 2024
à &lt;ScriptBlock&gt;, C:\Users\user\Documents\WindowsPowerShell\Modules\Pester\5.7.1\Pester.psm1 : ligne 1985
à Invoke-ScriptBlock, C:\Users\user\Documents\WindowsPowerShell\Modules\Pester\5.7.1\Pester.psm1 : ligne 2157
à Invoke-TestItem, C:\Users\user\Documents\WindowsPowerShell\Modules\Pester\5.7.1\Pester.psm1 : ligne 1199
à Invoke-Block, C:\Users\user\Documents\WindowsPowerShell\Modules\Pester\5.7.1\Pester.psm1 : ligne 835
à &lt;ScriptBlock&gt;, C:\Users\user\Documents\WindowsPowerShell\Modules\Pester\5.7.1\Pester.psm1 : ligne 893
à &lt;ScriptBlock&gt;, C:\Users\user\Documents\WindowsPowerShell\Modules\Pester\5.7.1\Pester.psm1 : ligne 2024
à &lt;ScriptBlock&gt;, C:\Users\user\Documents\WindowsPowerShell\Modules\Pester\5.7.1\Pester.psm1 : ligne 1985
à Invoke-ScriptBlock, C:\Users\user\Documents\WindowsPowerShell\Modules\Pester\5.7.1\Pester.psm1 : ligne 2160
à Invoke-Block, C:\Users\user\Documents\WindowsPowerShell\Modules\Pester\5.7.1\Pester.psm1 : ligne 940
à &lt;ScriptBlock&gt;, C:\Users\user\Documents\WindowsPowerShell\Modules\Pester\5.7.1\Pester.psm1 : ligne 893
à &lt;ScriptBlock&gt;, C:\Users\user\Documents\WindowsPowerShell\Modules\Pester\5.7.1\Pester.psm1 : ligne 2024
à &lt;ScriptBlock&gt;, C:\Users\user\Documents\WindowsPowerShell\Modules\Pester\5.7.1\Pester.psm1 : ligne 1985
à Invoke-ScriptBlock, C:\Users\user\Documents\WindowsPowerShell\Modules\Pester\5.7.1\Pester.psm1 : ligne 2160
à Invoke-Block, C:\Users\user\Documents\WindowsPowerShell\Modules\Pester\5.7.1\Pester.psm1 : ligne 940
à &lt;ScriptBlock&gt;, C:\Users\user\Documents\WindowsPowerShell\Modules\Pester\5.7.1\Pester.psm1 : ligne 893
à &lt;ScriptBlock&gt;, C:\Users\user\Documents\WindowsPowerShell\Modules\Pester\5.7.1\Pester.psm1 : ligne 2024
à &lt;ScriptBlock&gt;, C:\Users\user\Documents\WindowsPowerShell\Modules\Pester\5.7.1\Pester.psm1 : ligne 1985
à Invoke-ScriptBlock, C:\Users\user\Documents\WindowsPowerShell\Modules\Pester\5.7.1\Pester.psm1 : ligne 2160
à Invoke-Block, C:\Users\user\Documents\WindowsPowerShell\Modules\Pester\5.7.1\Pester.psm1 : ligne 940
à &lt;ScriptBlock&gt;, C:\Users\user\Documents\WindowsPowerShell\Modules\Pester\5.7.1\Pester.psm1 : ligne 1688
à &lt;ScriptBlock&gt;, C:\Users\user\Documents\WindowsPowerShell\Modules\Pester\5.7.1\Pester.ps1 : ligne 3
à &lt;ScriptBlock&gt;, C:\Users\user\Documents\WindowsPowerShell\Modules\Pester\5.7.1\Pester.psm1 : ligne 3260
à Invoke-InNewScriptScope, C:\Users\user\Documents\WindowsPowerShell\Modules\Pester\5.7.1\Pester.psm1 : ligne 3267
à Run-Test, C:\Users\user\Documents\WindowsPowerShell\Modules\Pester\5.7.1\Pester.psm1 : ligne 1691
à Invoke-Test, C:\Users\user\Documents\WindowsPowerShell\Modules\Pester\5.7.1\Pester.psm1 : ligne 2512
à Invoke-Pester&lt;End&gt;, C:\Users\user\Documents\WindowsPowerShell\Modules\Pester\5.7.1\Pester.psm1 : ligne 4960
à &lt;ScriptBlock&gt;, D:\DO\WEB\N8N_tests\PROJETS\EMAIL_SENDER_1\tools\scripts\roadmap-parser\module\Tests\Invoke-AllTests.ps1 : ligne 86
à &lt;ScriptBlock&gt;, &lt;Aucun fichier&gt; : ligne 1</stack-trace>
                    </failure>
                  </test-case>
                </results>
              </test-suite>
              <test-suite type="TestFixture" name="Test-RoadmapInput.Validation de format" executed="True" result="Failure" success="False" time="1.2005" asserts="0" description="Test-RoadmapInput.Validation de format">
                <results>
                  <test-case description="Devrait retourner True pour une adresse email valide" name="Test-RoadmapInput.Validation de format.Devrait retourner True pour une adresse email valide" time="0.2441" asserts="0" success="False" result="Failure" executed="True">
                    <failure>
                      <message>CommandNotFoundException: Le terme « Test-RoadmapInput » n'est pas reconnu comme nom d'applet de commande, fonction, fichier de script ou programme exécutable. Vérifiez l'orthographe du nom, ou si un chemin d'accès existe, vérifiez que le chemin d'accès est correct et réessayez.</message>
                      <stack-trace>à &lt;ScriptBlock&gt;, D:\DO\WEB\N8N_tests\PROJETS\EMAIL_SENDER_1\tools\scripts\roadmap-parser\module\Tests\Validation\Test-RoadmapInput.Tests.ps1 : ligne 38
à &lt;ScriptBlock&gt;, C:\Users\user\Documents\WindowsPowerShell\Modules\Pester\5.7.1\Pester.psm1 : ligne 2024
à &lt;ScriptBlock&gt;, C:\Users\user\Documents\WindowsPowerShell\Modules\Pester\5.7.1\Pester.psm1 : ligne 1985
à Invoke-ScriptBlock, C:\Users\user\Documents\WindowsPowerShell\Modules\Pester\5.7.1\Pester.psm1 : ligne 2157
à Invoke-TestItem, C:\Users\user\Documents\WindowsPowerShell\Modules\Pester\5.7.1\Pester.psm1 : ligne 1199
à Invoke-Block, C:\Users\user\Documents\WindowsPowerShell\Modules\Pester\5.7.1\Pester.psm1 : ligne 835
à &lt;ScriptBlock&gt;, C:\Users\user\Documents\WindowsPowerShell\Modules\Pester\5.7.1\Pester.psm1 : ligne 893
à &lt;ScriptBlock&gt;, C:\Users\user\Documents\WindowsPowerShell\Modules\Pester\5.7.1\Pester.psm1 : ligne 2024
à &lt;ScriptBlock&gt;, C:\Users\user\Documents\WindowsPowerShell\Modules\Pester\5.7.1\Pester.psm1 : ligne 1985
à Invoke-ScriptBlock, C:\Users\user\Documents\WindowsPowerShell\Modules\Pester\5.7.1\Pester.psm1 : ligne 2160
à Invoke-Block, C:\Users\user\Documents\WindowsPowerShell\Modules\Pester\5.7.1\Pester.psm1 : ligne 940
à &lt;ScriptBlock&gt;, C:\Users\user\Documents\WindowsPowerShell\Modules\Pester\5.7.1\Pester.psm1 : ligne 893
à &lt;ScriptBlock&gt;, C:\Users\user\Documents\WindowsPowerShell\Modules\Pester\5.7.1\Pester.psm1 : ligne 2024
à &lt;ScriptBlock&gt;, C:\Users\user\Documents\WindowsPowerShell\Modules\Pester\5.7.1\Pester.psm1 : ligne 1985
à Invoke-ScriptBlock, C:\Users\user\Documents\WindowsPowerShell\Modules\Pester\5.7.1\Pester.psm1 : ligne 2160
à Invoke-Block, C:\Users\user\Documents\WindowsPowerShell\Modules\Pester\5.7.1\Pester.psm1 : ligne 940
à &lt;ScriptBlock&gt;, C:\Users\user\Documents\WindowsPowerShell\Modules\Pester\5.7.1\Pester.psm1 : ligne 893
à &lt;ScriptBlock&gt;, C:\Users\user\Documents\WindowsPowerShell\Modules\Pester\5.7.1\Pester.psm1 : ligne 2024
à &lt;ScriptBlock&gt;, C:\Users\user\Documents\WindowsPowerShell\Modules\Pester\5.7.1\Pester.psm1 : ligne 1985
à Invoke-ScriptBlock, C:\Users\user\Documents\WindowsPowerShell\Modules\Pester\5.7.1\Pester.psm1 : ligne 2160
à Invoke-Block, C:\Users\user\Documents\WindowsPowerShell\Modules\Pester\5.7.1\Pester.psm1 : ligne 940
à &lt;ScriptBlock&gt;, C:\Users\user\Documents\WindowsPowerShell\Modules\Pester\5.7.1\Pester.psm1 : ligne 1688
à &lt;ScriptBlock&gt;, C:\Users\user\Documents\WindowsPowerShell\Modules\Pester\5.7.1\Pester.ps1 : ligne 3
à &lt;ScriptBlock&gt;, C:\Users\user\Documents\WindowsPowerShell\Modules\Pester\5.7.1\Pester.psm1 : ligne 3260
à Invoke-InNewScriptScope, C:\Users\user\Documents\WindowsPowerShell\Modules\Pester\5.7.1\Pester.psm1 : ligne 3267
à Run-Test, C:\Users\user\Documents\WindowsPowerShell\Modules\Pester\5.7.1\Pester.psm1 : ligne 1691
à Invoke-Test, C:\Users\user\Documents\WindowsPowerShell\Modules\Pester\5.7.1\Pester.psm1 : ligne 2512
à Invoke-Pester&lt;End&gt;, C:\Users\user\Documents\WindowsPowerShell\Modules\Pester\5.7.1\Pester.psm1 : ligne 4960
à &lt;ScriptBlock&gt;, D:\DO\WEB\N8N_tests\PROJETS\EMAIL_SENDER_1\tools\scripts\roadmap-parser\module\Tests\Invoke-AllTests.ps1 : ligne 86
à &lt;ScriptBlock&gt;, &lt;Aucun fichier&gt; : ligne 1</stack-trace>
                    </failure>
                  </test-case>
                  <test-case description="Devrait retourner False pour une adresse email invalide" name="Test-RoadmapInput.Validation de format.Devrait retourner False pour une adresse email invalide" time="0.2374" asserts="0" success="False" result="Failure" executed="True">
                    <failure>
                      <message>CommandNotFoundException: Le terme « Test-RoadmapInput » n'est pas reconnu comme nom d'applet de commande, fonction, fichier de script ou programme exécutable. Vérifiez l'orthographe du nom, ou si un chemin d'accès existe, vérifiez que le chemin d'accès est correct et réessayez.</message>
                      <stack-trace>à &lt;ScriptBlock&gt;, D:\DO\WEB\N8N_tests\PROJETS\EMAIL_SENDER_1\tools\scripts\roadmap-parser\module\Tests\Validation\Test-RoadmapInput.Tests.ps1 : ligne 42
à &lt;ScriptBlock&gt;, C:\Users\user\Documents\WindowsPowerShell\Modules\Pester\5.7.1\Pester.psm1 : ligne 2024
à &lt;ScriptBlock&gt;, C:\Users\user\Documents\WindowsPowerShell\Modules\Pester\5.7.1\Pester.psm1 : ligne 1985
à Invoke-ScriptBlock, C:\Users\user\Documents\WindowsPowerShell\Modules\Pester\5.7.1\Pester.psm1 : ligne 2157
à Invoke-TestItem, C:\Users\user\Documents\WindowsPowerShell\Modules\Pester\5.7.1\Pester.psm1 : ligne 1199
à Invoke-Block, C:\Users\user\Documents\WindowsPowerShell\Modules\Pester\5.7.1\Pester.psm1 : ligne 835
à &lt;ScriptBlock&gt;, C:\Users\user\Documents\WindowsPowerShell\Modules\Pester\5.7.1\Pester.psm1 : ligne 893
à &lt;ScriptBlock&gt;, C:\Users\user\Documents\WindowsPowerShell\Modules\Pester\5.7.1\Pester.psm1 : ligne 2024
à &lt;ScriptBlock&gt;, C:\Users\user\Documents\WindowsPowerShell\Modules\Pester\5.7.1\Pester.psm1 : ligne 1985
à Invoke-ScriptBlock, C:\Users\user\Documents\WindowsPowerShell\Modules\Pester\5.7.1\Pester.psm1 : ligne 2160
à Invoke-Block, C:\Users\user\Documents\WindowsPowerShell\Modules\Pester\5.7.1\Pester.psm1 : ligne 940
à &lt;ScriptBlock&gt;, C:\Users\user\Documents\WindowsPowerShell\Modules\Pester\5.7.1\Pester.psm1 : ligne 893
à &lt;ScriptBlock&gt;, C:\Users\user\Documents\WindowsPowerShell\Modules\Pester\5.7.1\Pester.psm1 : ligne 2024
à &lt;ScriptBlock&gt;, C:\Users\user\Documents\WindowsPowerShell\Modules\Pester\5.7.1\Pester.psm1 : ligne 1985
à Invoke-ScriptBlock, C:\Users\user\Documents\WindowsPowerShell\Modules\Pester\5.7.1\Pester.psm1 : ligne 2160
à Invoke-Block, C:\Users\user\Documents\WindowsPowerShell\Modules\Pester\5.7.1\Pester.psm1 : ligne 940
à &lt;ScriptBlock&gt;, C:\Users\user\Documents\WindowsPowerShell\Modules\Pester\5.7.1\Pester.psm1 : ligne 893
à &lt;ScriptBlock&gt;, C:\Users\user\Documents\WindowsPowerShell\Modules\Pester\5.7.1\Pester.psm1 : ligne 2024
à &lt;ScriptBlock&gt;, C:\Users\user\Documents\WindowsPowerShell\Modules\Pester\5.7.1\Pester.psm1 : ligne 1985
à Invoke-ScriptBlock, C:\Users\user\Documents\WindowsPowerShell\Modules\Pester\5.7.1\Pester.psm1 : ligne 2160
à Invoke-Block, C:\Users\user\Documents\WindowsPowerShell\Modules\Pester\5.7.1\Pester.psm1 : ligne 940
à &lt;ScriptBlock&gt;, C:\Users\user\Documents\WindowsPowerShell\Modules\Pester\5.7.1\Pester.psm1 : ligne 1688
à &lt;ScriptBlock&gt;, C:\Users\user\Documents\WindowsPowerShell\Modules\Pester\5.7.1\Pester.ps1 : ligne 3
à &lt;ScriptBlock&gt;, C:\Users\user\Documents\WindowsPowerShell\Modules\Pester\5.7.1\Pester.psm1 : ligne 3260
à Invoke-InNewScriptScope, C:\Users\user\Documents\WindowsPowerShell\Modules\Pester\5.7.1\Pester.psm1 : ligne 3267
à Run-Test, C:\Users\user\Documents\WindowsPowerShell\Modules\Pester\5.7.1\Pester.psm1 : ligne 1691
à Invoke-Test, C:\Users\user\Documents\WindowsPowerShell\Modules\Pester\5.7.1\Pester.psm1 : ligne 2512
à Invoke-Pester&lt;End&gt;, C:\Users\user\Documents\WindowsPowerShell\Modules\Pester\5.7.1\Pester.psm1 : ligne 4960
à &lt;ScriptBlock&gt;, D:\DO\WEB\N8N_tests\PROJETS\EMAIL_SENDER_1\tools\scripts\roadmap-parser\module\Tests\Invoke-AllTests.ps1 : ligne 86
à &lt;ScriptBlock&gt;, &lt;Aucun fichier&gt; : ligne 1</stack-trace>
                    </failure>
                  </test-case>
                </results>
              </test-suite>
              <test-suite type="TestFixture" name="Test-RoadmapInput.Validation de plage" executed="True" result="Failure" success="False" time="1.7945" asserts="0" description="Test-RoadmapInput.Validation de plage">
                <results>
                  <test-case description="Devrait retourner True pour une valeur dans la plage" name="Test-RoadmapInput.Validation de plage.Devrait retourner True pour une valeur dans la plage" time="0.2588" asserts="0" success="False" result="Failure" executed="True">
                    <failure>
                      <message>CommandNotFoundException: Le terme « Test-RoadmapInput » n'est pas reconnu comme nom d'applet de commande, fonction, fichier de script ou programme exécutable. Vérifiez l'orthographe du nom, ou si un chemin d'accès existe, vérifiez que le chemin d'accès est correct et réessayez.</message>
                      <stack-trace>à &lt;ScriptBlock&gt;, D:\DO\WEB\N8N_tests\PROJETS\EMAIL_SENDER_1\tools\scripts\roadmap-parser\module\Tests\Validation\Test-RoadmapInput.Tests.ps1 : ligne 48
à &lt;ScriptBlock&gt;, C:\Users\user\Documents\WindowsPowerShell\Modules\Pester\5.7.1\Pester.psm1 : ligne 2024
à &lt;ScriptBlock&gt;, C:\Users\user\Documents\WindowsPowerShell\Modules\Pester\5.7.1\Pester.psm1 : ligne 1985
à Invoke-ScriptBlock, C:\Users\user\Documents\WindowsPowerShell\Modules\Pester\5.7.1\Pester.psm1 : ligne 2157
à Invoke-TestItem, C:\Users\user\Documents\WindowsPowerShell\Modules\Pester\5.7.1\Pester.psm1 : ligne 1199
à Invoke-Block, C:\Users\user\Documents\WindowsPowerShell\Modules\Pester\5.7.1\Pester.psm1 : ligne 835
à &lt;ScriptBlock&gt;, C:\Users\user\Documents\WindowsPowerShell\Modules\Pester\5.7.1\Pester.psm1 : ligne 893
à &lt;ScriptBlock&gt;, C:\Users\user\Documents\WindowsPowerShell\Modules\Pester\5.7.1\Pester.psm1 : ligne 2024
à &lt;ScriptBlock&gt;, C:\Users\user\Documents\WindowsPowerShell\Modules\Pester\5.7.1\Pester.psm1 : ligne 1985
à Invoke-ScriptBlock, C:\Users\user\Documents\WindowsPowerShell\Modules\Pester\5.7.1\Pester.psm1 : ligne 2160
à Invoke-Block, C:\Users\user\Documents\WindowsPowerShell\Modules\Pester\5.7.1\Pester.psm1 : ligne 940
à &lt;ScriptBlock&gt;, C:\Users\user\Documents\WindowsPowerShell\Modules\Pester\5.7.1\Pester.psm1 : ligne 893
à &lt;ScriptBlock&gt;, C:\Users\user\Documents\WindowsPowerShell\Modules\Pester\5.7.1\Pester.psm1 : ligne 2024
à &lt;ScriptBlock&gt;, C:\Users\user\Documents\WindowsPowerShell\Modules\Pester\5.7.1\Pester.psm1 : ligne 1985
à Invoke-ScriptBlock, C:\Users\user\Documents\WindowsPowerShell\Modules\Pester\5.7.1\Pester.psm1 : ligne 2160
à Invoke-Block, C:\Users\user\Documents\WindowsPowerShell\Modules\Pester\5.7.1\Pester.psm1 : ligne 940
à &lt;ScriptBlock&gt;, C:\Users\user\Documents\WindowsPowerShell\Modules\Pester\5.7.1\Pester.psm1 : ligne 893
à &lt;ScriptBlock&gt;, C:\Users\user\Documents\WindowsPowerShell\Modules\Pester\5.7.1\Pester.psm1 : ligne 2024
à &lt;ScriptBlock&gt;, C:\Users\user\Documents\WindowsPowerShell\Modules\Pester\5.7.1\Pester.psm1 : ligne 1985
à Invoke-ScriptBlock, C:\Users\user\Documents\WindowsPowerShell\Modules\Pester\5.7.1\Pester.psm1 : ligne 2160
à Invoke-Block, C:\Users\user\Documents\WindowsPowerShell\Modules\Pester\5.7.1\Pester.psm1 : ligne 940
à &lt;ScriptBlock&gt;, C:\Users\user\Documents\WindowsPowerShell\Modules\Pester\5.7.1\Pester.psm1 : ligne 1688
à &lt;ScriptBlock&gt;, C:\Users\user\Documents\WindowsPowerShell\Modules\Pester\5.7.1\Pester.ps1 : ligne 3
à &lt;ScriptBlock&gt;, C:\Users\user\Documents\WindowsPowerShell\Modules\Pester\5.7.1\Pester.psm1 : ligne 3260
à Invoke-InNewScriptScope, C:\Users\user\Documents\WindowsPowerShell\Modules\Pester\5.7.1\Pester.psm1 : ligne 3267
à Run-Test, C:\Users\user\Documents\WindowsPowerShell\Modules\Pester\5.7.1\Pester.psm1 : ligne 1691
à Invoke-Test, C:\Users\user\Documents\WindowsPowerShell\Modules\Pester\5.7.1\Pester.psm1 : ligne 2512
à Invoke-Pester&lt;End&gt;, C:\Users\user\Documents\WindowsPowerShell\Modules\Pester\5.7.1\Pester.psm1 : ligne 4960
à &lt;ScriptBlock&gt;, D:\DO\WEB\N8N_tests\PROJETS\EMAIL_SENDER_1\tools\scripts\roadmap-parser\module\Tests\Invoke-AllTests.ps1 : ligne 86
à &lt;ScriptBlock&gt;, &lt;Aucun fichier&gt; : ligne 1</stack-trace>
                    </failure>
                  </test-case>
                  <test-case description="Devrait retourner False pour une valeur hors de la plage" name="Test-RoadmapInput.Validation de plage.Devrait retourner False pour une valeur hors de la plage" time="0.2359" asserts="0" success="False" result="Failure" executed="True">
                    <failure>
                      <message>CommandNotFoundException: Le terme « Test-RoadmapInput » n'est pas reconnu comme nom d'applet de commande, fonction, fichier de script ou programme exécutable. Vérifiez l'orthographe du nom, ou si un chemin d'accès existe, vérifiez que le chemin d'accès est correct et réessayez.</message>
                      <stack-trace>à &lt;ScriptBlock&gt;, D:\DO\WEB\N8N_tests\PROJETS\EMAIL_SENDER_1\tools\scripts\roadmap-parser\module\Tests\Validation\Test-RoadmapInput.Tests.ps1 : ligne 52
à &lt;ScriptBlock&gt;, C:\Users\user\Documents\WindowsPowerShell\Modules\Pester\5.7.1\Pester.psm1 : ligne 2024
à &lt;ScriptBlock&gt;, C:\Users\user\Documents\WindowsPowerShell\Modules\Pester\5.7.1\Pester.psm1 : ligne 1985
à Invoke-ScriptBlock, C:\Users\user\Documents\WindowsPowerShell\Modules\Pester\5.7.1\Pester.psm1 : ligne 2157
à Invoke-TestItem, C:\Users\user\Documents\WindowsPowerShell\Modules\Pester\5.7.1\Pester.psm1 : ligne 1199
à Invoke-Block, C:\Users\user\Documents\WindowsPowerShell\Modules\Pester\5.7.1\Pester.psm1 : ligne 835
à &lt;ScriptBlock&gt;, C:\Users\user\Documents\WindowsPowerShell\Modules\Pester\5.7.1\Pester.psm1 : ligne 893
à &lt;ScriptBlock&gt;, C:\Users\user\Documents\WindowsPowerShell\Modules\Pester\5.7.1\Pester.psm1 : ligne 2024
à &lt;ScriptBlock&gt;, C:\Users\user\Documents\WindowsPowerShell\Modules\Pester\5.7.1\Pester.psm1 : ligne 1985
à Invoke-ScriptBlock, C:\Users\user\Documents\WindowsPowerShell\Modules\Pester\5.7.1\Pester.psm1 : ligne 2160
à Invoke-Block, C:\Users\user\Documents\WindowsPowerShell\Modules\Pester\5.7.1\Pester.psm1 : ligne 940
à &lt;ScriptBlock&gt;, C:\Users\user\Documents\WindowsPowerShell\Modules\Pester\5.7.1\Pester.psm1 : ligne 893
à &lt;ScriptBlock&gt;, C:\Users\user\Documents\WindowsPowerShell\Modules\Pester\5.7.1\Pester.psm1 : ligne 2024
à &lt;ScriptBlock&gt;, C:\Users\user\Documents\WindowsPowerShell\Modules\Pester\5.7.1\Pester.psm1 : ligne 1985
à Invoke-ScriptBlock, C:\Users\user\Documents\WindowsPowerShell\Modules\Pester\5.7.1\Pester.psm1 : ligne 2160
à Invoke-Block, C:\Users\user\Documents\WindowsPowerShell\Modules\Pester\5.7.1\Pester.psm1 : ligne 940
à &lt;ScriptBlock&gt;, C:\Users\user\Documents\WindowsPowerShell\Modules\Pester\5.7.1\Pester.psm1 : ligne 893
à &lt;ScriptBlock&gt;, C:\Users\user\Documents\WindowsPowerShell\Modules\Pester\5.7.1\Pester.psm1 : ligne 2024
à &lt;ScriptBlock&gt;, C:\Users\user\Documents\WindowsPowerShell\Modules\Pester\5.7.1\Pester.psm1 : ligne 1985
à Invoke-ScriptBlock, C:\Users\user\Documents\WindowsPowerShell\Modules\Pester\5.7.1\Pester.psm1 : ligne 2160
à Invoke-Block, C:\Users\user\Documents\WindowsPowerShell\Modules\Pester\5.7.1\Pester.psm1 : ligne 940
à &lt;ScriptBlock&gt;, C:\Users\user\Documents\WindowsPowerShell\Modules\Pester\5.7.1\Pester.psm1 : ligne 1688
à &lt;ScriptBlock&gt;, C:\Users\user\Documents\WindowsPowerShell\Modules\Pester\5.7.1\Pester.ps1 : ligne 3
à &lt;ScriptBlock&gt;, C:\Users\user\Documents\WindowsPowerShell\Modules\Pester\5.7.1\Pester.psm1 : ligne 3260
à Invoke-InNewScriptScope, C:\Users\user\Documents\WindowsPowerShell\Modules\Pester\5.7.1\Pester.psm1 : ligne 3267
à Run-Test, C:\Users\user\Documents\WindowsPowerShell\Modules\Pester\5.7.1\Pester.psm1 : ligne 1691
à Invoke-Test, C:\Users\user\Documents\WindowsPowerShell\Modules\Pester\5.7.1\Pester.psm1 : ligne 2512
à Invoke-Pester&lt;End&gt;, C:\Users\user\Documents\WindowsPowerShell\Modules\Pester\5.7.1\Pester.psm1 : ligne 4960
à &lt;ScriptBlock&gt;, D:\DO\WEB\N8N_tests\PROJETS\EMAIL_SENDER_1\tools\scripts\roadmap-parser\module\Tests\Invoke-AllTests.ps1 : ligne 86
à &lt;ScriptBlock&gt;, &lt;Aucun fichier&gt; : ligne 1</stack-trace>
                    </failure>
                  </test-case>
                </results>
              </test-suite>
              <test-suite type="TestFixture" name="Test-RoadmapInput.Validation de longueur" executed="True" result="Failure" success="False" time="2.3856" asserts="0" description="Test-RoadmapInput.Validation de longueur">
                <results>
                  <test-case description="Devrait retourner True pour une chaÃ®ne de longueur valide" name="Test-RoadmapInput.Validation de longueur.Devrait retourner True pour une chaÃ®ne de longueur valide" time="0.255" asserts="0" success="False" result="Failure" executed="True">
                    <failure>
                      <message>CommandNotFoundException: Le terme « Test-RoadmapInput » n'est pas reconnu comme nom d'applet de commande, fonction, fichier de script ou programme exécutable. Vérifiez l'orthographe du nom, ou si un chemin d'accès existe, vérifiez que le chemin d'accès est correct et réessayez.</message>
                      <stack-trace>à &lt;ScriptBlock&gt;, D:\DO\WEB\N8N_tests\PROJETS\EMAIL_SENDER_1\tools\scripts\roadmap-parser\module\Tests\Validation\Test-RoadmapInput.Tests.ps1 : ligne 58
à &lt;ScriptBlock&gt;, C:\Users\user\Documents\WindowsPowerShell\Modules\Pester\5.7.1\Pester.psm1 : ligne 2024
à &lt;ScriptBlock&gt;, C:\Users\user\Documents\WindowsPowerShell\Modules\Pester\5.7.1\Pester.psm1 : ligne 1985
à Invoke-ScriptBlock, C:\Users\user\Documents\WindowsPowerShell\Modules\Pester\5.7.1\Pester.psm1 : ligne 2157
à Invoke-TestItem, C:\Users\user\Documents\WindowsPowerShell\Modules\Pester\5.7.1\Pester.psm1 : ligne 1199
à Invoke-Block, C:\Users\user\Documents\WindowsPowerShell\Modules\Pester\5.7.1\Pester.psm1 : ligne 835
à &lt;ScriptBlock&gt;, C:\Users\user\Documents\WindowsPowerShell\Modules\Pester\5.7.1\Pester.psm1 : ligne 893
à &lt;ScriptBlock&gt;, C:\Users\user\Documents\WindowsPowerShell\Modules\Pester\5.7.1\Pester.psm1 : ligne 2024
à &lt;ScriptBlock&gt;, C:\Users\user\Documents\WindowsPowerShell\Modules\Pester\5.7.1\Pester.psm1 : ligne 1985
à Invoke-ScriptBlock, C:\Users\user\Documents\WindowsPowerShell\Modules\Pester\5.7.1\Pester.psm1 : ligne 2160
à Invoke-Block, C:\Users\user\Documents\WindowsPowerShell\Modules\Pester\5.7.1\Pester.psm1 : ligne 940
à &lt;ScriptBlock&gt;, C:\Users\user\Documents\WindowsPowerShell\Modules\Pester\5.7.1\Pester.psm1 : ligne 893
à &lt;ScriptBlock&gt;, C:\Users\user\Documents\WindowsPowerShell\Modules\Pester\5.7.1\Pester.psm1 : ligne 2024
à &lt;ScriptBlock&gt;, C:\Users\user\Documents\WindowsPowerShell\Modules\Pester\5.7.1\Pester.psm1 : ligne 1985
à Invoke-ScriptBlock, C:\Users\user\Documents\WindowsPowerShell\Modules\Pester\5.7.1\Pester.psm1 : ligne 2160
à Invoke-Block, C:\Users\user\Documents\WindowsPowerShell\Modules\Pester\5.7.1\Pester.psm1 : ligne 940
à &lt;ScriptBlock&gt;, C:\Users\user\Documents\WindowsPowerShell\Modules\Pester\5.7.1\Pester.psm1 : ligne 893
à &lt;ScriptBlock&gt;, C:\Users\user\Documents\WindowsPowerShell\Modules\Pester\5.7.1\Pester.psm1 : ligne 2024
à &lt;ScriptBlock&gt;, C:\Users\user\Documents\WindowsPowerShell\Modules\Pester\5.7.1\Pester.psm1 : ligne 1985
à Invoke-ScriptBlock, C:\Users\user\Documents\WindowsPowerShell\Modules\Pester\5.7.1\Pester.psm1 : ligne 2160
à Invoke-Block, C:\Users\user\Documents\WindowsPowerShell\Modules\Pester\5.7.1\Pester.psm1 : ligne 940
à &lt;ScriptBlock&gt;, C:\Users\user\Documents\WindowsPowerShell\Modules\Pester\5.7.1\Pester.psm1 : ligne 1688
à &lt;ScriptBlock&gt;, C:\Users\user\Documents\WindowsPowerShell\Modules\Pester\5.7.1\Pester.ps1 : ligne 3
à &lt;ScriptBlock&gt;, C:\Users\user\Documents\WindowsPowerShell\Modules\Pester\5.7.1\Pester.psm1 : ligne 3260
à Invoke-InNewScriptScope, C:\Users\user\Documents\WindowsPowerShell\Modules\Pester\5.7.1\Pester.psm1 : ligne 3267
à Run-Test, C:\Users\user\Documents\WindowsPowerShell\Modules\Pester\5.7.1\Pester.psm1 : ligne 1691
à Invoke-Test, C:\Users\user\Documents\WindowsPowerShell\Modules\Pester\5.7.1\Pester.psm1 : ligne 2512
à Invoke-Pester&lt;End&gt;, C:\Users\user\Documents\WindowsPowerShell\Modules\Pester\5.7.1\Pester.psm1 : ligne 4960
à &lt;ScriptBlock&gt;, D:\DO\WEB\N8N_tests\PROJETS\EMAIL_SENDER_1\tools\scripts\roadmap-parser\module\Tests\Invoke-AllTests.ps1 : ligne 86
à &lt;ScriptBlock&gt;, &lt;Aucun fichier&gt; : ligne 1</stack-trace>
                    </failure>
                  </test-case>
                  <test-case description="Devrait retourner False pour une chaÃ®ne trop courte" name="Test-RoadmapInput.Validation de longueur.Devrait retourner False pour une chaÃ®ne trop courte" time="0.2344" asserts="0" success="False" result="Failure" executed="True">
                    <failure>
                      <message>CommandNotFoundException: Le terme « Test-RoadmapInput » n'est pas reconnu comme nom d'applet de commande, fonction, fichier de script ou programme exécutable. Vérifiez l'orthographe du nom, ou si un chemin d'accès existe, vérifiez que le chemin d'accès est correct et réessayez.</message>
                      <stack-trace>à &lt;ScriptBlock&gt;, D:\DO\WEB\N8N_tests\PROJETS\EMAIL_SENDER_1\tools\scripts\roadmap-parser\module\Tests\Validation\Test-RoadmapInput.Tests.ps1 : ligne 62
à &lt;ScriptBlock&gt;, C:\Users\user\Documents\WindowsPowerShell\Modules\Pester\5.7.1\Pester.psm1 : ligne 2024
à &lt;ScriptBlock&gt;, C:\Users\user\Documents\WindowsPowerShell\Modules\Pester\5.7.1\Pester.psm1 : ligne 1985
à Invoke-ScriptBlock, C:\Users\user\Documents\WindowsPowerShell\Modules\Pester\5.7.1\Pester.psm1 : ligne 2157
à Invoke-TestItem, C:\Users\user\Documents\WindowsPowerShell\Modules\Pester\5.7.1\Pester.psm1 : ligne 1199
à Invoke-Block, C:\Users\user\Documents\WindowsPowerShell\Modules\Pester\5.7.1\Pester.psm1 : ligne 835
à &lt;ScriptBlock&gt;, C:\Users\user\Documents\WindowsPowerShell\Modules\Pester\5.7.1\Pester.psm1 : ligne 893
à &lt;ScriptBlock&gt;, C:\Users\user\Documents\WindowsPowerShell\Modules\Pester\5.7.1\Pester.psm1 : ligne 2024
à &lt;ScriptBlock&gt;, C:\Users\user\Documents\WindowsPowerShell\Modules\Pester\5.7.1\Pester.psm1 : ligne 1985
à Invoke-ScriptBlock, C:\Users\user\Documents\WindowsPowerShell\Modules\Pester\5.7.1\Pester.psm1 : ligne 2160
à Invoke-Block, C:\Users\user\Documents\WindowsPowerShell\Modules\Pester\5.7.1\Pester.psm1 : ligne 940
à &lt;ScriptBlock&gt;, C:\Users\user\Documents\WindowsPowerShell\Modules\Pester\5.7.1\Pester.psm1 : ligne 893
à &lt;ScriptBlock&gt;, C:\Users\user\Documents\WindowsPowerShell\Modules\Pester\5.7.1\Pester.psm1 : ligne 2024
à &lt;ScriptBlock&gt;, C:\Users\user\Documents\WindowsPowerShell\Modules\Pester\5.7.1\Pester.psm1 : ligne 1985
à Invoke-ScriptBlock, C:\Users\user\Documents\WindowsPowerShell\Modules\Pester\5.7.1\Pester.psm1 : ligne 2160
à Invoke-Block, C:\Users\user\Documents\WindowsPowerShell\Modules\Pester\5.7.1\Pester.psm1 : ligne 940
à &lt;ScriptBlock&gt;, C:\Users\user\Documents\WindowsPowerShell\Modules\Pester\5.7.1\Pester.psm1 : ligne 893
à &lt;ScriptBlock&gt;, C:\Users\user\Documents\WindowsPowerShell\Modules\Pester\5.7.1\Pester.psm1 : ligne 2024
à &lt;ScriptBlock&gt;, C:\Users\user\Documents\WindowsPowerShell\Modules\Pester\5.7.1\Pester.psm1 : ligne 1985
à Invoke-ScriptBlock, C:\Users\user\Documents\WindowsPowerShell\Modules\Pester\5.7.1\Pester.psm1 : ligne 2160
à Invoke-Block, C:\Users\user\Documents\WindowsPowerShell\Modules\Pester\5.7.1\Pester.psm1 : ligne 940
à &lt;ScriptBlock&gt;, C:\Users\user\Documents\WindowsPowerShell\Modules\Pester\5.7.1\Pester.psm1 : ligne 1688
à &lt;ScriptBlock&gt;, C:\Users\user\Documents\WindowsPowerShell\Modules\Pester\5.7.1\Pester.ps1 : ligne 3
à &lt;ScriptBlock&gt;, C:\Users\user\Documents\WindowsPowerShell\Modules\Pester\5.7.1\Pester.psm1 : ligne 3260
à Invoke-InNewScriptScope, C:\Users\user\Documents\WindowsPowerShell\Modules\Pester\5.7.1\Pester.psm1 : ligne 3267
à Run-Test, C:\Users\user\Documents\WindowsPowerShell\Modules\Pester\5.7.1\Pester.psm1 : ligne 1691
à Invoke-Test, C:\Users\user\Documents\WindowsPowerShell\Modules\Pester\5.7.1\Pester.psm1 : ligne 2512
à Invoke-Pester&lt;End&gt;, C:\Users\user\Documents\WindowsPowerShell\Modules\Pester\5.7.1\Pester.psm1 : ligne 4960
à &lt;ScriptBlock&gt;, D:\DO\WEB\N8N_tests\PROJETS\EMAIL_SENDER_1\tools\scripts\roadmap-parser\module\Tests\Invoke-AllTests.ps1 : ligne 86
à &lt;ScriptBlock&gt;, &lt;Aucun fichier&gt; : ligne 1</stack-trace>
                    </failure>
                  </test-case>
                </results>
              </test-suite>
              <test-suite type="TestFixture" name="Test-RoadmapInput.Validation de nombre d'Ã©lÃ©ments" executed="True" result="Failure" success="False" time="2.9455" asserts="0" description="Test-RoadmapInput.Validation de nombre d'Ã©lÃ©ments">
                <results>
                  <test-case description="Devrait retourner True pour un tableau avec un nombre d'Ã©lÃ©ments valide" name="Test-RoadmapInput.Validation de nombre d'Ã©lÃ©ments.Devrait retourner True pour un tableau avec un nombre d'Ã©lÃ©ments valide" time="0.2436" asserts="0" success="False" result="Failure" executed="True">
                    <failure>
                      <message>CommandNotFoundException: Le terme « Test-RoadmapInput » n'est pas reconnu comme nom d'applet de commande, fonction, fichier de script ou programme exécutable. Vérifiez l'orthographe du nom, ou si un chemin d'accès existe, vérifiez que le chemin d'accès est correct et réessayez.</message>
                      <stack-trace>à &lt;ScriptBlock&gt;, D:\DO\WEB\N8N_tests\PROJETS\EMAIL_SENDER_1\tools\scripts\roadmap-parser\module\Tests\Validation\Test-RoadmapInput.Tests.ps1 : ligne 68
à &lt;ScriptBlock&gt;, C:\Users\user\Documents\WindowsPowerShell\Modules\Pester\5.7.1\Pester.psm1 : ligne 2024
à &lt;ScriptBlock&gt;, C:\Users\user\Documents\WindowsPowerShell\Modules\Pester\5.7.1\Pester.psm1 : ligne 1985
à Invoke-ScriptBlock, C:\Users\user\Documents\WindowsPowerShell\Modules\Pester\5.7.1\Pester.psm1 : ligne 2157
à Invoke-TestItem, C:\Users\user\Documents\WindowsPowerShell\Modules\Pester\5.7.1\Pester.psm1 : ligne 1199
à Invoke-Block, C:\Users\user\Documents\WindowsPowerShell\Modules\Pester\5.7.1\Pester.psm1 : ligne 835
à &lt;ScriptBlock&gt;, C:\Users\user\Documents\WindowsPowerShell\Modules\Pester\5.7.1\Pester.psm1 : ligne 893
à &lt;ScriptBlock&gt;, C:\Users\user\Documents\WindowsPowerShell\Modules\Pester\5.7.1\Pester.psm1 : ligne 2024
à &lt;ScriptBlock&gt;, C:\Users\user\Documents\WindowsPowerShell\Modules\Pester\5.7.1\Pester.psm1 : ligne 1985
à Invoke-ScriptBlock, C:\Users\user\Documents\WindowsPowerShell\Modules\Pester\5.7.1\Pester.psm1 : ligne 2160
à Invoke-Block, C:\Users\user\Documents\WindowsPowerShell\Modules\Pester\5.7.1\Pester.psm1 : ligne 940
à &lt;ScriptBlock&gt;, C:\Users\user\Documents\WindowsPowerShell\Modules\Pester\5.7.1\Pester.psm1 : ligne 893
à &lt;ScriptBlock&gt;, C:\Users\user\Documents\WindowsPowerShell\Modules\Pester\5.7.1\Pester.psm1 : ligne 2024
à &lt;ScriptBlock&gt;, C:\Users\user\Documents\WindowsPowerShell\Modules\Pester\5.7.1\Pester.psm1 : ligne 1985
à Invoke-ScriptBlock, C:\Users\user\Documents\WindowsPowerShell\Modules\Pester\5.7.1\Pester.psm1 : ligne 2160
à Invoke-Block, C:\Users\user\Documents\WindowsPowerShell\Modules\Pester\5.7.1\Pester.psm1 : ligne 940
à &lt;ScriptBlock&gt;, C:\Users\user\Documents\WindowsPowerShell\Modules\Pester\5.7.1\Pester.psm1 : ligne 893
à &lt;ScriptBlock&gt;, C:\Users\user\Documents\WindowsPowerShell\Modules\Pester\5.7.1\Pester.psm1 : ligne 2024
à &lt;ScriptBlock&gt;, C:\Users\user\Documents\WindowsPowerShell\Modules\Pester\5.7.1\Pester.psm1 : ligne 1985
à Invoke-ScriptBlock, C:\Users\user\Documents\WindowsPowerShell\Modules\Pester\5.7.1\Pester.psm1 : ligne 2160
à Invoke-Block, C:\Users\user\Documents\WindowsPowerShell\Modules\Pester\5.7.1\Pester.psm1 : ligne 940
à &lt;ScriptBlock&gt;, C:\Users\user\Documents\WindowsPowerShell\Modules\Pester\5.7.1\Pester.psm1 : ligne 1688
à &lt;ScriptBlock&gt;, C:\Users\user\Documents\WindowsPowerShell\Modules\Pester\5.7.1\Pester.ps1 : ligne 3
à &lt;ScriptBlock&gt;, C:\Users\user\Documents\WindowsPowerShell\Modules\Pester\5.7.1\Pester.psm1 : ligne 3260
à Invoke-InNewScriptScope, C:\Users\user\Documents\WindowsPowerShell\Modules\Pester\5.7.1\Pester.psm1 : ligne 3267
à Run-Test, C:\Users\user\Documents\WindowsPowerShell\Modules\Pester\5.7.1\Pester.psm1 : ligne 1691
à Invoke-Test, C:\Users\user\Documents\WindowsPowerShell\Modules\Pester\5.7.1\Pester.psm1 : ligne 2512
à Invoke-Pester&lt;End&gt;, C:\Users\user\Documents\WindowsPowerShell\Modules\Pester\5.7.1\Pester.psm1 : ligne 4960
à &lt;ScriptBlock&gt;, D:\DO\WEB\N8N_tests\PROJETS\EMAIL_SENDER_1\tools\scripts\roadmap-parser\module\Tests\Invoke-AllTests.ps1 : ligne 86
à &lt;ScriptBlock&gt;, &lt;Aucun fichier&gt; : ligne 1</stack-trace>
                    </failure>
                  </test-case>
                  <test-case description="Devrait retourner False pour un tableau avec trop d'Ã©lÃ©ments" name="Test-RoadmapInput.Validation de nombre d'Ã©lÃ©ments.Devrait retourner False pour un tableau avec trop d'Ã©lÃ©ments" time="0.2194" asserts="0" success="False" result="Failure" executed="True">
                    <failure>
                      <message>CommandNotFoundException: Le terme « Test-RoadmapInput » n'est pas reconnu comme nom d'applet de commande, fonction, fichier de script ou programme exécutable. Vérifiez l'orthographe du nom, ou si un chemin d'accès existe, vérifiez que le chemin d'accès est correct et réessayez.</message>
                      <stack-trace>à &lt;ScriptBlock&gt;, D:\DO\WEB\N8N_tests\PROJETS\EMAIL_SENDER_1\tools\scripts\roadmap-parser\module\Tests\Validation\Test-RoadmapInput.Tests.ps1 : ligne 72
à &lt;ScriptBlock&gt;, C:\Users\user\Documents\WindowsPowerShell\Modules\Pester\5.7.1\Pester.psm1 : ligne 2024
à &lt;ScriptBlock&gt;, C:\Users\user\Documents\WindowsPowerShell\Modules\Pester\5.7.1\Pester.psm1 : ligne 1985
à Invoke-ScriptBlock, C:\Users\user\Documents\WindowsPowerShell\Modules\Pester\5.7.1\Pester.psm1 : ligne 2157
à Invoke-TestItem, C:\Users\user\Documents\WindowsPowerShell\Modules\Pester\5.7.1\Pester.psm1 : ligne 1199
à Invoke-Block, C:\Users\user\Documents\WindowsPowerShell\Modules\Pester\5.7.1\Pester.psm1 : ligne 835
à &lt;ScriptBlock&gt;, C:\Users\user\Documents\WindowsPowerShell\Modules\Pester\5.7.1\Pester.psm1 : ligne 893
à &lt;ScriptBlock&gt;, C:\Users\user\Documents\WindowsPowerShell\Modules\Pester\5.7.1\Pester.psm1 : ligne 2024
à &lt;ScriptBlock&gt;, C:\Users\user\Documents\WindowsPowerShell\Modules\Pester\5.7.1\Pester.psm1 : ligne 1985
à Invoke-ScriptBlock, C:\Users\user\Documents\WindowsPowerShell\Modules\Pester\5.7.1\Pester.psm1 : ligne 2160
à Invoke-Block, C:\Users\user\Documents\WindowsPowerShell\Modules\Pester\5.7.1\Pester.psm1 : ligne 940
à &lt;ScriptBlock&gt;, C:\Users\user\Documents\WindowsPowerShell\Modules\Pester\5.7.1\Pester.psm1 : ligne 893
à &lt;ScriptBlock&gt;, C:\Users\user\Documents\WindowsPowerShell\Modules\Pester\5.7.1\Pester.psm1 : ligne 2024
à &lt;ScriptBlock&gt;, C:\Users\user\Documents\WindowsPowerShell\Modules\Pester\5.7.1\Pester.psm1 : ligne 1985
à Invoke-ScriptBlock, C:\Users\user\Documents\WindowsPowerShell\Modules\Pester\5.7.1\Pester.psm1 : ligne 2160
à Invoke-Block, C:\Users\user\Documents\WindowsPowerShell\Modules\Pester\5.7.1\Pester.psm1 : ligne 940
à &lt;ScriptBlock&gt;, C:\Users\user\Documents\WindowsPowerShell\Modules\Pester\5.7.1\Pester.psm1 : ligne 893
à &lt;ScriptBlock&gt;, C:\Users\user\Documents\WindowsPowerShell\Modules\Pester\5.7.1\Pester.psm1 : ligne 2024
à &lt;ScriptBlock&gt;, C:\Users\user\Documents\WindowsPowerShell\Modules\Pester\5.7.1\Pester.psm1 : ligne 1985
à Invoke-ScriptBlock, C:\Users\user\Documents\WindowsPowerShell\Modules\Pester\5.7.1\Pester.psm1 : ligne 2160
à Invoke-Block, C:\Users\user\Documents\WindowsPowerShell\Modules\Pester\5.7.1\Pester.psm1 : ligne 940
à &lt;ScriptBlock&gt;, C:\Users\user\Documents\WindowsPowerShell\Modules\Pester\5.7.1\Pester.psm1 : ligne 1688
à &lt;ScriptBlock&gt;, C:\Users\user\Documents\WindowsPowerShell\Modules\Pester\5.7.1\Pester.ps1 : ligne 3
à &lt;ScriptBlock&gt;, C:\Users\user\Documents\WindowsPowerShell\Modules\Pester\5.7.1\Pester.psm1 : ligne 3260
à Invoke-InNewScriptScope, C:\Users\user\Documents\WindowsPowerShell\Modules\Pester\5.7.1\Pester.psm1 : ligne 3267
à Run-Test, C:\Users\user\Documents\WindowsPowerShell\Modules\Pester\5.7.1\Pester.psm1 : ligne 1691
à Invoke-Test, C:\Users\user\Documents\WindowsPowerShell\Modules\Pester\5.7.1\Pester.psm1 : ligne 2512
à Invoke-Pester&lt;End&gt;, C:\Users\user\Documents\WindowsPowerShell\Modules\Pester\5.7.1\Pester.psm1 : ligne 4960
à &lt;ScriptBlock&gt;, D:\DO\WEB\N8N_tests\PROJETS\EMAIL_SENDER_1\tools\scripts\roadmap-parser\module\Tests\Invoke-AllTests.ps1 : ligne 86
à &lt;ScriptBlock&gt;, &lt;Aucun fichier&gt; : ligne 1</stack-trace>
                    </failure>
                  </test-case>
                </results>
              </test-suite>
              <test-suite type="TestFixture" name="Test-RoadmapInput.Validation personnalisÃ©e" executed="True" result="Failure" success="False" time="3.5351" asserts="0" description="Test-RoadmapInput.Validation personnalisÃ©e">
                <results>
                  <test-case description="Devrait retourner True pour une valeur valide avec ValidationFunction" name="Test-RoadmapInput.Validation personnalisÃ©e.Devrait retourner True pour une valeur valide avec ValidationFunction" time="0.2514" asserts="0" success="False" result="Failure" executed="True">
                    <failure>
                      <message>CommandNotFoundException: Le terme « Test-RoadmapInput » n'est pas reconnu comme nom d'applet de commande, fonction, fichier de script ou programme exécutable. Vérifiez l'orthographe du nom, ou si un chemin d'accès existe, vérifiez que le chemin d'accès est correct et réessayez.</message>
                      <stack-trace>à &lt;ScriptBlock&gt;, D:\DO\WEB\N8N_tests\PROJETS\EMAIL_SENDER_1\tools\scripts\roadmap-parser\module\Tests\Validation\Test-RoadmapInput.Tests.ps1 : ligne 78
à &lt;ScriptBlock&gt;, C:\Users\user\Documents\WindowsPowerShell\Modules\Pester\5.7.1\Pester.psm1 : ligne 2024
à &lt;ScriptBlock&gt;, C:\Users\user\Documents\WindowsPowerShell\Modules\Pester\5.7.1\Pester.psm1 : ligne 1985
à Invoke-ScriptBlock, C:\Users\user\Documents\WindowsPowerShell\Modules\Pester\5.7.1\Pester.psm1 : ligne 2157
à Invoke-TestItem, C:\Users\user\Documents\WindowsPowerShell\Modules\Pester\5.7.1\Pester.psm1 : ligne 1199
à Invoke-Block, C:\Users\user\Documents\WindowsPowerShell\Modules\Pester\5.7.1\Pester.psm1 : ligne 835
à &lt;ScriptBlock&gt;, C:\Users\user\Documents\WindowsPowerShell\Modules\Pester\5.7.1\Pester.psm1 : ligne 893
à &lt;ScriptBlock&gt;, C:\Users\user\Documents\WindowsPowerShell\Modules\Pester\5.7.1\Pester.psm1 : ligne 2024
à &lt;ScriptBlock&gt;, C:\Users\user\Documents\WindowsPowerShell\Modules\Pester\5.7.1\Pester.psm1 : ligne 1985
à Invoke-ScriptBlock, C:\Users\user\Documents\WindowsPowerShell\Modules\Pester\5.7.1\Pester.psm1 : ligne 2160
à Invoke-Block, C:\Users\user\Documents\WindowsPowerShell\Modules\Pester\5.7.1\Pester.psm1 : ligne 940
à &lt;ScriptBlock&gt;, C:\Users\user\Documents\WindowsPowerShell\Modules\Pester\5.7.1\Pester.psm1 : ligne 893
à &lt;ScriptBlock&gt;, C:\Users\user\Documents\WindowsPowerShell\Modules\Pester\5.7.1\Pester.psm1 : ligne 2024
à &lt;ScriptBlock&gt;, C:\Users\user\Documents\WindowsPowerShell\Modules\Pester\5.7.1\Pester.psm1 : ligne 1985
à Invoke-ScriptBlock, C:\Users\user\Documents\WindowsPowerShell\Modules\Pester\5.7.1\Pester.psm1 : ligne 2160
à Invoke-Block, C:\Users\user\Documents\WindowsPowerShell\Modules\Pester\5.7.1\Pester.psm1 : ligne 940
à &lt;ScriptBlock&gt;, C:\Users\user\Documents\WindowsPowerShell\Modules\Pester\5.7.1\Pester.psm1 : ligne 893
à &lt;ScriptBlock&gt;, C:\Users\user\Documents\WindowsPowerShell\Modules\Pester\5.7.1\Pester.psm1 : ligne 2024
à &lt;ScriptBlock&gt;, C:\Users\user\Documents\WindowsPowerShell\Modules\Pester\5.7.1\Pester.psm1 : ligne 1985
à Invoke-ScriptBlock, C:\Users\user\Documents\WindowsPowerShell\Modules\Pester\5.7.1\Pester.psm1 : ligne 2160
à Invoke-Block, C:\Users\user\Documents\WindowsPowerShell\Modules\Pester\5.7.1\Pester.psm1 : ligne 940
à &lt;ScriptBlock&gt;, C:\Users\user\Documents\WindowsPowerShell\Modules\Pester\5.7.1\Pester.psm1 : ligne 1688
à &lt;ScriptBlock&gt;, C:\Users\user\Documents\WindowsPowerShell\Modules\Pester\5.7.1\Pester.ps1 : ligne 3
à &lt;ScriptBlock&gt;, C:\Users\user\Documents\WindowsPowerShell\Modules\Pester\5.7.1\Pester.psm1 : ligne 3260
à Invoke-InNewScriptScope, C:\Users\user\Documents\WindowsPowerShell\Modules\Pester\5.7.1\Pester.psm1 : ligne 3267
à Run-Test, C:\Users\user\Documents\WindowsPowerShell\Modules\Pester\5.7.1\Pester.psm1 : ligne 1691
à Invoke-Test, C:\Users\user\Documents\WindowsPowerShell\Modules\Pester\5.7.1\Pester.psm1 : ligne 2512
à Invoke-Pester&lt;End&gt;, C:\Users\user\Documents\WindowsPowerShell\Modules\Pester\5.7.1\Pester.psm1 : ligne 4960
à &lt;ScriptBlock&gt;, D:\DO\WEB\N8N_tests\PROJETS\EMAIL_SENDER_1\tools\scripts\roadmap-parser\module\Tests\Invoke-AllTests.ps1 : ligne 86
à &lt;ScriptBlock&gt;, &lt;Aucun fichier&gt; : ligne 1</stack-trace>
                    </failure>
                  </test-case>
                  <test-case description="Devrait retourner False pour une valeur invalide avec ValidationFunction" name="Test-RoadmapInput.Validation personnalisÃ©e.Devrait retourner False pour une valeur invalide avec ValidationFunction" time="0.224" asserts="0" success="False" result="Failure" executed="True">
                    <failure>
                      <message>CommandNotFoundException: Le terme « Test-RoadmapInput » n'est pas reconnu comme nom d'applet de commande, fonction, fichier de script ou programme exécutable. Vérifiez l'orthographe du nom, ou si un chemin d'accès existe, vérifiez que le chemin d'accès est correct et réessayez.</message>
                      <stack-trace>à &lt;ScriptBlock&gt;, D:\DO\WEB\N8N_tests\PROJETS\EMAIL_SENDER_1\tools\scripts\roadmap-parser\module\Tests\Validation\Test-RoadmapInput.Tests.ps1 : ligne 82
à &lt;ScriptBlock&gt;, C:\Users\user\Documents\WindowsPowerShell\Modules\Pester\5.7.1\Pester.psm1 : ligne 2024
à &lt;ScriptBlock&gt;, C:\Users\user\Documents\WindowsPowerShell\Modules\Pester\5.7.1\Pester.psm1 : ligne 1985
à Invoke-ScriptBlock, C:\Users\user\Documents\WindowsPowerShell\Modules\Pester\5.7.1\Pester.psm1 : ligne 2157
à Invoke-TestItem, C:\Users\user\Documents\WindowsPowerShell\Modules\Pester\5.7.1\Pester.psm1 : ligne 1199
à Invoke-Block, C:\Users\user\Documents\WindowsPowerShell\Modules\Pester\5.7.1\Pester.psm1 : ligne 835
à &lt;ScriptBlock&gt;, C:\Users\user\Documents\WindowsPowerShell\Modules\Pester\5.7.1\Pester.psm1 : ligne 893
à &lt;ScriptBlock&gt;, C:\Users\user\Documents\WindowsPowerShell\Modules\Pester\5.7.1\Pester.psm1 : ligne 2024
à &lt;ScriptBlock&gt;, C:\Users\user\Documents\WindowsPowerShell\Modules\Pester\5.7.1\Pester.psm1 : ligne 1985
à Invoke-ScriptBlock, C:\Users\user\Documents\WindowsPowerShell\Modules\Pester\5.7.1\Pester.psm1 : ligne 2160
à Invoke-Block, C:\Users\user\Documents\WindowsPowerShell\Modules\Pester\5.7.1\Pester.psm1 : ligne 940
à &lt;ScriptBlock&gt;, C:\Users\user\Documents\WindowsPowerShell\Modules\Pester\5.7.1\Pester.psm1 : ligne 893
à &lt;ScriptBlock&gt;, C:\Users\user\Documents\WindowsPowerShell\Modules\Pester\5.7.1\Pester.psm1 : ligne 2024
à &lt;ScriptBlock&gt;, C:\Users\user\Documents\WindowsPowerShell\Modules\Pester\5.7.1\Pester.psm1 : ligne 1985
à Invoke-ScriptBlock, C:\Users\user\Documents\WindowsPowerShell\Modules\Pester\5.7.1\Pester.psm1 : ligne 2160
à Invoke-Block, C:\Users\user\Documents\WindowsPowerShell\Modules\Pester\5.7.1\Pester.psm1 : ligne 940
à &lt;ScriptBlock&gt;, C:\Users\user\Documents\WindowsPowerShell\Modules\Pester\5.7.1\Pester.psm1 : ligne 893
à &lt;ScriptBlock&gt;, C:\Users\user\Documents\WindowsPowerShell\Modules\Pester\5.7.1\Pester.psm1 : ligne 2024
à &lt;ScriptBlock&gt;, C:\Users\user\Documents\WindowsPowerShell\Modules\Pester\5.7.1\Pester.psm1 : ligne 1985
à Invoke-ScriptBlock, C:\Users\user\Documents\WindowsPowerShell\Modules\Pester\5.7.1\Pester.psm1 : ligne 2160
à Invoke-Block, C:\Users\user\Documents\WindowsPowerShell\Modules\Pester\5.7.1\Pester.psm1 : ligne 940
à &lt;ScriptBlock&gt;, C:\Users\user\Documents\WindowsPowerShell\Modules\Pester\5.7.1\Pester.psm1 : ligne 1688
à &lt;ScriptBlock&gt;, C:\Users\user\Documents\WindowsPowerShell\Modules\Pester\5.7.1\Pester.ps1 : ligne 3
à &lt;ScriptBlock&gt;, C:\Users\user\Documents\WindowsPowerShell\Modules\Pester\5.7.1\Pester.psm1 : ligne 3260
à Invoke-InNewScriptScope, C:\Users\user\Documents\WindowsPowerShell\Modules\Pester\5.7.1\Pester.psm1 : ligne 3267
à Run-Test, C:\Users\user\Documents\WindowsPowerShell\Modules\Pester\5.7.1\Pester.psm1 : ligne 1691
à Invoke-Test, C:\Users\user\Documents\WindowsPowerShell\Modules\Pester\5.7.1\Pester.psm1 : ligne 2512
à Invoke-Pester&lt;End&gt;, C:\Users\user\Documents\WindowsPowerShell\Modules\Pester\5.7.1\Pester.psm1 : ligne 4960
à &lt;ScriptBlock&gt;, D:\DO\WEB\N8N_tests\PROJETS\EMAIL_SENDER_1\tools\scripts\roadmap-parser\module\Tests\Invoke-AllTests.ps1 : ligne 86
à &lt;ScriptBlock&gt;, &lt;Aucun fichier&gt; : ligne 1</stack-trace>
                    </failure>
                  </test-case>
                </results>
              </test-suite>
              <test-suite type="TestFixture" name="Test-RoadmapInput.Validation combinÃ©e" executed="True" result="Failure" success="False" time="4.176" asserts="0" description="Test-RoadmapInput.Validation combinÃ©e">
                <results>
                  <test-case description="Devrait retourner True pour une valeur valide avec plusieurs validations" name="Test-RoadmapInput.Validation combinÃ©e.Devrait retourner True pour une valeur valide avec plusieurs validations" time="0.2651" asserts="0" success="False" result="Failure" executed="True">
                    <failure>
                      <message>CommandNotFoundException: Le terme « Test-RoadmapInput » n'est pas reconnu comme nom d'applet de commande, fonction, fichier de script ou programme exécutable. Vérifiez l'orthographe du nom, ou si un chemin d'accès existe, vérifiez que le chemin d'accès est correct et réessayez.</message>
                      <stack-trace>à &lt;ScriptBlock&gt;, D:\DO\WEB\N8N_tests\PROJETS\EMAIL_SENDER_1\tools\scripts\roadmap-parser\module\Tests\Validation\Test-RoadmapInput.Tests.ps1 : ligne 88
à &lt;ScriptBlock&gt;, C:\Users\user\Documents\WindowsPowerShell\Modules\Pester\5.7.1\Pester.psm1 : ligne 2024
à &lt;ScriptBlock&gt;, C:\Users\user\Documents\WindowsPowerShell\Modules\Pester\5.7.1\Pester.psm1 : ligne 1985
à Invoke-ScriptBlock, C:\Users\user\Documents\WindowsPowerShell\Modules\Pester\5.7.1\Pester.psm1 : ligne 2157
à Invoke-TestItem, C:\Users\user\Documents\WindowsPowerShell\Modules\Pester\5.7.1\Pester.psm1 : ligne 1199
à Invoke-Block, C:\Users\user\Documents\WindowsPowerShell\Modules\Pester\5.7.1\Pester.psm1 : ligne 835
à &lt;ScriptBlock&gt;, C:\Users\user\Documents\WindowsPowerShell\Modules\Pester\5.7.1\Pester.psm1 : ligne 893
à &lt;ScriptBlock&gt;, C:\Users\user\Documents\WindowsPowerShell\Modules\Pester\5.7.1\Pester.psm1 : ligne 2024
à &lt;ScriptBlock&gt;, C:\Users\user\Documents\WindowsPowerShell\Modules\Pester\5.7.1\Pester.psm1 : ligne 1985
à Invoke-ScriptBlock, C:\Users\user\Documents\WindowsPowerShell\Modules\Pester\5.7.1\Pester.psm1 : ligne 2160
à Invoke-Block, C:\Users\user\Documents\WindowsPowerShell\Modules\Pester\5.7.1\Pester.psm1 : ligne 940
à &lt;ScriptBlock&gt;, C:\Users\user\Documents\WindowsPowerShell\Modules\Pester\5.7.1\Pester.psm1 : ligne 893
à &lt;ScriptBlock&gt;, C:\Users\user\Documents\WindowsPowerShell\Modules\Pester\5.7.1\Pester.psm1 : ligne 2024
à &lt;ScriptBlock&gt;, C:\Users\user\Documents\WindowsPowerShell\Modules\Pester\5.7.1\Pester.psm1 : ligne 1985
à Invoke-ScriptBlock, C:\Users\user\Documents\WindowsPowerShell\Modules\Pester\5.7.1\Pester.psm1 : ligne 2160
à Invoke-Block, C:\Users\user\Documents\WindowsPowerShell\Modules\Pester\5.7.1\Pester.psm1 : ligne 940
à &lt;ScriptBlock&gt;, C:\Users\user\Documents\WindowsPowerShell\Modules\Pester\5.7.1\Pester.psm1 : ligne 893
à &lt;ScriptBlock&gt;, C:\Users\user\Documents\WindowsPowerShell\Modules\Pester\5.7.1\Pester.psm1 : ligne 2024
à &lt;ScriptBlock&gt;, C:\Users\user\Documents\WindowsPowerShell\Modules\Pester\5.7.1\Pester.psm1 : ligne 1985
à Invoke-ScriptBlock, C:\Users\user\Documents\WindowsPowerShell\Modules\Pester\5.7.1\Pester.psm1 : ligne 2160
à Invoke-Block, C:\Users\user\Documents\WindowsPowerShell\Modules\Pester\5.7.1\Pester.psm1 : ligne 940
à &lt;ScriptBlock&gt;, C:\Users\user\Documents\WindowsPowerShell\Modules\Pester\5.7.1\Pester.psm1 : ligne 1688
à &lt;ScriptBlock&gt;, C:\Users\user\Documents\WindowsPowerShell\Modules\Pester\5.7.1\Pester.ps1 : ligne 3
à &lt;ScriptBlock&gt;, C:\Users\user\Documents\WindowsPowerShell\Modules\Pester\5.7.1\Pester.psm1 : ligne 3260
à Invoke-InNewScriptScope, C:\Users\user\Documents\WindowsPowerShell\Modules\Pester\5.7.1\Pester.psm1 : ligne 3267
à Run-Test, C:\Users\user\Documents\WindowsPowerShell\Modules\Pester\5.7.1\Pester.psm1 : ligne 1691
à Invoke-Test, C:\Users\user\Documents\WindowsPowerShell\Modules\Pester\5.7.1\Pester.psm1 : ligne 2512
à Invoke-Pester&lt;End&gt;, C:\Users\user\Documents\WindowsPowerShell\Modules\Pester\5.7.1\Pester.psm1 : ligne 4960
à &lt;ScriptBlock&gt;, D:\DO\WEB\N8N_tests\PROJETS\EMAIL_SENDER_1\tools\scripts\roadmap-parser\module\Tests\Invoke-AllTests.ps1 : ligne 86
à &lt;ScriptBlock&gt;, &lt;Aucun fichier&gt; : ligne 1</stack-trace>
                    </failure>
                  </test-case>
                  <test-case description="Devrait retourner False si une des validations Ã©choue" name="Test-RoadmapInput.Validation combinÃ©e.Devrait retourner False si une des validations Ã©choue" time="0.2415" asserts="0" success="False" result="Failure" executed="True">
                    <failure>
                      <message>CommandNotFoundException: Le terme « Test-RoadmapInput » n'est pas reconnu comme nom d'applet de commande, fonction, fichier de script ou programme exécutable. Vérifiez l'orthographe du nom, ou si un chemin d'accès existe, vérifiez que le chemin d'accès est correct et réessayez.</message>
                      <stack-trace>à &lt;ScriptBlock&gt;, D:\DO\WEB\N8N_tests\PROJETS\EMAIL_SENDER_1\tools\scripts\roadmap-parser\module\Tests\Validation\Test-RoadmapInput.Tests.ps1 : ligne 92
à &lt;ScriptBlock&gt;, C:\Users\user\Documents\WindowsPowerShell\Modules\Pester\5.7.1\Pester.psm1 : ligne 2024
à &lt;ScriptBlock&gt;, C:\Users\user\Documents\WindowsPowerShell\Modules\Pester\5.7.1\Pester.psm1 : ligne 1985
à Invoke-ScriptBlock, C:\Users\user\Documents\WindowsPowerShell\Modules\Pester\5.7.1\Pester.psm1 : ligne 2157
à Invoke-TestItem, C:\Users\user\Documents\WindowsPowerShell\Modules\Pester\5.7.1\Pester.psm1 : ligne 1199
à Invoke-Block, C:\Users\user\Documents\WindowsPowerShell\Modules\Pester\5.7.1\Pester.psm1 : ligne 835
à &lt;ScriptBlock&gt;, C:\Users\user\Documents\WindowsPowerShell\Modules\Pester\5.7.1\Pester.psm1 : ligne 893
à &lt;ScriptBlock&gt;, C:\Users\user\Documents\WindowsPowerShell\Modules\Pester\5.7.1\Pester.psm1 : ligne 2024
à &lt;ScriptBlock&gt;, C:\Users\user\Documents\WindowsPowerShell\Modules\Pester\5.7.1\Pester.psm1 : ligne 1985
à Invoke-ScriptBlock, C:\Users\user\Documents\WindowsPowerShell\Modules\Pester\5.7.1\Pester.psm1 : ligne 2160
à Invoke-Block, C:\Users\user\Documents\WindowsPowerShell\Modules\Pester\5.7.1\Pester.psm1 : ligne 940
à &lt;ScriptBlock&gt;, C:\Users\user\Documents\WindowsPowerShell\Modules\Pester\5.7.1\Pester.psm1 : ligne 893
à &lt;ScriptBlock&gt;, C:\Users\user\Documents\WindowsPowerShell\Modules\Pester\5.7.1\Pester.psm1 : ligne 2024
à &lt;ScriptBlock&gt;, C:\Users\user\Documents\WindowsPowerShell\Modules\Pester\5.7.1\Pester.psm1 : ligne 1985
à Invoke-ScriptBlock, C:\Users\user\Documents\WindowsPowerShell\Modules\Pester\5.7.1\Pester.psm1 : ligne 2160
à Invoke-Block, C:\Users\user\Documents\WindowsPowerShell\Modules\Pester\5.7.1\Pester.psm1 : ligne 940
à &lt;ScriptBlock&gt;, C:\Users\user\Documents\WindowsPowerShell\Modules\Pester\5.7.1\Pester.psm1 : ligne 893
à &lt;ScriptBlock&gt;, C:\Users\user\Documents\WindowsPowerShell\Modules\Pester\5.7.1\Pester.psm1 : ligne 2024
à &lt;ScriptBlock&gt;, C:\Users\user\Documents\WindowsPowerShell\Modules\Pester\5.7.1\Pester.psm1 : ligne 1985
à Invoke-ScriptBlock, C:\Users\user\Documents\WindowsPowerShell\Modules\Pester\5.7.1\Pester.psm1 : ligne 2160
à Invoke-Block, C:\Users\user\Documents\WindowsPowerShell\Modules\Pester\5.7.1\Pester.psm1 : ligne 940
à &lt;ScriptBlock&gt;, C:\Users\user\Documents\WindowsPowerShell\Modules\Pester\5.7.1\Pester.psm1 : ligne 1688
à &lt;ScriptBlock&gt;, C:\Users\user\Documents\WindowsPowerShell\Modules\Pester\5.7.1\Pester.ps1 : ligne 3
à &lt;ScriptBlock&gt;, C:\Users\user\Documents\WindowsPowerShell\Modules\Pester\5.7.1\Pester.psm1 : ligne 3260
à Invoke-InNewScriptScope, C:\Users\user\Documents\WindowsPowerShell\Modules\Pester\5.7.1\Pester.psm1 : ligne 3267
à Run-Test, C:\Users\user\Documents\WindowsPowerShell\Modules\Pester\5.7.1\Pester.psm1 : ligne 1691
à Invoke-Test, C:\Users\user\Documents\WindowsPowerShell\Modules\Pester\5.7.1\Pester.psm1 : ligne 2512
à Invoke-Pester&lt;End&gt;, C:\Users\user\Documents\WindowsPowerShell\Modules\Pester\5.7.1\Pester.psm1 : ligne 4960
à &lt;ScriptBlock&gt;, D:\DO\WEB\N8N_tests\PROJETS\EMAIL_SENDER_1\tools\scripts\roadmap-parser\module\Tests\Invoke-AllTests.ps1 : ligne 86
à &lt;ScriptBlock&gt;, &lt;Aucun fichier&gt; : ligne 1</stack-trace>
                    </failure>
                  </test-case>
                </results>
              </test-suite>
              <test-suite type="TestFixture" name="Test-RoadmapInput.Validation avec ThrowOnFailure" executed="True" result="Failure" success="False" time="4.8126" asserts="0" description="Test-RoadmapInput.Validation avec ThrowOnFailure">
                <results>
                  <test-case description="Devrait lever une exception en cas d'Ã©chec avec ThrowOnFailure" name="Test-RoadmapInput.Validation avec ThrowOnFailure.Devrait lever une exception en cas d'Ã©chec avec ThrowOnFailure" time="0.2381" asserts="0" success="True" result="Success" executed="True" />
                  <test-case description="Ne devrait pas lever d'exception en cas de succÃ¨s avec ThrowOnFailure" name="Test-RoadmapInput.Validation avec ThrowOnFailure.Ne devrait pas lever d'exception en cas de succÃ¨s avec ThrowOnFailure" time="0.2922" asserts="0" success="False" result="Failure" executed="True">
                    <failure>
                      <message>Expected no exception to be thrown, but an exception "Le terme « Test-RoadmapInput » n'est pas reconnu comme nom d'applet de commande, fonction, fichier de script ou programme exécutable. Vérifiez l'orthographe du nom, ou si un chemin d'accès existe, vérifiez que le chemin d'accès est correct et réessayez." was thrown Au caractère D:\DO\WEB\N8N_tests\PROJETS\EMAIL_SENDER_1\tools\scripts\roadmap-parser\module\Tests\Validation\Test-RoadmapInput.Tests.ps1:102 : 15
    +             { Test-RoadmapInput -Value "user@example.com" -Format "Em ...
    +               ~~~~~~~~~~~~~~~~~.</message>
                      <stack-trace>at { Test-RoadmapInput -Value "user@example.com" -Format "Email" -ThrowOnFailure } | Should -Not -Throw, D:\DO\WEB\N8N_tests\PROJETS\EMAIL_SENDER_1\tools\scripts\roadmap-parser\module\Tests\Validation\Test-RoadmapInput.Tests.ps1:102
à Invoke-Assertion, C:\Users\user\Documents\WindowsPowerShell\Modules\Pester\5.7.1\Pester.psm1 : ligne 8250
à Should&lt;End&gt;, C:\Users\user\Documents\WindowsPowerShell\Modules\Pester\5.7.1\Pester.psm1 : ligne 8193
à &lt;ScriptBlock&gt;, D:\DO\WEB\N8N_tests\PROJETS\EMAIL_SENDER_1\tools\scripts\roadmap-parser\module\Tests\Validation\Test-RoadmapInput.Tests.ps1 : ligne 102
à &lt;ScriptBlock&gt;, C:\Users\user\Documents\WindowsPowerShell\Modules\Pester\5.7.1\Pester.psm1 : ligne 2024
à &lt;ScriptBlock&gt;, C:\Users\user\Documents\WindowsPowerShell\Modules\Pester\5.7.1\Pester.psm1 : ligne 1985
à Invoke-ScriptBlock, C:\Users\user\Documents\WindowsPowerShell\Modules\Pester\5.7.1\Pester.psm1 : ligne 2157
à Invoke-TestItem, C:\Users\user\Documents\WindowsPowerShell\Modules\Pester\5.7.1\Pester.psm1 : ligne 1199
à Invoke-Block, C:\Users\user\Documents\WindowsPowerShell\Modules\Pester\5.7.1\Pester.psm1 : ligne 835
à &lt;ScriptBlock&gt;, C:\Users\user\Documents\WindowsPowerShell\Modules\Pester\5.7.1\Pester.psm1 : ligne 893
à &lt;ScriptBlock&gt;, C:\Users\user\Documents\WindowsPowerShell\Modules\Pester\5.7.1\Pester.psm1 : ligne 2024
à &lt;ScriptBlock&gt;, C:\Users\user\Documents\WindowsPowerShell\Modules\Pester\5.7.1\Pester.psm1 : ligne 1985
à Invoke-ScriptBlock, C:\Users\user\Documents\WindowsPowerShell\Modules\Pester\5.7.1\Pester.psm1 : ligne 2160
à Invoke-Block, C:\Users\user\Documents\WindowsPowerShell\Modules\Pester\5.7.1\Pester.psm1 : ligne 940
à &lt;ScriptBlock&gt;, C:\Users\user\Documents\WindowsPowerShell\Modules\Pester\5.7.1\Pester.psm1 : ligne 893
à &lt;ScriptBlock&gt;, C:\Users\user\Documents\WindowsPowerShell\Modules\Pester\5.7.1\Pester.psm1 : ligne 2024
à &lt;ScriptBlock&gt;, C:\Users\user\Documents\WindowsPowerShell\Modules\Pester\5.7.1\Pester.psm1 : ligne 1985
à Invoke-ScriptBlock, C:\Users\user\Documents\WindowsPowerShell\Modules\Pester\5.7.1\Pester.psm1 : ligne 2160
à Invoke-Block, C:\Users\user\Documents\WindowsPowerShell\Modules\Pester\5.7.1\Pester.psm1 : ligne 940
à &lt;ScriptBlock&gt;, C:\Users\user\Documents\WindowsPowerShell\Modules\Pester\5.7.1\Pester.psm1 : ligne 893
à &lt;ScriptBlock&gt;, C:\Users\user\Documents\WindowsPowerShell\Modules\Pester\5.7.1\Pester.psm1 : ligne 2024
à &lt;ScriptBlock&gt;, C:\Users\user\Documents\WindowsPowerShell\Modules\Pester\5.7.1\Pester.psm1 : ligne 1985
à Invoke-ScriptBlock, C:\Users\user\Documents\WindowsPowerShell\Modules\Pester\5.7.1\Pester.psm1 : ligne 2160
à Invoke-Block, C:\Users\user\Documents\WindowsPowerShell\Modules\Pester\5.7.1\Pester.psm1 : ligne 940
à &lt;ScriptBlock&gt;, C:\Users\user\Documents\WindowsPowerShell\Modules\Pester\5.7.1\Pester.psm1 : ligne 1688
à &lt;ScriptBlock&gt;, C:\Users\user\Documents\WindowsPowerShell\Modules\Pester\5.7.1\Pester.ps1 : ligne 3
à &lt;ScriptBlock&gt;, C:\Users\user\Documents\WindowsPowerShell\Modules\Pester\5.7.1\Pester.psm1 : ligne 3260
à Invoke-InNewScriptScope, C:\Users\user\Documents\WindowsPowerShell\Modules\Pester\5.7.1\Pester.psm1 : ligne 3267
à Run-Test, C:\Users\user\Documents\WindowsPowerShell\Modules\Pester\5.7.1\Pester.psm1 : ligne 1691
à Invoke-Test, C:\Users\user\Documents\WindowsPowerShell\Modules\Pester\5.7.1\Pester.psm1 : ligne 2512
à Invoke-Pester&lt;End&gt;, C:\Users\user\Documents\WindowsPowerShell\Modules\Pester\5.7.1\Pester.psm1 : ligne 4960
à &lt;ScriptBlock&gt;, D:\DO\WEB\N8N_tests\PROJETS\EMAIL_SENDER_1\tools\scripts\roadmap-parser\module\Tests\Invoke-AllTests.ps1 : ligne 86
à &lt;ScriptBlock&gt;, &lt;Aucun fichier&gt; : ligne 1</stack-trace>
                    </failure>
                  </test-case>
                </results>
              </test-suite>
              <test-suite type="TestFixture" name="Test-RoadmapInput.Validation avec message d'erreur personnalisÃ©" executed="True" result="Failure" success="False" time="5.2677" asserts="0" description="Test-RoadmapInput.Validation avec message d'erreur personnalisÃ©">
                <results>
                  <test-case description="Devrait utiliser le message d'erreur personnalisÃ© en cas d'Ã©chec" name="Test-RoadmapInput.Validation avec message d'erreur personnalisÃ©.Devrait utiliser le message d'erreur personnalisÃ© en cas d'Ã©chec" time="0.3389" asserts="0" success="False" result="Failure" executed="True">
                    <failure>
                      <message>Expected strings to be the same, but they were different.
Expected length: 30
Actual length:   253
Strings differ at index 0.
Expected: 'Message d'erreur personnalisÃ©'
But was:  'Le terme « Test-RoadmapInput » n'est pas reconnu comme nom d'applet de commande, fonc...'
           ^</message>
                      <stack-trace>at $exceptionMessage | Should -Be $customErrorMessage, D:\DO\WEB\N8N_tests\PROJETS\EMAIL_SENDER_1\tools\scripts\roadmap-parser\module\Tests\Validation\Test-RoadmapInput.Tests.ps1:117
à Invoke-Assertion, C:\Users\user\Documents\WindowsPowerShell\Modules\Pester\5.7.1\Pester.psm1 : ligne 8250
à Should&lt;End&gt;, C:\Users\user\Documents\WindowsPowerShell\Modules\Pester\5.7.1\Pester.psm1 : ligne 8189
à &lt;ScriptBlock&gt;, D:\DO\WEB\N8N_tests\PROJETS\EMAIL_SENDER_1\tools\scripts\roadmap-parser\module\Tests\Validation\Test-RoadmapInput.Tests.ps1 : ligne 117
à &lt;ScriptBlock&gt;, C:\Users\user\Documents\WindowsPowerShell\Modules\Pester\5.7.1\Pester.psm1 : ligne 2024
à &lt;ScriptBlock&gt;, C:\Users\user\Documents\WindowsPowerShell\Modules\Pester\5.7.1\Pester.psm1 : ligne 1985
à Invoke-ScriptBlock, C:\Users\user\Documents\WindowsPowerShell\Modules\Pester\5.7.1\Pester.psm1 : ligne 2157
à Invoke-TestItem, C:\Users\user\Documents\WindowsPowerShell\Modules\Pester\5.7.1\Pester.psm1 : ligne 1199
à Invoke-Block, C:\Users\user\Documents\WindowsPowerShell\Modules\Pester\5.7.1\Pester.psm1 : ligne 835
à &lt;ScriptBlock&gt;, C:\Users\user\Documents\WindowsPowerShell\Modules\Pester\5.7.1\Pester.psm1 : ligne 893
à &lt;ScriptBlock&gt;, C:\Users\user\Documents\WindowsPowerShell\Modules\Pester\5.7.1\Pester.psm1 : ligne 2024
à &lt;ScriptBlock&gt;, C:\Users\user\Documents\WindowsPowerShell\Modules\Pester\5.7.1\Pester.psm1 : ligne 1985
à Invoke-ScriptBlock, C:\Users\user\Documents\WindowsPowerShell\Modules\Pester\5.7.1\Pester.psm1 : ligne 2160
à Invoke-Block, C:\Users\user\Documents\WindowsPowerShell\Modules\Pester\5.7.1\Pester.psm1 : ligne 940
à &lt;ScriptBlock&gt;, C:\Users\user\Documents\WindowsPowerShell\Modules\Pester\5.7.1\Pester.psm1 : ligne 893
à &lt;ScriptBlock&gt;, C:\Users\user\Documents\WindowsPowerShell\Modules\Pester\5.7.1\Pester.psm1 : ligne 2024
à &lt;ScriptBlock&gt;, C:\Users\user\Documents\WindowsPowerShell\Modules\Pester\5.7.1\Pester.psm1 : ligne 1985
à Invoke-ScriptBlock, C:\Users\user\Documents\WindowsPowerShell\Modules\Pester\5.7.1\Pester.psm1 : ligne 2160
à Invoke-Block, C:\Users\user\Documents\WindowsPowerShell\Modules\Pester\5.7.1\Pester.psm1 : ligne 940
à &lt;ScriptBlock&gt;, C:\Users\user\Documents\WindowsPowerShell\Modules\Pester\5.7.1\Pester.psm1 : ligne 893
à &lt;ScriptBlock&gt;, C:\Users\user\Documents\WindowsPowerShell\Modules\Pester\5.7.1\Pester.psm1 : ligne 2024
à &lt;ScriptBlock&gt;, C:\Users\user\Documents\WindowsPowerShell\Modules\Pester\5.7.1\Pester.psm1 : ligne 1985
à Invoke-ScriptBlock, C:\Users\user\Documents\WindowsPowerShell\Modules\Pester\5.7.1\Pester.psm1 : ligne 2160
à Invoke-Block, C:\Users\user\Documents\WindowsPowerShell\Modules\Pester\5.7.1\Pester.psm1 : ligne 940
à &lt;ScriptBlock&gt;, C:\Users\user\Documents\WindowsPowerShell\Modules\Pester\5.7.1\Pester.psm1 : ligne 1688
à &lt;ScriptBlock&gt;, C:\Users\user\Documents\WindowsPowerShell\Modules\Pester\5.7.1\Pester.ps1 : ligne 3
à &lt;ScriptBlock&gt;, C:\Users\user\Documents\WindowsPowerShell\Modules\Pester\5.7.1\Pester.psm1 : ligne 3260
à Invoke-InNewScriptScope, C:\Users\user\Documents\WindowsPowerShell\Modules\Pester\5.7.1\Pester.psm1 : ligne 3267
à Run-Test, C:\Users\user\Documents\WindowsPowerShell\Modules\Pester\5.7.1\Pester.psm1 : ligne 1691
à Invoke-Test, C:\Users\user\Documents\WindowsPowerShell\Modules\Pester\5.7.1\Pester.psm1 : ligne 2512
à Invoke-Pester&lt;End&gt;, C:\Users\user\Documents\WindowsPowerShell\Modules\Pester\5.7.1\Pester.psm1 : ligne 4960
à &lt;ScriptBlock&gt;, D:\DO\WEB\N8N_tests\PROJETS\EMAIL_SENDER_1\tools\scripts\roadmap-parser\module\Tests\Invoke-AllTests.ps1 : ligne 86
à &lt;ScriptBlock&gt;, &lt;Aucun fichier&gt; : ligne 1</stack-trace>
                    </failure>
                  </test-case>
                </results>
              </test-suite>
            </results>
          </test-suite>
        </results>
      </test-suite>
    </results>
  </test-suite>
</test-results>