<?xml version="1.0" encoding="utf-8" standalone="no"?>
<test-results xmlns:xsi="http://www.w3.org/2001/XMLSchema-instance" xsi:noNamespaceSchemaLocation="nunit_schema_2.5.xsd" name="Pester" total="42" errors="0" failures="42" not-run="0" inconclusive="0" ignored="0" skipped="0" invalid="0" date="2025-04-10" time="18:37:56">
  <environment clr-version="4.0.30319.42000" user-domain="DESKTOP-ORG3GN0" cwd="D:\DO\WEB\N8N_tests\PROJETS\EMAIL_SENDER_1" platform="Microsoft Windows 10 Famille|C:\Windows|\Device\Harddisk0\Partition2" machine-name="DESKTOP-ORG3GN0" nunit-version="2.5.8.0" os-version="10.0.19045" user="user" />
  <culture-info current-culture="fr-FR" current-uiculture="fr-FR" />
  <test-suite type="TestFixture" name="Pester" executed="True" result="Failure" success="False" time="8.1355" asserts="0" description="Pester">
    <results>
      <test-suite type="TestFixture" name="D:\DO\WEB\N8N_tests\PROJETS\EMAIL_SENDER_1\scripts\format-detection\tests\Basic-FormatDetection.Tests.ps1" executed="True" result="Failure" success="False" time="4.738" asserts="0" description="D:\DO\WEB\N8N_tests\PROJETS\EMAIL_SENDER_1\scripts\format-detection\tests\Basic-FormatDetection.Tests.ps1">
        <results>
          <test-suite type="TestFixture" name="Tests basiques de dÃ©tection de format" executed="True" result="Failure" success="False" time="2.5793" asserts="0" description="Tests basiques de dÃ©tection de format">
            <results>
              <test-suite type="TestFixture" name="Tests basiques de dÃ©tection de format.DÃ©tection par extension" executed="True" result="Failure" success="False" time="2.0533" asserts="0" description="Tests basiques de dÃ©tection de format.DÃ©tection par extension">
                <results>
                  <test-case description="DÃ©tecte correctement le format d'un fichier .txt" name="Tests basiques de dÃ©tection de format.DÃ©tection par extension.DÃ©tecte correctement le format d'un fichier .txt" time="1.0678" asserts="0" success="False" result="Failure" executed="True">
                    <failure>
                      <message>Expected strings to be the same, but they were different.
Expected length: 4
Actual length:   0
Strings differ at index 0.
Expected: '.txt'
But was:  ''
           ^</message>
                      <stack-trace>at $extension | Should -Be ".txt", D:\DO\WEB\N8N_tests\PROJETS\EMAIL_SENDER_1\scripts\format-detection\tests\Basic-FormatDetection.Tests.ps1:41
à Invoke-Assertion, C:\Users\user\Documents\WindowsPowerShell\Modules\Pester\5.7.1\Pester.psm1 : ligne 8250
à Should&lt;End&gt;, C:\Users\user\Documents\WindowsPowerShell\Modules\Pester\5.7.1\Pester.psm1 : ligne 8189
à &lt;ScriptBlock&gt;, D:\DO\WEB\N8N_tests\PROJETS\EMAIL_SENDER_1\scripts\format-detection\tests\Basic-FormatDetection.Tests.ps1 : ligne 41
à &lt;ScriptBlock&gt;, C:\Users\user\Documents\WindowsPowerShell\Modules\Pester\5.7.1\Pester.psm1 : ligne 2024
à &lt;ScriptBlock&gt;, C:\Users\user\Documents\WindowsPowerShell\Modules\Pester\5.7.1\Pester.psm1 : ligne 1985
à Invoke-ScriptBlock, C:\Users\user\Documents\WindowsPowerShell\Modules\Pester\5.7.1\Pester.psm1 : ligne 2157
à Invoke-TestItem, C:\Users\user\Documents\WindowsPowerShell\Modules\Pester\5.7.1\Pester.psm1 : ligne 1199
à Invoke-Block, C:\Users\user\Documents\WindowsPowerShell\Modules\Pester\5.7.1\Pester.psm1 : ligne 835
à &lt;ScriptBlock&gt;, C:\Users\user\Documents\WindowsPowerShell\Modules\Pester\5.7.1\Pester.psm1 : ligne 893
à &lt;ScriptBlock&gt;, C:\Users\user\Documents\WindowsPowerShell\Modules\Pester\5.7.1\Pester.psm1 : ligne 2024
à &lt;ScriptBlock&gt;, C:\Users\user\Documents\WindowsPowerShell\Modules\Pester\5.7.1\Pester.psm1 : ligne 1985
à Invoke-ScriptBlock, C:\Users\user\Documents\WindowsPowerShell\Modules\Pester\5.7.1\Pester.psm1 : ligne 2160
à Invoke-Block, C:\Users\user\Documents\WindowsPowerShell\Modules\Pester\5.7.1\Pester.psm1 : ligne 940
à &lt;ScriptBlock&gt;, C:\Users\user\Documents\WindowsPowerShell\Modules\Pester\5.7.1\Pester.psm1 : ligne 893
à &lt;ScriptBlock&gt;, C:\Users\user\Documents\WindowsPowerShell\Modules\Pester\5.7.1\Pester.psm1 : ligne 2024
à &lt;ScriptBlock&gt;, C:\Users\user\Documents\WindowsPowerShell\Modules\Pester\5.7.1\Pester.psm1 : ligne 1985
à Invoke-ScriptBlock, C:\Users\user\Documents\WindowsPowerShell\Modules\Pester\5.7.1\Pester.psm1 : ligne 2160
à Invoke-Block, C:\Users\user\Documents\WindowsPowerShell\Modules\Pester\5.7.1\Pester.psm1 : ligne 940
à &lt;ScriptBlock&gt;, C:\Users\user\Documents\WindowsPowerShell\Modules\Pester\5.7.1\Pester.psm1 : ligne 893
à &lt;ScriptBlock&gt;, C:\Users\user\Documents\WindowsPowerShell\Modules\Pester\5.7.1\Pester.psm1 : ligne 2024
à &lt;ScriptBlock&gt;, C:\Users\user\Documents\WindowsPowerShell\Modules\Pester\5.7.1\Pester.psm1 : ligne 1985
à Invoke-ScriptBlock, C:\Users\user\Documents\WindowsPowerShell\Modules\Pester\5.7.1\Pester.psm1 : ligne 2160
à Invoke-Block, C:\Users\user\Documents\WindowsPowerShell\Modules\Pester\5.7.1\Pester.psm1 : ligne 940
à &lt;ScriptBlock&gt;, C:\Users\user\Documents\WindowsPowerShell\Modules\Pester\5.7.1\Pester.psm1 : ligne 1688
à &lt;ScriptBlock&gt;, C:\Users\user\Documents\WindowsPowerShell\Modules\Pester\5.7.1\Pester.ps1 : ligne 3
à &lt;ScriptBlock&gt;, C:\Users\user\Documents\WindowsPowerShell\Modules\Pester\5.7.1\Pester.psm1 : ligne 3260
à Invoke-InNewScriptScope, C:\Users\user\Documents\WindowsPowerShell\Modules\Pester\5.7.1\Pester.psm1 : ligne 3267
à Run-Test, C:\Users\user\Documents\WindowsPowerShell\Modules\Pester\5.7.1\Pester.psm1 : ligne 1691
à Invoke-Test, C:\Users\user\Documents\WindowsPowerShell\Modules\Pester\5.7.1\Pester.psm1 : ligne 2512
à Invoke-Pester&lt;End&gt;, C:\Users\user\Documents\WindowsPowerShell\Modules\Pester\5.7.1\Pester.psm1 : ligne 4960
à &lt;ScriptBlock&gt;, D:\DO\WEB\N8N_tests\PROJETS\EMAIL_SENDER_1\scripts\format-detection\tests\Run-UnitTests.ps1 : ligne 61
à &lt;ScriptBlock&gt;, D:\DO\WEB\N8N_tests\PROJETS\EMAIL_SENDER_1\scripts\format-detection\tests\Run-AllTests.ps1 : ligne 57</stack-trace>
                    </failure>
                  </test-case>
                  <test-case description="DÃ©tecte correctement le format d'un fichier .csv" name="Tests basiques de dÃ©tection de format.DÃ©tection par extension.DÃ©tecte correctement le format d'un fichier .csv" time="0.0794" asserts="0" success="False" result="Failure" executed="True">
                    <failure>
                      <message>Expected strings to be the same, but they were different.
Expected length: 4
Actual length:   0
Strings differ at index 0.
Expected: '.csv'
But was:  ''
           ^</message>
                      <stack-trace>at $extension | Should -Be ".csv", D:\DO\WEB\N8N_tests\PROJETS\EMAIL_SENDER_1\scripts\format-detection\tests\Basic-FormatDetection.Tests.ps1:46
à Invoke-Assertion, C:\Users\user\Documents\WindowsPowerShell\Modules\Pester\5.7.1\Pester.psm1 : ligne 8250
à Should&lt;End&gt;, C:\Users\user\Documents\WindowsPowerShell\Modules\Pester\5.7.1\Pester.psm1 : ligne 8189
à &lt;ScriptBlock&gt;, D:\DO\WEB\N8N_tests\PROJETS\EMAIL_SENDER_1\scripts\format-detection\tests\Basic-FormatDetection.Tests.ps1 : ligne 46
à &lt;ScriptBlock&gt;, C:\Users\user\Documents\WindowsPowerShell\Modules\Pester\5.7.1\Pester.psm1 : ligne 2024
à &lt;ScriptBlock&gt;, C:\Users\user\Documents\WindowsPowerShell\Modules\Pester\5.7.1\Pester.psm1 : ligne 1985
à Invoke-ScriptBlock, C:\Users\user\Documents\WindowsPowerShell\Modules\Pester\5.7.1\Pester.psm1 : ligne 2157
à Invoke-TestItem, C:\Users\user\Documents\WindowsPowerShell\Modules\Pester\5.7.1\Pester.psm1 : ligne 1199
à Invoke-Block, C:\Users\user\Documents\WindowsPowerShell\Modules\Pester\5.7.1\Pester.psm1 : ligne 835
à &lt;ScriptBlock&gt;, C:\Users\user\Documents\WindowsPowerShell\Modules\Pester\5.7.1\Pester.psm1 : ligne 893
à &lt;ScriptBlock&gt;, C:\Users\user\Documents\WindowsPowerShell\Modules\Pester\5.7.1\Pester.psm1 : ligne 2024
à &lt;ScriptBlock&gt;, C:\Users\user\Documents\WindowsPowerShell\Modules\Pester\5.7.1\Pester.psm1 : ligne 1985
à Invoke-ScriptBlock, C:\Users\user\Documents\WindowsPowerShell\Modules\Pester\5.7.1\Pester.psm1 : ligne 2160
à Invoke-Block, C:\Users\user\Documents\WindowsPowerShell\Modules\Pester\5.7.1\Pester.psm1 : ligne 940
à &lt;ScriptBlock&gt;, C:\Users\user\Documents\WindowsPowerShell\Modules\Pester\5.7.1\Pester.psm1 : ligne 893
à &lt;ScriptBlock&gt;, C:\Users\user\Documents\WindowsPowerShell\Modules\Pester\5.7.1\Pester.psm1 : ligne 2024
à &lt;ScriptBlock&gt;, C:\Users\user\Documents\WindowsPowerShell\Modules\Pester\5.7.1\Pester.psm1 : ligne 1985
à Invoke-ScriptBlock, C:\Users\user\Documents\WindowsPowerShell\Modules\Pester\5.7.1\Pester.psm1 : ligne 2160
à Invoke-Block, C:\Users\user\Documents\WindowsPowerShell\Modules\Pester\5.7.1\Pester.psm1 : ligne 940
à &lt;ScriptBlock&gt;, C:\Users\user\Documents\WindowsPowerShell\Modules\Pester\5.7.1\Pester.psm1 : ligne 893
à &lt;ScriptBlock&gt;, C:\Users\user\Documents\WindowsPowerShell\Modules\Pester\5.7.1\Pester.psm1 : ligne 2024
à &lt;ScriptBlock&gt;, C:\Users\user\Documents\WindowsPowerShell\Modules\Pester\5.7.1\Pester.psm1 : ligne 1985
à Invoke-ScriptBlock, C:\Users\user\Documents\WindowsPowerShell\Modules\Pester\5.7.1\Pester.psm1 : ligne 2160
à Invoke-Block, C:\Users\user\Documents\WindowsPowerShell\Modules\Pester\5.7.1\Pester.psm1 : ligne 940
à &lt;ScriptBlock&gt;, C:\Users\user\Documents\WindowsPowerShell\Modules\Pester\5.7.1\Pester.psm1 : ligne 1688
à &lt;ScriptBlock&gt;, C:\Users\user\Documents\WindowsPowerShell\Modules\Pester\5.7.1\Pester.ps1 : ligne 3
à &lt;ScriptBlock&gt;, C:\Users\user\Documents\WindowsPowerShell\Modules\Pester\5.7.1\Pester.psm1 : ligne 3260
à Invoke-InNewScriptScope, C:\Users\user\Documents\WindowsPowerShell\Modules\Pester\5.7.1\Pester.psm1 : ligne 3267
à Run-Test, C:\Users\user\Documents\WindowsPowerShell\Modules\Pester\5.7.1\Pester.psm1 : ligne 1691
à Invoke-Test, C:\Users\user\Documents\WindowsPowerShell\Modules\Pester\5.7.1\Pester.psm1 : ligne 2512
à Invoke-Pester&lt;End&gt;, C:\Users\user\Documents\WindowsPowerShell\Modules\Pester\5.7.1\Pester.psm1 : ligne 4960
à &lt;ScriptBlock&gt;, D:\DO\WEB\N8N_tests\PROJETS\EMAIL_SENDER_1\scripts\format-detection\tests\Run-UnitTests.ps1 : ligne 61
à &lt;ScriptBlock&gt;, D:\DO\WEB\N8N_tests\PROJETS\EMAIL_SENDER_1\scripts\format-detection\tests\Run-AllTests.ps1 : ligne 57</stack-trace>
                    </failure>
                  </test-case>
                  <test-case description="DÃ©tecte correctement le format d'un fichier .xml" name="Tests basiques de dÃ©tection de format.DÃ©tection par extension.DÃ©tecte correctement le format d'un fichier .xml" time="0.5758" asserts="0" success="False" result="Failure" executed="True">
                    <failure>
                      <message>Expected strings to be the same, but they were different.
Expected length: 4
Actual length:   0
Strings differ at index 0.
Expected: '.xml'
But was:  ''
           ^</message>
                      <stack-trace>at $extension | Should -Be ".xml", D:\DO\WEB\N8N_tests\PROJETS\EMAIL_SENDER_1\scripts\format-detection\tests\Basic-FormatDetection.Tests.ps1:51
à Invoke-Assertion, C:\Users\user\Documents\WindowsPowerShell\Modules\Pester\5.7.1\Pester.psm1 : ligne 8250
à Should&lt;End&gt;, C:\Users\user\Documents\WindowsPowerShell\Modules\Pester\5.7.1\Pester.psm1 : ligne 8189
à &lt;ScriptBlock&gt;, D:\DO\WEB\N8N_tests\PROJETS\EMAIL_SENDER_1\scripts\format-detection\tests\Basic-FormatDetection.Tests.ps1 : ligne 51
à &lt;ScriptBlock&gt;, C:\Users\user\Documents\WindowsPowerShell\Modules\Pester\5.7.1\Pester.psm1 : ligne 2024
à &lt;ScriptBlock&gt;, C:\Users\user\Documents\WindowsPowerShell\Modules\Pester\5.7.1\Pester.psm1 : ligne 1985
à Invoke-ScriptBlock, C:\Users\user\Documents\WindowsPowerShell\Modules\Pester\5.7.1\Pester.psm1 : ligne 2157
à Invoke-TestItem, C:\Users\user\Documents\WindowsPowerShell\Modules\Pester\5.7.1\Pester.psm1 : ligne 1199
à Invoke-Block, C:\Users\user\Documents\WindowsPowerShell\Modules\Pester\5.7.1\Pester.psm1 : ligne 835
à &lt;ScriptBlock&gt;, C:\Users\user\Documents\WindowsPowerShell\Modules\Pester\5.7.1\Pester.psm1 : ligne 893
à &lt;ScriptBlock&gt;, C:\Users\user\Documents\WindowsPowerShell\Modules\Pester\5.7.1\Pester.psm1 : ligne 2024
à &lt;ScriptBlock&gt;, C:\Users\user\Documents\WindowsPowerShell\Modules\Pester\5.7.1\Pester.psm1 : ligne 1985
à Invoke-ScriptBlock, C:\Users\user\Documents\WindowsPowerShell\Modules\Pester\5.7.1\Pester.psm1 : ligne 2160
à Invoke-Block, C:\Users\user\Documents\WindowsPowerShell\Modules\Pester\5.7.1\Pester.psm1 : ligne 940
à &lt;ScriptBlock&gt;, C:\Users\user\Documents\WindowsPowerShell\Modules\Pester\5.7.1\Pester.psm1 : ligne 893
à &lt;ScriptBlock&gt;, C:\Users\user\Documents\WindowsPowerShell\Modules\Pester\5.7.1\Pester.psm1 : ligne 2024
à &lt;ScriptBlock&gt;, C:\Users\user\Documents\WindowsPowerShell\Modules\Pester\5.7.1\Pester.psm1 : ligne 1985
à Invoke-ScriptBlock, C:\Users\user\Documents\WindowsPowerShell\Modules\Pester\5.7.1\Pester.psm1 : ligne 2160
à Invoke-Block, C:\Users\user\Documents\WindowsPowerShell\Modules\Pester\5.7.1\Pester.psm1 : ligne 940
à &lt;ScriptBlock&gt;, C:\Users\user\Documents\WindowsPowerShell\Modules\Pester\5.7.1\Pester.psm1 : ligne 893
à &lt;ScriptBlock&gt;, C:\Users\user\Documents\WindowsPowerShell\Modules\Pester\5.7.1\Pester.psm1 : ligne 2024
à &lt;ScriptBlock&gt;, C:\Users\user\Documents\WindowsPowerShell\Modules\Pester\5.7.1\Pester.psm1 : ligne 1985
à Invoke-ScriptBlock, C:\Users\user\Documents\WindowsPowerShell\Modules\Pester\5.7.1\Pester.psm1 : ligne 2160
à Invoke-Block, C:\Users\user\Documents\WindowsPowerShell\Modules\Pester\5.7.1\Pester.psm1 : ligne 940
à &lt;ScriptBlock&gt;, C:\Users\user\Documents\WindowsPowerShell\Modules\Pester\5.7.1\Pester.psm1 : ligne 1688
à &lt;ScriptBlock&gt;, C:\Users\user\Documents\WindowsPowerShell\Modules\Pester\5.7.1\Pester.ps1 : ligne 3
à &lt;ScriptBlock&gt;, C:\Users\user\Documents\WindowsPowerShell\Modules\Pester\5.7.1\Pester.psm1 : ligne 3260
à Invoke-InNewScriptScope, C:\Users\user\Documents\WindowsPowerShell\Modules\Pester\5.7.1\Pester.psm1 : ligne 3267
à Run-Test, C:\Users\user\Documents\WindowsPowerShell\Modules\Pester\5.7.1\Pester.psm1 : ligne 1691
à Invoke-Test, C:\Users\user\Documents\WindowsPowerShell\Modules\Pester\5.7.1\Pester.psm1 : ligne 2512
à Invoke-Pester&lt;End&gt;, C:\Users\user\Documents\WindowsPowerShell\Modules\Pester\5.7.1\Pester.psm1 : ligne 4960
à &lt;ScriptBlock&gt;, D:\DO\WEB\N8N_tests\PROJETS\EMAIL_SENDER_1\scripts\format-detection\tests\Run-UnitTests.ps1 : ligne 61
à &lt;ScriptBlock&gt;, D:\DO\WEB\N8N_tests\PROJETS\EMAIL_SENDER_1\scripts\format-detection\tests\Run-AllTests.ps1 : ligne 57</stack-trace>
                    </failure>
                  </test-case>
                  <test-case description="DÃ©tecte correctement le format d'un fichier .json" name="Tests basiques de dÃ©tection de format.DÃ©tection par extension.DÃ©tecte correctement le format d'un fichier .json" time="0.1537" asserts="0" success="False" result="Failure" executed="True">
                    <failure>
                      <message>Expected strings to be the same, but they were different.
Expected length: 5
Actual length:   0
Strings differ at index 0.
Expected: '.json'
But was:  ''
           ^</message>
                      <stack-trace>at $extension | Should -Be ".json", D:\DO\WEB\N8N_tests\PROJETS\EMAIL_SENDER_1\scripts\format-detection\tests\Basic-FormatDetection.Tests.ps1:56
à Invoke-Assertion, C:\Users\user\Documents\WindowsPowerShell\Modules\Pester\5.7.1\Pester.psm1 : ligne 8250
à Should&lt;End&gt;, C:\Users\user\Documents\WindowsPowerShell\Modules\Pester\5.7.1\Pester.psm1 : ligne 8189
à &lt;ScriptBlock&gt;, D:\DO\WEB\N8N_tests\PROJETS\EMAIL_SENDER_1\scripts\format-detection\tests\Basic-FormatDetection.Tests.ps1 : ligne 56
à &lt;ScriptBlock&gt;, C:\Users\user\Documents\WindowsPowerShell\Modules\Pester\5.7.1\Pester.psm1 : ligne 2024
à &lt;ScriptBlock&gt;, C:\Users\user\Documents\WindowsPowerShell\Modules\Pester\5.7.1\Pester.psm1 : ligne 1985
à Invoke-ScriptBlock, C:\Users\user\Documents\WindowsPowerShell\Modules\Pester\5.7.1\Pester.psm1 : ligne 2157
à Invoke-TestItem, C:\Users\user\Documents\WindowsPowerShell\Modules\Pester\5.7.1\Pester.psm1 : ligne 1199
à Invoke-Block, C:\Users\user\Documents\WindowsPowerShell\Modules\Pester\5.7.1\Pester.psm1 : ligne 835
à &lt;ScriptBlock&gt;, C:\Users\user\Documents\WindowsPowerShell\Modules\Pester\5.7.1\Pester.psm1 : ligne 893
à &lt;ScriptBlock&gt;, C:\Users\user\Documents\WindowsPowerShell\Modules\Pester\5.7.1\Pester.psm1 : ligne 2024
à &lt;ScriptBlock&gt;, C:\Users\user\Documents\WindowsPowerShell\Modules\Pester\5.7.1\Pester.psm1 : ligne 1985
à Invoke-ScriptBlock, C:\Users\user\Documents\WindowsPowerShell\Modules\Pester\5.7.1\Pester.psm1 : ligne 2160
à Invoke-Block, C:\Users\user\Documents\WindowsPowerShell\Modules\Pester\5.7.1\Pester.psm1 : ligne 940
à &lt;ScriptBlock&gt;, C:\Users\user\Documents\WindowsPowerShell\Modules\Pester\5.7.1\Pester.psm1 : ligne 893
à &lt;ScriptBlock&gt;, C:\Users\user\Documents\WindowsPowerShell\Modules\Pester\5.7.1\Pester.psm1 : ligne 2024
à &lt;ScriptBlock&gt;, C:\Users\user\Documents\WindowsPowerShell\Modules\Pester\5.7.1\Pester.psm1 : ligne 1985
à Invoke-ScriptBlock, C:\Users\user\Documents\WindowsPowerShell\Modules\Pester\5.7.1\Pester.psm1 : ligne 2160
à Invoke-Block, C:\Users\user\Documents\WindowsPowerShell\Modules\Pester\5.7.1\Pester.psm1 : ligne 940
à &lt;ScriptBlock&gt;, C:\Users\user\Documents\WindowsPowerShell\Modules\Pester\5.7.1\Pester.psm1 : ligne 893
à &lt;ScriptBlock&gt;, C:\Users\user\Documents\WindowsPowerShell\Modules\Pester\5.7.1\Pester.psm1 : ligne 2024
à &lt;ScriptBlock&gt;, C:\Users\user\Documents\WindowsPowerShell\Modules\Pester\5.7.1\Pester.psm1 : ligne 1985
à Invoke-ScriptBlock, C:\Users\user\Documents\WindowsPowerShell\Modules\Pester\5.7.1\Pester.psm1 : ligne 2160
à Invoke-Block, C:\Users\user\Documents\WindowsPowerShell\Modules\Pester\5.7.1\Pester.psm1 : ligne 940
à &lt;ScriptBlock&gt;, C:\Users\user\Documents\WindowsPowerShell\Modules\Pester\5.7.1\Pester.psm1 : ligne 1688
à &lt;ScriptBlock&gt;, C:\Users\user\Documents\WindowsPowerShell\Modules\Pester\5.7.1\Pester.ps1 : ligne 3
à &lt;ScriptBlock&gt;, C:\Users\user\Documents\WindowsPowerShell\Modules\Pester\5.7.1\Pester.psm1 : ligne 3260
à Invoke-InNewScriptScope, C:\Users\user\Documents\WindowsPowerShell\Modules\Pester\5.7.1\Pester.psm1 : ligne 3267
à Run-Test, C:\Users\user\Documents\WindowsPowerShell\Modules\Pester\5.7.1\Pester.psm1 : ligne 1691
à Invoke-Test, C:\Users\user\Documents\WindowsPowerShell\Modules\Pester\5.7.1\Pester.psm1 : ligne 2512
à Invoke-Pester&lt;End&gt;, C:\Users\user\Documents\WindowsPowerShell\Modules\Pester\5.7.1\Pester.psm1 : ligne 4960
à &lt;ScriptBlock&gt;, D:\DO\WEB\N8N_tests\PROJETS\EMAIL_SENDER_1\scripts\format-detection\tests\Run-UnitTests.ps1 : ligne 61
à &lt;ScriptBlock&gt;, D:\DO\WEB\N8N_tests\PROJETS\EMAIL_SENDER_1\scripts\format-detection\tests\Run-AllTests.ps1 : ligne 57</stack-trace>
                    </failure>
                  </test-case>
                </results>
              </test-suite>
              <test-suite type="TestFixture" name="Tests basiques de dÃ©tection de format.DÃ©tection par contenu" executed="True" result="Failure" success="False" time="2.3794" asserts="0" description="Tests basiques de dÃ©tection de format.DÃ©tection par contenu">
                <results>
                  <test-case description="DÃ©tecte correctement le contenu d'un fichier texte" name="Tests basiques de dÃ©tection de format.DÃ©tection par contenu.DÃ©tecte correctement le contenu d'un fichier texte" time="0.0793" asserts="0" success="False" result="Failure" executed="True">
                    <failure>
                      <message>ParameterBindingValidationException: Impossible de lier l'argument au paramètre « Path », car il a la valeur Null.</message>
                      <stack-trace>à &lt;ScriptBlock&gt;, D:\DO\WEB\N8N_tests\PROJETS\EMAIL_SENDER_1\scripts\format-detection\tests\Basic-FormatDetection.Tests.ps1 : ligne 62
à &lt;ScriptBlock&gt;, C:\Users\user\Documents\WindowsPowerShell\Modules\Pester\5.7.1\Pester.psm1 : ligne 2024
à &lt;ScriptBlock&gt;, C:\Users\user\Documents\WindowsPowerShell\Modules\Pester\5.7.1\Pester.psm1 : ligne 1985
à Invoke-ScriptBlock, C:\Users\user\Documents\WindowsPowerShell\Modules\Pester\5.7.1\Pester.psm1 : ligne 2157
à Invoke-TestItem, C:\Users\user\Documents\WindowsPowerShell\Modules\Pester\5.7.1\Pester.psm1 : ligne 1199
à Invoke-Block, C:\Users\user\Documents\WindowsPowerShell\Modules\Pester\5.7.1\Pester.psm1 : ligne 835
à &lt;ScriptBlock&gt;, C:\Users\user\Documents\WindowsPowerShell\Modules\Pester\5.7.1\Pester.psm1 : ligne 893
à &lt;ScriptBlock&gt;, C:\Users\user\Documents\WindowsPowerShell\Modules\Pester\5.7.1\Pester.psm1 : ligne 2024
à &lt;ScriptBlock&gt;, C:\Users\user\Documents\WindowsPowerShell\Modules\Pester\5.7.1\Pester.psm1 : ligne 1985
à Invoke-ScriptBlock, C:\Users\user\Documents\WindowsPowerShell\Modules\Pester\5.7.1\Pester.psm1 : ligne 2160
à Invoke-Block, C:\Users\user\Documents\WindowsPowerShell\Modules\Pester\5.7.1\Pester.psm1 : ligne 940
à &lt;ScriptBlock&gt;, C:\Users\user\Documents\WindowsPowerShell\Modules\Pester\5.7.1\Pester.psm1 : ligne 893
à &lt;ScriptBlock&gt;, C:\Users\user\Documents\WindowsPowerShell\Modules\Pester\5.7.1\Pester.psm1 : ligne 2024
à &lt;ScriptBlock&gt;, C:\Users\user\Documents\WindowsPowerShell\Modules\Pester\5.7.1\Pester.psm1 : ligne 1985
à Invoke-ScriptBlock, C:\Users\user\Documents\WindowsPowerShell\Modules\Pester\5.7.1\Pester.psm1 : ligne 2160
à Invoke-Block, C:\Users\user\Documents\WindowsPowerShell\Modules\Pester\5.7.1\Pester.psm1 : ligne 940
à &lt;ScriptBlock&gt;, C:\Users\user\Documents\WindowsPowerShell\Modules\Pester\5.7.1\Pester.psm1 : ligne 893
à &lt;ScriptBlock&gt;, C:\Users\user\Documents\WindowsPowerShell\Modules\Pester\5.7.1\Pester.psm1 : ligne 2024
à &lt;ScriptBlock&gt;, C:\Users\user\Documents\WindowsPowerShell\Modules\Pester\5.7.1\Pester.psm1 : ligne 1985
à Invoke-ScriptBlock, C:\Users\user\Documents\WindowsPowerShell\Modules\Pester\5.7.1\Pester.psm1 : ligne 2160
à Invoke-Block, C:\Users\user\Documents\WindowsPowerShell\Modules\Pester\5.7.1\Pester.psm1 : ligne 940
à &lt;ScriptBlock&gt;, C:\Users\user\Documents\WindowsPowerShell\Modules\Pester\5.7.1\Pester.psm1 : ligne 1688
à &lt;ScriptBlock&gt;, C:\Users\user\Documents\WindowsPowerShell\Modules\Pester\5.7.1\Pester.ps1 : ligne 3
à &lt;ScriptBlock&gt;, C:\Users\user\Documents\WindowsPowerShell\Modules\Pester\5.7.1\Pester.psm1 : ligne 3260
à Invoke-InNewScriptScope, C:\Users\user\Documents\WindowsPowerShell\Modules\Pester\5.7.1\Pester.psm1 : ligne 3267
à Run-Test, C:\Users\user\Documents\WindowsPowerShell\Modules\Pester\5.7.1\Pester.psm1 : ligne 1691
à Invoke-Test, C:\Users\user\Documents\WindowsPowerShell\Modules\Pester\5.7.1\Pester.psm1 : ligne 2512
à Invoke-Pester&lt;End&gt;, C:\Users\user\Documents\WindowsPowerShell\Modules\Pester\5.7.1\Pester.psm1 : ligne 4960
à &lt;ScriptBlock&gt;, D:\DO\WEB\N8N_tests\PROJETS\EMAIL_SENDER_1\scripts\format-detection\tests\Run-UnitTests.ps1 : ligne 61
à &lt;ScriptBlock&gt;, D:\DO\WEB\N8N_tests\PROJETS\EMAIL_SENDER_1\scripts\format-detection\tests\Run-AllTests.ps1 : ligne 57</stack-trace>
                    </failure>
                  </test-case>
                  <test-case description="DÃ©tecte correctement le contenu d'un fichier CSV" name="Tests basiques de dÃ©tection de format.DÃ©tection par contenu.DÃ©tecte correctement le contenu d'un fichier CSV" time="0.0419" asserts="0" success="False" result="Failure" executed="True">
                    <failure>
                      <message>ParameterBindingValidationException: Impossible de lier l'argument au paramètre « Path », car il a la valeur Null.</message>
                      <stack-trace>à &lt;ScriptBlock&gt;, D:\DO\WEB\N8N_tests\PROJETS\EMAIL_SENDER_1\scripts\format-detection\tests\Basic-FormatDetection.Tests.ps1 : ligne 67
à &lt;ScriptBlock&gt;, C:\Users\user\Documents\WindowsPowerShell\Modules\Pester\5.7.1\Pester.psm1 : ligne 2024
à &lt;ScriptBlock&gt;, C:\Users\user\Documents\WindowsPowerShell\Modules\Pester\5.7.1\Pester.psm1 : ligne 1985
à Invoke-ScriptBlock, C:\Users\user\Documents\WindowsPowerShell\Modules\Pester\5.7.1\Pester.psm1 : ligne 2157
à Invoke-TestItem, C:\Users\user\Documents\WindowsPowerShell\Modules\Pester\5.7.1\Pester.psm1 : ligne 1199
à Invoke-Block, C:\Users\user\Documents\WindowsPowerShell\Modules\Pester\5.7.1\Pester.psm1 : ligne 835
à &lt;ScriptBlock&gt;, C:\Users\user\Documents\WindowsPowerShell\Modules\Pester\5.7.1\Pester.psm1 : ligne 893
à &lt;ScriptBlock&gt;, C:\Users\user\Documents\WindowsPowerShell\Modules\Pester\5.7.1\Pester.psm1 : ligne 2024
à &lt;ScriptBlock&gt;, C:\Users\user\Documents\WindowsPowerShell\Modules\Pester\5.7.1\Pester.psm1 : ligne 1985
à Invoke-ScriptBlock, C:\Users\user\Documents\WindowsPowerShell\Modules\Pester\5.7.1\Pester.psm1 : ligne 2160
à Invoke-Block, C:\Users\user\Documents\WindowsPowerShell\Modules\Pester\5.7.1\Pester.psm1 : ligne 940
à &lt;ScriptBlock&gt;, C:\Users\user\Documents\WindowsPowerShell\Modules\Pester\5.7.1\Pester.psm1 : ligne 893
à &lt;ScriptBlock&gt;, C:\Users\user\Documents\WindowsPowerShell\Modules\Pester\5.7.1\Pester.psm1 : ligne 2024
à &lt;ScriptBlock&gt;, C:\Users\user\Documents\WindowsPowerShell\Modules\Pester\5.7.1\Pester.psm1 : ligne 1985
à Invoke-ScriptBlock, C:\Users\user\Documents\WindowsPowerShell\Modules\Pester\5.7.1\Pester.psm1 : ligne 2160
à Invoke-Block, C:\Users\user\Documents\WindowsPowerShell\Modules\Pester\5.7.1\Pester.psm1 : ligne 940
à &lt;ScriptBlock&gt;, C:\Users\user\Documents\WindowsPowerShell\Modules\Pester\5.7.1\Pester.psm1 : ligne 893
à &lt;ScriptBlock&gt;, C:\Users\user\Documents\WindowsPowerShell\Modules\Pester\5.7.1\Pester.psm1 : ligne 2024
à &lt;ScriptBlock&gt;, C:\Users\user\Documents\WindowsPowerShell\Modules\Pester\5.7.1\Pester.psm1 : ligne 1985
à Invoke-ScriptBlock, C:\Users\user\Documents\WindowsPowerShell\Modules\Pester\5.7.1\Pester.psm1 : ligne 2160
à Invoke-Block, C:\Users\user\Documents\WindowsPowerShell\Modules\Pester\5.7.1\Pester.psm1 : ligne 940
à &lt;ScriptBlock&gt;, C:\Users\user\Documents\WindowsPowerShell\Modules\Pester\5.7.1\Pester.psm1 : ligne 1688
à &lt;ScriptBlock&gt;, C:\Users\user\Documents\WindowsPowerShell\Modules\Pester\5.7.1\Pester.ps1 : ligne 3
à &lt;ScriptBlock&gt;, C:\Users\user\Documents\WindowsPowerShell\Modules\Pester\5.7.1\Pester.psm1 : ligne 3260
à Invoke-InNewScriptScope, C:\Users\user\Documents\WindowsPowerShell\Modules\Pester\5.7.1\Pester.psm1 : ligne 3267
à Run-Test, C:\Users\user\Documents\WindowsPowerShell\Modules\Pester\5.7.1\Pester.psm1 : ligne 1691
à Invoke-Test, C:\Users\user\Documents\WindowsPowerShell\Modules\Pester\5.7.1\Pester.psm1 : ligne 2512
à Invoke-Pester&lt;End&gt;, C:\Users\user\Documents\WindowsPowerShell\Modules\Pester\5.7.1\Pester.psm1 : ligne 4960
à &lt;ScriptBlock&gt;, D:\DO\WEB\N8N_tests\PROJETS\EMAIL_SENDER_1\scripts\format-detection\tests\Run-UnitTests.ps1 : ligne 61
à &lt;ScriptBlock&gt;, D:\DO\WEB\N8N_tests\PROJETS\EMAIL_SENDER_1\scripts\format-detection\tests\Run-AllTests.ps1 : ligne 57</stack-trace>
                    </failure>
                  </test-case>
                  <test-case description="DÃ©tecte correctement le contenu d'un fichier XML" name="Tests basiques de dÃ©tection de format.DÃ©tection par contenu.DÃ©tecte correctement le contenu d'un fichier XML" time="0.0523" asserts="0" success="False" result="Failure" executed="True">
                    <failure>
                      <message>ParameterBindingValidationException: Impossible de lier l'argument au paramètre « Path », car il a la valeur Null.</message>
                      <stack-trace>à &lt;ScriptBlock&gt;, D:\DO\WEB\N8N_tests\PROJETS\EMAIL_SENDER_1\scripts\format-detection\tests\Basic-FormatDetection.Tests.ps1 : ligne 72
à &lt;ScriptBlock&gt;, C:\Users\user\Documents\WindowsPowerShell\Modules\Pester\5.7.1\Pester.psm1 : ligne 2024
à &lt;ScriptBlock&gt;, C:\Users\user\Documents\WindowsPowerShell\Modules\Pester\5.7.1\Pester.psm1 : ligne 1985
à Invoke-ScriptBlock, C:\Users\user\Documents\WindowsPowerShell\Modules\Pester\5.7.1\Pester.psm1 : ligne 2157
à Invoke-TestItem, C:\Users\user\Documents\WindowsPowerShell\Modules\Pester\5.7.1\Pester.psm1 : ligne 1199
à Invoke-Block, C:\Users\user\Documents\WindowsPowerShell\Modules\Pester\5.7.1\Pester.psm1 : ligne 835
à &lt;ScriptBlock&gt;, C:\Users\user\Documents\WindowsPowerShell\Modules\Pester\5.7.1\Pester.psm1 : ligne 893
à &lt;ScriptBlock&gt;, C:\Users\user\Documents\WindowsPowerShell\Modules\Pester\5.7.1\Pester.psm1 : ligne 2024
à &lt;ScriptBlock&gt;, C:\Users\user\Documents\WindowsPowerShell\Modules\Pester\5.7.1\Pester.psm1 : ligne 1985
à Invoke-ScriptBlock, C:\Users\user\Documents\WindowsPowerShell\Modules\Pester\5.7.1\Pester.psm1 : ligne 2160
à Invoke-Block, C:\Users\user\Documents\WindowsPowerShell\Modules\Pester\5.7.1\Pester.psm1 : ligne 940
à &lt;ScriptBlock&gt;, C:\Users\user\Documents\WindowsPowerShell\Modules\Pester\5.7.1\Pester.psm1 : ligne 893
à &lt;ScriptBlock&gt;, C:\Users\user\Documents\WindowsPowerShell\Modules\Pester\5.7.1\Pester.psm1 : ligne 2024
à &lt;ScriptBlock&gt;, C:\Users\user\Documents\WindowsPowerShell\Modules\Pester\5.7.1\Pester.psm1 : ligne 1985
à Invoke-ScriptBlock, C:\Users\user\Documents\WindowsPowerShell\Modules\Pester\5.7.1\Pester.psm1 : ligne 2160
à Invoke-Block, C:\Users\user\Documents\WindowsPowerShell\Modules\Pester\5.7.1\Pester.psm1 : ligne 940
à &lt;ScriptBlock&gt;, C:\Users\user\Documents\WindowsPowerShell\Modules\Pester\5.7.1\Pester.psm1 : ligne 893
à &lt;ScriptBlock&gt;, C:\Users\user\Documents\WindowsPowerShell\Modules\Pester\5.7.1\Pester.psm1 : ligne 2024
à &lt;ScriptBlock&gt;, C:\Users\user\Documents\WindowsPowerShell\Modules\Pester\5.7.1\Pester.psm1 : ligne 1985
à Invoke-ScriptBlock, C:\Users\user\Documents\WindowsPowerShell\Modules\Pester\5.7.1\Pester.psm1 : ligne 2160
à Invoke-Block, C:\Users\user\Documents\WindowsPowerShell\Modules\Pester\5.7.1\Pester.psm1 : ligne 940
à &lt;ScriptBlock&gt;, C:\Users\user\Documents\WindowsPowerShell\Modules\Pester\5.7.1\Pester.psm1 : ligne 1688
à &lt;ScriptBlock&gt;, C:\Users\user\Documents\WindowsPowerShell\Modules\Pester\5.7.1\Pester.ps1 : ligne 3
à &lt;ScriptBlock&gt;, C:\Users\user\Documents\WindowsPowerShell\Modules\Pester\5.7.1\Pester.psm1 : ligne 3260
à Invoke-InNewScriptScope, C:\Users\user\Documents\WindowsPowerShell\Modules\Pester\5.7.1\Pester.psm1 : ligne 3267
à Run-Test, C:\Users\user\Documents\WindowsPowerShell\Modules\Pester\5.7.1\Pester.psm1 : ligne 1691
à Invoke-Test, C:\Users\user\Documents\WindowsPowerShell\Modules\Pester\5.7.1\Pester.psm1 : ligne 2512
à Invoke-Pester&lt;End&gt;, C:\Users\user\Documents\WindowsPowerShell\Modules\Pester\5.7.1\Pester.psm1 : ligne 4960
à &lt;ScriptBlock&gt;, D:\DO\WEB\N8N_tests\PROJETS\EMAIL_SENDER_1\scripts\format-detection\tests\Run-UnitTests.ps1 : ligne 61
à &lt;ScriptBlock&gt;, D:\DO\WEB\N8N_tests\PROJETS\EMAIL_SENDER_1\scripts\format-detection\tests\Run-AllTests.ps1 : ligne 57</stack-trace>
                    </failure>
                  </test-case>
                  <test-case description="DÃ©tecte correctement le contenu d'un fichier JSON" name="Tests basiques de dÃ©tection de format.DÃ©tection par contenu.DÃ©tecte correctement le contenu d'un fichier JSON" time="0.106" asserts="0" success="False" result="Failure" executed="True">
                    <failure>
                      <message>ParameterBindingValidationException: Impossible de lier l'argument au paramètre « Path », car il a la valeur Null.</message>
                      <stack-trace>à &lt;ScriptBlock&gt;, D:\DO\WEB\N8N_tests\PROJETS\EMAIL_SENDER_1\scripts\format-detection\tests\Basic-FormatDetection.Tests.ps1 : ligne 77
à &lt;ScriptBlock&gt;, C:\Users\user\Documents\WindowsPowerShell\Modules\Pester\5.7.1\Pester.psm1 : ligne 2024
à &lt;ScriptBlock&gt;, C:\Users\user\Documents\WindowsPowerShell\Modules\Pester\5.7.1\Pester.psm1 : ligne 1985
à Invoke-ScriptBlock, C:\Users\user\Documents\WindowsPowerShell\Modules\Pester\5.7.1\Pester.psm1 : ligne 2157
à Invoke-TestItem, C:\Users\user\Documents\WindowsPowerShell\Modules\Pester\5.7.1\Pester.psm1 : ligne 1199
à Invoke-Block, C:\Users\user\Documents\WindowsPowerShell\Modules\Pester\5.7.1\Pester.psm1 : ligne 835
à &lt;ScriptBlock&gt;, C:\Users\user\Documents\WindowsPowerShell\Modules\Pester\5.7.1\Pester.psm1 : ligne 893
à &lt;ScriptBlock&gt;, C:\Users\user\Documents\WindowsPowerShell\Modules\Pester\5.7.1\Pester.psm1 : ligne 2024
à &lt;ScriptBlock&gt;, C:\Users\user\Documents\WindowsPowerShell\Modules\Pester\5.7.1\Pester.psm1 : ligne 1985
à Invoke-ScriptBlock, C:\Users\user\Documents\WindowsPowerShell\Modules\Pester\5.7.1\Pester.psm1 : ligne 2160
à Invoke-Block, C:\Users\user\Documents\WindowsPowerShell\Modules\Pester\5.7.1\Pester.psm1 : ligne 940
à &lt;ScriptBlock&gt;, C:\Users\user\Documents\WindowsPowerShell\Modules\Pester\5.7.1\Pester.psm1 : ligne 893
à &lt;ScriptBlock&gt;, C:\Users\user\Documents\WindowsPowerShell\Modules\Pester\5.7.1\Pester.psm1 : ligne 2024
à &lt;ScriptBlock&gt;, C:\Users\user\Documents\WindowsPowerShell\Modules\Pester\5.7.1\Pester.psm1 : ligne 1985
à Invoke-ScriptBlock, C:\Users\user\Documents\WindowsPowerShell\Modules\Pester\5.7.1\Pester.psm1 : ligne 2160
à Invoke-Block, C:\Users\user\Documents\WindowsPowerShell\Modules\Pester\5.7.1\Pester.psm1 : ligne 940
à &lt;ScriptBlock&gt;, C:\Users\user\Documents\WindowsPowerShell\Modules\Pester\5.7.1\Pester.psm1 : ligne 893
à &lt;ScriptBlock&gt;, C:\Users\user\Documents\WindowsPowerShell\Modules\Pester\5.7.1\Pester.psm1 : ligne 2024
à &lt;ScriptBlock&gt;, C:\Users\user\Documents\WindowsPowerShell\Modules\Pester\5.7.1\Pester.psm1 : ligne 1985
à Invoke-ScriptBlock, C:\Users\user\Documents\WindowsPowerShell\Modules\Pester\5.7.1\Pester.psm1 : ligne 2160
à Invoke-Block, C:\Users\user\Documents\WindowsPowerShell\Modules\Pester\5.7.1\Pester.psm1 : ligne 940
à &lt;ScriptBlock&gt;, C:\Users\user\Documents\WindowsPowerShell\Modules\Pester\5.7.1\Pester.psm1 : ligne 1688
à &lt;ScriptBlock&gt;, C:\Users\user\Documents\WindowsPowerShell\Modules\Pester\5.7.1\Pester.ps1 : ligne 3
à &lt;ScriptBlock&gt;, C:\Users\user\Documents\WindowsPowerShell\Modules\Pester\5.7.1\Pester.psm1 : ligne 3260
à Invoke-InNewScriptScope, C:\Users\user\Documents\WindowsPowerShell\Modules\Pester\5.7.1\Pester.psm1 : ligne 3267
à Run-Test, C:\Users\user\Documents\WindowsPowerShell\Modules\Pester\5.7.1\Pester.psm1 : ligne 1691
à Invoke-Test, C:\Users\user\Documents\WindowsPowerShell\Modules\Pester\5.7.1\Pester.psm1 : ligne 2512
à Invoke-Pester&lt;End&gt;, C:\Users\user\Documents\WindowsPowerShell\Modules\Pester\5.7.1\Pester.psm1 : ligne 4960
à &lt;ScriptBlock&gt;, D:\DO\WEB\N8N_tests\PROJETS\EMAIL_SENDER_1\scripts\format-detection\tests\Run-UnitTests.ps1 : ligne 61
à &lt;ScriptBlock&gt;, D:\DO\WEB\N8N_tests\PROJETS\EMAIL_SENDER_1\scripts\format-detection\tests\Run-AllTests.ps1 : ligne 57</stack-trace>
                    </failure>
                  </test-case>
                </results>
              </test-suite>
            </results>
          </test-suite>
        </results>
      </test-suite>
      <test-suite type="TestFixture" name="D:\DO\WEB\N8N_tests\PROJETS\EMAIL_SENDER_1\scripts\format-detection\tests\Detect-FileEncoding.Tests.ps1" executed="True" result="Failure" success="False" time="1.3133" asserts="0" description="D:\DO\WEB\N8N_tests\PROJETS\EMAIL_SENDER_1\scripts\format-detection\tests\Detect-FileEncoding.Tests.ps1">
        <results>
          <test-suite type="TestFixture" name="Tests de dÃ©tection d'encodage" executed="True" result="Failure" success="False" time="0.3182" asserts="0" description="Tests de dÃ©tection d'encodage">
            <results>
              <test-suite type="TestFixture" name="Tests de dÃ©tection d'encodage.DÃ©tection des BOM" executed="True" result="Failure" success="False" time="0" asserts="0" description="Tests de dÃ©tection d'encodage.DÃ©tection des BOM">
                <results>
                  <test-case description="DÃ©tecte correctement l'encodage UTF-8 avec BOM" name="Tests de dÃ©tection d'encodage.DÃ©tection des BOM.DÃ©tecte correctement l'encodage UTF-8 avec BOM" time="0" asserts="0" success="False" result="Failure" executed="True">
                    <failure>
                      <message>This test should run but it did not. Most likely a setup in some parent block failed.</message>
                      <stack-trace />
                    </failure>
                  </test-case>
                  <test-case description="DÃ©tecte correctement l'encodage UTF-16LE avec BOM" name="Tests de dÃ©tection d'encodage.DÃ©tection des BOM.DÃ©tecte correctement l'encodage UTF-16LE avec BOM" time="0" asserts="0" success="False" result="Failure" executed="True">
                    <failure>
                      <message>This test should run but it did not. Most likely a setup in some parent block failed.</message>
                      <stack-trace />
                    </failure>
                  </test-case>
                  <test-case description="DÃ©tecte correctement l'encodage UTF-16BE avec BOM" name="Tests de dÃ©tection d'encodage.DÃ©tection des BOM.DÃ©tecte correctement l'encodage UTF-16BE avec BOM" time="0" asserts="0" success="False" result="Failure" executed="True">
                    <failure>
                      <message>This test should run but it did not. Most likely a setup in some parent block failed.</message>
                      <stack-trace />
                    </failure>
                  </test-case>
                </results>
              </test-suite>
              <test-suite type="TestFixture" name="Tests de dÃ©tection d'encodage.DÃ©tection sans BOM" executed="True" result="Failure" success="False" time="0" asserts="0" description="Tests de dÃ©tection d'encodage.DÃ©tection sans BOM">
                <results>
                  <test-case description="DÃ©tecte correctement l'encodage ASCII" name="Tests de dÃ©tection d'encodage.DÃ©tection sans BOM.DÃ©tecte correctement l'encodage ASCII" time="0" asserts="0" success="False" result="Failure" executed="True">
                    <failure>
                      <message>This test should run but it did not. Most likely a setup in some parent block failed.</message>
                      <stack-trace />
                    </failure>
                  </test-case>
                  <test-case description="DÃ©tecte correctement l'encodage UTF-8 sans BOM" name="Tests de dÃ©tection d'encodage.DÃ©tection sans BOM.DÃ©tecte correctement l'encodage UTF-8 sans BOM" time="0" asserts="0" success="False" result="Failure" executed="True">
                    <failure>
                      <message>This test should run but it did not. Most likely a setup in some parent block failed.</message>
                      <stack-trace />
                    </failure>
                  </test-case>
                  <test-case description="DÃ©tecte correctement l'encodage UTF-16LE sans BOM" name="Tests de dÃ©tection d'encodage.DÃ©tection sans BOM.DÃ©tecte correctement l'encodage UTF-16LE sans BOM" time="0" asserts="0" success="False" result="Failure" executed="True">
                    <failure>
                      <message>This test should run but it did not. Most likely a setup in some parent block failed.</message>
                      <stack-trace />
                    </failure>
                  </test-case>
                  <test-case description="DÃ©tecte correctement l'encodage UTF-16BE sans BOM" name="Tests de dÃ©tection d'encodage.DÃ©tection sans BOM.DÃ©tecte correctement l'encodage UTF-16BE sans BOM" time="0" asserts="0" success="False" result="Failure" executed="True">
                    <failure>
                      <message>This test should run but it did not. Most likely a setup in some parent block failed.</message>
                      <stack-trace />
                    </failure>
                  </test-case>
                  <test-case description="DÃ©tecte correctement l'encodage Windows-1252" name="Tests de dÃ©tection d'encodage.DÃ©tection sans BOM.DÃ©tecte correctement l'encodage Windows-1252" time="0" asserts="0" success="False" result="Failure" executed="True">
                    <failure>
                      <message>This test should run but it did not. Most likely a setup in some parent block failed.</message>
                      <stack-trace />
                    </failure>
                  </test-case>
                </results>
              </test-suite>
              <test-suite type="TestFixture" name="Tests de dÃ©tection d'encodage.DÃ©tection de fichiers binaires" executed="True" result="Failure" success="False" time="0" asserts="0" description="Tests de dÃ©tection d'encodage.DÃ©tection de fichiers binaires">
                <results>
                  <test-case description="DÃ©tecte correctement un fichier binaire" name="Tests de dÃ©tection d'encodage.DÃ©tection de fichiers binaires.DÃ©tecte correctement un fichier binaire" time="0" asserts="0" success="False" result="Failure" executed="True">
                    <failure>
                      <message>This test should run but it did not. Most likely a setup in some parent block failed.</message>
                      <stack-trace />
                    </failure>
                  </test-case>
                  <test-case description="DÃ©tecte correctement un fichier avec des octets nuls" name="Tests de dÃ©tection d'encodage.DÃ©tection de fichiers binaires.DÃ©tecte correctement un fichier avec des octets nuls" time="0" asserts="0" success="False" result="Failure" executed="True">
                    <failure>
                      <message>This test should run but it did not. Most likely a setup in some parent block failed.</message>
                      <stack-trace />
                    </failure>
                  </test-case>
                </results>
              </test-suite>
              <test-suite type="TestFixture" name="Tests de dÃ©tection d'encodage.Gestion des erreurs" executed="True" result="Failure" success="False" time="0" asserts="0" description="Tests de dÃ©tection d'encodage.Gestion des erreurs">
                <results>
                  <test-case description="Retourne FILE_NOT_FOUND pour un fichier inexistant" name="Tests de dÃ©tection d'encodage.Gestion des erreurs.Retourne FILE_NOT_FOUND pour un fichier inexistant" time="0" asserts="0" success="False" result="Failure" executed="True">
                    <failure>
                      <message>This test should run but it did not. Most likely a setup in some parent block failed.</message>
                      <stack-trace />
                    </failure>
                  </test-case>
                </results>
              </test-suite>
            </results>
          </test-suite>
        </results>
      </test-suite>
      <test-suite type="TestFixture" name="D:\DO\WEB\N8N_tests\PROJETS\EMAIL_SENDER_1\scripts\format-detection\tests\Improved-FormatDetection.Tests.ps1" executed="True" result="Failure" success="False" time="0.6915" asserts="0" description="D:\DO\WEB\N8N_tests\PROJETS\EMAIL_SENDER_1\scripts\format-detection\tests\Improved-FormatDetection.Tests.ps1">
        <results>
          <test-suite type="TestFixture" name="Tests de dÃ©tection de format amÃ©liorÃ©e" executed="True" result="Failure" success="False" time="0.1002" asserts="0" description="Tests de dÃ©tection de format amÃ©liorÃ©e">
            <results>
              <test-suite type="TestFixture" name="Tests de dÃ©tection de format amÃ©liorÃ©e.DÃ©tection par extension" executed="True" result="Failure" success="False" time="0" asserts="0" description="Tests de dÃ©tection de format amÃ©liorÃ©e.DÃ©tection par extension">
                <results>
                  <test-case description="DÃ©tecte correctement le format XML" name="Tests de dÃ©tection de format amÃ©liorÃ©e.DÃ©tection par extension.DÃ©tecte correctement le format XML" time="0" asserts="0" success="False" result="Failure" executed="True">
                    <failure>
                      <message>This test should run but it did not. Most likely a setup in some parent block failed.</message>
                      <stack-trace />
                    </failure>
                  </test-case>
                  <test-case description="DÃ©tecte correctement le format JSON" name="Tests de dÃ©tection de format amÃ©liorÃ©e.DÃ©tection par extension.DÃ©tecte correctement le format JSON" time="0" asserts="0" success="False" result="Failure" executed="True">
                    <failure>
                      <message>This test should run but it did not. Most likely a setup in some parent block failed.</message>
                      <stack-trace />
                    </failure>
                  </test-case>
                  <test-case description="DÃ©tecte correctement le format HTML" name="Tests de dÃ©tection de format amÃ©liorÃ©e.DÃ©tection par extension.DÃ©tecte correctement le format HTML" time="0" asserts="0" success="False" result="Failure" executed="True">
                    <failure>
                      <message>This test should run but it did not. Most likely a setup in some parent block failed.</message>
                      <stack-trace />
                    </failure>
                  </test-case>
                  <test-case description="DÃ©tecte correctement le format CSS" name="Tests de dÃ©tection de format amÃ©liorÃ©e.DÃ©tection par extension.DÃ©tecte correctement le format CSS" time="0" asserts="0" success="False" result="Failure" executed="True">
                    <failure>
                      <message>This test should run but it did not. Most likely a setup in some parent block failed.</message>
                      <stack-trace />
                    </failure>
                  </test-case>
                  <test-case description="DÃ©tecte correctement le format JavaScript" name="Tests de dÃ©tection de format amÃ©liorÃ©e.DÃ©tection par extension.DÃ©tecte correctement le format JavaScript" time="0" asserts="0" success="False" result="Failure" executed="True">
                    <failure>
                      <message>This test should run but it did not. Most likely a setup in some parent block failed.</message>
                      <stack-trace />
                    </failure>
                  </test-case>
                  <test-case description="DÃ©tecte correctement le format PowerShell" name="Tests de dÃ©tection de format amÃ©liorÃ©e.DÃ©tection par extension.DÃ©tecte correctement le format PowerShell" time="0" asserts="0" success="False" result="Failure" executed="True">
                    <failure>
                      <message>This test should run but it did not. Most likely a setup in some parent block failed.</message>
                      <stack-trace />
                    </failure>
                  </test-case>
                  <test-case description="DÃ©tecte correctement le format CSV" name="Tests de dÃ©tection de format amÃ©liorÃ©e.DÃ©tection par extension.DÃ©tecte correctement le format CSV" time="0" asserts="0" success="False" result="Failure" executed="True">
                    <failure>
                      <message>This test should run but it did not. Most likely a setup in some parent block failed.</message>
                      <stack-trace />
                    </failure>
                  </test-case>
                  <test-case description="DÃ©tecte correctement le format INI" name="Tests de dÃ©tection de format amÃ©liorÃ©e.DÃ©tection par extension.DÃ©tecte correctement le format INI" time="0" asserts="0" success="False" result="Failure" executed="True">
                    <failure>
                      <message>This test should run but it did not. Most likely a setup in some parent block failed.</message>
                      <stack-trace />
                    </failure>
                  </test-case>
                  <test-case description="DÃ©tecte correctement le format YAML" name="Tests de dÃ©tection de format amÃ©liorÃ©e.DÃ©tection par extension.DÃ©tecte correctement le format YAML" time="0" asserts="0" success="False" result="Failure" executed="True">
                    <failure>
                      <message>This test should run but it did not. Most likely a setup in some parent block failed.</message>
                      <stack-trace />
                    </failure>
                  </test-case>
                  <test-case description="DÃ©tecte correctement le format binaire" name="Tests de dÃ©tection de format amÃ©liorÃ©e.DÃ©tection par extension.DÃ©tecte correctement le format binaire" time="0" asserts="0" success="False" result="Failure" executed="True">
                    <failure>
                      <message>This test should run but it did not. Most likely a setup in some parent block failed.</message>
                      <stack-trace />
                    </failure>
                  </test-case>
                </results>
              </test-suite>
              <test-suite type="TestFixture" name="Tests de dÃ©tection de format amÃ©liorÃ©e.DÃ©tection par contenu" executed="True" result="Failure" success="False" time="0" asserts="0" description="Tests de dÃ©tection de format amÃ©liorÃ©e.DÃ©tection par contenu">
                <results>
                  <test-case description="DÃ©tecte correctement le format XML mÃªme avec une extension incorrecte" name="Tests de dÃ©tection de format amÃ©liorÃ©e.DÃ©tection par contenu.DÃ©tecte correctement le format XML mÃªme avec une extension incorrecte" time="0" asserts="0" success="False" result="Failure" executed="True">
                    <failure>
                      <message>This test should run but it did not. Most likely a setup in some parent block failed.</message>
                      <stack-trace />
                    </failure>
                  </test-case>
                  <test-case description="DÃ©tecte correctement le format JSON mÃªme avec une extension incorrecte" name="Tests de dÃ©tection de format amÃ©liorÃ©e.DÃ©tection par contenu.DÃ©tecte correctement le format JSON mÃªme avec une extension incorrecte" time="0" asserts="0" success="False" result="Failure" executed="True">
                    <failure>
                      <message>This test should run but it did not. Most likely a setup in some parent block failed.</message>
                      <stack-trace />
                    </failure>
                  </test-case>
                  <test-case description="DÃ©tecte correctement le format HTML mÃªme avec une extension incorrecte" name="Tests de dÃ©tection de format amÃ©liorÃ©e.DÃ©tection par contenu.DÃ©tecte correctement le format HTML mÃªme avec une extension incorrecte" time="0" asserts="0" success="False" result="Failure" executed="True">
                    <failure>
                      <message>This test should run but it did not. Most likely a setup in some parent block failed.</message>
                      <stack-trace />
                    </failure>
                  </test-case>
                </results>
              </test-suite>
              <test-suite type="TestFixture" name="Tests de dÃ©tection de format amÃ©liorÃ©e.DÃ©tection avec encodage" executed="True" result="Failure" success="False" time="0" asserts="0" description="Tests de dÃ©tection de format amÃ©liorÃ©e.DÃ©tection avec encodage">
                <results>
                  <test-case description="DÃ©tecte correctement l'encodage UTF-8" name="Tests de dÃ©tection de format amÃ©liorÃ©e.DÃ©tection avec encodage.DÃ©tecte correctement l'encodage UTF-8" time="0" asserts="0" success="False" result="Failure" executed="True">
                    <failure>
                      <message>This test should run but it did not. Most likely a setup in some parent block failed.</message>
                      <stack-trace />
                    </failure>
                  </test-case>
                </results>
              </test-suite>
              <test-suite type="TestFixture" name="Tests de dÃ©tection de format amÃ©liorÃ©e.Gestion des erreurs" executed="True" result="Failure" success="False" time="0" asserts="0" description="Tests de dÃ©tection de format amÃ©liorÃ©e.Gestion des erreurs">
                <results>
                  <test-case description="GÃ¨re correctement un fichier inexistant" name="Tests de dÃ©tection de format amÃ©liorÃ©e.Gestion des erreurs.GÃ¨re correctement un fichier inexistant" time="0" asserts="0" success="False" result="Failure" executed="True">
                    <failure>
                      <message>This test should run but it did not. Most likely a setup in some parent block failed.</message>
                      <stack-trace />
                    </failure>
                  </test-case>
                </results>
              </test-suite>
            </results>
          </test-suite>
        </results>
      </test-suite>
      <test-suite type="TestFixture" name="D:\DO\WEB\N8N_tests\PROJETS\EMAIL_SENDER_1\scripts\format-detection\tests\Simple-FormatDetection.Tests.ps1" executed="True" result="Failure" success="False" time="1.3927" asserts="0" description="D:\DO\WEB\N8N_tests\PROJETS\EMAIL_SENDER_1\scripts\format-detection\tests\Simple-FormatDetection.Tests.ps1">
        <results>
          <test-suite type="TestFixture" name="Tests de dÃ©tection de format" executed="True" result="Failure" success="False" time="1.0689" asserts="0" description="Tests de dÃ©tection de format">
            <results>
              <test-suite type="TestFixture" name="Tests de dÃ©tection de format.Get-FileFormatByExtension" executed="True" result="Failure" success="False" time="0.5754" asserts="0" description="Tests de dÃ©tection de format.Get-FileFormatByExtension">
                <results>
                  <test-case description="DÃ©tecte correctement le format TEXT pour un fichier .txt" name="Tests de dÃ©tection de format.Get-FileFormatByExtension.DÃ©tecte correctement le format TEXT pour un fichier .txt" time="0.1824" asserts="0" success="False" result="Failure" executed="True">
                    <failure>
                      <message>CommandNotFoundException: Le terme « Get-FileFormatByExtension » n'est pas reconnu comme nom d'applet de commande, fonction, fichier de script ou programme exécutable. Vérifiez l'orthographe du nom, ou si un chemin d'accès existe, vérifiez que le chemin d'accès est correct et réessayez.</message>
                      <stack-trace>à &lt;ScriptBlock&gt;, D:\DO\WEB\N8N_tests\PROJETS\EMAIL_SENDER_1\scripts\format-detection\tests\Simple-FormatDetection.Tests.ps1 : ligne 83
à &lt;ScriptBlock&gt;, C:\Users\user\Documents\WindowsPowerShell\Modules\Pester\5.7.1\Pester.psm1 : ligne 2024
à &lt;ScriptBlock&gt;, C:\Users\user\Documents\WindowsPowerShell\Modules\Pester\5.7.1\Pester.psm1 : ligne 1985
à Invoke-ScriptBlock, C:\Users\user\Documents\WindowsPowerShell\Modules\Pester\5.7.1\Pester.psm1 : ligne 2157
à Invoke-TestItem, C:\Users\user\Documents\WindowsPowerShell\Modules\Pester\5.7.1\Pester.psm1 : ligne 1199
à Invoke-Block, C:\Users\user\Documents\WindowsPowerShell\Modules\Pester\5.7.1\Pester.psm1 : ligne 835
à &lt;ScriptBlock&gt;, C:\Users\user\Documents\WindowsPowerShell\Modules\Pester\5.7.1\Pester.psm1 : ligne 893
à &lt;ScriptBlock&gt;, C:\Users\user\Documents\WindowsPowerShell\Modules\Pester\5.7.1\Pester.psm1 : ligne 2024
à &lt;ScriptBlock&gt;, C:\Users\user\Documents\WindowsPowerShell\Modules\Pester\5.7.1\Pester.psm1 : ligne 1985
à Invoke-ScriptBlock, C:\Users\user\Documents\WindowsPowerShell\Modules\Pester\5.7.1\Pester.psm1 : ligne 2160
à Invoke-Block, C:\Users\user\Documents\WindowsPowerShell\Modules\Pester\5.7.1\Pester.psm1 : ligne 940
à &lt;ScriptBlock&gt;, C:\Users\user\Documents\WindowsPowerShell\Modules\Pester\5.7.1\Pester.psm1 : ligne 893
à &lt;ScriptBlock&gt;, C:\Users\user\Documents\WindowsPowerShell\Modules\Pester\5.7.1\Pester.psm1 : ligne 2024
à &lt;ScriptBlock&gt;, C:\Users\user\Documents\WindowsPowerShell\Modules\Pester\5.7.1\Pester.psm1 : ligne 1985
à Invoke-ScriptBlock, C:\Users\user\Documents\WindowsPowerShell\Modules\Pester\5.7.1\Pester.psm1 : ligne 2160
à Invoke-Block, C:\Users\user\Documents\WindowsPowerShell\Modules\Pester\5.7.1\Pester.psm1 : ligne 940
à &lt;ScriptBlock&gt;, C:\Users\user\Documents\WindowsPowerShell\Modules\Pester\5.7.1\Pester.psm1 : ligne 893
à &lt;ScriptBlock&gt;, C:\Users\user\Documents\WindowsPowerShell\Modules\Pester\5.7.1\Pester.psm1 : ligne 2024
à &lt;ScriptBlock&gt;, C:\Users\user\Documents\WindowsPowerShell\Modules\Pester\5.7.1\Pester.psm1 : ligne 1985
à Invoke-ScriptBlock, C:\Users\user\Documents\WindowsPowerShell\Modules\Pester\5.7.1\Pester.psm1 : ligne 2160
à Invoke-Block, C:\Users\user\Documents\WindowsPowerShell\Modules\Pester\5.7.1\Pester.psm1 : ligne 940
à &lt;ScriptBlock&gt;, C:\Users\user\Documents\WindowsPowerShell\Modules\Pester\5.7.1\Pester.psm1 : ligne 1688
à &lt;ScriptBlock&gt;, C:\Users\user\Documents\WindowsPowerShell\Modules\Pester\5.7.1\Pester.ps1 : ligne 3
à &lt;ScriptBlock&gt;, C:\Users\user\Documents\WindowsPowerShell\Modules\Pester\5.7.1\Pester.psm1 : ligne 3260
à Invoke-InNewScriptScope, C:\Users\user\Documents\WindowsPowerShell\Modules\Pester\5.7.1\Pester.psm1 : ligne 3267
à Run-Test, C:\Users\user\Documents\WindowsPowerShell\Modules\Pester\5.7.1\Pester.psm1 : ligne 1691
à Invoke-Test, C:\Users\user\Documents\WindowsPowerShell\Modules\Pester\5.7.1\Pester.psm1 : ligne 2512
à Invoke-Pester&lt;End&gt;, C:\Users\user\Documents\WindowsPowerShell\Modules\Pester\5.7.1\Pester.psm1 : ligne 4960
à &lt;ScriptBlock&gt;, D:\DO\WEB\N8N_tests\PROJETS\EMAIL_SENDER_1\scripts\format-detection\tests\Run-UnitTests.ps1 : ligne 61
à &lt;ScriptBlock&gt;, D:\DO\WEB\N8N_tests\PROJETS\EMAIL_SENDER_1\scripts\format-detection\tests\Run-AllTests.ps1 : ligne 57</stack-trace>
                    </failure>
                  </test-case>
                  <test-case description="DÃ©tecte correctement le format CSV pour un fichier .csv" name="Tests de dÃ©tection de format.Get-FileFormatByExtension.DÃ©tecte correctement le format CSV pour un fichier .csv" time="0.123" asserts="0" success="False" result="Failure" executed="True">
                    <failure>
                      <message>CommandNotFoundException: Le terme « Get-FileFormatByExtension » n'est pas reconnu comme nom d'applet de commande, fonction, fichier de script ou programme exécutable. Vérifiez l'orthographe du nom, ou si un chemin d'accès existe, vérifiez que le chemin d'accès est correct et réessayez.</message>
                      <stack-trace>à &lt;ScriptBlock&gt;, D:\DO\WEB\N8N_tests\PROJETS\EMAIL_SENDER_1\scripts\format-detection\tests\Simple-FormatDetection.Tests.ps1 : ligne 87
à &lt;ScriptBlock&gt;, C:\Users\user\Documents\WindowsPowerShell\Modules\Pester\5.7.1\Pester.psm1 : ligne 2024
à &lt;ScriptBlock&gt;, C:\Users\user\Documents\WindowsPowerShell\Modules\Pester\5.7.1\Pester.psm1 : ligne 1985
à Invoke-ScriptBlock, C:\Users\user\Documents\WindowsPowerShell\Modules\Pester\5.7.1\Pester.psm1 : ligne 2157
à Invoke-TestItem, C:\Users\user\Documents\WindowsPowerShell\Modules\Pester\5.7.1\Pester.psm1 : ligne 1199
à Invoke-Block, C:\Users\user\Documents\WindowsPowerShell\Modules\Pester\5.7.1\Pester.psm1 : ligne 835
à &lt;ScriptBlock&gt;, C:\Users\user\Documents\WindowsPowerShell\Modules\Pester\5.7.1\Pester.psm1 : ligne 893
à &lt;ScriptBlock&gt;, C:\Users\user\Documents\WindowsPowerShell\Modules\Pester\5.7.1\Pester.psm1 : ligne 2024
à &lt;ScriptBlock&gt;, C:\Users\user\Documents\WindowsPowerShell\Modules\Pester\5.7.1\Pester.psm1 : ligne 1985
à Invoke-ScriptBlock, C:\Users\user\Documents\WindowsPowerShell\Modules\Pester\5.7.1\Pester.psm1 : ligne 2160
à Invoke-Block, C:\Users\user\Documents\WindowsPowerShell\Modules\Pester\5.7.1\Pester.psm1 : ligne 940
à &lt;ScriptBlock&gt;, C:\Users\user\Documents\WindowsPowerShell\Modules\Pester\5.7.1\Pester.psm1 : ligne 893
à &lt;ScriptBlock&gt;, C:\Users\user\Documents\WindowsPowerShell\Modules\Pester\5.7.1\Pester.psm1 : ligne 2024
à &lt;ScriptBlock&gt;, C:\Users\user\Documents\WindowsPowerShell\Modules\Pester\5.7.1\Pester.psm1 : ligne 1985
à Invoke-ScriptBlock, C:\Users\user\Documents\WindowsPowerShell\Modules\Pester\5.7.1\Pester.psm1 : ligne 2160
à Invoke-Block, C:\Users\user\Documents\WindowsPowerShell\Modules\Pester\5.7.1\Pester.psm1 : ligne 940
à &lt;ScriptBlock&gt;, C:\Users\user\Documents\WindowsPowerShell\Modules\Pester\5.7.1\Pester.psm1 : ligne 893
à &lt;ScriptBlock&gt;, C:\Users\user\Documents\WindowsPowerShell\Modules\Pester\5.7.1\Pester.psm1 : ligne 2024
à &lt;ScriptBlock&gt;, C:\Users\user\Documents\WindowsPowerShell\Modules\Pester\5.7.1\Pester.psm1 : ligne 1985
à Invoke-ScriptBlock, C:\Users\user\Documents\WindowsPowerShell\Modules\Pester\5.7.1\Pester.psm1 : ligne 2160
à Invoke-Block, C:\Users\user\Documents\WindowsPowerShell\Modules\Pester\5.7.1\Pester.psm1 : ligne 940
à &lt;ScriptBlock&gt;, C:\Users\user\Documents\WindowsPowerShell\Modules\Pester\5.7.1\Pester.psm1 : ligne 1688
à &lt;ScriptBlock&gt;, C:\Users\user\Documents\WindowsPowerShell\Modules\Pester\5.7.1\Pester.ps1 : ligne 3
à &lt;ScriptBlock&gt;, C:\Users\user\Documents\WindowsPowerShell\Modules\Pester\5.7.1\Pester.psm1 : ligne 3260
à Invoke-InNewScriptScope, C:\Users\user\Documents\WindowsPowerShell\Modules\Pester\5.7.1\Pester.psm1 : ligne 3267
à Run-Test, C:\Users\user\Documents\WindowsPowerShell\Modules\Pester\5.7.1\Pester.psm1 : ligne 1691
à Invoke-Test, C:\Users\user\Documents\WindowsPowerShell\Modules\Pester\5.7.1\Pester.psm1 : ligne 2512
à Invoke-Pester&lt;End&gt;, C:\Users\user\Documents\WindowsPowerShell\Modules\Pester\5.7.1\Pester.psm1 : ligne 4960
à &lt;ScriptBlock&gt;, D:\DO\WEB\N8N_tests\PROJETS\EMAIL_SENDER_1\scripts\format-detection\tests\Run-UnitTests.ps1 : ligne 61
à &lt;ScriptBlock&gt;, D:\DO\WEB\N8N_tests\PROJETS\EMAIL_SENDER_1\scripts\format-detection\tests\Run-AllTests.ps1 : ligne 57</stack-trace>
                    </failure>
                  </test-case>
                  <test-case description="DÃ©tecte correctement le format XML pour un fichier .xml" name="Tests de dÃ©tection de format.Get-FileFormatByExtension.DÃ©tecte correctement le format XML pour un fichier .xml" time="0.1354" asserts="0" success="False" result="Failure" executed="True">
                    <failure>
                      <message>CommandNotFoundException: Le terme « Get-FileFormatByExtension » n'est pas reconnu comme nom d'applet de commande, fonction, fichier de script ou programme exécutable. Vérifiez l'orthographe du nom, ou si un chemin d'accès existe, vérifiez que le chemin d'accès est correct et réessayez.</message>
                      <stack-trace>à &lt;ScriptBlock&gt;, D:\DO\WEB\N8N_tests\PROJETS\EMAIL_SENDER_1\scripts\format-detection\tests\Simple-FormatDetection.Tests.ps1 : ligne 91
à &lt;ScriptBlock&gt;, C:\Users\user\Documents\WindowsPowerShell\Modules\Pester\5.7.1\Pester.psm1 : ligne 2024
à &lt;ScriptBlock&gt;, C:\Users\user\Documents\WindowsPowerShell\Modules\Pester\5.7.1\Pester.psm1 : ligne 1985
à Invoke-ScriptBlock, C:\Users\user\Documents\WindowsPowerShell\Modules\Pester\5.7.1\Pester.psm1 : ligne 2157
à Invoke-TestItem, C:\Users\user\Documents\WindowsPowerShell\Modules\Pester\5.7.1\Pester.psm1 : ligne 1199
à Invoke-Block, C:\Users\user\Documents\WindowsPowerShell\Modules\Pester\5.7.1\Pester.psm1 : ligne 835
à &lt;ScriptBlock&gt;, C:\Users\user\Documents\WindowsPowerShell\Modules\Pester\5.7.1\Pester.psm1 : ligne 893
à &lt;ScriptBlock&gt;, C:\Users\user\Documents\WindowsPowerShell\Modules\Pester\5.7.1\Pester.psm1 : ligne 2024
à &lt;ScriptBlock&gt;, C:\Users\user\Documents\WindowsPowerShell\Modules\Pester\5.7.1\Pester.psm1 : ligne 1985
à Invoke-ScriptBlock, C:\Users\user\Documents\WindowsPowerShell\Modules\Pester\5.7.1\Pester.psm1 : ligne 2160
à Invoke-Block, C:\Users\user\Documents\WindowsPowerShell\Modules\Pester\5.7.1\Pester.psm1 : ligne 940
à &lt;ScriptBlock&gt;, C:\Users\user\Documents\WindowsPowerShell\Modules\Pester\5.7.1\Pester.psm1 : ligne 893
à &lt;ScriptBlock&gt;, C:\Users\user\Documents\WindowsPowerShell\Modules\Pester\5.7.1\Pester.psm1 : ligne 2024
à &lt;ScriptBlock&gt;, C:\Users\user\Documents\WindowsPowerShell\Modules\Pester\5.7.1\Pester.psm1 : ligne 1985
à Invoke-ScriptBlock, C:\Users\user\Documents\WindowsPowerShell\Modules\Pester\5.7.1\Pester.psm1 : ligne 2160
à Invoke-Block, C:\Users\user\Documents\WindowsPowerShell\Modules\Pester\5.7.1\Pester.psm1 : ligne 940
à &lt;ScriptBlock&gt;, C:\Users\user\Documents\WindowsPowerShell\Modules\Pester\5.7.1\Pester.psm1 : ligne 893
à &lt;ScriptBlock&gt;, C:\Users\user\Documents\WindowsPowerShell\Modules\Pester\5.7.1\Pester.psm1 : ligne 2024
à &lt;ScriptBlock&gt;, C:\Users\user\Documents\WindowsPowerShell\Modules\Pester\5.7.1\Pester.psm1 : ligne 1985
à Invoke-ScriptBlock, C:\Users\user\Documents\WindowsPowerShell\Modules\Pester\5.7.1\Pester.psm1 : ligne 2160
à Invoke-Block, C:\Users\user\Documents\WindowsPowerShell\Modules\Pester\5.7.1\Pester.psm1 : ligne 940
à &lt;ScriptBlock&gt;, C:\Users\user\Documents\WindowsPowerShell\Modules\Pester\5.7.1\Pester.psm1 : ligne 1688
à &lt;ScriptBlock&gt;, C:\Users\user\Documents\WindowsPowerShell\Modules\Pester\5.7.1\Pester.ps1 : ligne 3
à &lt;ScriptBlock&gt;, C:\Users\user\Documents\WindowsPowerShell\Modules\Pester\5.7.1\Pester.psm1 : ligne 3260
à Invoke-InNewScriptScope, C:\Users\user\Documents\WindowsPowerShell\Modules\Pester\5.7.1\Pester.psm1 : ligne 3267
à Run-Test, C:\Users\user\Documents\WindowsPowerShell\Modules\Pester\5.7.1\Pester.psm1 : ligne 1691
à Invoke-Test, C:\Users\user\Documents\WindowsPowerShell\Modules\Pester\5.7.1\Pester.psm1 : ligne 2512
à Invoke-Pester&lt;End&gt;, C:\Users\user\Documents\WindowsPowerShell\Modules\Pester\5.7.1\Pester.psm1 : ligne 4960
à &lt;ScriptBlock&gt;, D:\DO\WEB\N8N_tests\PROJETS\EMAIL_SENDER_1\scripts\format-detection\tests\Run-UnitTests.ps1 : ligne 61
à &lt;ScriptBlock&gt;, D:\DO\WEB\N8N_tests\PROJETS\EMAIL_SENDER_1\scripts\format-detection\tests\Run-AllTests.ps1 : ligne 57</stack-trace>
                    </failure>
                  </test-case>
                  <test-case description="DÃ©tecte correctement le format JSON pour un fichier .json" name="Tests de dÃ©tection de format.Get-FileFormatByExtension.DÃ©tecte correctement le format JSON pour un fichier .json" time="0.1131" asserts="0" success="False" result="Failure" executed="True">
                    <failure>
                      <message>CommandNotFoundException: Le terme « Get-FileFormatByExtension » n'est pas reconnu comme nom d'applet de commande, fonction, fichier de script ou programme exécutable. Vérifiez l'orthographe du nom, ou si un chemin d'accès existe, vérifiez que le chemin d'accès est correct et réessayez.</message>
                      <stack-trace>à &lt;ScriptBlock&gt;, D:\DO\WEB\N8N_tests\PROJETS\EMAIL_SENDER_1\scripts\format-detection\tests\Simple-FormatDetection.Tests.ps1 : ligne 95
à &lt;ScriptBlock&gt;, C:\Users\user\Documents\WindowsPowerShell\Modules\Pester\5.7.1\Pester.psm1 : ligne 2024
à &lt;ScriptBlock&gt;, C:\Users\user\Documents\WindowsPowerShell\Modules\Pester\5.7.1\Pester.psm1 : ligne 1985
à Invoke-ScriptBlock, C:\Users\user\Documents\WindowsPowerShell\Modules\Pester\5.7.1\Pester.psm1 : ligne 2157
à Invoke-TestItem, C:\Users\user\Documents\WindowsPowerShell\Modules\Pester\5.7.1\Pester.psm1 : ligne 1199
à Invoke-Block, C:\Users\user\Documents\WindowsPowerShell\Modules\Pester\5.7.1\Pester.psm1 : ligne 835
à &lt;ScriptBlock&gt;, C:\Users\user\Documents\WindowsPowerShell\Modules\Pester\5.7.1\Pester.psm1 : ligne 893
à &lt;ScriptBlock&gt;, C:\Users\user\Documents\WindowsPowerShell\Modules\Pester\5.7.1\Pester.psm1 : ligne 2024
à &lt;ScriptBlock&gt;, C:\Users\user\Documents\WindowsPowerShell\Modules\Pester\5.7.1\Pester.psm1 : ligne 1985
à Invoke-ScriptBlock, C:\Users\user\Documents\WindowsPowerShell\Modules\Pester\5.7.1\Pester.psm1 : ligne 2160
à Invoke-Block, C:\Users\user\Documents\WindowsPowerShell\Modules\Pester\5.7.1\Pester.psm1 : ligne 940
à &lt;ScriptBlock&gt;, C:\Users\user\Documents\WindowsPowerShell\Modules\Pester\5.7.1\Pester.psm1 : ligne 893
à &lt;ScriptBlock&gt;, C:\Users\user\Documents\WindowsPowerShell\Modules\Pester\5.7.1\Pester.psm1 : ligne 2024
à &lt;ScriptBlock&gt;, C:\Users\user\Documents\WindowsPowerShell\Modules\Pester\5.7.1\Pester.psm1 : ligne 1985
à Invoke-ScriptBlock, C:\Users\user\Documents\WindowsPowerShell\Modules\Pester\5.7.1\Pester.psm1 : ligne 2160
à Invoke-Block, C:\Users\user\Documents\WindowsPowerShell\Modules\Pester\5.7.1\Pester.psm1 : ligne 940
à &lt;ScriptBlock&gt;, C:\Users\user\Documents\WindowsPowerShell\Modules\Pester\5.7.1\Pester.psm1 : ligne 893
à &lt;ScriptBlock&gt;, C:\Users\user\Documents\WindowsPowerShell\Modules\Pester\5.7.1\Pester.psm1 : ligne 2024
à &lt;ScriptBlock&gt;, C:\Users\user\Documents\WindowsPowerShell\Modules\Pester\5.7.1\Pester.psm1 : ligne 1985
à Invoke-ScriptBlock, C:\Users\user\Documents\WindowsPowerShell\Modules\Pester\5.7.1\Pester.psm1 : ligne 2160
à Invoke-Block, C:\Users\user\Documents\WindowsPowerShell\Modules\Pester\5.7.1\Pester.psm1 : ligne 940
à &lt;ScriptBlock&gt;, C:\Users\user\Documents\WindowsPowerShell\Modules\Pester\5.7.1\Pester.psm1 : ligne 1688
à &lt;ScriptBlock&gt;, C:\Users\user\Documents\WindowsPowerShell\Modules\Pester\5.7.1\Pester.ps1 : ligne 3
à &lt;ScriptBlock&gt;, C:\Users\user\Documents\WindowsPowerShell\Modules\Pester\5.7.1\Pester.psm1 : ligne 3260
à Invoke-InNewScriptScope, C:\Users\user\Documents\WindowsPowerShell\Modules\Pester\5.7.1\Pester.psm1 : ligne 3267
à Run-Test, C:\Users\user\Documents\WindowsPowerShell\Modules\Pester\5.7.1\Pester.psm1 : ligne 1691
à Invoke-Test, C:\Users\user\Documents\WindowsPowerShell\Modules\Pester\5.7.1\Pester.psm1 : ligne 2512
à Invoke-Pester&lt;End&gt;, C:\Users\user\Documents\WindowsPowerShell\Modules\Pester\5.7.1\Pester.psm1 : ligne 4960
à &lt;ScriptBlock&gt;, D:\DO\WEB\N8N_tests\PROJETS\EMAIL_SENDER_1\scripts\format-detection\tests\Run-UnitTests.ps1 : ligne 61
à &lt;ScriptBlock&gt;, D:\DO\WEB\N8N_tests\PROJETS\EMAIL_SENDER_1\scripts\format-detection\tests\Run-AllTests.ps1 : ligne 57</stack-trace>
                    </failure>
                  </test-case>
                </results>
              </test-suite>
              <test-suite type="TestFixture" name="Tests de dÃ©tection de format.Get-FileFormatByContent" executed="True" result="Failure" success="False" time="1.0245" asserts="0" description="Tests de dÃ©tection de format.Get-FileFormatByContent">
                <results>
                  <test-case description="DÃ©tecte correctement le format TEXT pour un fichier texte" name="Tests de dÃ©tection de format.Get-FileFormatByContent.DÃ©tecte correctement le format TEXT pour un fichier texte" time="0.1032" asserts="0" success="False" result="Failure" executed="True">
                    <failure>
                      <message>CommandNotFoundException: Le terme « Get-FileFormatByContent » n'est pas reconnu comme nom d'applet de commande, fonction, fichier de script ou programme exécutable. Vérifiez l'orthographe du nom, ou si un chemin d'accès existe, vérifiez que le chemin d'accès est correct et réessayez.</message>
                      <stack-trace>à &lt;ScriptBlock&gt;, D:\DO\WEB\N8N_tests\PROJETS\EMAIL_SENDER_1\scripts\format-detection\tests\Simple-FormatDetection.Tests.ps1 : ligne 101
à &lt;ScriptBlock&gt;, C:\Users\user\Documents\WindowsPowerShell\Modules\Pester\5.7.1\Pester.psm1 : ligne 2024
à &lt;ScriptBlock&gt;, C:\Users\user\Documents\WindowsPowerShell\Modules\Pester\5.7.1\Pester.psm1 : ligne 1985
à Invoke-ScriptBlock, C:\Users\user\Documents\WindowsPowerShell\Modules\Pester\5.7.1\Pester.psm1 : ligne 2157
à Invoke-TestItem, C:\Users\user\Documents\WindowsPowerShell\Modules\Pester\5.7.1\Pester.psm1 : ligne 1199
à Invoke-Block, C:\Users\user\Documents\WindowsPowerShell\Modules\Pester\5.7.1\Pester.psm1 : ligne 835
à &lt;ScriptBlock&gt;, C:\Users\user\Documents\WindowsPowerShell\Modules\Pester\5.7.1\Pester.psm1 : ligne 893
à &lt;ScriptBlock&gt;, C:\Users\user\Documents\WindowsPowerShell\Modules\Pester\5.7.1\Pester.psm1 : ligne 2024
à &lt;ScriptBlock&gt;, C:\Users\user\Documents\WindowsPowerShell\Modules\Pester\5.7.1\Pester.psm1 : ligne 1985
à Invoke-ScriptBlock, C:\Users\user\Documents\WindowsPowerShell\Modules\Pester\5.7.1\Pester.psm1 : ligne 2160
à Invoke-Block, C:\Users\user\Documents\WindowsPowerShell\Modules\Pester\5.7.1\Pester.psm1 : ligne 940
à &lt;ScriptBlock&gt;, C:\Users\user\Documents\WindowsPowerShell\Modules\Pester\5.7.1\Pester.psm1 : ligne 893
à &lt;ScriptBlock&gt;, C:\Users\user\Documents\WindowsPowerShell\Modules\Pester\5.7.1\Pester.psm1 : ligne 2024
à &lt;ScriptBlock&gt;, C:\Users\user\Documents\WindowsPowerShell\Modules\Pester\5.7.1\Pester.psm1 : ligne 1985
à Invoke-ScriptBlock, C:\Users\user\Documents\WindowsPowerShell\Modules\Pester\5.7.1\Pester.psm1 : ligne 2160
à Invoke-Block, C:\Users\user\Documents\WindowsPowerShell\Modules\Pester\5.7.1\Pester.psm1 : ligne 940
à &lt;ScriptBlock&gt;, C:\Users\user\Documents\WindowsPowerShell\Modules\Pester\5.7.1\Pester.psm1 : ligne 893
à &lt;ScriptBlock&gt;, C:\Users\user\Documents\WindowsPowerShell\Modules\Pester\5.7.1\Pester.psm1 : ligne 2024
à &lt;ScriptBlock&gt;, C:\Users\user\Documents\WindowsPowerShell\Modules\Pester\5.7.1\Pester.psm1 : ligne 1985
à Invoke-ScriptBlock, C:\Users\user\Documents\WindowsPowerShell\Modules\Pester\5.7.1\Pester.psm1 : ligne 2160
à Invoke-Block, C:\Users\user\Documents\WindowsPowerShell\Modules\Pester\5.7.1\Pester.psm1 : ligne 940
à &lt;ScriptBlock&gt;, C:\Users\user\Documents\WindowsPowerShell\Modules\Pester\5.7.1\Pester.psm1 : ligne 1688
à &lt;ScriptBlock&gt;, C:\Users\user\Documents\WindowsPowerShell\Modules\Pester\5.7.1\Pester.ps1 : ligne 3
à &lt;ScriptBlock&gt;, C:\Users\user\Documents\WindowsPowerShell\Modules\Pester\5.7.1\Pester.psm1 : ligne 3260
à Invoke-InNewScriptScope, C:\Users\user\Documents\WindowsPowerShell\Modules\Pester\5.7.1\Pester.psm1 : ligne 3267
à Run-Test, C:\Users\user\Documents\WindowsPowerShell\Modules\Pester\5.7.1\Pester.psm1 : ligne 1691
à Invoke-Test, C:\Users\user\Documents\WindowsPowerShell\Modules\Pester\5.7.1\Pester.psm1 : ligne 2512
à Invoke-Pester&lt;End&gt;, C:\Users\user\Documents\WindowsPowerShell\Modules\Pester\5.7.1\Pester.psm1 : ligne 4960
à &lt;ScriptBlock&gt;, D:\DO\WEB\N8N_tests\PROJETS\EMAIL_SENDER_1\scripts\format-detection\tests\Run-UnitTests.ps1 : ligne 61
à &lt;ScriptBlock&gt;, D:\DO\WEB\N8N_tests\PROJETS\EMAIL_SENDER_1\scripts\format-detection\tests\Run-AllTests.ps1 : ligne 57</stack-trace>
                    </failure>
                  </test-case>
                  <test-case description="DÃ©tecte correctement le format CSV pour un fichier CSV" name="Tests de dÃ©tection de format.Get-FileFormatByContent.DÃ©tecte correctement le format CSV pour un fichier CSV" time="0.1035" asserts="0" success="False" result="Failure" executed="True">
                    <failure>
                      <message>CommandNotFoundException: Le terme « Get-FileFormatByContent » n'est pas reconnu comme nom d'applet de commande, fonction, fichier de script ou programme exécutable. Vérifiez l'orthographe du nom, ou si un chemin d'accès existe, vérifiez que le chemin d'accès est correct et réessayez.</message>
                      <stack-trace>à &lt;ScriptBlock&gt;, D:\DO\WEB\N8N_tests\PROJETS\EMAIL_SENDER_1\scripts\format-detection\tests\Simple-FormatDetection.Tests.ps1 : ligne 105
à &lt;ScriptBlock&gt;, C:\Users\user\Documents\WindowsPowerShell\Modules\Pester\5.7.1\Pester.psm1 : ligne 2024
à &lt;ScriptBlock&gt;, C:\Users\user\Documents\WindowsPowerShell\Modules\Pester\5.7.1\Pester.psm1 : ligne 1985
à Invoke-ScriptBlock, C:\Users\user\Documents\WindowsPowerShell\Modules\Pester\5.7.1\Pester.psm1 : ligne 2157
à Invoke-TestItem, C:\Users\user\Documents\WindowsPowerShell\Modules\Pester\5.7.1\Pester.psm1 : ligne 1199
à Invoke-Block, C:\Users\user\Documents\WindowsPowerShell\Modules\Pester\5.7.1\Pester.psm1 : ligne 835
à &lt;ScriptBlock&gt;, C:\Users\user\Documents\WindowsPowerShell\Modules\Pester\5.7.1\Pester.psm1 : ligne 893
à &lt;ScriptBlock&gt;, C:\Users\user\Documents\WindowsPowerShell\Modules\Pester\5.7.1\Pester.psm1 : ligne 2024
à &lt;ScriptBlock&gt;, C:\Users\user\Documents\WindowsPowerShell\Modules\Pester\5.7.1\Pester.psm1 : ligne 1985
à Invoke-ScriptBlock, C:\Users\user\Documents\WindowsPowerShell\Modules\Pester\5.7.1\Pester.psm1 : ligne 2160
à Invoke-Block, C:\Users\user\Documents\WindowsPowerShell\Modules\Pester\5.7.1\Pester.psm1 : ligne 940
à &lt;ScriptBlock&gt;, C:\Users\user\Documents\WindowsPowerShell\Modules\Pester\5.7.1\Pester.psm1 : ligne 893
à &lt;ScriptBlock&gt;, C:\Users\user\Documents\WindowsPowerShell\Modules\Pester\5.7.1\Pester.psm1 : ligne 2024
à &lt;ScriptBlock&gt;, C:\Users\user\Documents\WindowsPowerShell\Modules\Pester\5.7.1\Pester.psm1 : ligne 1985
à Invoke-ScriptBlock, C:\Users\user\Documents\WindowsPowerShell\Modules\Pester\5.7.1\Pester.psm1 : ligne 2160
à Invoke-Block, C:\Users\user\Documents\WindowsPowerShell\Modules\Pester\5.7.1\Pester.psm1 : ligne 940
à &lt;ScriptBlock&gt;, C:\Users\user\Documents\WindowsPowerShell\Modules\Pester\5.7.1\Pester.psm1 : ligne 893
à &lt;ScriptBlock&gt;, C:\Users\user\Documents\WindowsPowerShell\Modules\Pester\5.7.1\Pester.psm1 : ligne 2024
à &lt;ScriptBlock&gt;, C:\Users\user\Documents\WindowsPowerShell\Modules\Pester\5.7.1\Pester.psm1 : ligne 1985
à Invoke-ScriptBlock, C:\Users\user\Documents\WindowsPowerShell\Modules\Pester\5.7.1\Pester.psm1 : ligne 2160
à Invoke-Block, C:\Users\user\Documents\WindowsPowerShell\Modules\Pester\5.7.1\Pester.psm1 : ligne 940
à &lt;ScriptBlock&gt;, C:\Users\user\Documents\WindowsPowerShell\Modules\Pester\5.7.1\Pester.psm1 : ligne 1688
à &lt;ScriptBlock&gt;, C:\Users\user\Documents\WindowsPowerShell\Modules\Pester\5.7.1\Pester.ps1 : ligne 3
à &lt;ScriptBlock&gt;, C:\Users\user\Documents\WindowsPowerShell\Modules\Pester\5.7.1\Pester.psm1 : ligne 3260
à Invoke-InNewScriptScope, C:\Users\user\Documents\WindowsPowerShell\Modules\Pester\5.7.1\Pester.psm1 : ligne 3267
à Run-Test, C:\Users\user\Documents\WindowsPowerShell\Modules\Pester\5.7.1\Pester.psm1 : ligne 1691
à Invoke-Test, C:\Users\user\Documents\WindowsPowerShell\Modules\Pester\5.7.1\Pester.psm1 : ligne 2512
à Invoke-Pester&lt;End&gt;, C:\Users\user\Documents\WindowsPowerShell\Modules\Pester\5.7.1\Pester.psm1 : ligne 4960
à &lt;ScriptBlock&gt;, D:\DO\WEB\N8N_tests\PROJETS\EMAIL_SENDER_1\scripts\format-detection\tests\Run-UnitTests.ps1 : ligne 61
à &lt;ScriptBlock&gt;, D:\DO\WEB\N8N_tests\PROJETS\EMAIL_SENDER_1\scripts\format-detection\tests\Run-AllTests.ps1 : ligne 57</stack-trace>
                    </failure>
                  </test-case>
                  <test-case description="DÃ©tecte correctement le format XML pour un fichier XML" name="Tests de dÃ©tection de format.Get-FileFormatByContent.DÃ©tecte correctement le format XML pour un fichier XML" time="0.1208" asserts="0" success="False" result="Failure" executed="True">
                    <failure>
                      <message>CommandNotFoundException: Le terme « Get-FileFormatByContent » n'est pas reconnu comme nom d'applet de commande, fonction, fichier de script ou programme exécutable. Vérifiez l'orthographe du nom, ou si un chemin d'accès existe, vérifiez que le chemin d'accès est correct et réessayez.</message>
                      <stack-trace>à &lt;ScriptBlock&gt;, D:\DO\WEB\N8N_tests\PROJETS\EMAIL_SENDER_1\scripts\format-detection\tests\Simple-FormatDetection.Tests.ps1 : ligne 109
à &lt;ScriptBlock&gt;, C:\Users\user\Documents\WindowsPowerShell\Modules\Pester\5.7.1\Pester.psm1 : ligne 2024
à &lt;ScriptBlock&gt;, C:\Users\user\Documents\WindowsPowerShell\Modules\Pester\5.7.1\Pester.psm1 : ligne 1985
à Invoke-ScriptBlock, C:\Users\user\Documents\WindowsPowerShell\Modules\Pester\5.7.1\Pester.psm1 : ligne 2157
à Invoke-TestItem, C:\Users\user\Documents\WindowsPowerShell\Modules\Pester\5.7.1\Pester.psm1 : ligne 1199
à Invoke-Block, C:\Users\user\Documents\WindowsPowerShell\Modules\Pester\5.7.1\Pester.psm1 : ligne 835
à &lt;ScriptBlock&gt;, C:\Users\user\Documents\WindowsPowerShell\Modules\Pester\5.7.1\Pester.psm1 : ligne 893
à &lt;ScriptBlock&gt;, C:\Users\user\Documents\WindowsPowerShell\Modules\Pester\5.7.1\Pester.psm1 : ligne 2024
à &lt;ScriptBlock&gt;, C:\Users\user\Documents\WindowsPowerShell\Modules\Pester\5.7.1\Pester.psm1 : ligne 1985
à Invoke-ScriptBlock, C:\Users\user\Documents\WindowsPowerShell\Modules\Pester\5.7.1\Pester.psm1 : ligne 2160
à Invoke-Block, C:\Users\user\Documents\WindowsPowerShell\Modules\Pester\5.7.1\Pester.psm1 : ligne 940
à &lt;ScriptBlock&gt;, C:\Users\user\Documents\WindowsPowerShell\Modules\Pester\5.7.1\Pester.psm1 : ligne 893
à &lt;ScriptBlock&gt;, C:\Users\user\Documents\WindowsPowerShell\Modules\Pester\5.7.1\Pester.psm1 : ligne 2024
à &lt;ScriptBlock&gt;, C:\Users\user\Documents\WindowsPowerShell\Modules\Pester\5.7.1\Pester.psm1 : ligne 1985
à Invoke-ScriptBlock, C:\Users\user\Documents\WindowsPowerShell\Modules\Pester\5.7.1\Pester.psm1 : ligne 2160
à Invoke-Block, C:\Users\user\Documents\WindowsPowerShell\Modules\Pester\5.7.1\Pester.psm1 : ligne 940
à &lt;ScriptBlock&gt;, C:\Users\user\Documents\WindowsPowerShell\Modules\Pester\5.7.1\Pester.psm1 : ligne 893
à &lt;ScriptBlock&gt;, C:\Users\user\Documents\WindowsPowerShell\Modules\Pester\5.7.1\Pester.psm1 : ligne 2024
à &lt;ScriptBlock&gt;, C:\Users\user\Documents\WindowsPowerShell\Modules\Pester\5.7.1\Pester.psm1 : ligne 1985
à Invoke-ScriptBlock, C:\Users\user\Documents\WindowsPowerShell\Modules\Pester\5.7.1\Pester.psm1 : ligne 2160
à Invoke-Block, C:\Users\user\Documents\WindowsPowerShell\Modules\Pester\5.7.1\Pester.psm1 : ligne 940
à &lt;ScriptBlock&gt;, C:\Users\user\Documents\WindowsPowerShell\Modules\Pester\5.7.1\Pester.psm1 : ligne 1688
à &lt;ScriptBlock&gt;, C:\Users\user\Documents\WindowsPowerShell\Modules\Pester\5.7.1\Pester.ps1 : ligne 3
à &lt;ScriptBlock&gt;, C:\Users\user\Documents\WindowsPowerShell\Modules\Pester\5.7.1\Pester.psm1 : ligne 3260
à Invoke-InNewScriptScope, C:\Users\user\Documents\WindowsPowerShell\Modules\Pester\5.7.1\Pester.psm1 : ligne 3267
à Run-Test, C:\Users\user\Documents\WindowsPowerShell\Modules\Pester\5.7.1\Pester.psm1 : ligne 1691
à Invoke-Test, C:\Users\user\Documents\WindowsPowerShell\Modules\Pester\5.7.1\Pester.psm1 : ligne 2512
à Invoke-Pester&lt;End&gt;, C:\Users\user\Documents\WindowsPowerShell\Modules\Pester\5.7.1\Pester.psm1 : ligne 4960
à &lt;ScriptBlock&gt;, D:\DO\WEB\N8N_tests\PROJETS\EMAIL_SENDER_1\scripts\format-detection\tests\Run-UnitTests.ps1 : ligne 61
à &lt;ScriptBlock&gt;, D:\DO\WEB\N8N_tests\PROJETS\EMAIL_SENDER_1\scripts\format-detection\tests\Run-AllTests.ps1 : ligne 57</stack-trace>
                    </failure>
                  </test-case>
                  <test-case description="DÃ©tecte correctement le format JSON pour un fichier JSON" name="Tests de dÃ©tection de format.Get-FileFormatByContent.DÃ©tecte correctement le format JSON pour un fichier JSON" time="0.1023" asserts="0" success="False" result="Failure" executed="True">
                    <failure>
                      <message>CommandNotFoundException: Le terme « Get-FileFormatByContent » n'est pas reconnu comme nom d'applet de commande, fonction, fichier de script ou programme exécutable. Vérifiez l'orthographe du nom, ou si un chemin d'accès existe, vérifiez que le chemin d'accès est correct et réessayez.</message>
                      <stack-trace>à &lt;ScriptBlock&gt;, D:\DO\WEB\N8N_tests\PROJETS\EMAIL_SENDER_1\scripts\format-detection\tests\Simple-FormatDetection.Tests.ps1 : ligne 113
à &lt;ScriptBlock&gt;, C:\Users\user\Documents\WindowsPowerShell\Modules\Pester\5.7.1\Pester.psm1 : ligne 2024
à &lt;ScriptBlock&gt;, C:\Users\user\Documents\WindowsPowerShell\Modules\Pester\5.7.1\Pester.psm1 : ligne 1985
à Invoke-ScriptBlock, C:\Users\user\Documents\WindowsPowerShell\Modules\Pester\5.7.1\Pester.psm1 : ligne 2157
à Invoke-TestItem, C:\Users\user\Documents\WindowsPowerShell\Modules\Pester\5.7.1\Pester.psm1 : ligne 1199
à Invoke-Block, C:\Users\user\Documents\WindowsPowerShell\Modules\Pester\5.7.1\Pester.psm1 : ligne 835
à &lt;ScriptBlock&gt;, C:\Users\user\Documents\WindowsPowerShell\Modules\Pester\5.7.1\Pester.psm1 : ligne 893
à &lt;ScriptBlock&gt;, C:\Users\user\Documents\WindowsPowerShell\Modules\Pester\5.7.1\Pester.psm1 : ligne 2024
à &lt;ScriptBlock&gt;, C:\Users\user\Documents\WindowsPowerShell\Modules\Pester\5.7.1\Pester.psm1 : ligne 1985
à Invoke-ScriptBlock, C:\Users\user\Documents\WindowsPowerShell\Modules\Pester\5.7.1\Pester.psm1 : ligne 2160
à Invoke-Block, C:\Users\user\Documents\WindowsPowerShell\Modules\Pester\5.7.1\Pester.psm1 : ligne 940
à &lt;ScriptBlock&gt;, C:\Users\user\Documents\WindowsPowerShell\Modules\Pester\5.7.1\Pester.psm1 : ligne 893
à &lt;ScriptBlock&gt;, C:\Users\user\Documents\WindowsPowerShell\Modules\Pester\5.7.1\Pester.psm1 : ligne 2024
à &lt;ScriptBlock&gt;, C:\Users\user\Documents\WindowsPowerShell\Modules\Pester\5.7.1\Pester.psm1 : ligne 1985
à Invoke-ScriptBlock, C:\Users\user\Documents\WindowsPowerShell\Modules\Pester\5.7.1\Pester.psm1 : ligne 2160
à Invoke-Block, C:\Users\user\Documents\WindowsPowerShell\Modules\Pester\5.7.1\Pester.psm1 : ligne 940
à &lt;ScriptBlock&gt;, C:\Users\user\Documents\WindowsPowerShell\Modules\Pester\5.7.1\Pester.psm1 : ligne 893
à &lt;ScriptBlock&gt;, C:\Users\user\Documents\WindowsPowerShell\Modules\Pester\5.7.1\Pester.psm1 : ligne 2024
à &lt;ScriptBlock&gt;, C:\Users\user\Documents\WindowsPowerShell\Modules\Pester\5.7.1\Pester.psm1 : ligne 1985
à Invoke-ScriptBlock, C:\Users\user\Documents\WindowsPowerShell\Modules\Pester\5.7.1\Pester.psm1 : ligne 2160
à Invoke-Block, C:\Users\user\Documents\WindowsPowerShell\Modules\Pester\5.7.1\Pester.psm1 : ligne 940
à &lt;ScriptBlock&gt;, C:\Users\user\Documents\WindowsPowerShell\Modules\Pester\5.7.1\Pester.psm1 : ligne 1688
à &lt;ScriptBlock&gt;, C:\Users\user\Documents\WindowsPowerShell\Modules\Pester\5.7.1\Pester.ps1 : ligne 3
à &lt;ScriptBlock&gt;, C:\Users\user\Documents\WindowsPowerShell\Modules\Pester\5.7.1\Pester.psm1 : ligne 3260
à Invoke-InNewScriptScope, C:\Users\user\Documents\WindowsPowerShell\Modules\Pester\5.7.1\Pester.psm1 : ligne 3267
à Run-Test, C:\Users\user\Documents\WindowsPowerShell\Modules\Pester\5.7.1\Pester.psm1 : ligne 1691
à Invoke-Test, C:\Users\user\Documents\WindowsPowerShell\Modules\Pester\5.7.1\Pester.psm1 : ligne 2512
à Invoke-Pester&lt;End&gt;, C:\Users\user\Documents\WindowsPowerShell\Modules\Pester\5.7.1\Pester.psm1 : ligne 4960
à &lt;ScriptBlock&gt;, D:\DO\WEB\N8N_tests\PROJETS\EMAIL_SENDER_1\scripts\format-detection\tests\Run-UnitTests.ps1 : ligne 61
à &lt;ScriptBlock&gt;, D:\DO\WEB\N8N_tests\PROJETS\EMAIL_SENDER_1\scripts\format-detection\tests\Run-AllTests.ps1 : ligne 57</stack-trace>
                    </failure>
                  </test-case>
                </results>
              </test-suite>
            </results>
          </test-suite>
        </results>
      </test-suite>
    </results>
  </test-suite>
</test-results>